06-Feb-2022 13:51:07.758 INFORMACIÓN [main] org.apache.catalina.startup.VersionLoggerListener.log Nombre de la versión del servidor: Apache Tomcat/8.5.75
06-Feb-2022 13:51:07.768 INFORMACIÓN [main] org.apache.catalina.startup.VersionLoggerListener.log Server built:                      Jan 17 2022 22:07:47 UTC
06-Feb-2022 13:51:07.770 INFORMACIÓN [main] org.apache.catalina.startup.VersionLoggerListener.log Número de versión de servidor:     8.5.75.0
06-Feb-2022 13:51:07.770 INFORMACIÓN [main] org.apache.catalina.startup.VersionLoggerListener.log OS Name:                           Windows 10
06-Feb-2022 13:51:07.771 INFORMACIÓN [main] org.apache.catalina.startup.VersionLoggerListener.log Versión de Systema Operativo:      10.0
06-Feb-2022 13:51:07.771 INFORMACIÓN [main] org.apache.catalina.startup.VersionLoggerListener.log Arquitectura:                      amd64
06-Feb-2022 13:51:07.771 INFORMACIÓN [main] org.apache.catalina.startup.VersionLoggerListener.log Java Home:                         C:\Program Files\Java\jdk1.8.0_111\jre
06-Feb-2022 13:51:07.771 INFORMACIÓN [main] org.apache.catalina.startup.VersionLoggerListener.log JVM Version:                       1.8.0_111-b14
06-Feb-2022 13:51:07.771 INFORMACIÓN [main] org.apache.catalina.startup.VersionLoggerListener.log Vededor JVM:                       Oracle Corporation
06-Feb-2022 13:51:07.772 INFORMACIÓN [main] org.apache.catalina.startup.VersionLoggerListener.log CATALINA_BASE:                     C:\Program Files\Apache Software Foundation\Tomcat 8.5_Tomcat8-ifd
06-Feb-2022 13:51:07.772 INFORMACIÓN [main] org.apache.catalina.startup.VersionLoggerListener.log CATALINA_HOME:                     C:\Program Files\Apache Software Foundation\Tomcat 8.5_Tomcat8-ifd
06-Feb-2022 13:51:07.773 INFORMACIÓN [main] org.apache.catalina.startup.VersionLoggerListener.log Command line argument:             -Djava.util.logging.config.file=C:\Program Files\Apache Software Foundation\Tomcat 8.5_Tomcat8-ifd\conf\logging.properties
06-Feb-2022 13:51:07.773 INFORMACIÓN [main] org.apache.catalina.startup.VersionLoggerListener.log Command line argument:             -Djava.util.logging.manager=org.apache.juli.ClassLoaderLogManager
06-Feb-2022 13:51:07.773 INFORMACIÓN [main] org.apache.catalina.startup.VersionLoggerListener.log Command line argument:             -Dhttp.nonProxyHosts=localhost|127.0.0.1|DESKTOP-LME18D6
06-Feb-2022 13:51:07.773 INFORMACIÓN [main] org.apache.catalina.startup.VersionLoggerListener.log Command line argument:             -Djdk.tls.ephemeralDHKeySize=2048
06-Feb-2022 13:51:07.774 INFORMACIÓN [main] org.apache.catalina.startup.VersionLoggerListener.log Command line argument:             -Djava.protocol.handler.pkgs=org.apache.catalina.webresources
06-Feb-2022 13:51:07.777 INFORMACIÓN [main] org.apache.catalina.startup.VersionLoggerListener.log Command line argument:             -Dignore.endorsed.dirs=
06-Feb-2022 13:51:07.778 INFORMACIÓN [main] org.apache.catalina.startup.VersionLoggerListener.log Command line argument:             -Dcatalina.base=C:\Program Files\Apache Software Foundation\Tomcat 8.5_Tomcat8-ifd
06-Feb-2022 13:51:07.779 INFORMACIÓN [main] org.apache.catalina.startup.VersionLoggerListener.log Command line argument:             -Dcatalina.home=C:\Program Files\Apache Software Foundation\Tomcat 8.5_Tomcat8-ifd
06-Feb-2022 13:51:07.780 INFORMACIÓN [main] org.apache.catalina.startup.VersionLoggerListener.log Command line argument:             -Djava.io.tmpdir=C:\Program Files\Apache Software Foundation\Tomcat 8.5_Tomcat8-ifd\temp
06-Feb-2022 13:51:07.780 INFORMACIÓN [main] org.apache.catalina.core.AprLifecycleListener.lifecycleEvent La biblioteca nativa de Apache Tomcat basada en ARP que permite un rendimiento óptimo en entornos de desarrollo no ha sido hallada en java.library.path: [C:\Program Files\Java\jdk1.8.0_111\bin;C:\Windows\Sun\Java\bin;C:\Windows\system32;C:\Windows;C:\Program Files\Common Files\Oracle\Java\javapath;C:\Program Files (x86)\VMware\VMware Workstation\bin\;C:\ProgramData\Oracle\Java\javapath;C:\Windows\system32;C:\Windows;C:\Windows\System32\Wbem;C:\Windows\System32\WindowsPowerShell\v1.0\;C:\Windows\System32\OpenSSH\;C:\Program Files\Git\cmd;C:\wamp64\bin\php\php5.6.40;C:\ProgramData\ComposerSetup\bin;C:\Program Files\PuTTY\;C:\Program Files\nodejs\;C:\Users\home\AppData\Local\Programs\Python\Python39\Scripts\;C:\Users\home\AppData\Local\Programs\Python\Python39\;C:\Users\home\AppData\Local\Microsoft\WindowsApps;;C:\Users\home\AppData\Local\Programs\Microsoft VS Code\bin;C:\Program Files\JetBrains\IntelliJ IDEA Community Edition 2020.2.2\bin;;C:\Users\home\AppData\Roaming\Composer\vendor\bin;C:\Program Files\heroku\bin;C:\Users\home\AppData\Roaming\npm;.]
06-Feb-2022 13:51:08.407 INFORMACIÓN [main] org.apache.coyote.AbstractProtocol.init Inicializando el manejador de protocolo ["http-nio-8086"]

06-Feb-2022 13:51:10.120 INFORMACIÓN [main] org.apache.tomcat.util.net.NioSelectorPool.getSharedSelector Using a shared selector for servlet write/read
06-Feb-2022 13:51:10.153 INFORMACIÓN [main] org.apache.coyote.AbstractProtocol.init Inicializando el manejador de protocolo ["http-nio-8084"]

06-Feb-2022 13:51:10.156 INFORMACIÓN [main] org.apache.tomcat.util.net.NioSelectorPool.getSharedSelector Using a shared selector for servlet write/read
06-Feb-2022 13:51:10.157 INFORMACIÓN [main] org.apache.catalina.startup.Catalina.load Initialization processed in 4209 ms
06-Feb-2022 13:51:10.389 INFORMACIÓN [main] org.apache.catalina.core.StandardService.startInternal Arrancando servicio [Catalina]
06-Feb-2022 13:51:10.390 INFORMACIÓN [main] org.apache.catalina.core.StandardEngine.startInternal Starting Servlet engine: [Apache Tomcat/8.5.75]
06-Feb-2022 13:51:10.490 INFORMACIÓN [localhost-startStop-1] org.apache.catalina.startup.HostConfig.deployDescriptor Desplieque del descriptor de configuración [C:\Program Files\Apache Software Foundation\Tomcat 8.5_Tomcat8-ifd\conf\Catalina\localhost\ROOT.xml]
06-Feb-2022 13:51:17.044 INFORMACIÓN [localhost-startStop-1] org.apache.jasper.servlet.TldScanner.scanJars Al menos un JAR, que se ha explorado buscando TLDs, aún no contenía TLDs. Activar historial de depuración para este historiador para una completa lista de los JARs que fueron explorados y de los que nos se halló TLDs. Saltarse JARs no necesarios durante la exploración puede dar lugar a una mejora de tiempo significativa en el arranque y compilación de JSP .
06-Feb-2022 13:51:17.387 INFORMACIÓN [localhost-startStop-1] org.springframework.web.context.ContextLoader.initWebApplicationContext Root WebApplicationContext: initialization started
06-Feb-2022 13:51:17.935 INFORMACIÓN [localhost-startStop-1] org.springframework.context.support.AbstractApplicationContext.prepareRefresh Refreshing Root WebApplicationContext: startup date [Sun Feb 06 13:51:17 BOT 2022]; root of context hierarchy
06-Feb-2022 13:51:18.211 INFORMACIÓN [localhost-startStop-1] org.springframework.beans.factory.xml.XmlBeanDefinitionReader.loadBeanDefinitions Loading XML bean definitions from ServletContext resource [/WEB-INF/applicationContext.xml]
06-Feb-2022 13:51:18.603 INFORMACIÓN [localhost-startStop-1] org.springframework.web.context.ContextLoader.initWebApplicationContext Root WebApplicationContext: initialization completed in 1216 ms
06-Feb-2022 13:51:18.797 INFORMACIÓN [localhost-startStop-1] org.springframework.web.servlet.FrameworkServlet.initServletBean FrameworkServlet 'dispatcher': initialization started
06-Feb-2022 13:51:18.821 INFORMACIÓN [localhost-startStop-1] org.springframework.context.support.AbstractApplicationContext.prepareRefresh Refreshing WebApplicationContext for namespace 'dispatcher-servlet': startup date [Sun Feb 06 13:51:18 BOT 2022]; parent: Root WebApplicationContext
06-Feb-2022 13:51:18.833 INFORMACIÓN [localhost-startStop-1] org.springframework.beans.factory.xml.XmlBeanDefinitionReader.loadBeanDefinitions Loading XML bean definitions from ServletContext resource [/WEB-INF/dispatcher-servlet.xml]
06-Feb-2022 13:51:19.224 INFORMACIÓN [localhost-startStop-1] org.springframework.jdbc.datasource.DriverManagerDataSource.setDriverClassName Loaded JDBC driver: org.postgresql.Driver
06-Feb-2022 13:51:19.228 INFORMACIÓN [localhost-startStop-1] org.springframework.web.servlet.handler.AbstractUrlHandlerMapping.registerHandler Mapped URL path [/controlador] onto handler 'controlador'
06-Feb-2022 13:51:19.229 INFORMACIÓN [localhost-startStop-1] org.springframework.web.servlet.handler.AbstractUrlHandlerMapping.registerHandler Mapped URL path [/controlador/*] onto handler 'controlador'
06-Feb-2022 13:51:19.583 INFORMACIÓN [localhost-startStop-1] org.springframework.web.servlet.handler.AbstractUrlHandlerMapping.registerHandler Mapped URL path [/eliminar.htm] onto handler 'controlador'
06-Feb-2022 13:51:19.583 INFORMACIÓN [localhost-startStop-1] org.springframework.web.servlet.handler.AbstractUrlHandlerMapping.registerHandler Mapped URL path [/editar.htm] onto handler 'controlador'
06-Feb-2022 13:51:19.583 INFORMACIÓN [localhost-startStop-1] org.springframework.web.servlet.handler.AbstractUrlHandlerMapping.registerHandler Mapped URL path [/index.htm] onto handler 'controlador'
06-Feb-2022 13:51:19.583 INFORMACIÓN [localhost-startStop-1] org.springframework.web.servlet.handler.AbstractUrlHandlerMapping.registerHandler Mapped URL path [/agregar.htm] onto handler 'controlador'
06-Feb-2022 13:51:20.002 INFORMACIÓN [localhost-startStop-1] org.springframework.web.servlet.FrameworkServlet.initServletBean FrameworkServlet 'dispatcher': initialization completed in 1204 ms
06-Feb-2022 13:51:20.114 INFORMACIÓN [localhost-startStop-1] org.apache.catalina.startup.HostConfig.deployDescriptor Deployment of deployment descriptor [C:\Program Files\Apache Software Foundation\Tomcat 8.5_Tomcat8-ifd\conf\Catalina\localhost\ROOT.xml] has finished in [9.622] ms
06-Feb-2022 13:51:20.115 INFORMACIÓN [localhost-startStop-1] org.apache.catalina.startup.HostConfig.deployDescriptor Desplieque del descriptor de configuración [C:\Program Files\Apache Software Foundation\Tomcat 8.5_Tomcat8-ifd\conf\Catalina\localhost\Sistema.xml]
06-Feb-2022 13:51:21.086 INFORMACIÓN [localhost-startStop-1] org.apache.jasper.servlet.TldScanner.scanJars Al menos un JAR, que se ha explorado buscando TLDs, aún no contenía TLDs. Activar historial de depuración para este historiador para una completa lista de los JARs que fueron explorados y de los que nos se halló TLDs. Saltarse JARs no necesarios durante la exploración puede dar lugar a una mejora de tiempo significativa en el arranque y compilación de JSP .
06-Feb-2022 13:51:21.157 INFORMACIÓN [localhost-startStop-1] org.apache.catalina.startup.HostConfig.deployDescriptor Deployment of deployment descriptor [C:\Program Files\Apache Software Foundation\Tomcat 8.5_Tomcat8-ifd\conf\Catalina\localhost\Sistema.xml] has finished in [1.042] ms
06-Feb-2022 13:51:21.158 INFORMACIÓN [localhost-startStop-1] org.apache.catalina.startup.HostConfig.deployDescriptor Desplieque del descriptor de configuración [C:\Program Files\Apache Software Foundation\Tomcat 8.5_Tomcat8-ifd\conf\Catalina\localhost\vacaciones.xml]
06-Feb-2022 13:51:25.986 INFORMACIÓN [localhost-startStop-1] org.apache.jasper.servlet.TldScanner.scanJars Al menos un JAR, que se ha explorado buscando TLDs, aún no contenía TLDs. Activar historial de depuración para este historiador para una completa lista de los JARs que fueron explorados y de los que nos se halló TLDs. Saltarse JARs no necesarios durante la exploración puede dar lugar a una mejora de tiempo significativa en el arranque y compilación de JSP .
06-Feb-2022 13:51:26.221 INFORMACIÓN [localhost-startStop-1] org.springframework.web.context.ContextLoader.initWebApplicationContext Root WebApplicationContext: initialization started
06-Feb-2022 13:51:26.745 INFORMACIÓN [localhost-startStop-1] org.springframework.context.support.AbstractApplicationContext.prepareRefresh Refreshing Root WebApplicationContext: startup date [Sun Feb 06 13:51:26 BOT 2022]; root of context hierarchy
06-Feb-2022 13:51:26.960 INFORMACIÓN [localhost-startStop-1] org.springframework.beans.factory.xml.XmlBeanDefinitionReader.loadBeanDefinitions Loading XML bean definitions from ServletContext resource [/WEB-INF/applicationContext.xml]
06-Feb-2022 13:51:27.260 INFORMACIÓN [localhost-startStop-1] org.springframework.web.context.ContextLoader.initWebApplicationContext Root WebApplicationContext: initialization completed in 1039 ms
06-Feb-2022 13:51:27.270 ADVERTENCIA [localhost-startStop-1] org.apache.catalina.session.StandardManager.doLoad Imposible borrar [C:\Program Files\Apache Software Foundation\Tomcat 8.5_Tomcat8-ifd\work\Catalina\localhost\vacaciones\SESSIONS.ser] luego de leer las sessiones persistentes. La prensencia continua de este archivo causará que los intentos futuros de sesiones persistentes fallen.
06-Feb-2022 13:51:27.271 GRAVE [localhost-startStop-1] org.apache.catalina.session.StandardManager.startInternal Excepción cargando sesiones desde almacenamiento persistente
	java.io.StreamCorruptedException: invalid stream header: 00000000
		at java.io.ObjectInputStream.readStreamHeader(ObjectInputStream.java:808)
		at java.io.ObjectInputStream.<init>(ObjectInputStream.java:301)
		at org.apache.catalina.util.CustomObjectInputStream.<init>(CustomObjectInputStream.java:95)
		at org.apache.catalina.session.StandardManager.doLoad(StandardManager.java:209)
		at org.apache.catalina.session.StandardManager.load(StandardManager.java:162)
		at org.apache.catalina.session.StandardManager.startInternal(StandardManager.java:356)
		at org.apache.catalina.util.LifecycleBase.start(LifecycleBase.java:183)
		at org.apache.catalina.core.StandardContext.startInternal(StandardContext.java:5249)
		at org.apache.catalina.util.LifecycleBase.start(LifecycleBase.java:183)
		at org.apache.catalina.core.ContainerBase.addChildInternal(ContainerBase.java:753)
		at org.apache.catalina.core.ContainerBase.addChild(ContainerBase.java:727)
		at org.apache.catalina.core.StandardHost.addChild(StandardHost.java:695)
		at org.apache.catalina.startup.HostConfig.deployDescriptor(HostConfig.java:673)
		at org.apache.catalina.startup.HostConfig$DeployDescriptor.run(HostConfig.java:1881)
		at java.util.concurrent.Executors$RunnableAdapter.call(Executors.java:511)
		at java.util.concurrent.FutureTask.run(FutureTask.java:266)
		at java.util.concurrent.ThreadPoolExecutor.runWorker(ThreadPoolExecutor.java:1142)
		at java.util.concurrent.ThreadPoolExecutor$Worker.run(ThreadPoolExecutor.java:617)
		at java.lang.Thread.run(Thread.java:745)
06-Feb-2022 13:51:27.350 INFORMACIÓN [localhost-startStop-1] org.springframework.web.servlet.FrameworkServlet.initServletBean FrameworkServlet 'dispatcher': initialization started
06-Feb-2022 13:51:27.374 INFORMACIÓN [localhost-startStop-1] org.springframework.context.support.AbstractApplicationContext.prepareRefresh Refreshing WebApplicationContext for namespace 'dispatcher-servlet': startup date [Sun Feb 06 13:51:27 BOT 2022]; parent: Root WebApplicationContext
06-Feb-2022 13:51:27.378 INFORMACIÓN [localhost-startStop-1] org.springframework.beans.factory.xml.XmlBeanDefinitionReader.loadBeanDefinitions Loading XML bean definitions from ServletContext resource [/WEB-INF/dispatcher-servlet.xml]
06-Feb-2022 13:51:27.795 INFORMACIÓN [localhost-startStop-1] org.springframework.jdbc.datasource.DriverManagerDataSource.setDriverClassName Loaded JDBC driver: org.postgresql.Driver
06-Feb-2022 13:51:27.803 INFORMACIÓN [localhost-startStop-1] org.springframework.web.servlet.handler.AbstractUrlHandlerMapping.registerHandler Mapped URL path [/controlador] onto handler 'controlador'
06-Feb-2022 13:51:27.804 INFORMACIÓN [localhost-startStop-1] org.springframework.web.servlet.handler.AbstractUrlHandlerMapping.registerHandler Mapped URL path [/controlador/*] onto handler 'controlador'
06-Feb-2022 13:51:28.110 INFORMACIÓN [localhost-startStop-1] org.springframework.web.servlet.handler.AbstractUrlHandlerMapping.registerHandler Mapped URL path [/nuevas.htm] onto handler 'controlador'
06-Feb-2022 13:51:28.111 INFORMACIÓN [localhost-startStop-1] org.springframework.web.servlet.handler.AbstractUrlHandlerMapping.registerHandler Mapped URL path [/pendientes.htm] onto handler 'controlador'
06-Feb-2022 13:51:28.112 INFORMACIÓN [localhost-startStop-1] org.springframework.web.servlet.handler.AbstractUrlHandlerMapping.registerHandler Mapped URL path [/index.htm] onto handler 'controlador'
06-Feb-2022 13:51:28.458 INFORMACIÓN [localhost-startStop-1] org.springframework.web.servlet.FrameworkServlet.initServletBean FrameworkServlet 'dispatcher': initialization completed in 1107 ms
06-Feb-2022 13:51:28.472 INFORMACIÓN [localhost-startStop-1] org.apache.catalina.startup.HostConfig.deployDescriptor Deployment of deployment descriptor [C:\Program Files\Apache Software Foundation\Tomcat 8.5_Tomcat8-ifd\conf\Catalina\localhost\vacaciones.xml] has finished in [7.313] ms
06-Feb-2022 13:51:28.474 INFORMACIÓN [localhost-startStop-1] org.apache.catalina.startup.HostConfig.deployDirectory Desplegando el directorio [C:\Program Files\Apache Software Foundation\Tomcat 8.5_Tomcat8-ifd\webapps\docs] de la aplicación web
06-Feb-2022 13:51:28.630 INFORMACIÓN [localhost-startStop-1] org.apache.catalina.startup.HostConfig.deployDirectory Deployment of web application directory [C:\Program Files\Apache Software Foundation\Tomcat 8.5_Tomcat8-ifd\webapps\docs] has finished in [156] ms
06-Feb-2022 13:51:28.631 INFORMACIÓN [localhost-startStop-1] org.apache.catalina.startup.HostConfig.deployDirectory Desplegando el directorio [C:\Program Files\Apache Software Foundation\Tomcat 8.5_Tomcat8-ifd\webapps\manager] de la aplicación web
06-Feb-2022 13:51:28.859 INFORMACIÓN [localhost-startStop-1] org.apache.catalina.startup.HostConfig.deployDirectory Deployment of web application directory [C:\Program Files\Apache Software Foundation\Tomcat 8.5_Tomcat8-ifd\webapps\manager] has finished in [228] ms
06-Feb-2022 13:51:28.869 INFORMACIÓN [main] org.apache.coyote.AbstractProtocol.start Starting ProtocolHandler ["http-nio-8086"]
06-Feb-2022 13:51:28.939 INFORMACIÓN [main] org.apache.coyote.AbstractProtocol.start Starting ProtocolHandler ["http-nio-8084"]
06-Feb-2022 13:51:28.950 INFORMACIÓN [main] org.apache.catalina.startup.Catalina.start Server startup in 18792 ms
06-Feb-2022 13:53:22.380 INFORMACIÓN [http-nio-8086-exec-10] org.apache.catalina.core.StandardContext.reload Ha comenzado la recarga de Contexto [/Sistema]
06-Feb-2022 13:53:23.227 INFORMACIÓN [http-nio-8086-exec-10] org.apache.jasper.servlet.TldScanner.scanJars Al menos un JAR, que se ha explorado buscando TLDs, aún no contenía TLDs. Activar historial de depuración para este historiador para una completa lista de los JARs que fueron explorados y de los que nos se halló TLDs. Saltarse JARs no necesarios durante la exploración puede dar lugar a una mejora de tiempo significativa en el arranque y compilación de JSP .
06-Feb-2022 13:53:23.314 INFORMACIÓN [http-nio-8086-exec-10] org.apache.catalina.core.StandardContext.reload Se ha completado la recarga de este Contexto
06-Feb-2022 15:15:50.512 INFORMACIÓN [main] org.apache.catalina.core.StandardServer.await Se ha recibido un comando de apagado a través del puerto de apagado. Parando la instancia del Servidor.
06-Feb-2022 15:15:50.513 INFORMACIÓN [main] org.apache.coyote.AbstractProtocol.pause Pausing ProtocolHandler ["http-nio-8086"]
06-Feb-2022 15:15:51.766 INFORMACIÓN [main] org.apache.coyote.AbstractProtocol.pause Pausing ProtocolHandler ["http-nio-8084"]
06-Feb-2022 15:15:52.939 INFORMACIÓN [main] org.apache.catalina.core.StandardService.stopInternal Parando servicio [Catalina]
06-Feb-2022 15:15:52.950 INFORMACIÓN [localhost-startStop-2] org.springframework.context.support.AbstractApplicationContext.doClose Closing WebApplicationContext for namespace 'dispatcher-servlet': startup date [Sun Feb 06 13:51:18 BOT 2022]; parent: Root WebApplicationContext
06-Feb-2022 15:15:52.956 INFORMACIÓN [localhost-startStop-2] org.springframework.context.support.AbstractApplicationContext.doClose Closing Root WebApplicationContext: startup date [Sun Feb 06 13:51:17 BOT 2022]; root of context hierarchy
06-Feb-2022 15:15:52.975 ADVERTENCIA [localhost-startStop-2] org.apache.catalina.loader.WebappClassLoaderBase.clearReferencesJdbc La aplicación web [ROOT] registró el conductor JDBC [org.postgresql.Driver] pero falló al anular el registro mientras la aplicación web estaba parada. Para prevenir un fallo de memoria, se ha anulado el registro del conductor JDBC por la fuerza.
06-Feb-2022 15:15:53.030 INFORMACIÓN [localhost-startStop-2] org.springframework.context.support.AbstractApplicationContext.doClose Closing WebApplicationContext for namespace 'dispatcher-servlet': startup date [Sun Feb 06 13:51:27 BOT 2022]; parent: Root WebApplicationContext
06-Feb-2022 15:15:53.043 INFORMACIÓN [localhost-startStop-2] org.springframework.context.support.AbstractApplicationContext.doClose Closing Root WebApplicationContext: startup date [Sun Feb 06 13:51:26 BOT 2022]; root of context hierarchy
06-Feb-2022 15:15:53.071 ADVERTENCIA [localhost-startStop-2] org.apache.catalina.loader.WebappClassLoaderBase.clearReferencesJdbc La aplicación web [vacaciones] registró el conductor JDBC [org.postgresql.Driver] pero falló al anular el registro mientras la aplicación web estaba parada. Para prevenir un fallo de memoria, se ha anulado el registro del conductor JDBC por la fuerza.
06-Feb-2022 15:15:53.103 INFORMACIÓN [main] org.apache.coyote.AbstractProtocol.stop Stopping ProtocolHandler ["http-nio-8086"]
06-Feb-2022 15:15:53.111 INFORMACIÓN [main] org.apache.coyote.AbstractProtocol.stop Stopping ProtocolHandler ["http-nio-8084"]
06-Feb-2022 15:15:53.125 INFORMACIÓN [main] org.apache.coyote.AbstractProtocol.destroy Destroying ProtocolHandler ["http-nio-8086"]
06-Feb-2022 15:15:53.130 INFORMACIÓN [main] org.apache.coyote.AbstractProtocol.destroy Destroying ProtocolHandler ["http-nio-8084"]
06-Feb-2022 15:37:20.677 INFORMACIÓN [main] org.apache.catalina.startup.VersionLoggerListener.log Nombre de la versión del servidor: Apache Tomcat/8.5.75
06-Feb-2022 15:37:20.683 INFORMACIÓN [main] org.apache.catalina.startup.VersionLoggerListener.log Server built:                      Jan 17 2022 22:07:47 UTC
06-Feb-2022 15:37:20.685 INFORMACIÓN [main] org.apache.catalina.startup.VersionLoggerListener.log Número de versión de servidor:     8.5.75.0
06-Feb-2022 15:37:20.685 INFORMACIÓN [main] org.apache.catalina.startup.VersionLoggerListener.log OS Name:                           Windows 10
06-Feb-2022 15:37:20.686 INFORMACIÓN [main] org.apache.catalina.startup.VersionLoggerListener.log Versión de Systema Operativo:      10.0
06-Feb-2022 15:37:20.686 INFORMACIÓN [main] org.apache.catalina.startup.VersionLoggerListener.log Arquitectura:                      amd64
06-Feb-2022 15:37:20.686 INFORMACIÓN [main] org.apache.catalina.startup.VersionLoggerListener.log Java Home:                         C:\Program Files\Java\jdk1.8.0_111\jre
06-Feb-2022 15:37:20.686 INFORMACIÓN [main] org.apache.catalina.startup.VersionLoggerListener.log JVM Version:                       1.8.0_111-b14
06-Feb-2022 15:37:20.686 INFORMACIÓN [main] org.apache.catalina.startup.VersionLoggerListener.log Vededor JVM:                       Oracle Corporation
06-Feb-2022 15:37:20.686 INFORMACIÓN [main] org.apache.catalina.startup.VersionLoggerListener.log CATALINA_BASE:                     C:\Program Files\Apache Software Foundation\Tomcat 8.5_Tomcat8-ifd
06-Feb-2022 15:37:20.686 INFORMACIÓN [main] org.apache.catalina.startup.VersionLoggerListener.log CATALINA_HOME:                     C:\Program Files\Apache Software Foundation\Tomcat 8.5_Tomcat8-ifd
06-Feb-2022 15:37:20.687 INFORMACIÓN [main] org.apache.catalina.startup.VersionLoggerListener.log Command line argument:             -Djava.util.logging.config.file=C:\Program Files\Apache Software Foundation\Tomcat 8.5_Tomcat8-ifd\conf\logging.properties
06-Feb-2022 15:37:20.687 INFORMACIÓN [main] org.apache.catalina.startup.VersionLoggerListener.log Command line argument:             -Djava.util.logging.manager=org.apache.juli.ClassLoaderLogManager
06-Feb-2022 15:37:20.687 INFORMACIÓN [main] org.apache.catalina.startup.VersionLoggerListener.log Command line argument:             -Dhttp.nonProxyHosts=localhost|127.0.0.1|DESKTOP-LME18D6
06-Feb-2022 15:37:20.688 INFORMACIÓN [main] org.apache.catalina.startup.VersionLoggerListener.log Command line argument:             -Djdk.tls.ephemeralDHKeySize=2048
06-Feb-2022 15:37:20.688 INFORMACIÓN [main] org.apache.catalina.startup.VersionLoggerListener.log Command line argument:             -Djava.protocol.handler.pkgs=org.apache.catalina.webresources
06-Feb-2022 15:37:20.688 INFORMACIÓN [main] org.apache.catalina.startup.VersionLoggerListener.log Command line argument:             -Dignore.endorsed.dirs=
06-Feb-2022 15:37:20.688 INFORMACIÓN [main] org.apache.catalina.startup.VersionLoggerListener.log Command line argument:             -Dcatalina.base=C:\Program Files\Apache Software Foundation\Tomcat 8.5_Tomcat8-ifd
06-Feb-2022 15:37:20.688 INFORMACIÓN [main] org.apache.catalina.startup.VersionLoggerListener.log Command line argument:             -Dcatalina.home=C:\Program Files\Apache Software Foundation\Tomcat 8.5_Tomcat8-ifd
06-Feb-2022 15:37:20.689 INFORMACIÓN [main] org.apache.catalina.startup.VersionLoggerListener.log Command line argument:             -Djava.io.tmpdir=C:\Program Files\Apache Software Foundation\Tomcat 8.5_Tomcat8-ifd\temp
06-Feb-2022 15:37:20.689 INFORMACIÓN [main] org.apache.catalina.core.AprLifecycleListener.lifecycleEvent La biblioteca nativa de Apache Tomcat basada en ARP que permite un rendimiento óptimo en entornos de desarrollo no ha sido hallada en java.library.path: [C:\Program Files\Java\jdk1.8.0_111\bin;C:\Windows\Sun\Java\bin;C:\Windows\system32;C:\Windows;C:\Program Files\Common Files\Oracle\Java\javapath;C:\Program Files (x86)\VMware\VMware Workstation\bin\;C:\ProgramData\Oracle\Java\javapath;C:\Windows\system32;C:\Windows;C:\Windows\System32\Wbem;C:\Windows\System32\WindowsPowerShell\v1.0\;C:\Windows\System32\OpenSSH\;C:\Program Files\Git\cmd;C:\wamp64\bin\php\php5.6.40;C:\ProgramData\ComposerSetup\bin;C:\Program Files\PuTTY\;C:\Program Files\nodejs\;C:\Users\home\AppData\Local\Programs\Python\Python39\Scripts\;C:\Users\home\AppData\Local\Programs\Python\Python39\;C:\Users\home\AppData\Local\Microsoft\WindowsApps;;C:\Users\home\AppData\Local\Programs\Microsoft VS Code\bin;C:\Program Files\JetBrains\IntelliJ IDEA Community Edition 2020.2.2\bin;;C:\Users\home\AppData\Roaming\Composer\vendor\bin;C:\Program Files\heroku\bin;C:\Users\home\AppData\Roaming\npm;.]
06-Feb-2022 15:37:21.291 INFORMACIÓN [main] org.apache.coyote.AbstractProtocol.init Inicializando el manejador de protocolo ["http-nio-8086"]

06-Feb-2022 15:37:22.853 INFORMACIÓN [main] org.apache.tomcat.util.net.NioSelectorPool.getSharedSelector Using a shared selector for servlet write/read
06-Feb-2022 15:37:22.886 INFORMACIÓN [main] org.apache.coyote.AbstractProtocol.init Inicializando el manejador de protocolo ["http-nio-8084"]

06-Feb-2022 15:37:22.890 INFORMACIÓN [main] org.apache.tomcat.util.net.NioSelectorPool.getSharedSelector Using a shared selector for servlet write/read
06-Feb-2022 15:37:22.903 INFORMACIÓN [main] org.apache.catalina.startup.Catalina.load Initialization processed in 3281 ms
06-Feb-2022 15:37:23.124 INFORMACIÓN [main] org.apache.catalina.core.StandardService.startInternal Arrancando servicio [Catalina]
06-Feb-2022 15:37:23.125 INFORMACIÓN [main] org.apache.catalina.core.StandardEngine.startInternal Starting Servlet engine: [Apache Tomcat/8.5.75]
06-Feb-2022 15:37:23.154 INFORMACIÓN [localhost-startStop-1] org.apache.catalina.startup.HostConfig.deployDescriptor Desplieque del descriptor de configuración [C:\Program Files\Apache Software Foundation\Tomcat 8.5_Tomcat8-ifd\conf\Catalina\localhost\ROOT.xml]
06-Feb-2022 15:37:28.292 INFORMACIÓN [localhost-startStop-1] org.apache.jasper.servlet.TldScanner.scanJars Al menos un JAR, que se ha explorado buscando TLDs, aún no contenía TLDs. Activar historial de depuración para este historiador para una completa lista de los JARs que fueron explorados y de los que nos se halló TLDs. Saltarse JARs no necesarios durante la exploración puede dar lugar a una mejora de tiempo significativa en el arranque y compilación de JSP .
06-Feb-2022 15:37:28.597 INFORMACIÓN [localhost-startStop-1] org.springframework.web.context.ContextLoader.initWebApplicationContext Root WebApplicationContext: initialization started
06-Feb-2022 15:37:29.134 INFORMACIÓN [localhost-startStop-1] org.springframework.context.support.AbstractApplicationContext.prepareRefresh Refreshing Root WebApplicationContext: startup date [Sun Feb 06 15:37:29 BOT 2022]; root of context hierarchy
06-Feb-2022 15:37:29.402 INFORMACIÓN [localhost-startStop-1] org.springframework.beans.factory.xml.XmlBeanDefinitionReader.loadBeanDefinitions Loading XML bean definitions from ServletContext resource [/WEB-INF/applicationContext.xml]
06-Feb-2022 15:37:29.830 INFORMACIÓN [localhost-startStop-1] org.springframework.web.context.ContextLoader.initWebApplicationContext Root WebApplicationContext: initialization completed in 1233 ms
06-Feb-2022 15:37:29.967 INFORMACIÓN [localhost-startStop-1] org.springframework.web.servlet.FrameworkServlet.initServletBean FrameworkServlet 'dispatcher': initialization started
06-Feb-2022 15:37:29.986 INFORMACIÓN [localhost-startStop-1] org.springframework.context.support.AbstractApplicationContext.prepareRefresh Refreshing WebApplicationContext for namespace 'dispatcher-servlet': startup date [Sun Feb 06 15:37:29 BOT 2022]; parent: Root WebApplicationContext
06-Feb-2022 15:37:29.990 INFORMACIÓN [localhost-startStop-1] org.springframework.beans.factory.xml.XmlBeanDefinitionReader.loadBeanDefinitions Loading XML bean definitions from ServletContext resource [/WEB-INF/dispatcher-servlet.xml]
06-Feb-2022 15:37:30.408 INFORMACIÓN [localhost-startStop-1] org.springframework.jdbc.datasource.DriverManagerDataSource.setDriverClassName Loaded JDBC driver: org.postgresql.Driver
06-Feb-2022 15:37:30.413 INFORMACIÓN [localhost-startStop-1] org.springframework.web.servlet.handler.AbstractUrlHandlerMapping.registerHandler Mapped URL path [/controlador] onto handler 'controlador'
06-Feb-2022 15:37:30.413 INFORMACIÓN [localhost-startStop-1] org.springframework.web.servlet.handler.AbstractUrlHandlerMapping.registerHandler Mapped URL path [/controlador/*] onto handler 'controlador'
06-Feb-2022 15:37:30.758 INFORMACIÓN [localhost-startStop-1] org.springframework.web.servlet.handler.AbstractUrlHandlerMapping.registerHandler Mapped URL path [/eliminar.htm] onto handler 'controlador'
06-Feb-2022 15:37:30.759 INFORMACIÓN [localhost-startStop-1] org.springframework.web.servlet.handler.AbstractUrlHandlerMapping.registerHandler Mapped URL path [/editar.htm] onto handler 'controlador'
06-Feb-2022 15:37:30.759 INFORMACIÓN [localhost-startStop-1] org.springframework.web.servlet.handler.AbstractUrlHandlerMapping.registerHandler Mapped URL path [/index.htm] onto handler 'controlador'
06-Feb-2022 15:37:30.760 INFORMACIÓN [localhost-startStop-1] org.springframework.web.servlet.handler.AbstractUrlHandlerMapping.registerHandler Mapped URL path [/agregar.htm] onto handler 'controlador'
06-Feb-2022 15:37:31.177 INFORMACIÓN [localhost-startStop-1] org.springframework.web.servlet.FrameworkServlet.initServletBean FrameworkServlet 'dispatcher': initialization completed in 1209 ms
06-Feb-2022 15:37:31.228 INFORMACIÓN [localhost-startStop-1] org.apache.catalina.startup.HostConfig.deployDescriptor Deployment of deployment descriptor [C:\Program Files\Apache Software Foundation\Tomcat 8.5_Tomcat8-ifd\conf\Catalina\localhost\ROOT.xml] has finished in [8.072] ms
06-Feb-2022 15:37:31.230 INFORMACIÓN [localhost-startStop-1] org.apache.catalina.startup.HostConfig.deployDescriptor Desplieque del descriptor de configuración [C:\Program Files\Apache Software Foundation\Tomcat 8.5_Tomcat8-ifd\conf\Catalina\localhost\Sistema.xml]
06-Feb-2022 15:37:32.146 INFORMACIÓN [localhost-startStop-1] org.apache.jasper.servlet.TldScanner.scanJars Al menos un JAR, que se ha explorado buscando TLDs, aún no contenía TLDs. Activar historial de depuración para este historiador para una completa lista de los JARs que fueron explorados y de los que nos se halló TLDs. Saltarse JARs no necesarios durante la exploración puede dar lugar a una mejora de tiempo significativa en el arranque y compilación de JSP .
06-Feb-2022 15:37:32.300 INFORMACIÓN [localhost-startStop-1] org.apache.catalina.startup.HostConfig.deployDescriptor Deployment of deployment descriptor [C:\Program Files\Apache Software Foundation\Tomcat 8.5_Tomcat8-ifd\conf\Catalina\localhost\Sistema.xml] has finished in [1.071] ms
06-Feb-2022 15:37:32.300 INFORMACIÓN [localhost-startStop-1] org.apache.catalina.startup.HostConfig.deployDescriptor Desplieque del descriptor de configuración [C:\Program Files\Apache Software Foundation\Tomcat 8.5_Tomcat8-ifd\conf\Catalina\localhost\vacaciones.xml]
06-Feb-2022 15:37:37.461 INFORMACIÓN [localhost-startStop-1] org.apache.jasper.servlet.TldScanner.scanJars Al menos un JAR, que se ha explorado buscando TLDs, aún no contenía TLDs. Activar historial de depuración para este historiador para una completa lista de los JARs que fueron explorados y de los que nos se halló TLDs. Saltarse JARs no necesarios durante la exploración puede dar lugar a una mejora de tiempo significativa en el arranque y compilación de JSP .
06-Feb-2022 15:37:37.643 INFORMACIÓN [localhost-startStop-1] org.springframework.web.context.ContextLoader.initWebApplicationContext Root WebApplicationContext: initialization started
06-Feb-2022 15:37:38.137 INFORMACIÓN [localhost-startStop-1] org.springframework.context.support.AbstractApplicationContext.prepareRefresh Refreshing Root WebApplicationContext: startup date [Sun Feb 06 15:37:38 BOT 2022]; root of context hierarchy
06-Feb-2022 15:37:38.388 INFORMACIÓN [localhost-startStop-1] org.springframework.beans.factory.xml.XmlBeanDefinitionReader.loadBeanDefinitions Loading XML bean definitions from ServletContext resource [/WEB-INF/applicationContext.xml]
06-Feb-2022 15:37:38.653 INFORMACIÓN [localhost-startStop-1] org.springframework.web.context.ContextLoader.initWebApplicationContext Root WebApplicationContext: initialization completed in 1009 ms
06-Feb-2022 15:37:38.663 ADVERTENCIA [localhost-startStop-1] org.apache.catalina.session.StandardManager.doLoad Imposible borrar [C:\Program Files\Apache Software Foundation\Tomcat 8.5_Tomcat8-ifd\work\Catalina\localhost\vacaciones\SESSIONS.ser] luego de leer las sessiones persistentes. La prensencia continua de este archivo causará que los intentos futuros de sesiones persistentes fallen.
06-Feb-2022 15:37:38.663 GRAVE [localhost-startStop-1] org.apache.catalina.session.StandardManager.startInternal Excepción cargando sesiones desde almacenamiento persistente
	java.io.StreamCorruptedException: invalid stream header: 00000000
		at java.io.ObjectInputStream.readStreamHeader(ObjectInputStream.java:808)
		at java.io.ObjectInputStream.<init>(ObjectInputStream.java:301)
		at org.apache.catalina.util.CustomObjectInputStream.<init>(CustomObjectInputStream.java:95)
		at org.apache.catalina.session.StandardManager.doLoad(StandardManager.java:209)
		at org.apache.catalina.session.StandardManager.load(StandardManager.java:162)
		at org.apache.catalina.session.StandardManager.startInternal(StandardManager.java:356)
		at org.apache.catalina.util.LifecycleBase.start(LifecycleBase.java:183)
		at org.apache.catalina.core.StandardContext.startInternal(StandardContext.java:5249)
		at org.apache.catalina.util.LifecycleBase.start(LifecycleBase.java:183)
		at org.apache.catalina.core.ContainerBase.addChildInternal(ContainerBase.java:753)
		at org.apache.catalina.core.ContainerBase.addChild(ContainerBase.java:727)
		at org.apache.catalina.core.StandardHost.addChild(StandardHost.java:695)
		at org.apache.catalina.startup.HostConfig.deployDescriptor(HostConfig.java:673)
		at org.apache.catalina.startup.HostConfig$DeployDescriptor.run(HostConfig.java:1881)
		at java.util.concurrent.Executors$RunnableAdapter.call(Executors.java:511)
		at java.util.concurrent.FutureTask.run(FutureTask.java:266)
		at java.util.concurrent.ThreadPoolExecutor.runWorker(ThreadPoolExecutor.java:1142)
		at java.util.concurrent.ThreadPoolExecutor$Worker.run(ThreadPoolExecutor.java:617)
		at java.lang.Thread.run(Thread.java:745)
06-Feb-2022 15:37:39.007 INFORMACIÓN [localhost-startStop-1] org.springframework.web.servlet.FrameworkServlet.initServletBean FrameworkServlet 'dispatcher': initialization started
06-Feb-2022 15:37:39.048 INFORMACIÓN [localhost-startStop-1] org.springframework.context.support.AbstractApplicationContext.prepareRefresh Refreshing WebApplicationContext for namespace 'dispatcher-servlet': startup date [Sun Feb 06 15:37:39 BOT 2022]; parent: Root WebApplicationContext
06-Feb-2022 15:37:39.053 INFORMACIÓN [localhost-startStop-1] org.springframework.beans.factory.xml.XmlBeanDefinitionReader.loadBeanDefinitions Loading XML bean definitions from ServletContext resource [/WEB-INF/dispatcher-servlet.xml]
06-Feb-2022 15:37:40.121 INFORMACIÓN [localhost-startStop-1] org.springframework.jdbc.datasource.DriverManagerDataSource.setDriverClassName Loaded JDBC driver: org.postgresql.Driver
06-Feb-2022 15:37:40.128 INFORMACIÓN [localhost-startStop-1] org.springframework.web.servlet.handler.AbstractUrlHandlerMapping.registerHandler Mapped URL path [/controlador] onto handler 'controlador'
06-Feb-2022 15:37:40.129 INFORMACIÓN [localhost-startStop-1] org.springframework.web.servlet.handler.AbstractUrlHandlerMapping.registerHandler Mapped URL path [/controlador/*] onto handler 'controlador'
06-Feb-2022 15:37:40.354 INFORMACIÓN [localhost-startStop-1] org.springframework.web.servlet.handler.AbstractUrlHandlerMapping.registerHandler Mapped URL path [/nuevas.htm] onto handler 'controlador'
06-Feb-2022 15:37:40.354 INFORMACIÓN [localhost-startStop-1] org.springframework.web.servlet.handler.AbstractUrlHandlerMapping.registerHandler Mapped URL path [/pendientes.htm] onto handler 'controlador'
06-Feb-2022 15:37:40.355 INFORMACIÓN [localhost-startStop-1] org.springframework.web.servlet.handler.AbstractUrlHandlerMapping.registerHandler Mapped URL path [/index.htm] onto handler 'controlador'
06-Feb-2022 15:37:40.653 INFORMACIÓN [localhost-startStop-1] org.springframework.web.servlet.FrameworkServlet.initServletBean FrameworkServlet 'dispatcher': initialization completed in 1646 ms
06-Feb-2022 15:37:40.673 INFORMACIÓN [localhost-startStop-1] org.apache.catalina.startup.HostConfig.deployDescriptor Deployment of deployment descriptor [C:\Program Files\Apache Software Foundation\Tomcat 8.5_Tomcat8-ifd\conf\Catalina\localhost\vacaciones.xml] has finished in [8.372] ms
06-Feb-2022 15:37:40.679 INFORMACIÓN [localhost-startStop-1] org.apache.catalina.startup.HostConfig.deployDirectory Desplegando el directorio [C:\Program Files\Apache Software Foundation\Tomcat 8.5_Tomcat8-ifd\webapps\docs] de la aplicación web
06-Feb-2022 15:37:40.822 INFORMACIÓN [localhost-startStop-1] org.apache.catalina.startup.HostConfig.deployDirectory Deployment of web application directory [C:\Program Files\Apache Software Foundation\Tomcat 8.5_Tomcat8-ifd\webapps\docs] has finished in [143] ms
06-Feb-2022 15:37:40.823 INFORMACIÓN [localhost-startStop-1] org.apache.catalina.startup.HostConfig.deployDirectory Desplegando el directorio [C:\Program Files\Apache Software Foundation\Tomcat 8.5_Tomcat8-ifd\webapps\manager] de la aplicación web
06-Feb-2022 15:37:40.974 INFORMACIÓN [localhost-startStop-1] org.apache.catalina.startup.HostConfig.deployDirectory Deployment of web application directory [C:\Program Files\Apache Software Foundation\Tomcat 8.5_Tomcat8-ifd\webapps\manager] has finished in [150] ms
06-Feb-2022 15:37:40.982 INFORMACIÓN [main] org.apache.coyote.AbstractProtocol.start Starting ProtocolHandler ["http-nio-8086"]
06-Feb-2022 15:37:41.014 INFORMACIÓN [main] org.apache.coyote.AbstractProtocol.start Starting ProtocolHandler ["http-nio-8084"]
06-Feb-2022 15:37:41.022 INFORMACIÓN [main] org.apache.catalina.startup.Catalina.start Server startup in 18119 ms
06-Feb-2022 15:38:05.147 INFORMACIÓN [http-nio-8086-exec-3] org.apache.catalina.core.StandardContext.reload Ha comenzado la recarga de Contexto [/Sistema]
06-Feb-2022 15:38:06.056 INFORMACIÓN [http-nio-8086-exec-3] org.apache.jasper.servlet.TldScanner.scanJars Al menos un JAR, que se ha explorado buscando TLDs, aún no contenía TLDs. Activar historial de depuración para este historiador para una completa lista de los JARs que fueron explorados y de los que nos se halló TLDs. Saltarse JARs no necesarios durante la exploración puede dar lugar a una mejora de tiempo significativa en el arranque y compilación de JSP .
06-Feb-2022 15:38:06.257 INFORMACIÓN [http-nio-8086-exec-3] org.apache.catalina.core.StandardContext.reload Se ha completado la recarga de este Contexto
06-Feb-2022 15:42:41.929 INFORMACIÓN [main] org.apache.catalina.core.StandardServer.await Se ha recibido un comando de apagado a través del puerto de apagado. Parando la instancia del Servidor.
06-Feb-2022 15:42:41.929 INFORMACIÓN [main] org.apache.coyote.AbstractProtocol.pause Pausing ProtocolHandler ["http-nio-8086"]
06-Feb-2022 15:42:43.162 INFORMACIÓN [main] org.apache.coyote.AbstractProtocol.pause Pausing ProtocolHandler ["http-nio-8084"]
06-Feb-2022 15:42:44.495 INFORMACIÓN [main] org.apache.catalina.core.StandardService.stopInternal Parando servicio [Catalina]
06-Feb-2022 15:42:44.501 INFORMACIÓN [localhost-startStop-2] org.springframework.context.support.AbstractApplicationContext.doClose Closing WebApplicationContext for namespace 'dispatcher-servlet': startup date [Sun Feb 06 15:37:29 BOT 2022]; parent: Root WebApplicationContext
06-Feb-2022 15:42:44.516 INFORMACIÓN [localhost-startStop-2] org.springframework.context.support.AbstractApplicationContext.doClose Closing Root WebApplicationContext: startup date [Sun Feb 06 15:37:29 BOT 2022]; root of context hierarchy
06-Feb-2022 15:42:44.532 ADVERTENCIA [localhost-startStop-2] org.apache.catalina.loader.WebappClassLoaderBase.clearReferencesJdbc La aplicación web [ROOT] registró el conductor JDBC [org.postgresql.Driver] pero falló al anular el registro mientras la aplicación web estaba parada. Para prevenir un fallo de memoria, se ha anulado el registro del conductor JDBC por la fuerza.
06-Feb-2022 15:42:44.594 INFORMACIÓN [localhost-startStop-2] org.springframework.context.support.AbstractApplicationContext.doClose Closing WebApplicationContext for namespace 'dispatcher-servlet': startup date [Sun Feb 06 15:37:39 BOT 2022]; parent: Root WebApplicationContext
06-Feb-2022 15:42:44.594 INFORMACIÓN [localhost-startStop-2] org.springframework.context.support.AbstractApplicationContext.doClose Closing Root WebApplicationContext: startup date [Sun Feb 06 15:37:38 BOT 2022]; root of context hierarchy
06-Feb-2022 15:42:44.626 ADVERTENCIA [localhost-startStop-2] org.apache.catalina.loader.WebappClassLoaderBase.clearReferencesJdbc La aplicación web [vacaciones] registró el conductor JDBC [org.postgresql.Driver] pero falló al anular el registro mientras la aplicación web estaba parada. Para prevenir un fallo de memoria, se ha anulado el registro del conductor JDBC por la fuerza.
06-Feb-2022 15:42:44.641 INFORMACIÓN [main] org.apache.coyote.AbstractProtocol.stop Stopping ProtocolHandler ["http-nio-8086"]
06-Feb-2022 15:42:44.657 INFORMACIÓN [main] org.apache.coyote.AbstractProtocol.stop Stopping ProtocolHandler ["http-nio-8084"]
06-Feb-2022 15:42:44.657 INFORMACIÓN [main] org.apache.coyote.AbstractProtocol.destroy Destroying ProtocolHandler ["http-nio-8086"]
06-Feb-2022 15:42:44.657 INFORMACIÓN [main] org.apache.coyote.AbstractProtocol.destroy Destroying ProtocolHandler ["http-nio-8084"]
