31-Jan-2022 16:09:51.270 INFORMACIÓN [http-nio-8086-exec-4] org.apache.catalina.core.ApplicationContext.log No Spring WebApplicationInitializer types detected on classpath
31-Jan-2022 16:09:51.466 INFORMACIÓN [http-nio-8086-exec-4] org.apache.catalina.core.ApplicationContext.log Initializing Spring root WebApplicationContext
31-Jan-2022 16:09:52.804 INFORMACIÓN [http-nio-8086-exec-4] org.apache.catalina.core.ApplicationContext.log Initializing Spring FrameworkServlet 'dispatcher'
31-Jan-2022 16:09:58.513 GRAVE [http-nio-8086-exec-7] org.apache.catalina.core.StandardWrapperValve.invoke El Servlet.service() para el servlet [jsp] en el contexto con ruta [] lanzó la excepción [java.lang.ClassNotFoundException: org.apache.jsp.redirect_jsp] con causa raíz
	java.lang.ClassNotFoundException: org.apache.jsp.redirect_jsp
		at java.net.URLClassLoader.findClass(URLClassLoader.java:381)
		at org.apache.jasper.servlet.JasperLoader.loadClass(JasperLoader.java:129)
		at org.apache.jasper.servlet.JasperLoader.loadClass(JasperLoader.java:58)
		at org.apache.catalina.core.DefaultInstanceManager.newInstance(DefaultInstanceManager.java:158)
		at org.apache.jasper.servlet.JspServletWrapper.getServlet(JspServletWrapper.java:191)
		at org.apache.jasper.servlet.JspServletWrapper.service(JspServletWrapper.java:412)
		at org.apache.jasper.servlet.JspServlet.serviceJspFile(JspServlet.java:383)
		at org.apache.jasper.servlet.JspServlet.service(JspServlet.java:331)
		at javax.servlet.http.HttpServlet.service(HttpServlet.java:764)
		at org.apache.catalina.core.ApplicationFilterChain.internalDoFilter(ApplicationFilterChain.java:231)
		at org.apache.catalina.core.ApplicationFilterChain.doFilter(ApplicationFilterChain.java:166)
		at org.apache.tomcat.websocket.server.WsFilter.doFilter(WsFilter.java:52)
		at org.apache.catalina.core.ApplicationFilterChain.internalDoFilter(ApplicationFilterChain.java:193)
		at org.apache.catalina.core.ApplicationFilterChain.doFilter(ApplicationFilterChain.java:166)
		at org.apache.catalina.core.StandardWrapperValve.invoke(StandardWrapperValve.java:196)
		at org.apache.catalina.core.StandardContextValve.invoke(StandardContextValve.java:97)
		at org.apache.catalina.authenticator.AuthenticatorBase.invoke(AuthenticatorBase.java:542)
		at org.apache.catalina.core.StandardHostValve.invoke(StandardHostValve.java:135)
		at org.apache.catalina.valves.ErrorReportValve.invoke(ErrorReportValve.java:81)
		at org.apache.catalina.valves.AbstractAccessLogValve.invoke(AbstractAccessLogValve.java:698)
		at org.apache.catalina.core.StandardEngineValve.invoke(StandardEngineValve.java:78)
		at org.apache.catalina.connector.CoyoteAdapter.service(CoyoteAdapter.java:366)
		at org.apache.coyote.http11.Http11Processor.service(Http11Processor.java:639)
		at org.apache.coyote.AbstractProcessorLight.process(AbstractProcessorLight.java:65)
		at org.apache.coyote.AbstractProtocol$ConnectionHandler.process(AbstractProtocol.java:847)
		at org.apache.tomcat.util.net.NioEndpoint$SocketProcessor.doRun(NioEndpoint.java:1680)
		at org.apache.tomcat.util.net.SocketProcessorBase.run(SocketProcessorBase.java:49)
		at org.apache.tomcat.util.threads.ThreadPoolExecutor.runWorker(ThreadPoolExecutor.java:1191)
		at org.apache.tomcat.util.threads.ThreadPoolExecutor$Worker.run(ThreadPoolExecutor.java:659)
		at org.apache.tomcat.util.threads.TaskThread$WrappingRunnable.run(TaskThread.java:61)
		at java.lang.Thread.run(Thread.java:745)
31-Jan-2022 16:10:00.114 INFORMACIÓN [ContainerBackgroundProcessor[StandardEngine[Catalina]]] org.apache.catalina.core.ApplicationContext.log Destroying Spring FrameworkServlet 'dispatcher'
31-Jan-2022 16:10:00.117 INFORMACIÓN [ContainerBackgroundProcessor[StandardEngine[Catalina]]] org.apache.catalina.core.ApplicationContext.log Closing Spring root WebApplicationContext
31-Jan-2022 16:41:59.580 INFORMACIÓN [http-nio-8086-exec-18] org.apache.catalina.core.ApplicationContext.log No Spring WebApplicationInitializer types detected on classpath
31-Jan-2022 16:41:59.701 INFORMACIÓN [http-nio-8086-exec-18] org.apache.catalina.core.ApplicationContext.log Initializing Spring root WebApplicationContext
31-Jan-2022 16:42:00.689 INFORMACIÓN [http-nio-8086-exec-18] org.apache.catalina.core.ApplicationContext.log Initializing Spring FrameworkServlet 'dispatcher'
31-Jan-2022 16:42:08.953 INFORMACIÓN [localhost-startStop-2] org.apache.catalina.core.ApplicationContext.log No Spring WebApplicationInitializer types detected on classpath
31-Jan-2022 16:42:09.072 INFORMACIÓN [localhost-startStop-2] org.apache.catalina.core.ApplicationContext.log Initializing Spring root WebApplicationContext
31-Jan-2022 16:42:10.695 INFORMACIÓN [localhost-startStop-2] org.apache.catalina.core.ApplicationContext.log Initializing Spring FrameworkServlet 'dispatcher'
31-Jan-2022 16:42:24.717 INFORMACIÓN [http-nio-8086-exec-19] org.apache.catalina.core.ApplicationContext.log Destroying Spring FrameworkServlet 'dispatcher'
31-Jan-2022 16:42:24.743 INFORMACIÓN [http-nio-8086-exec-19] org.apache.catalina.core.ApplicationContext.log Closing Spring root WebApplicationContext
31-Jan-2022 16:42:28.215 INFORMACIÓN [http-nio-8086-exec-21] org.apache.catalina.core.ApplicationContext.log No Spring WebApplicationInitializer types detected on classpath
31-Jan-2022 16:42:28.320 INFORMACIÓN [http-nio-8086-exec-21] org.apache.catalina.core.ApplicationContext.log Initializing Spring root WebApplicationContext
31-Jan-2022 16:42:29.286 INFORMACIÓN [http-nio-8086-exec-21] org.apache.catalina.core.ApplicationContext.log Initializing Spring FrameworkServlet 'dispatcher'
31-Jan-2022 16:43:07.305 INFORMACIÓN [http-nio-8086-exec-24] org.apache.catalina.core.ApplicationContext.log Destroying Spring FrameworkServlet 'dispatcher'
31-Jan-2022 16:43:07.312 INFORMACIÓN [http-nio-8086-exec-24] org.apache.catalina.core.ApplicationContext.log Closing Spring root WebApplicationContext
31-Jan-2022 16:43:10.472 INFORMACIÓN [http-nio-8086-exec-16] org.apache.catalina.core.ApplicationContext.log No Spring WebApplicationInitializer types detected on classpath
31-Jan-2022 16:43:10.567 INFORMACIÓN [http-nio-8086-exec-16] org.apache.catalina.core.ApplicationContext.log Initializing Spring root WebApplicationContext
31-Jan-2022 16:43:11.456 INFORMACIÓN [http-nio-8086-exec-16] org.apache.catalina.core.ApplicationContext.log Initializing Spring FrameworkServlet 'dispatcher'
31-Jan-2022 16:47:12.936 INFORMACIÓN [http-nio-8086-exec-35] org.apache.catalina.core.ApplicationContext.log Destroying Spring FrameworkServlet 'dispatcher'
31-Jan-2022 16:47:12.942 INFORMACIÓN [http-nio-8086-exec-35] org.apache.catalina.core.ApplicationContext.log Closing Spring root WebApplicationContext
31-Jan-2022 16:47:15.990 INFORMACIÓN [http-nio-8086-exec-39] org.apache.catalina.core.ApplicationContext.log No Spring WebApplicationInitializer types detected on classpath
31-Jan-2022 16:47:16.082 INFORMACIÓN [http-nio-8086-exec-39] org.apache.catalina.core.ApplicationContext.log Initializing Spring root WebApplicationContext
31-Jan-2022 16:47:16.913 INFORMACIÓN [http-nio-8086-exec-39] org.apache.catalina.core.ApplicationContext.log Initializing Spring FrameworkServlet 'dispatcher'
31-Jan-2022 16:48:21.814 INFORMACIÓN [http-nio-8086-exec-40] org.apache.catalina.core.ApplicationContext.log Destroying Spring FrameworkServlet 'dispatcher'
31-Jan-2022 16:48:21.826 INFORMACIÓN [http-nio-8086-exec-40] org.apache.catalina.core.ApplicationContext.log Closing Spring root WebApplicationContext
31-Jan-2022 16:48:27.263 INFORMACIÓN [http-nio-8086-exec-40] org.apache.catalina.core.ApplicationContext.log No Spring WebApplicationInitializer types detected on classpath
31-Jan-2022 16:48:27.366 INFORMACIÓN [http-nio-8086-exec-40] org.apache.catalina.core.ApplicationContext.log Initializing Spring root WebApplicationContext
31-Jan-2022 16:48:28.466 INFORMACIÓN [http-nio-8086-exec-40] org.apache.catalina.core.ApplicationContext.log Initializing Spring FrameworkServlet 'dispatcher'
31-Jan-2022 16:49:49.678 INFORMACIÓN [http-nio-8086-exec-42] org.apache.catalina.core.ApplicationContext.log Destroying Spring FrameworkServlet 'dispatcher'
31-Jan-2022 16:49:49.690 INFORMACIÓN [http-nio-8086-exec-42] org.apache.catalina.core.ApplicationContext.log Closing Spring root WebApplicationContext
31-Jan-2022 16:49:52.989 INFORMACIÓN [http-nio-8086-exec-42] org.apache.catalina.core.ApplicationContext.log No Spring WebApplicationInitializer types detected on classpath
31-Jan-2022 16:49:53.067 INFORMACIÓN [http-nio-8086-exec-42] org.apache.catalina.core.ApplicationContext.log Initializing Spring root WebApplicationContext
31-Jan-2022 16:49:53.870 INFORMACIÓN [http-nio-8086-exec-42] org.apache.catalina.core.ApplicationContext.log Initializing Spring FrameworkServlet 'dispatcher'
31-Jan-2022 16:52:20.213 INFORMACIÓN [http-nio-8086-exec-52] org.apache.catalina.core.ApplicationContext.log Destroying Spring FrameworkServlet 'dispatcher'
31-Jan-2022 16:52:20.224 INFORMACIÓN [http-nio-8086-exec-52] org.apache.catalina.core.ApplicationContext.log Closing Spring root WebApplicationContext
31-Jan-2022 16:52:24.354 INFORMACIÓN [http-nio-8086-exec-53] org.apache.catalina.core.ApplicationContext.log No Spring WebApplicationInitializer types detected on classpath
31-Jan-2022 16:52:24.440 INFORMACIÓN [http-nio-8086-exec-53] org.apache.catalina.core.ApplicationContext.log Initializing Spring root WebApplicationContext
31-Jan-2022 16:52:25.321 INFORMACIÓN [http-nio-8086-exec-53] org.apache.catalina.core.ApplicationContext.log Initializing Spring FrameworkServlet 'dispatcher'
31-Jan-2022 16:52:31.882 INFORMACIÓN [http-nio-8086-exec-31] org.apache.catalina.core.ApplicationContext.log Destroying Spring FrameworkServlet 'dispatcher'
31-Jan-2022 16:52:31.890 INFORMACIÓN [http-nio-8086-exec-31] org.apache.catalina.core.ApplicationContext.log Closing Spring root WebApplicationContext
31-Jan-2022 16:52:35.174 INFORMACIÓN [http-nio-8086-exec-56] org.apache.catalina.core.ApplicationContext.log No Spring WebApplicationInitializer types detected on classpath
31-Jan-2022 16:52:35.258 INFORMACIÓN [http-nio-8086-exec-56] org.apache.catalina.core.ApplicationContext.log Initializing Spring root WebApplicationContext
31-Jan-2022 16:52:36.297 INFORMACIÓN [http-nio-8086-exec-56] org.apache.catalina.core.ApplicationContext.log Initializing Spring FrameworkServlet 'dispatcher'
31-Jan-2022 17:15:56.125 INFORMACIÓN [http-nio-8086-exec-70] org.apache.catalina.core.ApplicationContext.log Destroying Spring FrameworkServlet 'dispatcher'
31-Jan-2022 17:15:56.153 INFORMACIÓN [http-nio-8086-exec-70] org.apache.catalina.core.ApplicationContext.log Closing Spring root WebApplicationContext
31-Jan-2022 17:15:59.738 INFORMACIÓN [http-nio-8086-exec-70] org.apache.catalina.core.ApplicationContext.log No Spring WebApplicationInitializer types detected on classpath
31-Jan-2022 17:15:59.815 INFORMACIÓN [http-nio-8086-exec-70] org.apache.catalina.core.ApplicationContext.log Initializing Spring root WebApplicationContext
31-Jan-2022 17:16:00.598 INFORMACIÓN [http-nio-8086-exec-70] org.apache.catalina.core.ApplicationContext.log Initializing Spring FrameworkServlet 'dispatcher'
31-Jan-2022 18:20:39.596 INFORMACIÓN [http-nio-8086-exec-73] org.apache.catalina.core.ApplicationContext.log Destroying Spring FrameworkServlet 'dispatcher'
31-Jan-2022 18:20:39.604 INFORMACIÓN [http-nio-8086-exec-73] org.apache.catalina.core.ApplicationContext.log Closing Spring root WebApplicationContext
31-Jan-2022 18:20:44.728 INFORMACIÓN [http-nio-8086-exec-73] org.apache.catalina.core.ApplicationContext.log No Spring WebApplicationInitializer types detected on classpath
31-Jan-2022 18:20:44.847 INFORMACIÓN [http-nio-8086-exec-73] org.apache.catalina.core.ApplicationContext.log Initializing Spring root WebApplicationContext
31-Jan-2022 18:20:45.897 INFORMACIÓN [http-nio-8086-exec-73] org.apache.catalina.core.ApplicationContext.log Initializing Spring FrameworkServlet 'dispatcher'
31-Jan-2022 18:20:46.776 INFORMACIÓN [http-nio-8086-exec-78] org.apache.catalina.core.ApplicationContext.log Destroying Spring FrameworkServlet 'dispatcher'
31-Jan-2022 18:20:46.812 INFORMACIÓN [http-nio-8086-exec-78] org.apache.catalina.core.ApplicationContext.log Closing Spring root WebApplicationContext
31-Jan-2022 18:20:51.837 INFORMACIÓN [http-nio-8086-exec-78] org.apache.catalina.core.ApplicationContext.log No Spring WebApplicationInitializer types detected on classpath
31-Jan-2022 18:20:51.963 INFORMACIÓN [http-nio-8086-exec-78] org.apache.catalina.core.ApplicationContext.log Initializing Spring root WebApplicationContext
31-Jan-2022 18:20:53.081 INFORMACIÓN [http-nio-8086-exec-78] org.apache.catalina.core.ApplicationContext.log Initializing Spring FrameworkServlet 'dispatcher'
31-Jan-2022 18:23:06.217 INFORMACIÓN [http-nio-8086-exec-86] org.apache.catalina.core.ApplicationContext.log Destroying Spring FrameworkServlet 'dispatcher'
31-Jan-2022 18:23:06.237 INFORMACIÓN [http-nio-8086-exec-86] org.apache.catalina.core.ApplicationContext.log Closing Spring root WebApplicationContext
31-Jan-2022 18:23:10.650 INFORMACIÓN [http-nio-8086-exec-86] org.apache.catalina.core.ApplicationContext.log No Spring WebApplicationInitializer types detected on classpath
31-Jan-2022 18:23:10.755 INFORMACIÓN [http-nio-8086-exec-86] org.apache.catalina.core.ApplicationContext.log Initializing Spring root WebApplicationContext
31-Jan-2022 18:23:11.757 INFORMACIÓN [http-nio-8086-exec-86] org.apache.catalina.core.ApplicationContext.log Initializing Spring FrameworkServlet 'dispatcher'
31-Jan-2022 18:32:29.491 INFORMACIÓN [http-nio-8086-exec-90] org.apache.catalina.core.ApplicationContext.log Destroying Spring FrameworkServlet 'dispatcher'
31-Jan-2022 18:32:29.498 INFORMACIÓN [http-nio-8086-exec-90] org.apache.catalina.core.ApplicationContext.log Closing Spring root WebApplicationContext
31-Jan-2022 18:32:34.402 INFORMACIÓN [http-nio-8086-exec-90] org.apache.catalina.core.ApplicationContext.log No Spring WebApplicationInitializer types detected on classpath
31-Jan-2022 18:32:34.502 INFORMACIÓN [http-nio-8086-exec-90] org.apache.catalina.core.ApplicationContext.log Initializing Spring root WebApplicationContext
31-Jan-2022 18:32:35.515 INFORMACIÓN [http-nio-8086-exec-90] org.apache.catalina.core.ApplicationContext.log Initializing Spring FrameworkServlet 'dispatcher'
31-Jan-2022 18:32:54.667 INFORMACIÓN [http-nio-8086-exec-98] org.apache.catalina.core.ApplicationContext.log Destroying Spring FrameworkServlet 'dispatcher'
31-Jan-2022 18:32:54.679 INFORMACIÓN [http-nio-8086-exec-98] org.apache.catalina.core.ApplicationContext.log Closing Spring root WebApplicationContext
31-Jan-2022 18:32:59.687 INFORMACIÓN [http-nio-8086-exec-101] org.apache.catalina.core.ApplicationContext.log No Spring WebApplicationInitializer types detected on classpath
31-Jan-2022 18:32:59.766 INFORMACIÓN [http-nio-8086-exec-101] org.apache.catalina.core.ApplicationContext.log Initializing Spring root WebApplicationContext
31-Jan-2022 18:33:00.697 INFORMACIÓN [http-nio-8086-exec-101] org.apache.catalina.core.ApplicationContext.log Initializing Spring FrameworkServlet 'dispatcher'
31-Jan-2022 18:37:50.089 INFORMACIÓN [http-nio-8086-exec-108] org.apache.catalina.core.ApplicationContext.log Destroying Spring FrameworkServlet 'dispatcher'
31-Jan-2022 18:37:50.096 INFORMACIÓN [http-nio-8086-exec-108] org.apache.catalina.core.ApplicationContext.log Closing Spring root WebApplicationContext
31-Jan-2022 18:37:53.374 INFORMACIÓN [http-nio-8086-exec-104] org.apache.catalina.core.ApplicationContext.log No Spring WebApplicationInitializer types detected on classpath
31-Jan-2022 18:37:53.445 INFORMACIÓN [http-nio-8086-exec-104] org.apache.catalina.core.ApplicationContext.log Initializing Spring root WebApplicationContext
31-Jan-2022 18:37:54.344 INFORMACIÓN [http-nio-8086-exec-104] org.apache.catalina.core.ApplicationContext.log Initializing Spring FrameworkServlet 'dispatcher'
31-Jan-2022 18:44:12.651 INFORMACIÓN [http-nio-8086-exec-115] org.apache.catalina.core.ApplicationContext.log Destroying Spring FrameworkServlet 'dispatcher'
31-Jan-2022 18:44:12.662 INFORMACIÓN [http-nio-8086-exec-115] org.apache.catalina.core.ApplicationContext.log Closing Spring root WebApplicationContext
31-Jan-2022 18:44:18.635 INFORMACIÓN [http-nio-8086-exec-115] org.apache.catalina.core.ApplicationContext.log No Spring WebApplicationInitializer types detected on classpath
31-Jan-2022 18:44:18.762 INFORMACIÓN [http-nio-8086-exec-115] org.apache.catalina.core.ApplicationContext.log Initializing Spring root WebApplicationContext
31-Jan-2022 18:44:20.085 INFORMACIÓN [http-nio-8086-exec-115] org.apache.catalina.core.ApplicationContext.log Initializing Spring FrameworkServlet 'dispatcher'
31-Jan-2022 18:44:24.203 INFORMACIÓN [http-nio-8086-exec-117] org.apache.catalina.core.ApplicationContext.log Destroying Spring FrameworkServlet 'dispatcher'
31-Jan-2022 18:44:24.212 INFORMACIÓN [http-nio-8086-exec-117] org.apache.catalina.core.ApplicationContext.log Closing Spring root WebApplicationContext
31-Jan-2022 18:44:28.906 INFORMACIÓN [http-nio-8086-exec-117] org.apache.catalina.core.ApplicationContext.log No Spring WebApplicationInitializer types detected on classpath
31-Jan-2022 18:44:29.100 INFORMACIÓN [http-nio-8086-exec-117] org.apache.catalina.core.ApplicationContext.log Initializing Spring root WebApplicationContext
31-Jan-2022 18:44:30.550 INFORMACIÓN [http-nio-8086-exec-117] org.apache.catalina.core.ApplicationContext.log Initializing Spring FrameworkServlet 'dispatcher'
31-Jan-2022 18:47:11.418 GRAVE [http-nio-8086-exec-131] org.apache.catalina.core.StandardWrapperValve.invoke El Servlet.service() para el servlet [dispatcher] en el contexto con ruta [] lanzó la excepción [Request processing failed; nested exception is org.springframework.dao.DataIntegrityViolationException: PreparedStatementCallback; SQL [insert into persona(Nombres,Correo,Nacionalidad) values(?,?,?)]; Column 'Nombres' cannot be null; nested exception is com.mysql.jdbc.exceptions.jdbc4.MySQLIntegrityConstraintViolationException: Column 'Nombres' cannot be null] con causa raíz
	com.mysql.jdbc.exceptions.jdbc4.MySQLIntegrityConstraintViolationException: Column 'Nombres' cannot be null
		at sun.reflect.NativeConstructorAccessorImpl.newInstance0(Native Method)
		at sun.reflect.NativeConstructorAccessorImpl.newInstance(NativeConstructorAccessorImpl.java:62)
		at sun.reflect.DelegatingConstructorAccessorImpl.newInstance(DelegatingConstructorAccessorImpl.java:45)
		at java.lang.reflect.Constructor.newInstance(Constructor.java:423)
		at com.mysql.jdbc.Util.handleNewInstance(Util.java:411)
		at com.mysql.jdbc.Util.getInstance(Util.java:386)
		at com.mysql.jdbc.SQLError.createSQLException(SQLError.java:1040)
		at com.mysql.jdbc.MysqlIO.checkErrorPacket(MysqlIO.java:4120)
		at com.mysql.jdbc.MysqlIO.checkErrorPacket(MysqlIO.java:4052)
		at com.mysql.jdbc.MysqlIO.sendCommand(MysqlIO.java:2503)
		at com.mysql.jdbc.MysqlIO.sqlQueryDirect(MysqlIO.java:2664)
		at com.mysql.jdbc.ConnectionImpl.execSQL(ConnectionImpl.java:2794)
		at com.mysql.jdbc.PreparedStatement.executeInternal(PreparedStatement.java:2155)
		at com.mysql.jdbc.PreparedStatement.executeUpdate(PreparedStatement.java:2458)
		at com.mysql.jdbc.PreparedStatement.executeUpdate(PreparedStatement.java:2375)
		at com.mysql.jdbc.PreparedStatement.executeUpdate(PreparedStatement.java:2359)
		at org.springframework.jdbc.core.JdbcTemplate$2.doInPreparedStatement(JdbcTemplate.java:914)
		at org.springframework.jdbc.core.JdbcTemplate$2.doInPreparedStatement(JdbcTemplate.java:907)
		at org.springframework.jdbc.core.JdbcTemplate.execute(JdbcTemplate.java:642)
		at org.springframework.jdbc.core.JdbcTemplate.update(JdbcTemplate.java:907)
		at org.springframework.jdbc.core.JdbcTemplate.update(JdbcTemplate.java:968)
		at org.springframework.jdbc.core.JdbcTemplate.update(JdbcTemplate.java:978)
		at Controller.Controlador.agregar(Controlador.java:43)
		at sun.reflect.NativeMethodAccessorImpl.invoke0(Native Method)
		at sun.reflect.NativeMethodAccessorImpl.invoke(NativeMethodAccessorImpl.java:62)
		at sun.reflect.DelegatingMethodAccessorImpl.invoke(DelegatingMethodAccessorImpl.java:43)
		at java.lang.reflect.Method.invoke(Method.java:498)
		at org.springframework.web.bind.annotation.support.HandlerMethodInvoker.invokeHandlerMethod(HandlerMethodInvoker.java:175)
		at org.springframework.web.servlet.mvc.annotation.AnnotationMethodHandlerAdapter.invokeHandlerMethod(AnnotationMethodHandlerAdapter.java:446)
		at org.springframework.web.servlet.mvc.annotation.AnnotationMethodHandlerAdapter.handle(AnnotationMethodHandlerAdapter.java:434)
		at org.springframework.web.servlet.DispatcherServlet.doDispatch(DispatcherServlet.java:945)
		at org.springframework.web.servlet.DispatcherServlet.doService(DispatcherServlet.java:876)
		at org.springframework.web.servlet.FrameworkServlet.processRequest(FrameworkServlet.java:961)
		at org.springframework.web.servlet.FrameworkServlet.doPost(FrameworkServlet.java:863)
		at javax.servlet.http.HttpServlet.service(HttpServlet.java:681)
		at org.springframework.web.servlet.FrameworkServlet.service(FrameworkServlet.java:837)
		at javax.servlet.http.HttpServlet.service(HttpServlet.java:764)
		at org.apache.catalina.core.ApplicationFilterChain.internalDoFilter(ApplicationFilterChain.java:231)
		at org.apache.catalina.core.ApplicationFilterChain.doFilter(ApplicationFilterChain.java:166)
		at org.apache.tomcat.websocket.server.WsFilter.doFilter(WsFilter.java:52)
		at org.apache.catalina.core.ApplicationFilterChain.internalDoFilter(ApplicationFilterChain.java:193)
		at org.apache.catalina.core.ApplicationFilterChain.doFilter(ApplicationFilterChain.java:166)
		at org.apache.catalina.core.StandardWrapperValve.invoke(StandardWrapperValve.java:196)
		at org.apache.catalina.core.StandardContextValve.invoke(StandardContextValve.java:97)
		at org.apache.catalina.authenticator.AuthenticatorBase.invoke(AuthenticatorBase.java:542)
		at org.apache.catalina.core.StandardHostValve.invoke(StandardHostValve.java:135)
		at org.apache.catalina.valves.ErrorReportValve.invoke(ErrorReportValve.java:81)
		at org.apache.catalina.valves.AbstractAccessLogValve.invoke(AbstractAccessLogValve.java:698)
		at org.apache.catalina.core.StandardEngineValve.invoke(StandardEngineValve.java:78)
		at org.apache.catalina.connector.CoyoteAdapter.service(CoyoteAdapter.java:366)
		at org.apache.coyote.http11.Http11Processor.service(Http11Processor.java:639)
		at org.apache.coyote.AbstractProcessorLight.process(AbstractProcessorLight.java:65)
		at org.apache.coyote.AbstractProtocol$ConnectionHandler.process(AbstractProtocol.java:847)
		at org.apache.tomcat.util.net.NioEndpoint$SocketProcessor.doRun(NioEndpoint.java:1680)
		at org.apache.tomcat.util.net.SocketProcessorBase.run(SocketProcessorBase.java:49)
		at org.apache.tomcat.util.threads.ThreadPoolExecutor.runWorker(ThreadPoolExecutor.java:1191)
		at org.apache.tomcat.util.threads.ThreadPoolExecutor$Worker.run(ThreadPoolExecutor.java:659)
		at org.apache.tomcat.util.threads.TaskThread$WrappingRunnable.run(TaskThread.java:61)
		at java.lang.Thread.run(Thread.java:745)
31-Jan-2022 20:50:16.567 INFORMACIÓN [http-nio-8086-exec-124] org.apache.catalina.core.ApplicationContext.log Destroying Spring FrameworkServlet 'dispatcher'
31-Jan-2022 20:50:16.571 INFORMACIÓN [http-nio-8086-exec-124] org.apache.catalina.core.ApplicationContext.log Closing Spring root WebApplicationContext
31-Jan-2022 20:50:19.857 INFORMACIÓN [http-nio-8086-exec-124] org.apache.catalina.core.ApplicationContext.log No Spring WebApplicationInitializer types detected on classpath
31-Jan-2022 20:50:19.937 INFORMACIÓN [http-nio-8086-exec-124] org.apache.catalina.core.ApplicationContext.log Initializing Spring root WebApplicationContext
31-Jan-2022 20:50:20.788 INFORMACIÓN [http-nio-8086-exec-124] org.apache.catalina.core.ApplicationContext.log Initializing Spring FrameworkServlet 'dispatcher'
31-Jan-2022 20:51:17.515 INFORMACIÓN [http-nio-8086-exec-130] org.apache.catalina.core.ApplicationContext.log Destroying Spring FrameworkServlet 'dispatcher'
31-Jan-2022 20:51:17.521 INFORMACIÓN [http-nio-8086-exec-130] org.apache.catalina.core.ApplicationContext.log Closing Spring root WebApplicationContext
31-Jan-2022 20:51:21.500 INFORMACIÓN [http-nio-8086-exec-130] org.apache.catalina.core.ApplicationContext.log No Spring WebApplicationInitializer types detected on classpath
31-Jan-2022 20:51:21.598 INFORMACIÓN [http-nio-8086-exec-130] org.apache.catalina.core.ApplicationContext.log Initializing Spring root WebApplicationContext
31-Jan-2022 20:51:22.637 INFORMACIÓN [http-nio-8086-exec-130] org.apache.catalina.core.ApplicationContext.log Initializing Spring FrameworkServlet 'dispatcher'
31-Jan-2022 20:53:19.112 INFORMACIÓN [http-nio-8086-exec-140] org.apache.catalina.core.ApplicationContext.log Destroying Spring FrameworkServlet 'dispatcher'
31-Jan-2022 20:53:19.117 INFORMACIÓN [http-nio-8086-exec-140] org.apache.catalina.core.ApplicationContext.log Closing Spring root WebApplicationContext
31-Jan-2022 20:53:24.063 INFORMACIÓN [http-nio-8086-exec-140] org.apache.catalina.core.ApplicationContext.log No Spring WebApplicationInitializer types detected on classpath
31-Jan-2022 20:53:24.196 INFORMACIÓN [http-nio-8086-exec-140] org.apache.catalina.core.ApplicationContext.log Initializing Spring root WebApplicationContext
31-Jan-2022 20:53:25.354 INFORMACIÓN [http-nio-8086-exec-140] org.apache.catalina.core.ApplicationContext.log Initializing Spring FrameworkServlet 'dispatcher'
31-Jan-2022 20:55:35.256 INFORMACIÓN [http-nio-8086-exec-141] org.apache.catalina.core.ApplicationContext.log Destroying Spring FrameworkServlet 'dispatcher'
31-Jan-2022 20:55:35.260 INFORMACIÓN [http-nio-8086-exec-141] org.apache.catalina.core.ApplicationContext.log Closing Spring root WebApplicationContext
31-Jan-2022 20:55:39.988 INFORMACIÓN [http-nio-8086-exec-141] org.apache.catalina.core.ApplicationContext.log No Spring WebApplicationInitializer types detected on classpath
31-Jan-2022 20:55:40.101 INFORMACIÓN [http-nio-8086-exec-141] org.apache.catalina.core.ApplicationContext.log Initializing Spring root WebApplicationContext
31-Jan-2022 20:55:41.500 INFORMACIÓN [http-nio-8086-exec-141] org.apache.catalina.core.ApplicationContext.log Initializing Spring FrameworkServlet 'dispatcher'
31-Jan-2022 20:55:47.248 INFORMACIÓN [http-nio-8086-exec-145] org.apache.catalina.core.ApplicationContext.log Destroying Spring FrameworkServlet 'dispatcher'
31-Jan-2022 20:55:47.252 INFORMACIÓN [http-nio-8086-exec-145] org.apache.catalina.core.ApplicationContext.log Closing Spring root WebApplicationContext
31-Jan-2022 20:55:50.261 INFORMACIÓN [http-nio-8086-exec-145] org.apache.catalina.core.ApplicationContext.log No Spring WebApplicationInitializer types detected on classpath
31-Jan-2022 20:55:50.340 INFORMACIÓN [http-nio-8086-exec-145] org.apache.catalina.core.ApplicationContext.log Initializing Spring root WebApplicationContext
31-Jan-2022 20:55:51.111 INFORMACIÓN [http-nio-8086-exec-145] org.apache.catalina.core.ApplicationContext.log Initializing Spring FrameworkServlet 'dispatcher'
31-Jan-2022 21:01:16.528 INFORMACIÓN [http-nio-8086-exec-150] org.apache.catalina.core.ApplicationContext.log Destroying Spring FrameworkServlet 'dispatcher'
31-Jan-2022 21:01:16.535 INFORMACIÓN [http-nio-8086-exec-150] org.apache.catalina.core.ApplicationContext.log Closing Spring root WebApplicationContext
31-Jan-2022 21:01:21.822 INFORMACIÓN [http-nio-8086-exec-150] org.apache.catalina.core.ApplicationContext.log No Spring WebApplicationInitializer types detected on classpath
31-Jan-2022 21:01:21.920 INFORMACIÓN [http-nio-8086-exec-150] org.apache.catalina.core.ApplicationContext.log Initializing Spring root WebApplicationContext
31-Jan-2022 21:01:22.867 INFORMACIÓN [http-nio-8086-exec-150] org.apache.catalina.core.ApplicationContext.log Initializing Spring FrameworkServlet 'dispatcher'
31-Jan-2022 21:08:19.069 INFORMACIÓN [http-nio-8086-exec-161] org.apache.catalina.core.ApplicationContext.log Destroying Spring FrameworkServlet 'dispatcher'
31-Jan-2022 21:08:19.075 INFORMACIÓN [http-nio-8086-exec-161] org.apache.catalina.core.ApplicationContext.log Closing Spring root WebApplicationContext
31-Jan-2022 21:08:23.332 INFORMACIÓN [http-nio-8086-exec-162] org.apache.catalina.core.ApplicationContext.log No Spring WebApplicationInitializer types detected on classpath
31-Jan-2022 21:08:23.419 INFORMACIÓN [http-nio-8086-exec-162] org.apache.catalina.core.ApplicationContext.log Initializing Spring root WebApplicationContext
31-Jan-2022 21:08:24.315 INFORMACIÓN [http-nio-8086-exec-162] org.apache.catalina.core.ApplicationContext.log Initializing Spring FrameworkServlet 'dispatcher'
31-Jan-2022 21:08:25.058 INFORMACIÓN [http-nio-8086-exec-160] org.apache.catalina.core.ApplicationContext.log Destroying Spring FrameworkServlet 'dispatcher'
31-Jan-2022 21:08:25.065 INFORMACIÓN [http-nio-8086-exec-160] org.apache.catalina.core.ApplicationContext.log Closing Spring root WebApplicationContext
31-Jan-2022 21:08:28.571 INFORMACIÓN [http-nio-8086-exec-160] org.apache.catalina.core.ApplicationContext.log No Spring WebApplicationInitializer types detected on classpath
31-Jan-2022 21:08:28.657 INFORMACIÓN [http-nio-8086-exec-160] org.apache.catalina.core.ApplicationContext.log Initializing Spring root WebApplicationContext
31-Jan-2022 21:08:29.497 INFORMACIÓN [http-nio-8086-exec-160] org.apache.catalina.core.ApplicationContext.log Initializing Spring FrameworkServlet 'dispatcher'
31-Jan-2022 21:08:50.705 INFORMACIÓN [http-nio-8086-exec-163] org.apache.catalina.core.ApplicationContext.log Destroying Spring FrameworkServlet 'dispatcher'
31-Jan-2022 21:08:50.722 INFORMACIÓN [http-nio-8086-exec-163] org.apache.catalina.core.ApplicationContext.log Closing Spring root WebApplicationContext
31-Jan-2022 21:08:55.332 INFORMACIÓN [http-nio-8086-exec-163] org.apache.catalina.core.ApplicationContext.log No Spring WebApplicationInitializer types detected on classpath
31-Jan-2022 21:08:55.443 INFORMACIÓN [http-nio-8086-exec-163] org.apache.catalina.core.ApplicationContext.log Initializing Spring root WebApplicationContext
31-Jan-2022 21:08:56.441 INFORMACIÓN [http-nio-8086-exec-163] org.apache.catalina.core.ApplicationContext.log Initializing Spring FrameworkServlet 'dispatcher'
31-Jan-2022 21:17:16.349 INFORMACIÓN [http-nio-8086-exec-177] org.apache.catalina.core.ApplicationContext.log Destroying Spring FrameworkServlet 'dispatcher'
31-Jan-2022 21:17:16.357 INFORMACIÓN [http-nio-8086-exec-177] org.apache.catalina.core.ApplicationContext.log Closing Spring root WebApplicationContext
31-Jan-2022 21:17:20.859 INFORMACIÓN [http-nio-8086-exec-177] org.apache.catalina.core.ApplicationContext.log No Spring WebApplicationInitializer types detected on classpath
31-Jan-2022 21:17:20.978 INFORMACIÓN [http-nio-8086-exec-177] org.apache.catalina.core.ApplicationContext.log Initializing Spring root WebApplicationContext
31-Jan-2022 21:17:21.850 INFORMACIÓN [http-nio-8086-exec-177] org.apache.catalina.core.ApplicationContext.log Initializing Spring FrameworkServlet 'dispatcher'
31-Jan-2022 21:18:00.647 GRAVE [http-nio-8086-exec-181] org.apache.catalina.core.StandardWrapperValve.invoke El Servlet.service() para el servlet [dispatcher] en el contexto con ruta [] lanzó la excepción [Request processing failed; nested exception is org.springframework.jdbc.BadSqlGrammarException: PreparedStatementCallback; bad SQL grammar [update persona set Nombre=?,Correo=?,Nacionalidad=? where id=?]; nested exception is com.mysql.jdbc.exceptions.jdbc4.MySQLSyntaxErrorException: Unknown column 'Nombre' in 'field list'] con causa raíz
	com.mysql.jdbc.exceptions.jdbc4.MySQLSyntaxErrorException: Unknown column 'Nombre' in 'field list'
		at sun.reflect.NativeConstructorAccessorImpl.newInstance0(Native Method)
		at sun.reflect.NativeConstructorAccessorImpl.newInstance(NativeConstructorAccessorImpl.java:62)
		at sun.reflect.DelegatingConstructorAccessorImpl.newInstance(DelegatingConstructorAccessorImpl.java:45)
		at java.lang.reflect.Constructor.newInstance(Constructor.java:423)
		at com.mysql.jdbc.Util.handleNewInstance(Util.java:411)
		at com.mysql.jdbc.Util.getInstance(Util.java:386)
		at com.mysql.jdbc.SQLError.createSQLException(SQLError.java:1053)
		at com.mysql.jdbc.MysqlIO.checkErrorPacket(MysqlIO.java:4120)
		at com.mysql.jdbc.MysqlIO.checkErrorPacket(MysqlIO.java:4052)
		at com.mysql.jdbc.MysqlIO.sendCommand(MysqlIO.java:2503)
		at com.mysql.jdbc.MysqlIO.sqlQueryDirect(MysqlIO.java:2664)
		at com.mysql.jdbc.ConnectionImpl.execSQL(ConnectionImpl.java:2794)
		at com.mysql.jdbc.PreparedStatement.executeInternal(PreparedStatement.java:2155)
		at com.mysql.jdbc.PreparedStatement.executeUpdate(PreparedStatement.java:2458)
		at com.mysql.jdbc.PreparedStatement.executeUpdate(PreparedStatement.java:2375)
		at com.mysql.jdbc.PreparedStatement.executeUpdate(PreparedStatement.java:2359)
		at org.springframework.jdbc.core.JdbcTemplate$2.doInPreparedStatement(JdbcTemplate.java:914)
		at org.springframework.jdbc.core.JdbcTemplate$2.doInPreparedStatement(JdbcTemplate.java:907)
		at org.springframework.jdbc.core.JdbcTemplate.execute(JdbcTemplate.java:642)
		at org.springframework.jdbc.core.JdbcTemplate.update(JdbcTemplate.java:907)
		at org.springframework.jdbc.core.JdbcTemplate.update(JdbcTemplate.java:968)
		at org.springframework.jdbc.core.JdbcTemplate.update(JdbcTemplate.java:978)
		at Controller.Controlador.editar(Controlador.java:63)
		at sun.reflect.NativeMethodAccessorImpl.invoke0(Native Method)
		at sun.reflect.NativeMethodAccessorImpl.invoke(NativeMethodAccessorImpl.java:62)
		at sun.reflect.DelegatingMethodAccessorImpl.invoke(DelegatingMethodAccessorImpl.java:43)
		at java.lang.reflect.Method.invoke(Method.java:498)
		at org.springframework.web.bind.annotation.support.HandlerMethodInvoker.invokeHandlerMethod(HandlerMethodInvoker.java:175)
		at org.springframework.web.servlet.mvc.annotation.AnnotationMethodHandlerAdapter.invokeHandlerMethod(AnnotationMethodHandlerAdapter.java:446)
		at org.springframework.web.servlet.mvc.annotation.AnnotationMethodHandlerAdapter.handle(AnnotationMethodHandlerAdapter.java:434)
		at org.springframework.web.servlet.DispatcherServlet.doDispatch(DispatcherServlet.java:945)
		at org.springframework.web.servlet.DispatcherServlet.doService(DispatcherServlet.java:876)
		at org.springframework.web.servlet.FrameworkServlet.processRequest(FrameworkServlet.java:961)
		at org.springframework.web.servlet.FrameworkServlet.doPost(FrameworkServlet.java:863)
		at javax.servlet.http.HttpServlet.service(HttpServlet.java:681)
		at org.springframework.web.servlet.FrameworkServlet.service(FrameworkServlet.java:837)
		at javax.servlet.http.HttpServlet.service(HttpServlet.java:764)
		at org.apache.catalina.core.ApplicationFilterChain.internalDoFilter(ApplicationFilterChain.java:231)
		at org.apache.catalina.core.ApplicationFilterChain.doFilter(ApplicationFilterChain.java:166)
		at org.apache.tomcat.websocket.server.WsFilter.doFilter(WsFilter.java:52)
		at org.apache.catalina.core.ApplicationFilterChain.internalDoFilter(ApplicationFilterChain.java:193)
		at org.apache.catalina.core.ApplicationFilterChain.doFilter(ApplicationFilterChain.java:166)
		at org.apache.catalina.core.StandardWrapperValve.invoke(StandardWrapperValve.java:196)
		at org.apache.catalina.core.StandardContextValve.invoke(StandardContextValve.java:97)
		at org.apache.catalina.authenticator.AuthenticatorBase.invoke(AuthenticatorBase.java:542)
		at org.apache.catalina.core.StandardHostValve.invoke(StandardHostValve.java:135)
		at org.apache.catalina.valves.ErrorReportValve.invoke(ErrorReportValve.java:81)
		at org.apache.catalina.valves.AbstractAccessLogValve.invoke(AbstractAccessLogValve.java:698)
		at org.apache.catalina.core.StandardEngineValve.invoke(StandardEngineValve.java:78)
		at org.apache.catalina.connector.CoyoteAdapter.service(CoyoteAdapter.java:366)
		at org.apache.coyote.http11.Http11Processor.service(Http11Processor.java:639)
		at org.apache.coyote.AbstractProcessorLight.process(AbstractProcessorLight.java:65)
		at org.apache.coyote.AbstractProtocol$ConnectionHandler.process(AbstractProtocol.java:847)
		at org.apache.tomcat.util.net.NioEndpoint$SocketProcessor.doRun(NioEndpoint.java:1680)
		at org.apache.tomcat.util.net.SocketProcessorBase.run(SocketProcessorBase.java:49)
		at org.apache.tomcat.util.threads.ThreadPoolExecutor.runWorker(ThreadPoolExecutor.java:1191)
		at org.apache.tomcat.util.threads.ThreadPoolExecutor$Worker.run(ThreadPoolExecutor.java:659)
		at org.apache.tomcat.util.threads.TaskThread$WrappingRunnable.run(TaskThread.java:61)
		at java.lang.Thread.run(Thread.java:745)
31-Jan-2022 21:18:13.824 INFORMACIÓN [http-nio-8086-exec-180] org.apache.catalina.core.ApplicationContext.log Destroying Spring FrameworkServlet 'dispatcher'
31-Jan-2022 21:18:13.830 INFORMACIÓN [http-nio-8086-exec-180] org.apache.catalina.core.ApplicationContext.log Closing Spring root WebApplicationContext
31-Jan-2022 21:18:17.558 INFORMACIÓN [http-nio-8086-exec-180] org.apache.catalina.core.ApplicationContext.log No Spring WebApplicationInitializer types detected on classpath
31-Jan-2022 21:18:17.644 INFORMACIÓN [http-nio-8086-exec-180] org.apache.catalina.core.ApplicationContext.log Initializing Spring root WebApplicationContext
31-Jan-2022 21:18:18.543 INFORMACIÓN [http-nio-8086-exec-180] org.apache.catalina.core.ApplicationContext.log Initializing Spring FrameworkServlet 'dispatcher'
31-Jan-2022 21:18:41.309 INFORMACIÓN [http-nio-8086-exec-189] org.apache.catalina.core.ApplicationContext.log Destroying Spring FrameworkServlet 'dispatcher'
31-Jan-2022 21:18:41.313 INFORMACIÓN [http-nio-8086-exec-189] org.apache.catalina.core.ApplicationContext.log Closing Spring root WebApplicationContext
31-Jan-2022 21:18:44.889 INFORMACIÓN [http-nio-8086-exec-191] org.apache.catalina.core.ApplicationContext.log No Spring WebApplicationInitializer types detected on classpath
31-Jan-2022 21:18:44.967 INFORMACIÓN [http-nio-8086-exec-191] org.apache.catalina.core.ApplicationContext.log Initializing Spring root WebApplicationContext
31-Jan-2022 21:18:45.761 INFORMACIÓN [http-nio-8086-exec-191] org.apache.catalina.core.ApplicationContext.log Initializing Spring FrameworkServlet 'dispatcher'
31-Jan-2022 21:18:56.122 GRAVE [http-nio-8086-exec-192] org.apache.catalina.core.StandardWrapperValve.invoke El Servlet.service() para el servlet [dispatcher] en el contexto con ruta [] lanzó la excepción [Request processing failed; nested exception is org.springframework.dao.DataIntegrityViolationException: PreparedStatementCallback; SQL [update persona set Nombres=?,Correo=?,Nacionalidad=? where id=?]; Data truncation: Data too long for column 'Nombres' at row 1; nested exception is com.mysql.jdbc.MysqlDataTruncation: Data truncation: Data too long for column 'Nombres' at row 1] con causa raíz
	com.mysql.jdbc.MysqlDataTruncation: Data truncation: Data too long for column 'Nombres' at row 1
		at com.mysql.jdbc.MysqlIO.checkErrorPacket(MysqlIO.java:4118)
		at com.mysql.jdbc.MysqlIO.checkErrorPacket(MysqlIO.java:4052)
		at com.mysql.jdbc.MysqlIO.sendCommand(MysqlIO.java:2503)
		at com.mysql.jdbc.MysqlIO.sqlQueryDirect(MysqlIO.java:2664)
		at com.mysql.jdbc.ConnectionImpl.execSQL(ConnectionImpl.java:2794)
		at com.mysql.jdbc.PreparedStatement.executeInternal(PreparedStatement.java:2155)
		at com.mysql.jdbc.PreparedStatement.executeUpdate(PreparedStatement.java:2458)
		at com.mysql.jdbc.PreparedStatement.executeUpdate(PreparedStatement.java:2375)
		at com.mysql.jdbc.PreparedStatement.executeUpdate(PreparedStatement.java:2359)
		at org.springframework.jdbc.core.JdbcTemplate$2.doInPreparedStatement(JdbcTemplate.java:914)
		at org.springframework.jdbc.core.JdbcTemplate$2.doInPreparedStatement(JdbcTemplate.java:907)
		at org.springframework.jdbc.core.JdbcTemplate.execute(JdbcTemplate.java:642)
		at org.springframework.jdbc.core.JdbcTemplate.update(JdbcTemplate.java:907)
		at org.springframework.jdbc.core.JdbcTemplate.update(JdbcTemplate.java:968)
		at org.springframework.jdbc.core.JdbcTemplate.update(JdbcTemplate.java:978)
		at Controller.Controlador.editar(Controlador.java:63)
		at sun.reflect.NativeMethodAccessorImpl.invoke0(Native Method)
		at sun.reflect.NativeMethodAccessorImpl.invoke(NativeMethodAccessorImpl.java:62)
		at sun.reflect.DelegatingMethodAccessorImpl.invoke(DelegatingMethodAccessorImpl.java:43)
		at java.lang.reflect.Method.invoke(Method.java:498)
		at org.springframework.web.bind.annotation.support.HandlerMethodInvoker.invokeHandlerMethod(HandlerMethodInvoker.java:175)
		at org.springframework.web.servlet.mvc.annotation.AnnotationMethodHandlerAdapter.invokeHandlerMethod(AnnotationMethodHandlerAdapter.java:446)
		at org.springframework.web.servlet.mvc.annotation.AnnotationMethodHandlerAdapter.handle(AnnotationMethodHandlerAdapter.java:434)
		at org.springframework.web.servlet.DispatcherServlet.doDispatch(DispatcherServlet.java:945)
		at org.springframework.web.servlet.DispatcherServlet.doService(DispatcherServlet.java:876)
		at org.springframework.web.servlet.FrameworkServlet.processRequest(FrameworkServlet.java:961)
		at org.springframework.web.servlet.FrameworkServlet.doPost(FrameworkServlet.java:863)
		at javax.servlet.http.HttpServlet.service(HttpServlet.java:681)
		at org.springframework.web.servlet.FrameworkServlet.service(FrameworkServlet.java:837)
		at javax.servlet.http.HttpServlet.service(HttpServlet.java:764)
		at org.apache.catalina.core.ApplicationFilterChain.internalDoFilter(ApplicationFilterChain.java:231)
		at org.apache.catalina.core.ApplicationFilterChain.doFilter(ApplicationFilterChain.java:166)
		at org.apache.tomcat.websocket.server.WsFilter.doFilter(WsFilter.java:52)
		at org.apache.catalina.core.ApplicationFilterChain.internalDoFilter(ApplicationFilterChain.java:193)
		at org.apache.catalina.core.ApplicationFilterChain.doFilter(ApplicationFilterChain.java:166)
		at org.apache.catalina.core.StandardWrapperValve.invoke(StandardWrapperValve.java:196)
		at org.apache.catalina.core.StandardContextValve.invoke(StandardContextValve.java:97)
		at org.apache.catalina.authenticator.AuthenticatorBase.invoke(AuthenticatorBase.java:542)
		at org.apache.catalina.core.StandardHostValve.invoke(StandardHostValve.java:135)
		at org.apache.catalina.valves.ErrorReportValve.invoke(ErrorReportValve.java:81)
		at org.apache.catalina.valves.AbstractAccessLogValve.invoke(AbstractAccessLogValve.java:698)
		at org.apache.catalina.core.StandardEngineValve.invoke(StandardEngineValve.java:78)
		at org.apache.catalina.connector.CoyoteAdapter.service(CoyoteAdapter.java:366)
		at org.apache.coyote.http11.Http11Processor.service(Http11Processor.java:639)
		at org.apache.coyote.AbstractProcessorLight.process(AbstractProcessorLight.java:65)
		at org.apache.coyote.AbstractProtocol$ConnectionHandler.process(AbstractProtocol.java:847)
		at org.apache.tomcat.util.net.NioEndpoint$SocketProcessor.doRun(NioEndpoint.java:1680)
		at org.apache.tomcat.util.net.SocketProcessorBase.run(SocketProcessorBase.java:49)
		at org.apache.tomcat.util.threads.ThreadPoolExecutor.runWorker(ThreadPoolExecutor.java:1191)
		at org.apache.tomcat.util.threads.ThreadPoolExecutor$Worker.run(ThreadPoolExecutor.java:659)
		at org.apache.tomcat.util.threads.TaskThread$WrappingRunnable.run(TaskThread.java:61)
		at java.lang.Thread.run(Thread.java:745)
31-Jan-2022 21:25:20.532 INFORMACIÓN [http-nio-8086-exec-197] org.apache.catalina.core.ApplicationContext.log Destroying Spring FrameworkServlet 'dispatcher'
31-Jan-2022 21:25:20.541 INFORMACIÓN [http-nio-8086-exec-197] org.apache.catalina.core.ApplicationContext.log Closing Spring root WebApplicationContext
31-Jan-2022 21:25:24.384 INFORMACIÓN [http-nio-8086-exec-197] org.apache.catalina.core.ApplicationContext.log No Spring WebApplicationInitializer types detected on classpath
31-Jan-2022 21:25:24.486 INFORMACIÓN [http-nio-8086-exec-197] org.apache.catalina.core.ApplicationContext.log Initializing Spring root WebApplicationContext
31-Jan-2022 21:25:25.508 INFORMACIÓN [http-nio-8086-exec-197] org.apache.catalina.core.ApplicationContext.log Initializing Spring FrameworkServlet 'dispatcher'
31-Jan-2022 21:26:53.849 INFORMACIÓN [http-nio-8086-exec-204] org.apache.catalina.core.ApplicationContext.log Destroying Spring FrameworkServlet 'dispatcher'
31-Jan-2022 21:26:53.857 INFORMACIÓN [http-nio-8086-exec-204] org.apache.catalina.core.ApplicationContext.log Closing Spring root WebApplicationContext
31-Jan-2022 21:26:58.012 INFORMACIÓN [http-nio-8086-exec-204] org.apache.catalina.core.ApplicationContext.log No Spring WebApplicationInitializer types detected on classpath
31-Jan-2022 21:26:58.259 INFORMACIÓN [http-nio-8086-exec-204] org.apache.catalina.core.ApplicationContext.log Initializing Spring root WebApplicationContext
31-Jan-2022 21:26:59.393 INFORMACIÓN [http-nio-8086-exec-204] org.apache.catalina.core.ApplicationContext.log Initializing Spring FrameworkServlet 'dispatcher'
31-Jan-2022 21:27:08.227 INFORMACIÓN [http-nio-8086-exec-206] org.apache.catalina.core.ApplicationContext.log Destroying Spring FrameworkServlet 'dispatcher'
31-Jan-2022 21:27:08.236 INFORMACIÓN [http-nio-8086-exec-206] org.apache.catalina.core.ApplicationContext.log Closing Spring root WebApplicationContext
31-Jan-2022 21:27:11.885 INFORMACIÓN [http-nio-8086-exec-206] org.apache.catalina.core.ApplicationContext.log No Spring WebApplicationInitializer types detected on classpath
31-Jan-2022 21:27:11.981 INFORMACIÓN [http-nio-8086-exec-206] org.apache.catalina.core.ApplicationContext.log Initializing Spring root WebApplicationContext
31-Jan-2022 21:27:12.875 INFORMACIÓN [http-nio-8086-exec-206] org.apache.catalina.core.ApplicationContext.log Initializing Spring FrameworkServlet 'dispatcher'
31-Jan-2022 21:27:36.041 INFORMACIÓN [http-nio-8086-exec-203] org.apache.catalina.core.ApplicationContext.log Destroying Spring FrameworkServlet 'dispatcher'
31-Jan-2022 21:27:36.064 INFORMACIÓN [http-nio-8086-exec-203] org.apache.catalina.core.ApplicationContext.log Closing Spring root WebApplicationContext
31-Jan-2022 21:27:40.709 INFORMACIÓN [http-nio-8086-exec-194] org.apache.catalina.core.ApplicationContext.log No Spring WebApplicationInitializer types detected on classpath
31-Jan-2022 21:27:40.798 INFORMACIÓN [http-nio-8086-exec-194] org.apache.catalina.core.ApplicationContext.log Initializing Spring root WebApplicationContext
31-Jan-2022 21:27:41.583 INFORMACIÓN [http-nio-8086-exec-194] org.apache.catalina.core.ApplicationContext.log Initializing Spring FrameworkServlet 'dispatcher'
31-Jan-2022 21:28:29.006 INFORMACIÓN [http-nio-8086-exec-216] org.apache.catalina.core.ApplicationContext.log Destroying Spring FrameworkServlet 'dispatcher'
31-Jan-2022 21:28:29.015 INFORMACIÓN [http-nio-8086-exec-216] org.apache.catalina.core.ApplicationContext.log Closing Spring root WebApplicationContext
31-Jan-2022 21:28:32.330 INFORMACIÓN [http-nio-8086-exec-207] org.apache.catalina.core.ApplicationContext.log No Spring WebApplicationInitializer types detected on classpath
31-Jan-2022 21:28:32.429 INFORMACIÓN [http-nio-8086-exec-207] org.apache.catalina.core.ApplicationContext.log Initializing Spring root WebApplicationContext
31-Jan-2022 21:28:33.298 INFORMACIÓN [http-nio-8086-exec-207] org.apache.catalina.core.ApplicationContext.log Initializing Spring FrameworkServlet 'dispatcher'
31-Jan-2022 21:28:42.505 INFORMACIÓN [http-nio-8086-exec-216] org.apache.catalina.core.ApplicationContext.log Destroying Spring FrameworkServlet 'dispatcher'
31-Jan-2022 21:28:42.513 INFORMACIÓN [http-nio-8086-exec-216] org.apache.catalina.core.ApplicationContext.log Closing Spring root WebApplicationContext
31-Jan-2022 21:28:45.798 INFORMACIÓN [http-nio-8086-exec-210] org.apache.catalina.core.ApplicationContext.log No Spring WebApplicationInitializer types detected on classpath
31-Jan-2022 21:28:45.875 INFORMACIÓN [http-nio-8086-exec-210] org.apache.catalina.core.ApplicationContext.log Initializing Spring root WebApplicationContext
31-Jan-2022 21:28:46.715 INFORMACIÓN [http-nio-8086-exec-210] org.apache.catalina.core.ApplicationContext.log Initializing Spring FrameworkServlet 'dispatcher'
31-Jan-2022 21:28:53.127 GRAVE [http-nio-8086-exec-218] org.apache.catalina.core.StandardWrapperValve.invoke El Servlet.service() para el servlet [dispatcher] en el contexto con ruta [] lanzó la excepción [Request processing failed; nested exception is org.springframework.jdbc.BadSqlGrammarException: StatementCallback; bad SQL grammar [delete from persona where id=?]; nested exception is com.mysql.jdbc.exceptions.jdbc4.MySQLSyntaxErrorException: You have an error in your SQL syntax; check the manual that corresponds to your MySQL server version for the right syntax to use near '?' at line 1] con causa raíz
	com.mysql.jdbc.exceptions.jdbc4.MySQLSyntaxErrorException: You have an error in your SQL syntax; check the manual that corresponds to your MySQL server version for the right syntax to use near '?' at line 1
		at sun.reflect.NativeConstructorAccessorImpl.newInstance0(Native Method)
		at sun.reflect.NativeConstructorAccessorImpl.newInstance(NativeConstructorAccessorImpl.java:62)
		at sun.reflect.DelegatingConstructorAccessorImpl.newInstance(DelegatingConstructorAccessorImpl.java:45)
		at java.lang.reflect.Constructor.newInstance(Constructor.java:423)
		at com.mysql.jdbc.Util.handleNewInstance(Util.java:411)
		at com.mysql.jdbc.Util.getInstance(Util.java:386)
		at com.mysql.jdbc.SQLError.createSQLException(SQLError.java:1053)
		at com.mysql.jdbc.MysqlIO.checkErrorPacket(MysqlIO.java:4120)
		at com.mysql.jdbc.MysqlIO.checkErrorPacket(MysqlIO.java:4052)
		at com.mysql.jdbc.MysqlIO.sendCommand(MysqlIO.java:2503)
		at com.mysql.jdbc.MysqlIO.sqlQueryDirect(MysqlIO.java:2664)
		at com.mysql.jdbc.ConnectionImpl.execSQL(ConnectionImpl.java:2788)
		at com.mysql.jdbc.StatementImpl.executeUpdate(StatementImpl.java:1816)
		at com.mysql.jdbc.StatementImpl.executeUpdate(StatementImpl.java:1730)
		at org.springframework.jdbc.core.JdbcTemplate$1UpdateStatementCallback.doInStatement(JdbcTemplate.java:533)
		at org.springframework.jdbc.core.JdbcTemplate$1UpdateStatementCallback.doInStatement(JdbcTemplate.java:530)
		at org.springframework.jdbc.core.JdbcTemplate.execute(JdbcTemplate.java:400)
		at org.springframework.jdbc.core.JdbcTemplate.update(JdbcTemplate.java:544)
		at Controller.Controlador.eliminar(Controlador.java:71)
		at sun.reflect.NativeMethodAccessorImpl.invoke0(Native Method)
		at sun.reflect.NativeMethodAccessorImpl.invoke(NativeMethodAccessorImpl.java:62)
		at sun.reflect.DelegatingMethodAccessorImpl.invoke(DelegatingMethodAccessorImpl.java:43)
		at java.lang.reflect.Method.invoke(Method.java:498)
		at org.springframework.web.bind.annotation.support.HandlerMethodInvoker.invokeHandlerMethod(HandlerMethodInvoker.java:175)
		at org.springframework.web.servlet.mvc.annotation.AnnotationMethodHandlerAdapter.invokeHandlerMethod(AnnotationMethodHandlerAdapter.java:446)
		at org.springframework.web.servlet.mvc.annotation.AnnotationMethodHandlerAdapter.handle(AnnotationMethodHandlerAdapter.java:434)
		at org.springframework.web.servlet.DispatcherServlet.doDispatch(DispatcherServlet.java:945)
		at org.springframework.web.servlet.DispatcherServlet.doService(DispatcherServlet.java:876)
		at org.springframework.web.servlet.FrameworkServlet.processRequest(FrameworkServlet.java:961)
		at org.springframework.web.servlet.FrameworkServlet.doGet(FrameworkServlet.java:852)
		at javax.servlet.http.HttpServlet.service(HttpServlet.java:655)
		at org.springframework.web.servlet.FrameworkServlet.service(FrameworkServlet.java:837)
		at javax.servlet.http.HttpServlet.service(HttpServlet.java:764)
		at org.apache.catalina.core.ApplicationFilterChain.internalDoFilter(ApplicationFilterChain.java:231)
		at org.apache.catalina.core.ApplicationFilterChain.doFilter(ApplicationFilterChain.java:166)
		at org.apache.tomcat.websocket.server.WsFilter.doFilter(WsFilter.java:52)
		at org.apache.catalina.core.ApplicationFilterChain.internalDoFilter(ApplicationFilterChain.java:193)
		at org.apache.catalina.core.ApplicationFilterChain.doFilter(ApplicationFilterChain.java:166)
		at org.apache.catalina.core.StandardWrapperValve.invoke(StandardWrapperValve.java:196)
		at org.apache.catalina.core.StandardContextValve.invoke(StandardContextValve.java:97)
		at org.apache.catalina.authenticator.AuthenticatorBase.invoke(AuthenticatorBase.java:542)
		at org.apache.catalina.core.StandardHostValve.invoke(StandardHostValve.java:135)
		at org.apache.catalina.valves.ErrorReportValve.invoke(ErrorReportValve.java:81)
		at org.apache.catalina.valves.AbstractAccessLogValve.invoke(AbstractAccessLogValve.java:698)
		at org.apache.catalina.core.StandardEngineValve.invoke(StandardEngineValve.java:78)
		at org.apache.catalina.connector.CoyoteAdapter.service(CoyoteAdapter.java:366)
		at org.apache.coyote.http11.Http11Processor.service(Http11Processor.java:639)
		at org.apache.coyote.AbstractProcessorLight.process(AbstractProcessorLight.java:65)
		at org.apache.coyote.AbstractProtocol$ConnectionHandler.process(AbstractProtocol.java:847)
		at org.apache.tomcat.util.net.NioEndpoint$SocketProcessor.doRun(NioEndpoint.java:1680)
		at org.apache.tomcat.util.net.SocketProcessorBase.run(SocketProcessorBase.java:49)
		at org.apache.tomcat.util.threads.ThreadPoolExecutor.runWorker(ThreadPoolExecutor.java:1191)
		at org.apache.tomcat.util.threads.ThreadPoolExecutor$Worker.run(ThreadPoolExecutor.java:659)
		at org.apache.tomcat.util.threads.TaskThread$WrappingRunnable.run(TaskThread.java:61)
		at java.lang.Thread.run(Thread.java:745)
31-Jan-2022 21:29:31.942 GRAVE [http-nio-8086-exec-215] org.apache.catalina.core.StandardWrapperValve.invoke El Servlet.service() para el servlet [dispatcher] en el contexto con ruta [] lanzó la excepción [Request processing failed; nested exception is org.springframework.jdbc.BadSqlGrammarException: StatementCallback; bad SQL grammar [delete from persona where id=?]; nested exception is com.mysql.jdbc.exceptions.jdbc4.MySQLSyntaxErrorException: You have an error in your SQL syntax; check the manual that corresponds to your MySQL server version for the right syntax to use near '?' at line 1] con causa raíz
	com.mysql.jdbc.exceptions.jdbc4.MySQLSyntaxErrorException: You have an error in your SQL syntax; check the manual that corresponds to your MySQL server version for the right syntax to use near '?' at line 1
		at sun.reflect.NativeConstructorAccessorImpl.newInstance0(Native Method)
		at sun.reflect.NativeConstructorAccessorImpl.newInstance(NativeConstructorAccessorImpl.java:62)
		at sun.reflect.DelegatingConstructorAccessorImpl.newInstance(DelegatingConstructorAccessorImpl.java:45)
		at java.lang.reflect.Constructor.newInstance(Constructor.java:423)
		at com.mysql.jdbc.Util.handleNewInstance(Util.java:411)
		at com.mysql.jdbc.Util.getInstance(Util.java:386)
		at com.mysql.jdbc.SQLError.createSQLException(SQLError.java:1053)
		at com.mysql.jdbc.MysqlIO.checkErrorPacket(MysqlIO.java:4120)
		at com.mysql.jdbc.MysqlIO.checkErrorPacket(MysqlIO.java:4052)
		at com.mysql.jdbc.MysqlIO.sendCommand(MysqlIO.java:2503)
		at com.mysql.jdbc.MysqlIO.sqlQueryDirect(MysqlIO.java:2664)
		at com.mysql.jdbc.ConnectionImpl.execSQL(ConnectionImpl.java:2788)
		at com.mysql.jdbc.StatementImpl.executeUpdate(StatementImpl.java:1816)
		at com.mysql.jdbc.StatementImpl.executeUpdate(StatementImpl.java:1730)
		at org.springframework.jdbc.core.JdbcTemplate$1UpdateStatementCallback.doInStatement(JdbcTemplate.java:533)
		at org.springframework.jdbc.core.JdbcTemplate$1UpdateStatementCallback.doInStatement(JdbcTemplate.java:530)
		at org.springframework.jdbc.core.JdbcTemplate.execute(JdbcTemplate.java:400)
		at org.springframework.jdbc.core.JdbcTemplate.update(JdbcTemplate.java:544)
		at Controller.Controlador.eliminar(Controlador.java:71)
		at sun.reflect.NativeMethodAccessorImpl.invoke0(Native Method)
		at sun.reflect.NativeMethodAccessorImpl.invoke(NativeMethodAccessorImpl.java:62)
		at sun.reflect.DelegatingMethodAccessorImpl.invoke(DelegatingMethodAccessorImpl.java:43)
		at java.lang.reflect.Method.invoke(Method.java:498)
		at org.springframework.web.bind.annotation.support.HandlerMethodInvoker.invokeHandlerMethod(HandlerMethodInvoker.java:175)
		at org.springframework.web.servlet.mvc.annotation.AnnotationMethodHandlerAdapter.invokeHandlerMethod(AnnotationMethodHandlerAdapter.java:446)
		at org.springframework.web.servlet.mvc.annotation.AnnotationMethodHandlerAdapter.handle(AnnotationMethodHandlerAdapter.java:434)
		at org.springframework.web.servlet.DispatcherServlet.doDispatch(DispatcherServlet.java:945)
		at org.springframework.web.servlet.DispatcherServlet.doService(DispatcherServlet.java:876)
		at org.springframework.web.servlet.FrameworkServlet.processRequest(FrameworkServlet.java:961)
		at org.springframework.web.servlet.FrameworkServlet.doGet(FrameworkServlet.java:852)
		at javax.servlet.http.HttpServlet.service(HttpServlet.java:655)
		at org.springframework.web.servlet.FrameworkServlet.service(FrameworkServlet.java:837)
		at javax.servlet.http.HttpServlet.service(HttpServlet.java:764)
		at org.apache.catalina.core.ApplicationFilterChain.internalDoFilter(ApplicationFilterChain.java:231)
		at org.apache.catalina.core.ApplicationFilterChain.doFilter(ApplicationFilterChain.java:166)
		at org.apache.tomcat.websocket.server.WsFilter.doFilter(WsFilter.java:52)
		at org.apache.catalina.core.ApplicationFilterChain.internalDoFilter(ApplicationFilterChain.java:193)
		at org.apache.catalina.core.ApplicationFilterChain.doFilter(ApplicationFilterChain.java:166)
		at org.apache.catalina.core.StandardWrapperValve.invoke(StandardWrapperValve.java:196)
		at org.apache.catalina.core.StandardContextValve.invoke(StandardContextValve.java:97)
		at org.apache.catalina.authenticator.AuthenticatorBase.invoke(AuthenticatorBase.java:542)
		at org.apache.catalina.core.StandardHostValve.invoke(StandardHostValve.java:135)
		at org.apache.catalina.valves.ErrorReportValve.invoke(ErrorReportValve.java:81)
		at org.apache.catalina.valves.AbstractAccessLogValve.invoke(AbstractAccessLogValve.java:698)
		at org.apache.catalina.core.StandardEngineValve.invoke(StandardEngineValve.java:78)
		at org.apache.catalina.connector.CoyoteAdapter.service(CoyoteAdapter.java:366)
		at org.apache.coyote.http11.Http11Processor.service(Http11Processor.java:639)
		at org.apache.coyote.AbstractProcessorLight.process(AbstractProcessorLight.java:65)
		at org.apache.coyote.AbstractProtocol$ConnectionHandler.process(AbstractProtocol.java:847)
		at org.apache.tomcat.util.net.NioEndpoint$SocketProcessor.doRun(NioEndpoint.java:1680)
		at org.apache.tomcat.util.net.SocketProcessorBase.run(SocketProcessorBase.java:49)
		at org.apache.tomcat.util.threads.ThreadPoolExecutor.runWorker(ThreadPoolExecutor.java:1191)
		at org.apache.tomcat.util.threads.ThreadPoolExecutor$Worker.run(ThreadPoolExecutor.java:659)
		at org.apache.tomcat.util.threads.TaskThread$WrappingRunnable.run(TaskThread.java:61)
		at java.lang.Thread.run(Thread.java:745)
31-Jan-2022 21:29:43.980 INFORMACIÓN [http-nio-8086-exec-203] org.apache.catalina.core.ApplicationContext.log Destroying Spring FrameworkServlet 'dispatcher'
31-Jan-2022 21:29:43.987 INFORMACIÓN [http-nio-8086-exec-203] org.apache.catalina.core.ApplicationContext.log Closing Spring root WebApplicationContext
31-Jan-2022 21:29:47.109 INFORMACIÓN [http-nio-8086-exec-203] org.apache.catalina.core.ApplicationContext.log No Spring WebApplicationInitializer types detected on classpath
31-Jan-2022 21:29:47.206 INFORMACIÓN [http-nio-8086-exec-203] org.apache.catalina.core.ApplicationContext.log Initializing Spring root WebApplicationContext
31-Jan-2022 21:29:48.085 INFORMACIÓN [http-nio-8086-exec-203] org.apache.catalina.core.ApplicationContext.log Initializing Spring FrameworkServlet 'dispatcher'
31-Jan-2022 21:34:14.443 INFORMACIÓN [http-nio-8086-exec-228] org.apache.catalina.core.ApplicationContext.log Destroying Spring FrameworkServlet 'dispatcher'
31-Jan-2022 21:34:14.449 INFORMACIÓN [http-nio-8086-exec-228] org.apache.catalina.core.ApplicationContext.log Closing Spring root WebApplicationContext
31-Jan-2022 21:34:17.771 INFORMACIÓN [http-nio-8086-exec-228] org.apache.catalina.core.ApplicationContext.log No Spring WebApplicationInitializer types detected on classpath
31-Jan-2022 21:34:17.866 INFORMACIÓN [http-nio-8086-exec-228] org.apache.catalina.core.ApplicationContext.log Initializing Spring root WebApplicationContext
31-Jan-2022 21:34:18.729 INFORMACIÓN [http-nio-8086-exec-228] org.apache.catalina.core.ApplicationContext.log Initializing Spring FrameworkServlet 'dispatcher'
31-Jan-2022 21:37:55.150 INFORMACIÓN [http-nio-8086-exec-238] org.apache.catalina.core.ApplicationContext.log Destroying Spring FrameworkServlet 'dispatcher'
31-Jan-2022 21:37:55.159 INFORMACIÓN [http-nio-8086-exec-238] org.apache.catalina.core.ApplicationContext.log Closing Spring root WebApplicationContext
31-Jan-2022 21:37:59.606 INFORMACIÓN [http-nio-8086-exec-240] org.apache.catalina.core.ApplicationContext.log No Spring WebApplicationInitializer types detected on classpath
31-Jan-2022 21:37:59.686 INFORMACIÓN [http-nio-8086-exec-240] org.apache.catalina.core.ApplicationContext.log Initializing Spring root WebApplicationContext
31-Jan-2022 21:38:00.596 INFORMACIÓN [http-nio-8086-exec-240] org.apache.catalina.core.ApplicationContext.log Initializing Spring FrameworkServlet 'dispatcher'
31-Jan-2022 21:40:56.349 INFORMACIÓN [http-nio-8086-exec-251] org.apache.catalina.core.ApplicationContext.log Destroying Spring FrameworkServlet 'dispatcher'
31-Jan-2022 21:40:56.365 INFORMACIÓN [http-nio-8086-exec-251] org.apache.catalina.core.ApplicationContext.log Closing Spring root WebApplicationContext
31-Jan-2022 21:41:00.334 INFORMACIÓN [http-nio-8086-exec-251] org.apache.catalina.core.ApplicationContext.log No Spring WebApplicationInitializer types detected on classpath
31-Jan-2022 21:41:00.427 INFORMACIÓN [http-nio-8086-exec-251] org.apache.catalina.core.ApplicationContext.log Initializing Spring root WebApplicationContext
31-Jan-2022 21:41:01.209 INFORMACIÓN [http-nio-8086-exec-251] org.apache.catalina.core.ApplicationContext.log Initializing Spring FrameworkServlet 'dispatcher'
31-Jan-2022 21:41:01.849 INFORMACIÓN [http-nio-8086-exec-246] org.apache.catalina.core.ApplicationContext.log Destroying Spring FrameworkServlet 'dispatcher'
31-Jan-2022 21:41:01.849 INFORMACIÓN [http-nio-8086-exec-246] org.apache.catalina.core.ApplicationContext.log Closing Spring root WebApplicationContext
31-Jan-2022 21:41:04.725 INFORMACIÓN [http-nio-8086-exec-246] org.apache.catalina.core.ApplicationContext.log No Spring WebApplicationInitializer types detected on classpath
31-Jan-2022 21:41:04.803 INFORMACIÓN [http-nio-8086-exec-246] org.apache.catalina.core.ApplicationContext.log Initializing Spring root WebApplicationContext
31-Jan-2022 21:41:05.506 INFORMACIÓN [http-nio-8086-exec-246] org.apache.catalina.core.ApplicationContext.log Initializing Spring FrameworkServlet 'dispatcher'
31-Jan-2022 22:00:40.207 INFORMACIÓN [localhost-startStop-2] org.apache.catalina.core.ApplicationContext.log Destroying Spring FrameworkServlet 'dispatcher'
31-Jan-2022 22:00:40.222 INFORMACIÓN [localhost-startStop-2] org.apache.catalina.core.ApplicationContext.log Closing Spring root WebApplicationContext
