09-Feb-2022 08:10:56.857 INFORMACIÓN [localhost-startStop-1] org.apache.catalina.core.ApplicationContext.log No Spring WebApplicationInitializer types detected on classpath
09-Feb-2022 08:10:57.013 INFORMACIÓN [localhost-startStop-1] org.apache.catalina.core.ApplicationContext.log Initializing Spring root WebApplicationContext
09-Feb-2022 08:10:58.451 INFORMACIÓN [localhost-startStop-1] org.apache.catalina.core.ApplicationContext.log Initializing Spring FrameworkServlet 'dispatcher'
09-Feb-2022 08:11:07.358 INFORMACIÓN [localhost-startStop-1] org.apache.catalina.core.ApplicationContext.log No Spring WebApplicationInitializer types detected on classpath
09-Feb-2022 08:11:07.483 INFORMACIÓN [localhost-startStop-1] org.apache.catalina.core.ApplicationContext.log Initializing Spring root WebApplicationContext
09-Feb-2022 08:11:08.780 INFORMACIÓN [localhost-startStop-1] org.apache.catalina.core.ApplicationContext.log Initializing Spring FrameworkServlet 'dispatcher'
09-Feb-2022 08:14:28.737 INFORMACIÓN [http-nio-8086-exec-4] org.apache.catalina.core.ApplicationContext.log Destroying Spring FrameworkServlet 'dispatcher'
09-Feb-2022 08:14:28.779 INFORMACIÓN [http-nio-8086-exec-4] org.apache.catalina.core.ApplicationContext.log Closing Spring root WebApplicationContext
09-Feb-2022 08:14:37.177 INFORMACIÓN [http-nio-8086-exec-4] org.apache.catalina.core.ApplicationContext.log No Spring WebApplicationInitializer types detected on classpath
09-Feb-2022 08:14:37.296 INFORMACIÓN [http-nio-8086-exec-4] org.apache.catalina.core.ApplicationContext.log Initializing Spring root WebApplicationContext
09-Feb-2022 08:14:38.293 INFORMACIÓN [http-nio-8086-exec-4] org.apache.catalina.core.ApplicationContext.log Initializing Spring FrameworkServlet 'dispatcher'
09-Feb-2022 08:14:40.073 INFORMACIÓN [http-nio-8086-exec-11] org.apache.catalina.core.ApplicationContext.log Destroying Spring FrameworkServlet 'dispatcher'
09-Feb-2022 08:14:40.094 INFORMACIÓN [http-nio-8086-exec-11] org.apache.catalina.core.ApplicationContext.log Closing Spring root WebApplicationContext
09-Feb-2022 08:14:47.829 INFORMACIÓN [http-nio-8086-exec-2] org.apache.catalina.core.ApplicationContext.log No Spring WebApplicationInitializer types detected on classpath
09-Feb-2022 08:14:47.928 INFORMACIÓN [http-nio-8086-exec-2] org.apache.catalina.core.ApplicationContext.log Initializing Spring root WebApplicationContext
09-Feb-2022 08:14:49.290 INFORMACIÓN [http-nio-8086-exec-2] org.apache.catalina.core.ApplicationContext.log Initializing Spring FrameworkServlet 'dispatcher'
09-Feb-2022 08:14:50.616 INFORMACIÓN [http-nio-8086-exec-7] org.apache.catalina.core.ApplicationContext.log Destroying Spring FrameworkServlet 'dispatcher'
09-Feb-2022 08:14:50.623 INFORMACIÓN [http-nio-8086-exec-7] org.apache.catalina.core.ApplicationContext.log Closing Spring root WebApplicationContext
09-Feb-2022 08:14:58.547 INFORMACIÓN [http-nio-8086-exec-13] org.apache.catalina.core.ApplicationContext.log No Spring WebApplicationInitializer types detected on classpath
09-Feb-2022 08:14:58.658 INFORMACIÓN [http-nio-8086-exec-13] org.apache.catalina.core.ApplicationContext.log Initializing Spring root WebApplicationContext
09-Feb-2022 08:14:59.988 INFORMACIÓN [http-nio-8086-exec-13] org.apache.catalina.core.ApplicationContext.log Initializing Spring FrameworkServlet 'dispatcher'
09-Feb-2022 08:15:01.088 INFORMACIÓN [http-nio-8086-exec-8] org.apache.catalina.core.ApplicationContext.log Destroying Spring FrameworkServlet 'dispatcher'
09-Feb-2022 08:15:01.096 INFORMACIÓN [http-nio-8086-exec-8] org.apache.catalina.core.ApplicationContext.log Closing Spring root WebApplicationContext
09-Feb-2022 08:15:09.806 INFORMACIÓN [http-nio-8086-exec-15] org.apache.catalina.core.ApplicationContext.log No Spring WebApplicationInitializer types detected on classpath
09-Feb-2022 08:15:09.918 INFORMACIÓN [http-nio-8086-exec-15] org.apache.catalina.core.ApplicationContext.log Initializing Spring root WebApplicationContext
09-Feb-2022 08:15:11.000 INFORMACIÓN [http-nio-8086-exec-15] org.apache.catalina.core.ApplicationContext.log Initializing Spring FrameworkServlet 'dispatcher'
09-Feb-2022 08:15:13.264 INFORMACIÓN [http-nio-8086-exec-11] org.apache.catalina.core.ApplicationContext.log Destroying Spring FrameworkServlet 'dispatcher'
09-Feb-2022 08:15:13.270 INFORMACIÓN [http-nio-8086-exec-11] org.apache.catalina.core.ApplicationContext.log Closing Spring root WebApplicationContext
09-Feb-2022 08:15:21.113 INFORMACIÓN [http-nio-8086-exec-11] org.apache.catalina.core.ApplicationContext.log No Spring WebApplicationInitializer types detected on classpath
09-Feb-2022 08:15:21.255 INFORMACIÓN [http-nio-8086-exec-11] org.apache.catalina.core.ApplicationContext.log Initializing Spring root WebApplicationContext
09-Feb-2022 08:15:23.010 INFORMACIÓN [http-nio-8086-exec-11] org.apache.catalina.core.ApplicationContext.log Initializing Spring FrameworkServlet 'dispatcher'
09-Feb-2022 08:23:24.986 GRAVE [http-nio-8086-exec-26] org.apache.catalina.core.StandardWrapperValve.invoke El Servlet.service() para el servlet [dispatcher] en el contexto con ruta [/vacaciones] lanzó la excepción [Request processing failed; nested exception is org.springframework.dao.DuplicateKeyException: PreparedStatementCallback; SQL [INSERT INTO public.solicitud_vacaciones(CODIGO_SOLICITUD, FECHA_SOLICITUD, FECHA_SALIDA, TURNO_SALIDA, FECHA_RETORNO, TURNO_RETORNO, DIAS, TIPO , CODIGO_FUNCIONARIO)VALUES (?,?,?,?,?,?,?,?,?)]; ERROR: llave duplicada viola restricción de unicidad «solicitud_vacaciones_pkey»
  Detail: Ya existe la llave (codigo_solicitud)=(SV-3000220222).; nested exception is org.postgresql.util.PSQLException: ERROR: llave duplicada viola restricción de unicidad «solicitud_vacaciones_pkey»
  Detail: Ya existe la llave (codigo_solicitud)=(SV-3000220222).] con causa raíz
	org.postgresql.util.PSQLException: ERROR: llave duplicada viola restricción de unicidad «solicitud_vacaciones_pkey»
  Detail: Ya existe la llave (codigo_solicitud)=(SV-3000220222).
		at org.postgresql.core.v3.QueryExecutorImpl.receiveErrorResponse(QueryExecutorImpl.java:2675)
		at org.postgresql.core.v3.QueryExecutorImpl.processResults(QueryExecutorImpl.java:2365)
		at org.postgresql.core.v3.QueryExecutorImpl.execute(QueryExecutorImpl.java:355)
		at org.postgresql.jdbc.PgStatement.executeInternal(PgStatement.java:490)
		at org.postgresql.jdbc.PgStatement.execute(PgStatement.java:408)
		at org.postgresql.jdbc.PgPreparedStatement.executeWithFlags(PgPreparedStatement.java:166)
		at org.postgresql.jdbc.PgPreparedStatement.executeUpdate(PgPreparedStatement.java:134)
		at org.springframework.jdbc.core.JdbcTemplate$2.doInPreparedStatement(JdbcTemplate.java:914)
		at org.springframework.jdbc.core.JdbcTemplate$2.doInPreparedStatement(JdbcTemplate.java:907)
		at org.springframework.jdbc.core.JdbcTemplate.execute(JdbcTemplate.java:642)
		at org.springframework.jdbc.core.JdbcTemplate.update(JdbcTemplate.java:907)
		at org.springframework.jdbc.core.JdbcTemplate.update(JdbcTemplate.java:968)
		at org.springframework.jdbc.core.JdbcTemplate.update(JdbcTemplate.java:978)
		at Controller.Controlador.nuevas(Controlador.java:93)
		at sun.reflect.NativeMethodAccessorImpl.invoke0(Native Method)
		at sun.reflect.NativeMethodAccessorImpl.invoke(NativeMethodAccessorImpl.java:62)
		at sun.reflect.DelegatingMethodAccessorImpl.invoke(DelegatingMethodAccessorImpl.java:43)
		at java.lang.reflect.Method.invoke(Method.java:498)
		at org.springframework.web.bind.annotation.support.HandlerMethodInvoker.invokeHandlerMethod(HandlerMethodInvoker.java:175)
		at org.springframework.web.servlet.mvc.annotation.AnnotationMethodHandlerAdapter.invokeHandlerMethod(AnnotationMethodHandlerAdapter.java:446)
		at org.springframework.web.servlet.mvc.annotation.AnnotationMethodHandlerAdapter.handle(AnnotationMethodHandlerAdapter.java:434)
		at org.springframework.web.servlet.DispatcherServlet.doDispatch(DispatcherServlet.java:945)
		at org.springframework.web.servlet.DispatcherServlet.doService(DispatcherServlet.java:876)
		at org.springframework.web.servlet.FrameworkServlet.processRequest(FrameworkServlet.java:961)
		at org.springframework.web.servlet.FrameworkServlet.doPost(FrameworkServlet.java:863)
		at javax.servlet.http.HttpServlet.service(HttpServlet.java:681)
		at org.springframework.web.servlet.FrameworkServlet.service(FrameworkServlet.java:837)
		at javax.servlet.http.HttpServlet.service(HttpServlet.java:764)
		at org.apache.catalina.core.ApplicationFilterChain.internalDoFilter(ApplicationFilterChain.java:231)
		at org.apache.catalina.core.ApplicationFilterChain.doFilter(ApplicationFilterChain.java:166)
		at org.apache.tomcat.websocket.server.WsFilter.doFilter(WsFilter.java:52)
		at org.apache.catalina.core.ApplicationFilterChain.internalDoFilter(ApplicationFilterChain.java:193)
		at org.apache.catalina.core.ApplicationFilterChain.doFilter(ApplicationFilterChain.java:166)
		at org.apache.catalina.core.StandardWrapperValve.invoke(StandardWrapperValve.java:196)
		at org.apache.catalina.core.StandardContextValve.invoke(StandardContextValve.java:97)
		at org.apache.catalina.authenticator.AuthenticatorBase.invoke(AuthenticatorBase.java:542)
		at org.apache.catalina.core.StandardHostValve.invoke(StandardHostValve.java:135)
		at org.apache.catalina.valves.ErrorReportValve.invoke(ErrorReportValve.java:81)
		at org.apache.catalina.valves.AbstractAccessLogValve.invoke(AbstractAccessLogValve.java:698)
		at org.apache.catalina.core.StandardEngineValve.invoke(StandardEngineValve.java:78)
		at org.apache.catalina.connector.CoyoteAdapter.service(CoyoteAdapter.java:366)
		at org.apache.coyote.http11.Http11Processor.service(Http11Processor.java:639)
		at org.apache.coyote.AbstractProcessorLight.process(AbstractProcessorLight.java:65)
		at org.apache.coyote.AbstractProtocol$ConnectionHandler.process(AbstractProtocol.java:847)
		at org.apache.tomcat.util.net.NioEndpoint$SocketProcessor.doRun(NioEndpoint.java:1680)
		at org.apache.tomcat.util.net.SocketProcessorBase.run(SocketProcessorBase.java:49)
		at org.apache.tomcat.util.threads.ThreadPoolExecutor.runWorker(ThreadPoolExecutor.java:1191)
		at org.apache.tomcat.util.threads.ThreadPoolExecutor$Worker.run(ThreadPoolExecutor.java:659)
		at org.apache.tomcat.util.threads.TaskThread$WrappingRunnable.run(TaskThread.java:61)
		at java.lang.Thread.run(Thread.java:745)
09-Feb-2022 08:25:01.509 INFORMACIÓN [http-nio-8086-exec-26] org.apache.catalina.core.ApplicationContext.log Destroying Spring FrameworkServlet 'dispatcher'
09-Feb-2022 08:25:01.520 INFORMACIÓN [http-nio-8086-exec-26] org.apache.catalina.core.ApplicationContext.log Closing Spring root WebApplicationContext
09-Feb-2022 08:25:06.785 INFORMACIÓN [http-nio-8086-exec-26] org.apache.catalina.core.ApplicationContext.log No Spring WebApplicationInitializer types detected on classpath
09-Feb-2022 08:25:06.881 INFORMACIÓN [http-nio-8086-exec-26] org.apache.catalina.core.ApplicationContext.log Initializing Spring root WebApplicationContext
09-Feb-2022 08:25:07.818 INFORMACIÓN [http-nio-8086-exec-26] org.apache.catalina.core.ApplicationContext.log Initializing Spring FrameworkServlet 'dispatcher'
09-Feb-2022 08:26:18.625 INFORMACIÓN [http-nio-8086-exec-30] org.apache.catalina.core.ApplicationContext.log Destroying Spring FrameworkServlet 'dispatcher'
09-Feb-2022 08:26:18.661 INFORMACIÓN [http-nio-8086-exec-30] org.apache.catalina.core.ApplicationContext.log Closing Spring root WebApplicationContext
09-Feb-2022 08:26:24.576 INFORMACIÓN [http-nio-8086-exec-30] org.apache.catalina.core.ApplicationContext.log No Spring WebApplicationInitializer types detected on classpath
09-Feb-2022 08:26:24.733 INFORMACIÓN [http-nio-8086-exec-30] org.apache.catalina.core.ApplicationContext.log Initializing Spring root WebApplicationContext
09-Feb-2022 08:26:25.726 INFORMACIÓN [http-nio-8086-exec-30] org.apache.catalina.core.ApplicationContext.log Initializing Spring FrameworkServlet 'dispatcher'
09-Feb-2022 08:29:55.772 INFORMACIÓN [http-nio-8086-exec-34] org.apache.catalina.core.ApplicationContext.log Destroying Spring FrameworkServlet 'dispatcher'
09-Feb-2022 08:29:55.782 INFORMACIÓN [http-nio-8086-exec-34] org.apache.catalina.core.ApplicationContext.log Closing Spring root WebApplicationContext
09-Feb-2022 08:30:02.032 INFORMACIÓN [http-nio-8086-exec-34] org.apache.catalina.core.ApplicationContext.log No Spring WebApplicationInitializer types detected on classpath
09-Feb-2022 08:30:02.121 INFORMACIÓN [http-nio-8086-exec-34] org.apache.catalina.core.ApplicationContext.log Initializing Spring root WebApplicationContext
09-Feb-2022 08:30:03.186 INFORMACIÓN [http-nio-8086-exec-34] org.apache.catalina.core.ApplicationContext.log Initializing Spring FrameworkServlet 'dispatcher'
09-Feb-2022 08:30:13.789 INFORMACIÓN [http-nio-8086-exec-43] org.apache.catalina.core.ApplicationContext.log Destroying Spring FrameworkServlet 'dispatcher'
09-Feb-2022 08:30:13.799 INFORMACIÓN [http-nio-8086-exec-43] org.apache.catalina.core.ApplicationContext.log Closing Spring root WebApplicationContext
09-Feb-2022 08:30:20.309 INFORMACIÓN [http-nio-8086-exec-43] org.apache.catalina.core.ApplicationContext.log No Spring WebApplicationInitializer types detected on classpath
09-Feb-2022 08:30:20.399 INFORMACIÓN [http-nio-8086-exec-43] org.apache.catalina.core.ApplicationContext.log Initializing Spring root WebApplicationContext
09-Feb-2022 08:30:21.693 INFORMACIÓN [http-nio-8086-exec-43] org.apache.catalina.core.ApplicationContext.log Initializing Spring FrameworkServlet 'dispatcher'
09-Feb-2022 08:30:35.968 GRAVE [http-nio-8086-exec-39] org.apache.catalina.core.StandardWrapperValve.invoke El Servlet.service() para el servlet [dispatcher] en el contexto con ruta [/vacaciones] lanzó la excepción [Request processing failed; nested exception is java.lang.ArrayIndexOutOfBoundsException: 2] con causa raíz
	java.lang.ArrayIndexOutOfBoundsException: 2
		at Controller.Controlador.codigo(Controlador.java:160)
		at Controller.Controlador.nuevas(Controlador.java:80)
		at sun.reflect.NativeMethodAccessorImpl.invoke0(Native Method)
		at sun.reflect.NativeMethodAccessorImpl.invoke(NativeMethodAccessorImpl.java:62)
		at sun.reflect.DelegatingMethodAccessorImpl.invoke(DelegatingMethodAccessorImpl.java:43)
		at java.lang.reflect.Method.invoke(Method.java:498)
		at org.springframework.web.bind.annotation.support.HandlerMethodInvoker.invokeHandlerMethod(HandlerMethodInvoker.java:175)
		at org.springframework.web.servlet.mvc.annotation.AnnotationMethodHandlerAdapter.invokeHandlerMethod(AnnotationMethodHandlerAdapter.java:446)
		at org.springframework.web.servlet.mvc.annotation.AnnotationMethodHandlerAdapter.handle(AnnotationMethodHandlerAdapter.java:434)
		at org.springframework.web.servlet.DispatcherServlet.doDispatch(DispatcherServlet.java:945)
		at org.springframework.web.servlet.DispatcherServlet.doService(DispatcherServlet.java:876)
		at org.springframework.web.servlet.FrameworkServlet.processRequest(FrameworkServlet.java:961)
		at org.springframework.web.servlet.FrameworkServlet.doPost(FrameworkServlet.java:863)
		at javax.servlet.http.HttpServlet.service(HttpServlet.java:681)
		at org.springframework.web.servlet.FrameworkServlet.service(FrameworkServlet.java:837)
		at javax.servlet.http.HttpServlet.service(HttpServlet.java:764)
		at org.apache.catalina.core.ApplicationFilterChain.internalDoFilter(ApplicationFilterChain.java:231)
		at org.apache.catalina.core.ApplicationFilterChain.doFilter(ApplicationFilterChain.java:166)
		at org.apache.tomcat.websocket.server.WsFilter.doFilter(WsFilter.java:52)
		at org.apache.catalina.core.ApplicationFilterChain.internalDoFilter(ApplicationFilterChain.java:193)
		at org.apache.catalina.core.ApplicationFilterChain.doFilter(ApplicationFilterChain.java:166)
		at org.apache.catalina.core.StandardWrapperValve.invoke(StandardWrapperValve.java:196)
		at org.apache.catalina.core.StandardContextValve.invoke(StandardContextValve.java:97)
		at org.apache.catalina.authenticator.AuthenticatorBase.invoke(AuthenticatorBase.java:542)
		at org.apache.catalina.core.StandardHostValve.invoke(StandardHostValve.java:135)
		at org.apache.catalina.valves.ErrorReportValve.invoke(ErrorReportValve.java:81)
		at org.apache.catalina.valves.AbstractAccessLogValve.invoke(AbstractAccessLogValve.java:698)
		at org.apache.catalina.core.StandardEngineValve.invoke(StandardEngineValve.java:78)
		at org.apache.catalina.connector.CoyoteAdapter.service(CoyoteAdapter.java:366)
		at org.apache.coyote.http11.Http11Processor.service(Http11Processor.java:639)
		at org.apache.coyote.AbstractProcessorLight.process(AbstractProcessorLight.java:65)
		at org.apache.coyote.AbstractProtocol$ConnectionHandler.process(AbstractProtocol.java:847)
		at org.apache.tomcat.util.net.NioEndpoint$SocketProcessor.doRun(NioEndpoint.java:1680)
		at org.apache.tomcat.util.net.SocketProcessorBase.run(SocketProcessorBase.java:49)
		at org.apache.tomcat.util.threads.ThreadPoolExecutor.runWorker(ThreadPoolExecutor.java:1191)
		at org.apache.tomcat.util.threads.ThreadPoolExecutor$Worker.run(ThreadPoolExecutor.java:659)
		at org.apache.tomcat.util.threads.TaskThread$WrappingRunnable.run(TaskThread.java:61)
		at java.lang.Thread.run(Thread.java:745)
09-Feb-2022 08:31:10.378 INFORMACIÓN [localhost-startStop-2] org.apache.catalina.core.ApplicationContext.log Destroying Spring FrameworkServlet 'dispatcher'
09-Feb-2022 08:31:10.392 INFORMACIÓN [localhost-startStop-2] org.apache.catalina.core.ApplicationContext.log Closing Spring root WebApplicationContext
09-Feb-2022 08:31:10.408 INFORMACIÓN [localhost-startStop-2] org.apache.catalina.core.ApplicationContext.log Destroying Spring FrameworkServlet 'dispatcher'
09-Feb-2022 08:31:10.423 INFORMACIÓN [localhost-startStop-2] org.apache.catalina.core.ApplicationContext.log Closing Spring root WebApplicationContext
09-Feb-2022 08:31:24.121 INFORMACIÓN [localhost-startStop-1] org.apache.catalina.core.ApplicationContext.log No Spring WebApplicationInitializer types detected on classpath
09-Feb-2022 08:31:24.292 INFORMACIÓN [localhost-startStop-1] org.apache.catalina.core.ApplicationContext.log Initializing Spring root WebApplicationContext
09-Feb-2022 08:31:25.462 INFORMACIÓN [localhost-startStop-1] org.apache.catalina.core.ApplicationContext.log Initializing Spring FrameworkServlet 'dispatcher'
09-Feb-2022 08:31:32.484 INFORMACIÓN [localhost-startStop-1] org.apache.catalina.core.ApplicationContext.log No Spring WebApplicationInitializer types detected on classpath
09-Feb-2022 08:31:32.562 INFORMACIÓN [localhost-startStop-1] org.apache.catalina.core.ApplicationContext.log Initializing Spring root WebApplicationContext
09-Feb-2022 08:31:33.522 INFORMACIÓN [localhost-startStop-1] org.apache.catalina.core.ApplicationContext.log Initializing Spring FrameworkServlet 'dispatcher'
09-Feb-2022 08:31:46.279 INFORMACIÓN [http-nio-8086-exec-2] org.apache.catalina.core.ApplicationContext.log Destroying Spring FrameworkServlet 'dispatcher'
09-Feb-2022 08:31:46.295 INFORMACIÓN [http-nio-8086-exec-2] org.apache.catalina.core.ApplicationContext.log Closing Spring root WebApplicationContext
09-Feb-2022 08:31:51.965 INFORMACIÓN [http-nio-8086-exec-6] org.apache.catalina.core.ApplicationContext.log No Spring WebApplicationInitializer types detected on classpath
09-Feb-2022 08:31:52.073 INFORMACIÓN [http-nio-8086-exec-6] org.apache.catalina.core.ApplicationContext.log Initializing Spring root WebApplicationContext
09-Feb-2022 08:31:53.010 INFORMACIÓN [http-nio-8086-exec-6] org.apache.catalina.core.ApplicationContext.log Initializing Spring FrameworkServlet 'dispatcher'
09-Feb-2022 08:33:06.447 GRAVE [http-nio-8086-exec-12] org.apache.catalina.core.StandardWrapperValve.invoke El Servlet.service() para el servlet [dispatcher] en el contexto con ruta [/vacaciones] lanzó la excepción [Request processing failed; nested exception is java.lang.ArrayIndexOutOfBoundsException: 2] con causa raíz
	java.lang.ArrayIndexOutOfBoundsException: 2
		at Controller.Controlador.codigo(Controlador.java:160)
		at Controller.Controlador.nuevas(Controlador.java:80)
		at sun.reflect.NativeMethodAccessorImpl.invoke0(Native Method)
		at sun.reflect.NativeMethodAccessorImpl.invoke(NativeMethodAccessorImpl.java:62)
		at sun.reflect.DelegatingMethodAccessorImpl.invoke(DelegatingMethodAccessorImpl.java:43)
		at java.lang.reflect.Method.invoke(Method.java:498)
		at org.springframework.web.bind.annotation.support.HandlerMethodInvoker.invokeHandlerMethod(HandlerMethodInvoker.java:175)
		at org.springframework.web.servlet.mvc.annotation.AnnotationMethodHandlerAdapter.invokeHandlerMethod(AnnotationMethodHandlerAdapter.java:446)
		at org.springframework.web.servlet.mvc.annotation.AnnotationMethodHandlerAdapter.handle(AnnotationMethodHandlerAdapter.java:434)
		at org.springframework.web.servlet.DispatcherServlet.doDispatch(DispatcherServlet.java:945)
		at org.springframework.web.servlet.DispatcherServlet.doService(DispatcherServlet.java:876)
		at org.springframework.web.servlet.FrameworkServlet.processRequest(FrameworkServlet.java:961)
		at org.springframework.web.servlet.FrameworkServlet.doPost(FrameworkServlet.java:863)
		at javax.servlet.http.HttpServlet.service(HttpServlet.java:681)
		at org.springframework.web.servlet.FrameworkServlet.service(FrameworkServlet.java:837)
		at javax.servlet.http.HttpServlet.service(HttpServlet.java:764)
		at org.apache.catalina.core.ApplicationFilterChain.internalDoFilter(ApplicationFilterChain.java:231)
		at org.apache.catalina.core.ApplicationFilterChain.doFilter(ApplicationFilterChain.java:166)
		at org.apache.tomcat.websocket.server.WsFilter.doFilter(WsFilter.java:52)
		at org.apache.catalina.core.ApplicationFilterChain.internalDoFilter(ApplicationFilterChain.java:193)
		at org.apache.catalina.core.ApplicationFilterChain.doFilter(ApplicationFilterChain.java:166)
		at org.apache.catalina.core.StandardWrapperValve.invoke(StandardWrapperValve.java:196)
		at org.apache.catalina.core.StandardContextValve.invoke(StandardContextValve.java:97)
		at org.apache.catalina.authenticator.AuthenticatorBase.invoke(AuthenticatorBase.java:542)
		at org.apache.catalina.core.StandardHostValve.invoke(StandardHostValve.java:135)
		at org.apache.catalina.valves.ErrorReportValve.invoke(ErrorReportValve.java:81)
		at org.apache.catalina.valves.AbstractAccessLogValve.invoke(AbstractAccessLogValve.java:698)
		at org.apache.catalina.core.StandardEngineValve.invoke(StandardEngineValve.java:78)
		at org.apache.catalina.connector.CoyoteAdapter.service(CoyoteAdapter.java:366)
		at org.apache.coyote.http11.Http11Processor.service(Http11Processor.java:639)
		at org.apache.coyote.AbstractProcessorLight.process(AbstractProcessorLight.java:65)
		at org.apache.coyote.AbstractProtocol$ConnectionHandler.process(AbstractProtocol.java:847)
		at org.apache.tomcat.util.net.NioEndpoint$SocketProcessor.doRun(NioEndpoint.java:1680)
		at org.apache.tomcat.util.net.SocketProcessorBase.run(SocketProcessorBase.java:49)
		at org.apache.tomcat.util.threads.ThreadPoolExecutor.runWorker(ThreadPoolExecutor.java:1191)
		at org.apache.tomcat.util.threads.ThreadPoolExecutor$Worker.run(ThreadPoolExecutor.java:659)
		at org.apache.tomcat.util.threads.TaskThread$WrappingRunnable.run(TaskThread.java:61)
		at java.lang.Thread.run(Thread.java:745)
09-Feb-2022 08:33:41.936 GRAVE [http-nio-8086-exec-16] org.apache.catalina.core.StandardWrapperValve.invoke El Servlet.service() para el servlet [dispatcher] en el contexto con ruta [/vacaciones] lanzó la excepción [Request processing failed; nested exception is java.lang.ArrayIndexOutOfBoundsException: -1] con causa raíz
	java.lang.ArrayIndexOutOfBoundsException: -1
		at java.util.ArrayList.elementData(ArrayList.java:418)
		at java.util.ArrayList.get(ArrayList.java:431)
		at Controller.Controlador.codigo(Controlador.java:159)
		at Controller.Controlador.nuevas(Controlador.java:80)
		at sun.reflect.NativeMethodAccessorImpl.invoke0(Native Method)
		at sun.reflect.NativeMethodAccessorImpl.invoke(NativeMethodAccessorImpl.java:62)
		at sun.reflect.DelegatingMethodAccessorImpl.invoke(DelegatingMethodAccessorImpl.java:43)
		at java.lang.reflect.Method.invoke(Method.java:498)
		at org.springframework.web.bind.annotation.support.HandlerMethodInvoker.invokeHandlerMethod(HandlerMethodInvoker.java:175)
		at org.springframework.web.servlet.mvc.annotation.AnnotationMethodHandlerAdapter.invokeHandlerMethod(AnnotationMethodHandlerAdapter.java:446)
		at org.springframework.web.servlet.mvc.annotation.AnnotationMethodHandlerAdapter.handle(AnnotationMethodHandlerAdapter.java:434)
		at org.springframework.web.servlet.DispatcherServlet.doDispatch(DispatcherServlet.java:945)
		at org.springframework.web.servlet.DispatcherServlet.doService(DispatcherServlet.java:876)
		at org.springframework.web.servlet.FrameworkServlet.processRequest(FrameworkServlet.java:961)
		at org.springframework.web.servlet.FrameworkServlet.doPost(FrameworkServlet.java:863)
		at javax.servlet.http.HttpServlet.service(HttpServlet.java:681)
		at org.springframework.web.servlet.FrameworkServlet.service(FrameworkServlet.java:837)
		at javax.servlet.http.HttpServlet.service(HttpServlet.java:764)
		at org.apache.catalina.core.ApplicationFilterChain.internalDoFilter(ApplicationFilterChain.java:231)
		at org.apache.catalina.core.ApplicationFilterChain.doFilter(ApplicationFilterChain.java:166)
		at org.apache.tomcat.websocket.server.WsFilter.doFilter(WsFilter.java:52)
		at org.apache.catalina.core.ApplicationFilterChain.internalDoFilter(ApplicationFilterChain.java:193)
		at org.apache.catalina.core.ApplicationFilterChain.doFilter(ApplicationFilterChain.java:166)
		at org.apache.catalina.core.StandardWrapperValve.invoke(StandardWrapperValve.java:196)
		at org.apache.catalina.core.StandardContextValve.invoke(StandardContextValve.java:97)
		at org.apache.catalina.authenticator.AuthenticatorBase.invoke(AuthenticatorBase.java:542)
		at org.apache.catalina.core.StandardHostValve.invoke(StandardHostValve.java:135)
		at org.apache.catalina.valves.ErrorReportValve.invoke(ErrorReportValve.java:81)
		at org.apache.catalina.valves.AbstractAccessLogValve.invoke(AbstractAccessLogValve.java:698)
		at org.apache.catalina.core.StandardEngineValve.invoke(StandardEngineValve.java:78)
		at org.apache.catalina.connector.CoyoteAdapter.service(CoyoteAdapter.java:366)
		at org.apache.coyote.http11.Http11Processor.service(Http11Processor.java:639)
		at org.apache.coyote.AbstractProcessorLight.process(AbstractProcessorLight.java:65)
		at org.apache.coyote.AbstractProtocol$ConnectionHandler.process(AbstractProtocol.java:847)
		at org.apache.tomcat.util.net.NioEndpoint$SocketProcessor.doRun(NioEndpoint.java:1680)
		at org.apache.tomcat.util.net.SocketProcessorBase.run(SocketProcessorBase.java:49)
		at org.apache.tomcat.util.threads.ThreadPoolExecutor.runWorker(ThreadPoolExecutor.java:1191)
		at org.apache.tomcat.util.threads.ThreadPoolExecutor$Worker.run(ThreadPoolExecutor.java:659)
		at org.apache.tomcat.util.threads.TaskThread$WrappingRunnable.run(TaskThread.java:61)
		at java.lang.Thread.run(Thread.java:745)
09-Feb-2022 08:34:32.040 INFORMACIÓN [http-nio-8086-exec-14] org.apache.catalina.core.ApplicationContext.log Destroying Spring FrameworkServlet 'dispatcher'
09-Feb-2022 08:34:32.053 INFORMACIÓN [http-nio-8086-exec-14] org.apache.catalina.core.ApplicationContext.log Closing Spring root WebApplicationContext
09-Feb-2022 08:34:37.694 INFORMACIÓN [http-nio-8086-exec-14] org.apache.catalina.core.ApplicationContext.log No Spring WebApplicationInitializer types detected on classpath
09-Feb-2022 08:34:37.778 INFORMACIÓN [http-nio-8086-exec-14] org.apache.catalina.core.ApplicationContext.log Initializing Spring root WebApplicationContext
09-Feb-2022 08:34:38.909 INFORMACIÓN [http-nio-8086-exec-14] org.apache.catalina.core.ApplicationContext.log Initializing Spring FrameworkServlet 'dispatcher'
09-Feb-2022 08:40:43.043 INFORMACIÓN [http-nio-8086-exec-23] org.apache.catalina.core.ApplicationContext.log Destroying Spring FrameworkServlet 'dispatcher'
09-Feb-2022 08:40:43.055 INFORMACIÓN [http-nio-8086-exec-23] org.apache.catalina.core.ApplicationContext.log Closing Spring root WebApplicationContext
09-Feb-2022 08:40:47.864 INFORMACIÓN [http-nio-8086-exec-23] org.apache.catalina.core.ApplicationContext.log No Spring WebApplicationInitializer types detected on classpath
09-Feb-2022 08:40:47.949 INFORMACIÓN [http-nio-8086-exec-23] org.apache.catalina.core.ApplicationContext.log Initializing Spring root WebApplicationContext
09-Feb-2022 08:40:48.843 INFORMACIÓN [http-nio-8086-exec-23] org.apache.catalina.core.ApplicationContext.log Initializing Spring FrameworkServlet 'dispatcher'
09-Feb-2022 09:45:18.031 INFORMACIÓN [http-nio-8086-exec-35] org.apache.catalina.core.ApplicationContext.log Destroying Spring FrameworkServlet 'dispatcher'
09-Feb-2022 09:45:18.091 INFORMACIÓN [http-nio-8086-exec-35] org.apache.catalina.core.ApplicationContext.log Closing Spring root WebApplicationContext
09-Feb-2022 09:45:23.558 INFORMACIÓN [http-nio-8086-exec-35] org.apache.catalina.core.ApplicationContext.log No Spring WebApplicationInitializer types detected on classpath
09-Feb-2022 09:45:23.646 INFORMACIÓN [http-nio-8086-exec-35] org.apache.catalina.core.ApplicationContext.log Initializing Spring root WebApplicationContext
09-Feb-2022 09:45:24.835 INFORMACIÓN [http-nio-8086-exec-35] org.apache.catalina.core.ApplicationContext.log Initializing Spring FrameworkServlet 'dispatcher'
09-Feb-2022 09:45:31.622 INFORMACIÓN [http-nio-8086-exec-39] org.apache.catalina.core.ApplicationContext.log Destroying Spring FrameworkServlet 'dispatcher'
09-Feb-2022 09:45:31.629 INFORMACIÓN [http-nio-8086-exec-39] org.apache.catalina.core.ApplicationContext.log Closing Spring root WebApplicationContext
09-Feb-2022 09:45:36.863 INFORMACIÓN [http-nio-8086-exec-39] org.apache.catalina.core.ApplicationContext.log No Spring WebApplicationInitializer types detected on classpath
09-Feb-2022 09:45:36.951 INFORMACIÓN [http-nio-8086-exec-39] org.apache.catalina.core.ApplicationContext.log Initializing Spring root WebApplicationContext
09-Feb-2022 09:45:37.896 INFORMACIÓN [http-nio-8086-exec-39] org.apache.catalina.core.ApplicationContext.log Initializing Spring FrameworkServlet 'dispatcher'
09-Feb-2022 09:50:06.559 INFORMACIÓN [http-nio-8086-exec-44] org.apache.catalina.core.ApplicationContext.log Destroying Spring FrameworkServlet 'dispatcher'
09-Feb-2022 09:50:06.567 INFORMACIÓN [http-nio-8086-exec-44] org.apache.catalina.core.ApplicationContext.log Closing Spring root WebApplicationContext
09-Feb-2022 09:50:11.645 INFORMACIÓN [http-nio-8086-exec-44] org.apache.catalina.core.ApplicationContext.log No Spring WebApplicationInitializer types detected on classpath
09-Feb-2022 09:50:11.748 INFORMACIÓN [http-nio-8086-exec-44] org.apache.catalina.core.ApplicationContext.log Initializing Spring root WebApplicationContext
09-Feb-2022 09:50:12.807 INFORMACIÓN [http-nio-8086-exec-44] org.apache.catalina.core.ApplicationContext.log Initializing Spring FrameworkServlet 'dispatcher'
09-Feb-2022 09:50:19.335 INFORMACIÓN [http-nio-8086-exec-40] org.apache.catalina.core.ApplicationContext.log Destroying Spring FrameworkServlet 'dispatcher'
09-Feb-2022 09:50:19.351 INFORMACIÓN [http-nio-8086-exec-40] org.apache.catalina.core.ApplicationContext.log Closing Spring root WebApplicationContext
09-Feb-2022 09:50:25.334 INFORMACIÓN [http-nio-8086-exec-40] org.apache.catalina.core.ApplicationContext.log No Spring WebApplicationInitializer types detected on classpath
09-Feb-2022 09:50:25.434 INFORMACIÓN [http-nio-8086-exec-40] org.apache.catalina.core.ApplicationContext.log Initializing Spring root WebApplicationContext
09-Feb-2022 09:50:26.600 INFORMACIÓN [http-nio-8086-exec-40] org.apache.catalina.core.ApplicationContext.log Initializing Spring FrameworkServlet 'dispatcher'
09-Feb-2022 09:51:13.063 INFORMACIÓN [http-nio-8086-exec-55] org.apache.catalina.core.ApplicationContext.log Destroying Spring FrameworkServlet 'dispatcher'
09-Feb-2022 09:51:13.080 INFORMACIÓN [http-nio-8086-exec-55] org.apache.catalina.core.ApplicationContext.log Closing Spring root WebApplicationContext
09-Feb-2022 09:51:18.566 INFORMACIÓN [http-nio-8086-exec-55] org.apache.catalina.core.ApplicationContext.log No Spring WebApplicationInitializer types detected on classpath
09-Feb-2022 09:51:18.656 INFORMACIÓN [http-nio-8086-exec-55] org.apache.catalina.core.ApplicationContext.log Initializing Spring root WebApplicationContext
09-Feb-2022 09:51:19.596 INFORMACIÓN [http-nio-8086-exec-55] org.apache.catalina.core.ApplicationContext.log Initializing Spring FrameworkServlet 'dispatcher'
09-Feb-2022 09:51:20.371 INFORMACIÓN [http-nio-8086-exec-43] org.apache.catalina.core.ApplicationContext.log Destroying Spring FrameworkServlet 'dispatcher'
09-Feb-2022 09:51:20.381 INFORMACIÓN [http-nio-8086-exec-43] org.apache.catalina.core.ApplicationContext.log Closing Spring root WebApplicationContext
09-Feb-2022 09:51:25.909 INFORMACIÓN [http-nio-8086-exec-43] org.apache.catalina.core.ApplicationContext.log No Spring WebApplicationInitializer types detected on classpath
09-Feb-2022 09:51:25.991 INFORMACIÓN [http-nio-8086-exec-43] org.apache.catalina.core.ApplicationContext.log Initializing Spring root WebApplicationContext
09-Feb-2022 09:51:26.888 INFORMACIÓN [http-nio-8086-exec-43] org.apache.catalina.core.ApplicationContext.log Initializing Spring FrameworkServlet 'dispatcher'
09-Feb-2022 09:56:46.662 INFORMACIÓN [http-nio-8086-exec-59] org.apache.catalina.core.ApplicationContext.log Destroying Spring FrameworkServlet 'dispatcher'
09-Feb-2022 09:56:46.671 INFORMACIÓN [http-nio-8086-exec-59] org.apache.catalina.core.ApplicationContext.log Closing Spring root WebApplicationContext
09-Feb-2022 09:56:51.837 INFORMACIÓN [http-nio-8086-exec-59] org.apache.catalina.core.ApplicationContext.log No Spring WebApplicationInitializer types detected on classpath
09-Feb-2022 09:56:51.914 INFORMACIÓN [http-nio-8086-exec-59] org.apache.catalina.core.ApplicationContext.log Initializing Spring root WebApplicationContext
09-Feb-2022 09:56:52.808 INFORMACIÓN [http-nio-8086-exec-59] org.apache.catalina.core.ApplicationContext.log Initializing Spring FrameworkServlet 'dispatcher'
09-Feb-2022 09:57:15.143 INFORMACIÓN [http-nio-8086-exec-69] org.apache.catalina.core.ApplicationContext.log Destroying Spring FrameworkServlet 'dispatcher'
09-Feb-2022 09:57:15.151 INFORMACIÓN [http-nio-8086-exec-69] org.apache.catalina.core.ApplicationContext.log Closing Spring root WebApplicationContext
09-Feb-2022 09:57:20.010 INFORMACIÓN [http-nio-8086-exec-67] org.apache.catalina.core.ApplicationContext.log No Spring WebApplicationInitializer types detected on classpath
09-Feb-2022 09:57:20.094 INFORMACIÓN [http-nio-8086-exec-67] org.apache.catalina.core.ApplicationContext.log Initializing Spring root WebApplicationContext
09-Feb-2022 09:57:21.180 INFORMACIÓN [http-nio-8086-exec-67] org.apache.catalina.core.ApplicationContext.log Initializing Spring FrameworkServlet 'dispatcher'
09-Feb-2022 09:57:27.708 GRAVE [http-nio-8086-exec-64] org.apache.catalina.core.StandardWrapperValve.invoke El Servlet.service() para el servlet [dispatcher] en el contexto con ruta [/vacaciones] lanzó la excepción [Request processing failed; nested exception is org.springframework.jdbc.BadSqlGrammarException: StatementCallback; bad SQL grammar [SELECT codigo_sai, apellido, f.nombre, fecha_ingreso,correo,ca.nombre, e.nombre,supervisorFROM funcionario f, cargo ca, entidad e where f.cargo=ca.codigo_cargo and f.entidad=e.codigo_entidad and f.codigo_sai=3000]; nested exception is org.postgresql.util.PSQLException: ERROR: error de sintaxis en o cerca de «f»
  Position: 108] con causa raíz
	org.postgresql.util.PSQLException: ERROR: error de sintaxis en o cerca de «f»
  Position: 108
		at org.postgresql.core.v3.QueryExecutorImpl.receiveErrorResponse(QueryExecutorImpl.java:2675)
		at org.postgresql.core.v3.QueryExecutorImpl.processResults(QueryExecutorImpl.java:2365)
		at org.postgresql.core.v3.QueryExecutorImpl.execute(QueryExecutorImpl.java:355)
		at org.postgresql.jdbc.PgStatement.executeInternal(PgStatement.java:490)
		at org.postgresql.jdbc.PgStatement.execute(PgStatement.java:408)
		at org.postgresql.jdbc.PgStatement.executeWithFlags(PgStatement.java:329)
		at org.postgresql.jdbc.PgStatement.executeCachedSql(PgStatement.java:315)
		at org.postgresql.jdbc.PgStatement.executeWithFlags(PgStatement.java:291)
		at org.postgresql.jdbc.PgStatement.executeQuery(PgStatement.java:243)
		at org.springframework.jdbc.core.JdbcTemplate$1QueryStatementCallback.doInStatement(JdbcTemplate.java:450)
		at org.springframework.jdbc.core.JdbcTemplate.execute(JdbcTemplate.java:400)
		at org.springframework.jdbc.core.JdbcTemplate.query(JdbcTemplate.java:466)
		at org.springframework.jdbc.core.JdbcTemplate.query(JdbcTemplate.java:476)
		at org.springframework.jdbc.core.JdbcTemplate.queryForList(JdbcTemplate.java:516)
		at Controller.Controlador.listar(Controlador.java:29)
		at sun.reflect.NativeMethodAccessorImpl.invoke0(Native Method)
		at sun.reflect.NativeMethodAccessorImpl.invoke(NativeMethodAccessorImpl.java:62)
		at sun.reflect.DelegatingMethodAccessorImpl.invoke(DelegatingMethodAccessorImpl.java:43)
		at java.lang.reflect.Method.invoke(Method.java:498)
		at org.springframework.web.bind.annotation.support.HandlerMethodInvoker.invokeHandlerMethod(HandlerMethodInvoker.java:175)
		at org.springframework.web.servlet.mvc.annotation.AnnotationMethodHandlerAdapter.invokeHandlerMethod(AnnotationMethodHandlerAdapter.java:446)
		at org.springframework.web.servlet.mvc.annotation.AnnotationMethodHandlerAdapter.handle(AnnotationMethodHandlerAdapter.java:434)
		at org.springframework.web.servlet.DispatcherServlet.doDispatch(DispatcherServlet.java:945)
		at org.springframework.web.servlet.DispatcherServlet.doService(DispatcherServlet.java:876)
		at org.springframework.web.servlet.FrameworkServlet.processRequest(FrameworkServlet.java:961)
		at org.springframework.web.servlet.FrameworkServlet.doGet(FrameworkServlet.java:852)
		at javax.servlet.http.HttpServlet.service(HttpServlet.java:655)
		at org.springframework.web.servlet.FrameworkServlet.service(FrameworkServlet.java:837)
		at javax.servlet.http.HttpServlet.service(HttpServlet.java:764)
		at org.apache.catalina.core.ApplicationFilterChain.internalDoFilter(ApplicationFilterChain.java:231)
		at org.apache.catalina.core.ApplicationFilterChain.doFilter(ApplicationFilterChain.java:166)
		at org.apache.tomcat.websocket.server.WsFilter.doFilter(WsFilter.java:52)
		at org.apache.catalina.core.ApplicationFilterChain.internalDoFilter(ApplicationFilterChain.java:193)
		at org.apache.catalina.core.ApplicationFilterChain.doFilter(ApplicationFilterChain.java:166)
		at org.apache.catalina.core.StandardWrapperValve.invoke(StandardWrapperValve.java:196)
		at org.apache.catalina.core.StandardContextValve.invoke(StandardContextValve.java:97)
		at org.apache.catalina.authenticator.AuthenticatorBase.invoke(AuthenticatorBase.java:542)
		at org.apache.catalina.core.StandardHostValve.invoke(StandardHostValve.java:135)
		at org.apache.catalina.valves.ErrorReportValve.invoke(ErrorReportValve.java:81)
		at org.apache.catalina.valves.AbstractAccessLogValve.invoke(AbstractAccessLogValve.java:698)
		at org.apache.catalina.core.StandardEngineValve.invoke(StandardEngineValve.java:78)
		at org.apache.catalina.connector.CoyoteAdapter.service(CoyoteAdapter.java:366)
		at org.apache.coyote.http11.Http11Processor.service(Http11Processor.java:639)
		at org.apache.coyote.AbstractProcessorLight.process(AbstractProcessorLight.java:65)
		at org.apache.coyote.AbstractProtocol$ConnectionHandler.process(AbstractProtocol.java:847)
		at org.apache.tomcat.util.net.NioEndpoint$SocketProcessor.doRun(NioEndpoint.java:1680)
		at org.apache.tomcat.util.net.SocketProcessorBase.run(SocketProcessorBase.java:49)
		at org.apache.tomcat.util.threads.ThreadPoolExecutor.runWorker(ThreadPoolExecutor.java:1191)
		at org.apache.tomcat.util.threads.ThreadPoolExecutor$Worker.run(ThreadPoolExecutor.java:659)
		at org.apache.tomcat.util.threads.TaskThread$WrappingRunnable.run(TaskThread.java:61)
		at java.lang.Thread.run(Thread.java:745)
09-Feb-2022 09:59:01.418 INFORMACIÓN [http-nio-8086-exec-74] org.apache.catalina.core.ApplicationContext.log Destroying Spring FrameworkServlet 'dispatcher'
09-Feb-2022 09:59:01.425 INFORMACIÓN [http-nio-8086-exec-74] org.apache.catalina.core.ApplicationContext.log Closing Spring root WebApplicationContext
09-Feb-2022 09:59:07.834 INFORMACIÓN [http-nio-8086-exec-74] org.apache.catalina.core.ApplicationContext.log No Spring WebApplicationInitializer types detected on classpath
09-Feb-2022 09:59:07.934 INFORMACIÓN [http-nio-8086-exec-74] org.apache.catalina.core.ApplicationContext.log Initializing Spring root WebApplicationContext
09-Feb-2022 09:59:09.005 INFORMACIÓN [http-nio-8086-exec-74] org.apache.catalina.core.ApplicationContext.log Initializing Spring FrameworkServlet 'dispatcher'
09-Feb-2022 09:59:19.144 INFORMACIÓN [http-nio-8086-exec-76] org.apache.catalina.core.ApplicationContext.log Destroying Spring FrameworkServlet 'dispatcher'
09-Feb-2022 09:59:19.153 INFORMACIÓN [http-nio-8086-exec-76] org.apache.catalina.core.ApplicationContext.log Closing Spring root WebApplicationContext
09-Feb-2022 09:59:23.796 INFORMACIÓN [http-nio-8086-exec-76] org.apache.catalina.core.ApplicationContext.log No Spring WebApplicationInitializer types detected on classpath
09-Feb-2022 09:59:23.864 INFORMACIÓN [http-nio-8086-exec-76] org.apache.catalina.core.ApplicationContext.log Initializing Spring root WebApplicationContext
09-Feb-2022 09:59:24.815 INFORMACIÓN [http-nio-8086-exec-76] org.apache.catalina.core.ApplicationContext.log Initializing Spring FrameworkServlet 'dispatcher'
09-Feb-2022 10:00:01.613 INFORMACIÓN [http-nio-8086-exec-88] org.apache.catalina.core.ApplicationContext.log Destroying Spring FrameworkServlet 'dispatcher'
09-Feb-2022 10:00:01.613 INFORMACIÓN [http-nio-8086-exec-88] org.apache.catalina.core.ApplicationContext.log Closing Spring root WebApplicationContext
09-Feb-2022 10:00:06.456 INFORMACIÓN [http-nio-8086-exec-80] org.apache.catalina.core.ApplicationContext.log No Spring WebApplicationInitializer types detected on classpath
09-Feb-2022 10:00:06.550 INFORMACIÓN [http-nio-8086-exec-80] org.apache.catalina.core.ApplicationContext.log Initializing Spring root WebApplicationContext
09-Feb-2022 10:00:07.331 INFORMACIÓN [http-nio-8086-exec-80] org.apache.catalina.core.ApplicationContext.log Initializing Spring FrameworkServlet 'dispatcher'
09-Feb-2022 10:05:05.433 INFORMACIÓN [http-nio-8086-exec-95] org.apache.catalina.core.ApplicationContext.log Destroying Spring FrameworkServlet 'dispatcher'
09-Feb-2022 10:05:05.438 INFORMACIÓN [http-nio-8086-exec-95] org.apache.catalina.core.ApplicationContext.log Closing Spring root WebApplicationContext
09-Feb-2022 10:05:10.533 INFORMACIÓN [http-nio-8086-exec-95] org.apache.catalina.core.ApplicationContext.log No Spring WebApplicationInitializer types detected on classpath
09-Feb-2022 10:05:10.613 INFORMACIÓN [http-nio-8086-exec-95] org.apache.catalina.core.ApplicationContext.log Initializing Spring root WebApplicationContext
09-Feb-2022 10:05:11.436 INFORMACIÓN [http-nio-8086-exec-95] org.apache.catalina.core.ApplicationContext.log Initializing Spring FrameworkServlet 'dispatcher'
09-Feb-2022 10:05:24.637 INFORMACIÓN [http-nio-8086-exec-104] org.apache.catalina.core.ApplicationContext.log Destroying Spring FrameworkServlet 'dispatcher'
09-Feb-2022 10:05:24.650 INFORMACIÓN [http-nio-8086-exec-104] org.apache.catalina.core.ApplicationContext.log Closing Spring root WebApplicationContext
09-Feb-2022 10:05:30.187 INFORMACIÓN [http-nio-8086-exec-104] org.apache.catalina.core.ApplicationContext.log No Spring WebApplicationInitializer types detected on classpath
09-Feb-2022 10:05:30.352 INFORMACIÓN [http-nio-8086-exec-104] org.apache.catalina.core.ApplicationContext.log Initializing Spring root WebApplicationContext
09-Feb-2022 10:05:31.371 INFORMACIÓN [http-nio-8086-exec-104] org.apache.catalina.core.ApplicationContext.log Initializing Spring FrameworkServlet 'dispatcher'
09-Feb-2022 10:13:07.420 INFORMACIÓN [http-nio-8086-exec-114] org.apache.catalina.core.ApplicationContext.log Destroying Spring FrameworkServlet 'dispatcher'
09-Feb-2022 10:13:07.428 INFORMACIÓN [http-nio-8086-exec-114] org.apache.catalina.core.ApplicationContext.log Closing Spring root WebApplicationContext
09-Feb-2022 10:13:12.820 INFORMACIÓN [http-nio-8086-exec-114] org.apache.catalina.core.ApplicationContext.log No Spring WebApplicationInitializer types detected on classpath
09-Feb-2022 10:13:12.906 INFORMACIÓN [http-nio-8086-exec-114] org.apache.catalina.core.ApplicationContext.log Initializing Spring root WebApplicationContext
09-Feb-2022 10:13:13.874 INFORMACIÓN [http-nio-8086-exec-114] org.apache.catalina.core.ApplicationContext.log Initializing Spring FrameworkServlet 'dispatcher'
09-Feb-2022 10:13:25.873 INFORMACIÓN [http-nio-8086-exec-116] org.apache.catalina.core.ApplicationContext.log Destroying Spring FrameworkServlet 'dispatcher'
09-Feb-2022 10:13:25.880 INFORMACIÓN [http-nio-8086-exec-116] org.apache.catalina.core.ApplicationContext.log Closing Spring root WebApplicationContext
09-Feb-2022 10:13:31.021 INFORMACIÓN [http-nio-8086-exec-116] org.apache.catalina.core.ApplicationContext.log No Spring WebApplicationInitializer types detected on classpath
09-Feb-2022 10:13:31.114 INFORMACIÓN [http-nio-8086-exec-116] org.apache.catalina.core.ApplicationContext.log Initializing Spring root WebApplicationContext
09-Feb-2022 10:13:32.008 INFORMACIÓN [http-nio-8086-exec-116] org.apache.catalina.core.ApplicationContext.log Initializing Spring FrameworkServlet 'dispatcher'
09-Feb-2022 10:14:34.701 INFORMACIÓN [http-nio-8086-exec-117] org.apache.catalina.core.ApplicationContext.log Destroying Spring FrameworkServlet 'dispatcher'
09-Feb-2022 10:14:34.707 INFORMACIÓN [http-nio-8086-exec-117] org.apache.catalina.core.ApplicationContext.log Closing Spring root WebApplicationContext
09-Feb-2022 10:14:40.153 INFORMACIÓN [http-nio-8086-exec-117] org.apache.catalina.core.ApplicationContext.log No Spring WebApplicationInitializer types detected on classpath
09-Feb-2022 10:14:40.255 INFORMACIÓN [http-nio-8086-exec-117] org.apache.catalina.core.ApplicationContext.log Initializing Spring root WebApplicationContext
09-Feb-2022 10:14:41.473 INFORMACIÓN [http-nio-8086-exec-117] org.apache.catalina.core.ApplicationContext.log Initializing Spring FrameworkServlet 'dispatcher'
09-Feb-2022 10:14:42.389 INFORMACIÓN [http-nio-8086-exec-106] org.apache.catalina.core.ApplicationContext.log Destroying Spring FrameworkServlet 'dispatcher'
09-Feb-2022 10:14:42.399 INFORMACIÓN [http-nio-8086-exec-106] org.apache.catalina.core.ApplicationContext.log Closing Spring root WebApplicationContext
09-Feb-2022 10:14:47.653 INFORMACIÓN [http-nio-8086-exec-106] org.apache.catalina.core.ApplicationContext.log No Spring WebApplicationInitializer types detected on classpath
09-Feb-2022 10:14:47.744 INFORMACIÓN [http-nio-8086-exec-106] org.apache.catalina.core.ApplicationContext.log Initializing Spring root WebApplicationContext
09-Feb-2022 10:14:49.011 INFORMACIÓN [http-nio-8086-exec-106] org.apache.catalina.core.ApplicationContext.log Initializing Spring FrameworkServlet 'dispatcher'
09-Feb-2022 10:15:54.477 INFORMACIÓN [http-nio-8086-exec-121] org.apache.catalina.core.ApplicationContext.log Destroying Spring FrameworkServlet 'dispatcher'
09-Feb-2022 10:15:54.487 INFORMACIÓN [http-nio-8086-exec-121] org.apache.catalina.core.ApplicationContext.log Closing Spring root WebApplicationContext
09-Feb-2022 10:15:59.735 INFORMACIÓN [http-nio-8086-exec-121] org.apache.catalina.core.ApplicationContext.log No Spring WebApplicationInitializer types detected on classpath
09-Feb-2022 10:15:59.846 INFORMACIÓN [http-nio-8086-exec-121] org.apache.catalina.core.ApplicationContext.log Initializing Spring root WebApplicationContext
09-Feb-2022 10:16:00.874 INFORMACIÓN [http-nio-8086-exec-121] org.apache.catalina.core.ApplicationContext.log Initializing Spring FrameworkServlet 'dispatcher'
09-Feb-2022 10:24:20.178 INFORMACIÓN [http-nio-8086-exec-126] org.apache.catalina.core.ApplicationContext.log Destroying Spring FrameworkServlet 'dispatcher'
09-Feb-2022 10:24:20.188 INFORMACIÓN [http-nio-8086-exec-126] org.apache.catalina.core.ApplicationContext.log Closing Spring root WebApplicationContext
09-Feb-2022 10:24:25.424 INFORMACIÓN [http-nio-8086-exec-126] org.apache.catalina.core.ApplicationContext.log No Spring WebApplicationInitializer types detected on classpath
09-Feb-2022 10:24:25.538 INFORMACIÓN [http-nio-8086-exec-126] org.apache.catalina.core.ApplicationContext.log Initializing Spring root WebApplicationContext
09-Feb-2022 10:24:26.848 INFORMACIÓN [http-nio-8086-exec-126] org.apache.catalina.core.ApplicationContext.log Initializing Spring FrameworkServlet 'dispatcher'
09-Feb-2022 10:24:35.596 INFORMACIÓN [http-nio-8086-exec-132] org.apache.catalina.core.ApplicationContext.log Destroying Spring FrameworkServlet 'dispatcher'
09-Feb-2022 10:24:35.605 INFORMACIÓN [http-nio-8086-exec-132] org.apache.catalina.core.ApplicationContext.log Closing Spring root WebApplicationContext
09-Feb-2022 10:24:41.165 INFORMACIÓN [http-nio-8086-exec-132] org.apache.catalina.core.ApplicationContext.log No Spring WebApplicationInitializer types detected on classpath
09-Feb-2022 10:24:41.364 INFORMACIÓN [http-nio-8086-exec-132] org.apache.catalina.core.ApplicationContext.log Initializing Spring root WebApplicationContext
09-Feb-2022 10:24:43.142 INFORMACIÓN [http-nio-8086-exec-132] org.apache.catalina.core.ApplicationContext.log Initializing Spring FrameworkServlet 'dispatcher'
09-Feb-2022 10:24:45.632 INFORMACIÓN [http-nio-8086-exec-134] org.apache.catalina.core.ApplicationContext.log Destroying Spring FrameworkServlet 'dispatcher'
09-Feb-2022 10:24:45.645 INFORMACIÓN [http-nio-8086-exec-134] org.apache.catalina.core.ApplicationContext.log Closing Spring root WebApplicationContext
09-Feb-2022 10:24:51.196 INFORMACIÓN [http-nio-8086-exec-134] org.apache.catalina.core.ApplicationContext.log No Spring WebApplicationInitializer types detected on classpath
09-Feb-2022 10:24:51.285 INFORMACIÓN [http-nio-8086-exec-134] org.apache.catalina.core.ApplicationContext.log Initializing Spring root WebApplicationContext
09-Feb-2022 10:24:52.235 INFORMACIÓN [http-nio-8086-exec-134] org.apache.catalina.core.ApplicationContext.log Initializing Spring FrameworkServlet 'dispatcher'
09-Feb-2022 10:25:00.064 INFORMACIÓN [http-nio-8086-exec-139] org.apache.catalina.core.ApplicationContext.log Destroying Spring FrameworkServlet 'dispatcher'
09-Feb-2022 10:25:00.078 INFORMACIÓN [http-nio-8086-exec-139] org.apache.catalina.core.ApplicationContext.log Closing Spring root WebApplicationContext
09-Feb-2022 10:25:05.794 INFORMACIÓN [http-nio-8086-exec-139] org.apache.catalina.core.ApplicationContext.log No Spring WebApplicationInitializer types detected on classpath
09-Feb-2022 10:25:05.900 INFORMACIÓN [http-nio-8086-exec-139] org.apache.catalina.core.ApplicationContext.log Initializing Spring root WebApplicationContext
09-Feb-2022 10:25:06.878 INFORMACIÓN [http-nio-8086-exec-139] org.apache.catalina.core.ApplicationContext.log Initializing Spring FrameworkServlet 'dispatcher'
09-Feb-2022 10:28:24.548 INFORMACIÓN [http-nio-8086-exec-147] org.apache.catalina.core.ApplicationContext.log Destroying Spring FrameworkServlet 'dispatcher'
09-Feb-2022 10:28:24.571 INFORMACIÓN [http-nio-8086-exec-147] org.apache.catalina.core.ApplicationContext.log Closing Spring root WebApplicationContext
09-Feb-2022 10:28:29.785 INFORMACIÓN [http-nio-8086-exec-147] org.apache.catalina.core.ApplicationContext.log No Spring WebApplicationInitializer types detected on classpath
09-Feb-2022 10:28:29.868 INFORMACIÓN [http-nio-8086-exec-147] org.apache.catalina.core.ApplicationContext.log Initializing Spring root WebApplicationContext
09-Feb-2022 10:28:31.008 INFORMACIÓN [http-nio-8086-exec-147] org.apache.catalina.core.ApplicationContext.log Initializing Spring FrameworkServlet 'dispatcher'
09-Feb-2022 10:29:18.312 INFORMACIÓN [http-nio-8086-exec-158] org.apache.catalina.core.ApplicationContext.log Destroying Spring FrameworkServlet 'dispatcher'
09-Feb-2022 10:29:18.319 INFORMACIÓN [http-nio-8086-exec-158] org.apache.catalina.core.ApplicationContext.log Closing Spring root WebApplicationContext
09-Feb-2022 10:29:25.529 INFORMACIÓN [http-nio-8086-exec-158] org.apache.catalina.core.ApplicationContext.log No Spring WebApplicationInitializer types detected on classpath
09-Feb-2022 10:29:25.861 INFORMACIÓN [http-nio-8086-exec-158] org.apache.catalina.core.ApplicationContext.log Initializing Spring root WebApplicationContext
09-Feb-2022 10:29:27.303 INFORMACIÓN [http-nio-8086-exec-158] org.apache.catalina.core.ApplicationContext.log Initializing Spring FrameworkServlet 'dispatcher'
09-Feb-2022 10:29:45.896 INFORMACIÓN [http-nio-8086-exec-143] org.apache.catalina.core.ApplicationContext.log Destroying Spring FrameworkServlet 'dispatcher'
09-Feb-2022 10:29:45.903 INFORMACIÓN [http-nio-8086-exec-143] org.apache.catalina.core.ApplicationContext.log Closing Spring root WebApplicationContext
09-Feb-2022 10:29:50.014 INFORMACIÓN [http-nio-8086-exec-143] org.apache.catalina.core.ApplicationContext.log No Spring WebApplicationInitializer types detected on classpath
09-Feb-2022 10:29:50.084 INFORMACIÓN [http-nio-8086-exec-143] org.apache.catalina.core.ApplicationContext.log Initializing Spring root WebApplicationContext
09-Feb-2022 10:29:50.869 INFORMACIÓN [http-nio-8086-exec-143] org.apache.catalina.core.ApplicationContext.log Initializing Spring FrameworkServlet 'dispatcher'
09-Feb-2022 10:30:16.265 INFORMACIÓN [http-nio-8086-exec-144] org.apache.catalina.core.ApplicationContext.log Destroying Spring FrameworkServlet 'dispatcher'
09-Feb-2022 10:30:16.336 INFORMACIÓN [http-nio-8086-exec-144] org.apache.catalina.core.ApplicationContext.log Closing Spring root WebApplicationContext
09-Feb-2022 10:30:22.082 INFORMACIÓN [http-nio-8086-exec-144] org.apache.catalina.core.ApplicationContext.log No Spring WebApplicationInitializer types detected on classpath
09-Feb-2022 10:30:22.185 INFORMACIÓN [http-nio-8086-exec-144] org.apache.catalina.core.ApplicationContext.log Initializing Spring root WebApplicationContext
09-Feb-2022 10:30:23.194 INFORMACIÓN [http-nio-8086-exec-144] org.apache.catalina.core.ApplicationContext.log Initializing Spring FrameworkServlet 'dispatcher'
09-Feb-2022 10:30:34.529 INFORMACIÓN [http-nio-8086-exec-171] org.apache.catalina.core.ApplicationContext.log Destroying Spring FrameworkServlet 'dispatcher'
09-Feb-2022 10:30:34.537 INFORMACIÓN [http-nio-8086-exec-171] org.apache.catalina.core.ApplicationContext.log Closing Spring root WebApplicationContext
09-Feb-2022 10:30:39.627 INFORMACIÓN [http-nio-8086-exec-171] org.apache.catalina.core.ApplicationContext.log No Spring WebApplicationInitializer types detected on classpath
09-Feb-2022 10:30:39.715 INFORMACIÓN [http-nio-8086-exec-171] org.apache.catalina.core.ApplicationContext.log Initializing Spring root WebApplicationContext
09-Feb-2022 10:30:40.586 INFORMACIÓN [http-nio-8086-exec-171] org.apache.catalina.core.ApplicationContext.log Initializing Spring FrameworkServlet 'dispatcher'
09-Feb-2022 10:30:49.639 ADVERTENCIA [http-nio-8086-exec-164] org.apache.catalina.core.ApplicationDispatcher.invoke El Servlet [jsp] no está disponible en este momento
09-Feb-2022 10:30:49.733 INFORMACIÓN [http-nio-8086-exec-162] org.apache.catalina.core.ApplicationContext.log Destroying Spring FrameworkServlet 'dispatcher'
09-Feb-2022 10:30:49.742 INFORMACIÓN [http-nio-8086-exec-162] org.apache.catalina.core.ApplicationContext.log Closing Spring root WebApplicationContext
09-Feb-2022 10:30:55.911 INFORMACIÓN [http-nio-8086-exec-162] org.apache.catalina.core.ApplicationContext.log No Spring WebApplicationInitializer types detected on classpath
09-Feb-2022 10:30:55.993 INFORMACIÓN [http-nio-8086-exec-162] org.apache.catalina.core.ApplicationContext.log Initializing Spring root WebApplicationContext
09-Feb-2022 10:30:56.802 INFORMACIÓN [http-nio-8086-exec-162] org.apache.catalina.core.ApplicationContext.log Initializing Spring FrameworkServlet 'dispatcher'
09-Feb-2022 10:31:48.560 INFORMACIÓN [http-nio-8086-exec-176] org.apache.catalina.core.ApplicationContext.log Destroying Spring FrameworkServlet 'dispatcher'
09-Feb-2022 10:31:48.567 INFORMACIÓN [http-nio-8086-exec-176] org.apache.catalina.core.ApplicationContext.log Closing Spring root WebApplicationContext
09-Feb-2022 10:31:54.553 INFORMACIÓN [http-nio-8086-exec-176] org.apache.catalina.core.ApplicationContext.log No Spring WebApplicationInitializer types detected on classpath
09-Feb-2022 10:31:54.678 INFORMACIÓN [http-nio-8086-exec-176] org.apache.catalina.core.ApplicationContext.log Initializing Spring root WebApplicationContext
09-Feb-2022 10:31:56.015 INFORMACIÓN [http-nio-8086-exec-176] org.apache.catalina.core.ApplicationContext.log Initializing Spring FrameworkServlet 'dispatcher'
09-Feb-2022 10:32:16.996 INFORMACIÓN [http-nio-8086-exec-175] org.apache.catalina.core.ApplicationContext.log Destroying Spring FrameworkServlet 'dispatcher'
09-Feb-2022 10:32:17.004 INFORMACIÓN [http-nio-8086-exec-175] org.apache.catalina.core.ApplicationContext.log Closing Spring root WebApplicationContext
09-Feb-2022 10:32:22.749 INFORMACIÓN [http-nio-8086-exec-175] org.apache.catalina.core.ApplicationContext.log No Spring WebApplicationInitializer types detected on classpath
09-Feb-2022 10:32:22.882 INFORMACIÓN [http-nio-8086-exec-175] org.apache.catalina.core.ApplicationContext.log Initializing Spring root WebApplicationContext
09-Feb-2022 10:32:24.161 INFORMACIÓN [http-nio-8086-exec-175] org.apache.catalina.core.ApplicationContext.log Initializing Spring FrameworkServlet 'dispatcher'
09-Feb-2022 10:32:49.962 INFORMACIÓN [http-nio-8086-exec-184] org.apache.catalina.core.ApplicationContext.log Destroying Spring FrameworkServlet 'dispatcher'
09-Feb-2022 10:32:49.971 INFORMACIÓN [http-nio-8086-exec-184] org.apache.catalina.core.ApplicationContext.log Closing Spring root WebApplicationContext
09-Feb-2022 10:32:54.951 INFORMACIÓN [http-nio-8086-exec-184] org.apache.catalina.core.ApplicationContext.log No Spring WebApplicationInitializer types detected on classpath
09-Feb-2022 10:32:55.144 INFORMACIÓN [http-nio-8086-exec-184] org.apache.catalina.core.ApplicationContext.log Initializing Spring root WebApplicationContext
09-Feb-2022 10:32:56.002 INFORMACIÓN [http-nio-8086-exec-184] org.apache.catalina.core.ApplicationContext.log Initializing Spring FrameworkServlet 'dispatcher'
09-Feb-2022 10:34:19.741 INFORMACIÓN [http-nio-8086-exec-193] org.apache.catalina.core.ApplicationContext.log Destroying Spring FrameworkServlet 'dispatcher'
09-Feb-2022 10:34:19.922 INFORMACIÓN [http-nio-8086-exec-193] org.apache.catalina.core.ApplicationContext.log Closing Spring root WebApplicationContext
09-Feb-2022 10:34:26.527 INFORMACIÓN [http-nio-8086-exec-193] org.apache.catalina.core.ApplicationContext.log No Spring WebApplicationInitializer types detected on classpath
09-Feb-2022 10:34:26.711 INFORMACIÓN [http-nio-8086-exec-193] org.apache.catalina.core.ApplicationContext.log Initializing Spring root WebApplicationContext
09-Feb-2022 10:34:27.767 INFORMACIÓN [http-nio-8086-exec-193] org.apache.catalina.core.ApplicationContext.log Initializing Spring FrameworkServlet 'dispatcher'
09-Feb-2022 11:08:12.803 INFORMACIÓN [http-nio-8086-exec-198] org.apache.catalina.core.ApplicationContext.log Destroying Spring FrameworkServlet 'dispatcher'
09-Feb-2022 11:08:12.834 INFORMACIÓN [http-nio-8086-exec-198] org.apache.catalina.core.ApplicationContext.log Closing Spring root WebApplicationContext
09-Feb-2022 11:08:16.924 INFORMACIÓN [http-nio-8086-exec-198] org.apache.catalina.core.ApplicationContext.log No Spring WebApplicationInitializer types detected on classpath
09-Feb-2022 11:08:17.003 INFORMACIÓN [http-nio-8086-exec-198] org.apache.catalina.core.ApplicationContext.log Initializing Spring root WebApplicationContext
09-Feb-2022 11:08:17.908 INFORMACIÓN [http-nio-8086-exec-198] org.apache.catalina.core.ApplicationContext.log Initializing Spring FrameworkServlet 'dispatcher'
09-Feb-2022 12:08:10.613 INFORMACIÓN [http-nio-8086-exec-211] org.apache.catalina.core.ApplicationContext.log Destroying Spring FrameworkServlet 'dispatcher'
09-Feb-2022 12:08:10.621 INFORMACIÓN [http-nio-8086-exec-211] org.apache.catalina.core.ApplicationContext.log Closing Spring root WebApplicationContext
09-Feb-2022 12:08:15.853 INFORMACIÓN [http-nio-8086-exec-212] org.apache.catalina.core.ApplicationContext.log No Spring WebApplicationInitializer types detected on classpath
09-Feb-2022 12:08:15.961 INFORMACIÓN [http-nio-8086-exec-212] org.apache.catalina.core.ApplicationContext.log Initializing Spring root WebApplicationContext
09-Feb-2022 12:08:16.926 INFORMACIÓN [http-nio-8086-exec-212] org.apache.catalina.core.ApplicationContext.log Initializing Spring FrameworkServlet 'dispatcher'
09-Feb-2022 13:04:57.610 INFORMACIÓN [localhost-startStop-2] org.apache.catalina.core.ApplicationContext.log Destroying Spring FrameworkServlet 'dispatcher'
09-Feb-2022 13:04:57.619 INFORMACIÓN [localhost-startStop-2] org.apache.catalina.core.ApplicationContext.log Closing Spring root WebApplicationContext
09-Feb-2022 13:04:57.661 INFORMACIÓN [localhost-startStop-2] org.apache.catalina.core.ApplicationContext.log Destroying Spring FrameworkServlet 'dispatcher'
09-Feb-2022 13:04:57.673 INFORMACIÓN [localhost-startStop-2] org.apache.catalina.core.ApplicationContext.log Closing Spring root WebApplicationContext
09-Feb-2022 13:30:23.881 INFORMACIÓN [localhost-startStop-1] org.apache.catalina.core.ApplicationContext.log No Spring WebApplicationInitializer types detected on classpath
09-Feb-2022 13:30:24.038 INFORMACIÓN [localhost-startStop-1] org.apache.catalina.core.ApplicationContext.log Initializing Spring root WebApplicationContext
09-Feb-2022 13:30:25.444 INFORMACIÓN [localhost-startStop-1] org.apache.catalina.core.ApplicationContext.log Initializing Spring FrameworkServlet 'dispatcher'
09-Feb-2022 13:30:33.585 INFORMACIÓN [localhost-startStop-1] org.apache.catalina.core.ApplicationContext.log No Spring WebApplicationInitializer types detected on classpath
09-Feb-2022 13:30:33.679 INFORMACIÓN [localhost-startStop-1] org.apache.catalina.core.ApplicationContext.log Initializing Spring root WebApplicationContext
09-Feb-2022 13:30:35.148 INFORMACIÓN [localhost-startStop-1] org.apache.catalina.core.ApplicationContext.log Initializing Spring FrameworkServlet 'dispatcher'
09-Feb-2022 13:30:50.555 INFORMACIÓN [http-nio-8086-exec-4] org.apache.catalina.core.ApplicationContext.log Destroying Spring FrameworkServlet 'dispatcher'
09-Feb-2022 13:30:50.555 INFORMACIÓN [http-nio-8086-exec-4] org.apache.catalina.core.ApplicationContext.log Closing Spring root WebApplicationContext
09-Feb-2022 13:30:54.039 INFORMACIÓN [http-nio-8086-exec-4] org.apache.catalina.core.ApplicationContext.log No Spring WebApplicationInitializer types detected on classpath
09-Feb-2022 13:30:54.164 INFORMACIÓN [http-nio-8086-exec-4] org.apache.catalina.core.ApplicationContext.log Initializing Spring root WebApplicationContext
09-Feb-2022 13:30:55.165 INFORMACIÓN [http-nio-8086-exec-4] org.apache.catalina.core.ApplicationContext.log Initializing Spring FrameworkServlet 'dispatcher'
09-Feb-2022 14:37:27.374 GRAVE [http-nio-8086-exec-18] org.apache.catalina.core.StandardWrapperValve.invoke El Servlet.service() para el servlet [dispatcher] en el contexto con ruta [] lanzó la excepción [Request processing failed; nested exception is java.lang.NumberFormatException: For input string: ""] con causa raíz
	java.lang.NumberFormatException: For input string: ""
		at java.lang.NumberFormatException.forInputString(NumberFormatException.java:65)
		at java.lang.Integer.parseInt(Integer.java:592)
		at java.lang.Integer.parseInt(Integer.java:615)
		at config.Date.<init>(Date.java:32)
		at Entidad.Persona.getFecha(Persona.java:43)
		at Controller.Controlador.agregar(Controlador.java:42)
		at sun.reflect.NativeMethodAccessorImpl.invoke0(Native Method)
		at sun.reflect.NativeMethodAccessorImpl.invoke(NativeMethodAccessorImpl.java:62)
		at sun.reflect.DelegatingMethodAccessorImpl.invoke(DelegatingMethodAccessorImpl.java:43)
		at java.lang.reflect.Method.invoke(Method.java:498)
		at org.springframework.web.bind.annotation.support.HandlerMethodInvoker.invokeHandlerMethod(HandlerMethodInvoker.java:175)
		at org.springframework.web.servlet.mvc.annotation.AnnotationMethodHandlerAdapter.invokeHandlerMethod(AnnotationMethodHandlerAdapter.java:446)
		at org.springframework.web.servlet.mvc.annotation.AnnotationMethodHandlerAdapter.handle(AnnotationMethodHandlerAdapter.java:434)
		at org.springframework.web.servlet.DispatcherServlet.doDispatch(DispatcherServlet.java:945)
		at org.springframework.web.servlet.DispatcherServlet.doService(DispatcherServlet.java:876)
		at org.springframework.web.servlet.FrameworkServlet.processRequest(FrameworkServlet.java:961)
		at org.springframework.web.servlet.FrameworkServlet.doPost(FrameworkServlet.java:863)
		at javax.servlet.http.HttpServlet.service(HttpServlet.java:681)
		at org.springframework.web.servlet.FrameworkServlet.service(FrameworkServlet.java:837)
		at javax.servlet.http.HttpServlet.service(HttpServlet.java:764)
		at org.apache.catalina.core.ApplicationFilterChain.internalDoFilter(ApplicationFilterChain.java:231)
		at org.apache.catalina.core.ApplicationFilterChain.doFilter(ApplicationFilterChain.java:166)
		at org.apache.tomcat.websocket.server.WsFilter.doFilter(WsFilter.java:52)
		at org.apache.catalina.core.ApplicationFilterChain.internalDoFilter(ApplicationFilterChain.java:193)
		at org.apache.catalina.core.ApplicationFilterChain.doFilter(ApplicationFilterChain.java:166)
		at org.apache.catalina.core.StandardWrapperValve.invoke(StandardWrapperValve.java:196)
		at org.apache.catalina.core.StandardContextValve.invoke(StandardContextValve.java:97)
		at org.apache.catalina.authenticator.AuthenticatorBase.invoke(AuthenticatorBase.java:542)
		at org.apache.catalina.core.StandardHostValve.invoke(StandardHostValve.java:135)
		at org.apache.catalina.valves.ErrorReportValve.invoke(ErrorReportValve.java:81)
		at org.apache.catalina.valves.AbstractAccessLogValve.invoke(AbstractAccessLogValve.java:698)
		at org.apache.catalina.core.StandardEngineValve.invoke(StandardEngineValve.java:78)
		at org.apache.catalina.connector.CoyoteAdapter.service(CoyoteAdapter.java:366)
		at org.apache.coyote.http11.Http11Processor.service(Http11Processor.java:639)
		at org.apache.coyote.AbstractProcessorLight.process(AbstractProcessorLight.java:65)
		at org.apache.coyote.AbstractProtocol$ConnectionHandler.process(AbstractProtocol.java:847)
		at org.apache.tomcat.util.net.NioEndpoint$SocketProcessor.doRun(NioEndpoint.java:1680)
		at org.apache.tomcat.util.net.SocketProcessorBase.run(SocketProcessorBase.java:49)
		at org.apache.tomcat.util.threads.ThreadPoolExecutor.runWorker(ThreadPoolExecutor.java:1191)
		at org.apache.tomcat.util.threads.ThreadPoolExecutor$Worker.run(ThreadPoolExecutor.java:659)
		at org.apache.tomcat.util.threads.TaskThread$WrappingRunnable.run(TaskThread.java:61)
		at java.lang.Thread.run(Thread.java:745)
09-Feb-2022 14:37:42.616 GRAVE [http-nio-8086-exec-16] org.apache.catalina.core.StandardWrapperValve.invoke El Servlet.service() para el servlet [dispatcher] en el contexto con ruta [] lanzó la excepción [Request processing failed; nested exception is java.lang.NumberFormatException: For input string: ""] con causa raíz
	java.lang.NumberFormatException: For input string: ""
		at java.lang.NumberFormatException.forInputString(NumberFormatException.java:65)
		at java.lang.Integer.parseInt(Integer.java:592)
		at java.lang.Integer.parseInt(Integer.java:615)
		at config.Date.<init>(Date.java:32)
		at Entidad.Persona.getFecha(Persona.java:43)
		at Controller.Controlador.agregar(Controlador.java:42)
		at sun.reflect.NativeMethodAccessorImpl.invoke0(Native Method)
		at sun.reflect.NativeMethodAccessorImpl.invoke(NativeMethodAccessorImpl.java:62)
		at sun.reflect.DelegatingMethodAccessorImpl.invoke(DelegatingMethodAccessorImpl.java:43)
		at java.lang.reflect.Method.invoke(Method.java:498)
		at org.springframework.web.bind.annotation.support.HandlerMethodInvoker.invokeHandlerMethod(HandlerMethodInvoker.java:175)
		at org.springframework.web.servlet.mvc.annotation.AnnotationMethodHandlerAdapter.invokeHandlerMethod(AnnotationMethodHandlerAdapter.java:446)
		at org.springframework.web.servlet.mvc.annotation.AnnotationMethodHandlerAdapter.handle(AnnotationMethodHandlerAdapter.java:434)
		at org.springframework.web.servlet.DispatcherServlet.doDispatch(DispatcherServlet.java:945)
		at org.springframework.web.servlet.DispatcherServlet.doService(DispatcherServlet.java:876)
		at org.springframework.web.servlet.FrameworkServlet.processRequest(FrameworkServlet.java:961)
		at org.springframework.web.servlet.FrameworkServlet.doPost(FrameworkServlet.java:863)
		at javax.servlet.http.HttpServlet.service(HttpServlet.java:681)
		at org.springframework.web.servlet.FrameworkServlet.service(FrameworkServlet.java:837)
		at javax.servlet.http.HttpServlet.service(HttpServlet.java:764)
		at org.apache.catalina.core.ApplicationFilterChain.internalDoFilter(ApplicationFilterChain.java:231)
		at org.apache.catalina.core.ApplicationFilterChain.doFilter(ApplicationFilterChain.java:166)
		at org.apache.tomcat.websocket.server.WsFilter.doFilter(WsFilter.java:52)
		at org.apache.catalina.core.ApplicationFilterChain.internalDoFilter(ApplicationFilterChain.java:193)
		at org.apache.catalina.core.ApplicationFilterChain.doFilter(ApplicationFilterChain.java:166)
		at org.apache.catalina.core.StandardWrapperValve.invoke(StandardWrapperValve.java:196)
		at org.apache.catalina.core.StandardContextValve.invoke(StandardContextValve.java:97)
		at org.apache.catalina.authenticator.AuthenticatorBase.invoke(AuthenticatorBase.java:542)
		at org.apache.catalina.core.StandardHostValve.invoke(StandardHostValve.java:135)
		at org.apache.catalina.valves.ErrorReportValve.invoke(ErrorReportValve.java:81)
		at org.apache.catalina.valves.AbstractAccessLogValve.invoke(AbstractAccessLogValve.java:698)
		at org.apache.catalina.core.StandardEngineValve.invoke(StandardEngineValve.java:78)
		at org.apache.catalina.connector.CoyoteAdapter.service(CoyoteAdapter.java:366)
		at org.apache.coyote.http11.Http11Processor.service(Http11Processor.java:639)
		at org.apache.coyote.AbstractProcessorLight.process(AbstractProcessorLight.java:65)
		at org.apache.coyote.AbstractProtocol$ConnectionHandler.process(AbstractProtocol.java:847)
		at org.apache.tomcat.util.net.NioEndpoint$SocketProcessor.doRun(NioEndpoint.java:1680)
		at org.apache.tomcat.util.net.SocketProcessorBase.run(SocketProcessorBase.java:49)
		at org.apache.tomcat.util.threads.ThreadPoolExecutor.runWorker(ThreadPoolExecutor.java:1191)
		at org.apache.tomcat.util.threads.ThreadPoolExecutor$Worker.run(ThreadPoolExecutor.java:659)
		at org.apache.tomcat.util.threads.TaskThread$WrappingRunnable.run(TaskThread.java:61)
		at java.lang.Thread.run(Thread.java:745)
09-Feb-2022 14:37:54.211 GRAVE [http-nio-8086-exec-14] org.apache.catalina.core.StandardWrapperValve.invoke El Servlet.service() para el servlet [dispatcher] en el contexto con ruta [] lanzó la excepción [Request processing failed; nested exception is java.lang.NumberFormatException: For input string: ""] con causa raíz
	java.lang.NumberFormatException: For input string: ""
		at java.lang.NumberFormatException.forInputString(NumberFormatException.java:65)
		at java.lang.Integer.parseInt(Integer.java:592)
		at java.lang.Integer.parseInt(Integer.java:615)
		at config.Date.<init>(Date.java:32)
		at Entidad.Persona.getFecha(Persona.java:43)
		at Controller.Controlador.agregar(Controlador.java:42)
		at sun.reflect.NativeMethodAccessorImpl.invoke0(Native Method)
		at sun.reflect.NativeMethodAccessorImpl.invoke(NativeMethodAccessorImpl.java:62)
		at sun.reflect.DelegatingMethodAccessorImpl.invoke(DelegatingMethodAccessorImpl.java:43)
		at java.lang.reflect.Method.invoke(Method.java:498)
		at org.springframework.web.bind.annotation.support.HandlerMethodInvoker.invokeHandlerMethod(HandlerMethodInvoker.java:175)
		at org.springframework.web.servlet.mvc.annotation.AnnotationMethodHandlerAdapter.invokeHandlerMethod(AnnotationMethodHandlerAdapter.java:446)
		at org.springframework.web.servlet.mvc.annotation.AnnotationMethodHandlerAdapter.handle(AnnotationMethodHandlerAdapter.java:434)
		at org.springframework.web.servlet.DispatcherServlet.doDispatch(DispatcherServlet.java:945)
		at org.springframework.web.servlet.DispatcherServlet.doService(DispatcherServlet.java:876)
		at org.springframework.web.servlet.FrameworkServlet.processRequest(FrameworkServlet.java:961)
		at org.springframework.web.servlet.FrameworkServlet.doPost(FrameworkServlet.java:863)
		at javax.servlet.http.HttpServlet.service(HttpServlet.java:681)
		at org.springframework.web.servlet.FrameworkServlet.service(FrameworkServlet.java:837)
		at javax.servlet.http.HttpServlet.service(HttpServlet.java:764)
		at org.apache.catalina.core.ApplicationFilterChain.internalDoFilter(ApplicationFilterChain.java:231)
		at org.apache.catalina.core.ApplicationFilterChain.doFilter(ApplicationFilterChain.java:166)
		at org.apache.tomcat.websocket.server.WsFilter.doFilter(WsFilter.java:52)
		at org.apache.catalina.core.ApplicationFilterChain.internalDoFilter(ApplicationFilterChain.java:193)
		at org.apache.catalina.core.ApplicationFilterChain.doFilter(ApplicationFilterChain.java:166)
		at org.apache.catalina.core.StandardWrapperValve.invoke(StandardWrapperValve.java:196)
		at org.apache.catalina.core.StandardContextValve.invoke(StandardContextValve.java:97)
		at org.apache.catalina.authenticator.AuthenticatorBase.invoke(AuthenticatorBase.java:542)
		at org.apache.catalina.core.StandardHostValve.invoke(StandardHostValve.java:135)
		at org.apache.catalina.valves.ErrorReportValve.invoke(ErrorReportValve.java:81)
		at org.apache.catalina.valves.AbstractAccessLogValve.invoke(AbstractAccessLogValve.java:698)
		at org.apache.catalina.core.StandardEngineValve.invoke(StandardEngineValve.java:78)
		at org.apache.catalina.connector.CoyoteAdapter.service(CoyoteAdapter.java:366)
		at org.apache.coyote.http11.Http11Processor.service(Http11Processor.java:639)
		at org.apache.coyote.AbstractProcessorLight.process(AbstractProcessorLight.java:65)
		at org.apache.coyote.AbstractProtocol$ConnectionHandler.process(AbstractProtocol.java:847)
		at org.apache.tomcat.util.net.NioEndpoint$SocketProcessor.doRun(NioEndpoint.java:1680)
		at org.apache.tomcat.util.net.SocketProcessorBase.run(SocketProcessorBase.java:49)
		at org.apache.tomcat.util.threads.ThreadPoolExecutor.runWorker(ThreadPoolExecutor.java:1191)
		at org.apache.tomcat.util.threads.ThreadPoolExecutor$Worker.run(ThreadPoolExecutor.java:659)
		at org.apache.tomcat.util.threads.TaskThread$WrappingRunnable.run(TaskThread.java:61)
		at java.lang.Thread.run(Thread.java:745)
09-Feb-2022 15:11:00.954 INFORMACIÓN [localhost-startStop-2] org.apache.catalina.core.ApplicationContext.log Destroying Spring FrameworkServlet 'dispatcher'
09-Feb-2022 15:11:00.963 INFORMACIÓN [localhost-startStop-2] org.apache.catalina.core.ApplicationContext.log Closing Spring root WebApplicationContext
09-Feb-2022 15:11:01.001 INFORMACIÓN [localhost-startStop-2] org.apache.catalina.core.ApplicationContext.log Destroying Spring FrameworkServlet 'dispatcher'
09-Feb-2022 15:11:01.004 INFORMACIÓN [localhost-startStop-2] org.apache.catalina.core.ApplicationContext.log Closing Spring root WebApplicationContext
09-Feb-2022 17:44:14.318 INFORMACIÓN [localhost-startStop-1] org.apache.catalina.core.ApplicationContext.log No Spring WebApplicationInitializer types detected on classpath
09-Feb-2022 17:44:14.692 INFORMACIÓN [localhost-startStop-1] org.apache.catalina.core.ApplicationContext.log Initializing Spring root WebApplicationContext
09-Feb-2022 17:44:17.277 INFORMACIÓN [localhost-startStop-1] org.apache.catalina.core.ApplicationContext.log Initializing Spring FrameworkServlet 'dispatcher'
09-Feb-2022 17:44:30.187 INFORMACIÓN [localhost-startStop-1] org.apache.catalina.core.ApplicationContext.log No Spring WebApplicationInitializer types detected on classpath
09-Feb-2022 17:44:30.355 INFORMACIÓN [localhost-startStop-1] org.apache.catalina.core.ApplicationContext.log Initializing Spring root WebApplicationContext
09-Feb-2022 17:44:31.470 INFORMACIÓN [localhost-startStop-1] org.apache.catalina.core.ApplicationContext.log Initializing Spring FrameworkServlet 'dispatcher'
09-Feb-2022 18:17:37.674 INFORMACIÓN [localhost-startStop-2] org.apache.catalina.core.ApplicationContext.log Destroying Spring FrameworkServlet 'dispatcher'
09-Feb-2022 18:17:37.678 INFORMACIÓN [localhost-startStop-2] org.apache.catalina.core.ApplicationContext.log Closing Spring root WebApplicationContext
09-Feb-2022 18:17:37.721 INFORMACIÓN [localhost-startStop-2] org.apache.catalina.core.ApplicationContext.log Destroying Spring FrameworkServlet 'dispatcher'
09-Feb-2022 18:17:37.725 INFORMACIÓN [localhost-startStop-2] org.apache.catalina.core.ApplicationContext.log Closing Spring root WebApplicationContext
09-Feb-2022 18:22:12.977 INFORMACIÓN [localhost-startStop-1] org.apache.catalina.core.ApplicationContext.log No Spring WebApplicationInitializer types detected on classpath
09-Feb-2022 18:22:13.128 INFORMACIÓN [localhost-startStop-1] org.apache.catalina.core.ApplicationContext.log Initializing Spring root WebApplicationContext
09-Feb-2022 18:22:14.468 INFORMACIÓN [localhost-startStop-1] org.apache.catalina.core.ApplicationContext.log Initializing Spring FrameworkServlet 'dispatcher'
09-Feb-2022 18:22:22.493 INFORMACIÓN [localhost-startStop-1] org.apache.catalina.core.ApplicationContext.log No Spring WebApplicationInitializer types detected on classpath
09-Feb-2022 18:22:22.682 INFORMACIÓN [localhost-startStop-1] org.apache.catalina.core.ApplicationContext.log Initializing Spring root WebApplicationContext
09-Feb-2022 18:22:23.956 INFORMACIÓN [localhost-startStop-1] org.apache.catalina.core.ApplicationContext.log Initializing Spring FrameworkServlet 'dispatcher'
                                                                                                                                                                                                                                                                                                                                                                                                                                                                                                                                                                                                                                                