04-Feb-2022 08:45:46.184 INFORMACIÓN [http-nio-8086-exec-9] org.apache.catalina.core.ApplicationContext.log Manager: init: Associated with Deployer 'Catalina:type=Deployer,host=localhost'
04-Feb-2022 08:45:46.185 INFORMACIÓN [http-nio-8086-exec-9] org.apache.catalina.core.ApplicationContext.log Manager: init: Global resources are available
04-Feb-2022 08:45:47.338 INFORMACIÓN [http-nio-8086-exec-10] org.apache.catalina.core.ApplicationContext.log Manager: list: Listing contexts for virtual host 'localhost'
04-Feb-2022 08:45:47.362 INFORMACIÓN [http-nio-8086-exec-5] org.apache.catalina.core.ApplicationContext.log Manager: list: Listing contexts for virtual host 'localhost'
04-Feb-2022 08:45:47.416 INFORMACIÓN [http-nio-8086-exec-1] org.apache.catalina.core.ApplicationContext.log Manager: install: Installing context configuration at 'file:/C:/Users/home/AppData/Local/Temp/context5818388709288954680.xml'
04-Feb-2022 08:45:56.004 INFORMACIÓN [http-nio-8086-exec-4] org.apache.catalina.core.ApplicationContext.log Manager: start: Starting web application '/vacaciones'
04-Feb-2022 08:46:52.648 INFORMACIÓN [http-nio-8086-exec-10] org.apache.catalina.core.ApplicationContext.log Manager: list: Listing contexts for virtual host 'localhost'
04-Feb-2022 08:46:52.695 INFORMACIÓN [http-nio-8086-exec-5] org.apache.catalina.core.ApplicationContext.log Manager: restart: Reloading web application '/vacaciones'
04-Feb-2022 08:47:09.391 INFORMACIÓN [http-nio-8086-exec-10] org.apache.catalina.core.ApplicationContext.log Manager: list: Listing contexts for virtual host 'localhost'
04-Feb-2022 08:47:09.435 INFORMACIÓN [http-nio-8086-exec-12] org.apache.catalina.core.ApplicationContext.log Manager: restart: Reloading web application '/vacaciones'
04-Feb-2022 08:48:05.361 INFORMACIÓN [http-nio-8086-exec-10] org.apache.catalina.core.ApplicationContext.log Manager: list: Listing contexts for virtual host 'localhost'
04-Feb-2022 08:48:05.435 INFORMACIÓN [http-nio-8086-exec-14] org.apache.catalina.core.ApplicationContext.log Manager: restart: Reloading web application '/vacaciones'
04-Feb-2022 08:48:14.296 INFORMACIÓN [http-nio-8086-exec-15] org.apache.catalina.core.ApplicationContext.log Manager: list: Listing contexts for virtual host 'localhost'
04-Feb-2022 08:48:14.314 INFORMACIÓN [http-nio-8086-exec-13] org.apache.catalina.core.ApplicationContext.log Manager: restart: Reloading web application '/vacaciones'
04-Feb-2022 08:48:24.716 INFORMACIÓN [http-nio-8086-exec-10] org.apache.catalina.core.ApplicationContext.log Manager: list: Listing contexts for virtual host 'localhost'
04-Feb-2022 08:48:24.752 INFORMACIÓN [http-nio-8086-exec-17] org.apache.catalina.core.ApplicationContext.log Manager: restart: Reloading web application '/vacaciones'
04-Feb-2022 08:48:34.339 INFORMACIÓN [http-nio-8086-exec-18] org.apache.catalina.core.ApplicationContext.log Manager: list: Listing contexts for virtual host 'localhost'
04-Feb-2022 08:48:34.362 INFORMACIÓN [http-nio-8086-exec-2] org.apache.catalina.core.ApplicationContext.log Manager: restart: Reloading web application '/vacaciones'
04-Feb-2022 08:54:37.770 INFORMACIÓN [http-nio-8086-exec-28] org.apache.catalina.core.ApplicationContext.log Manager: list: Listing contexts for virtual host 'localhost'
04-Feb-2022 08:54:37.797 INFORMACIÓN [http-nio-8086-exec-19] org.apache.catalina.core.ApplicationContext.log Manager: restart: Reloading web application '/vacaciones'
04-Feb-2022 08:55:55.985 INFORMACIÓN [http-nio-8086-exec-29] org.apache.catalina.core.ApplicationContext.log Manager: list: Listing contexts for virtual host 'localhost'
04-Feb-2022 08:55:56.006 INFORMACIÓN [http-nio-8086-exec-26] org.apache.catalina.core.ApplicationContext.log Manager: restart: Reloading web application '/vacaciones'
04-Feb-2022 08:56:09.947 INFORMACIÓN [http-nio-8086-exec-34] org.apache.catalina.core.ApplicationContext.log Manager: list: Listing contexts for virtual host 'localhost'
04-Feb-2022 08:56:09.967 INFORMACIÓN [http-nio-8086-exec-27] org.apache.catalina.core.ApplicationContext.log Manager: restart: Reloading web application '/vacaciones'
04-Feb-2022 08:56:23.279 INFORMACIÓN [http-nio-8086-exec-29] org.apache.catalina.core.ApplicationContext.log Manager: list: Listing contexts for virtual host 'localhost'
04-Feb-2022 08:56:23.315 INFORMACIÓN [http-nio-8086-exec-36] org.apache.catalina.core.ApplicationContext.log Manager: restart: Reloading web application '/vacaciones'
04-Feb-2022 08:56:31.206 INFORMACIÓN [http-nio-8086-exec-37] org.apache.catalina.core.ApplicationContext.log Manager: list: Listing contexts for virtual host 'localhost'
04-Feb-2022 08:56:31.236 INFORMACIÓN [http-nio-8086-exec-28] org.apache.catalina.core.ApplicationContext.log Manager: restart: Reloading web application '/vacaciones'
04-Feb-2022 08:56:38.123 INFORMACIÓN [http-nio-8086-exec-38] org.apache.catalina.core.ApplicationContext.log Manager: list: Listing contexts for virtual host 'localhost'
04-Feb-2022 08:56:38.142 INFORMACIÓN [http-nio-8086-exec-24] org.apache.catalina.core.ApplicationContext.log Manager: restart: Reloading web application '/vacaciones'
04-Feb-2022 08:56:53.390 INFORMACIÓN [http-nio-8086-exec-32] org.apache.catalina.core.ApplicationContext.log Manager: list: Listing contexts for virtual host 'localhost'
04-Feb-2022 08:56:53.408 INFORMACIÓN [http-nio-8086-exec-40] org.apache.catalina.core.ApplicationContext.log Manager: restart: Reloading web application '/vacaciones'
04-Feb-2022 08:58:03.084 INFORMACIÓN [http-nio-8086-exec-23] org.apache.catalina.core.ApplicationContext.log Manager: list: Listing contexts for virtual host 'localhost'
04-Feb-2022 08:58:03.108 INFORMACIÓN [http-nio-8086-exec-41] org.apache.catalina.core.ApplicationContext.log Manager: restart: Reloading web application '/vacaciones'
04-Feb-2022 08:58:47.944 INFORMACIÓN [http-nio-8086-exec-31] org.apache.catalina.core.ApplicationContext.log Manager: list: Listing contexts for virtual host 'localhost'
04-Feb-2022 08:58:47.976 INFORMACIÓN [http-nio-8086-exec-46] org.apache.catalina.core.ApplicationContext.log Manager: restart: Reloading web application '/vacaciones'
04-Feb-2022 08:58:55.154 INFORMACIÓN [http-nio-8086-exec-47] org.apache.catalina.core.ApplicationContext.log Manager: list: Listing contexts for virtual host 'localhost'
04-Feb-2022 08:58:55.172 INFORMACIÓN [http-nio-8086-exec-42] org.apache.catalina.core.ApplicationContext.log Manager: restart: Reloading web application '/vacaciones'
04-Feb-2022 09:07:51.855 INFORMACIÓN [http-nio-8086-exec-57] org.apache.catalina.core.ApplicationContext.log Manager: list: Listing contexts for virtual host 'localhost'
04-Feb-2022 09:07:51.886 INFORMACIÓN [http-nio-8086-exec-48] org.apache.catalina.core.ApplicationContext.log Manager: restart: Reloading web application '/vacaciones'
04-Feb-2022 09:08:44.129 INFORMACIÓN [http-nio-8086-exec-50] org.apache.catalina.core.ApplicationContext.log Manager: list: Listing contexts for virtual host 'localhost'
04-Feb-2022 09:08:44.151 INFORMACIÓN [http-nio-8086-exec-59] org.apache.catalina.core.ApplicationContext.log Manager: restart: Reloading web application '/vacaciones'
04-Feb-2022 09:08:54.053 INFORMACIÓN [http-nio-8086-exec-54] org.apache.catalina.core.ApplicationContext.log Manager: list: Listing contexts for virtual host 'localhost'
04-Feb-2022 09:08:54.075 INFORMACIÓN [http-nio-8086-exec-61] org.apache.catalina.core.ApplicationContext.log Manager: restart: Reloading web application '/vacaciones'
04-Feb-2022 09:12:37.880 INFORMACIÓN [http-nio-8086-exec-70] org.apache.catalina.core.ApplicationContext.log Manager: list: Listing contexts for virtual host 'localhost'
04-Feb-2022 09:12:37.899 INFORMACIÓN [http-nio-8086-exec-62] org.apache.catalina.core.ApplicationContext.log Manager: stop: Stopping web application '/vacaciones'
04-Feb-2022 09:12:37.963 INFORMACIÓN [http-nio-8086-exec-68] org.apache.catalina.core.ApplicationContext.log Manager: start: Starting web application '/vacaciones'
04-Feb-2022 09:15:35.356 INFORMACIÓN [http-nio-8086-exec-62] org.apache.catalina.core.ApplicationContext.log Manager: list: Listing contexts for virtual host 'localhost'
04-Feb-2022 09:15:35.388 INFORMACIÓN [http-nio-8086-exec-72] org.apache.catalina.core.ApplicationContext.log Manager: restart: Reloading web application '/vacaciones'
04-Feb-2022 09:19:00.155 INFORMACIÓN [http-nio-8086-exec-78] org.apache.catalina.core.ApplicationContext.log Manager: list: Listing contexts for virtual host 'localhost'
04-Feb-2022 09:19:00.174 INFORMACIÓN [http-nio-8086-exec-79] org.apache.catalina.core.ApplicationContext.log Manager: restart: Reloading web application '/vacaciones'
04-Feb-2022 09:21:05.566 INFORMACIÓN [http-nio-8086-exec-84] org.apache.catalina.core.ApplicationContext.log Manager: list: Listing contexts for virtual host 'localhost'
04-Feb-2022 09:21:52.399 INFORMACIÓN [http-nio-8086-exec-87] org.apache.catalina.core.ApplicationContext.log Manager: list: Listing contexts for virtual host 'localhost'
04-Feb-2022 09:22:11.098 INFORMACIÓN [http-nio-8086-exec-84] org.apache.catalina.core.ApplicationContext.log Manager: list: Listing contexts for virtual host 'localhost'
04-Feb-2022 09:22:11.106 INFORMACIÓN [http-nio-8086-exec-88] org.apache.catalina.core.ApplicationContext.log Manager: list: Listing contexts for virtual host 'localhost'
04-Feb-2022 09:22:11.226 INFORMACIÓN [http-nio-8086-exec-87] org.apache.catalina.core.ApplicationContext.log Manager: stop: Stopping web application '/vacaciones'
04-Feb-2022 09:22:11.259 INFORMACIÓN [http-nio-8086-exec-84] org.apache.catalina.core.ApplicationContext.log Manager: start: Starting web application '/vacaciones'
04-Feb-2022 09:25:09.399 INFORMACIÓN [http-nio-8086-exec-103] org.apache.catalina.core.ApplicationContext.log Manager: list: Listing contexts for virtual host 'localhost'
04-Feb-2022 09:25:09.422 INFORMACIÓN [http-nio-8086-exec-94] org.apache.catalina.core.ApplicationContext.log Manager: restart: Reloading web application '/vacaciones'
04-Feb-2022 09:25:30.899 INFORMACIÓN [http-nio-8086-exec-105] org.apache.catalina.core.ApplicationContext.log Manager: list: Listing contexts for virtual host 'localhost'
04-Feb-2022 09:25:43.393 INFORMACIÓN [http-nio-8086-exec-106] org.apache.catalina.core.ApplicationContext.log Manager: list: Listing contexts for virtual host 'localhost'
04-Feb-2022 09:37:12.610 INFORMACIÓN [http-nio-8086-exec-106] org.apache.catalina.core.ApplicationContext.log Manager: list: Listing contexts for virtual host 'localhost'
04-Feb-2022 09:37:15.695 INFORMACIÓN [http-nio-8086-exec-107] org.apache.catalina.core.ApplicationContext.log Manager: list: Listing contexts for virtual host 'localhost'
04-Feb-2022 09:39:46.089 INFORMACIÓN [http-nio-8086-exec-111] org.apache.catalina.core.ApplicationContext.log Manager: list: Listing contexts for virtual host 'localhost'
04-Feb-2022 09:40:06.680 INFORMACIÓN [http-nio-8086-exec-106] org.apache.catalina.core.ApplicationContext.log Manager: list: Listing contexts for virtual host 'localhost'
04-Feb-2022 09:40:26.507 INFORMACIÓN [http-nio-8086-exec-105] org.apache.catalina.core.ApplicationContext.log Manager: list: Listing contexts for virtual host 'localhost'
04-Feb-2022 09:43:55.059 INFORMACIÓN [http-nio-8086-exec-108] org.apache.catalina.core.ApplicationContext.log Manager: list: Listing contexts for virtual host 'localhost'
04-Feb-2022 09:44:02.208 INFORMACIÓN [http-nio-8086-exec-113] org.apache.catalina.core.ApplicationContext.log Manager: list: Listing contexts for virtual host 'localhost'
04-Feb-2022 09:44:16.486 INFORMACIÓN [http-nio-8086-exec-109] org.apache.catalina.core.ApplicationContext.log Manager: list: Listing contexts for virtual host 'localhost'
04-Feb-2022 09:48:44.206 INFORMACIÓN [http-nio-8086-exec-107] org.apache.catalina.core.ApplicationContext.log Manager: list: Listing contexts for virtual host 'localhost'
04-Feb-2022 09:49:55.197 INFORMACIÓN [http-nio-8086-exec-108] org.apache.catalina.core.ApplicationContext.log Manager: list: Listing contexts for virtual host 'localhost'
04-Feb-2022 09:50:42.121 INFORMACIÓN [http-nio-8086-exec-111] org.apache.catalina.core.ApplicationContext.log Manager: list: Listing contexts for virtual host 'localhost'
04-Feb-2022 09:51:05.127 INFORMACIÓN [http-nio-8086-exec-110] org.apache.catalina.core.ApplicationContext.log Manager: list: Listing contexts for virtual host 'localhost'
04-Feb-2022 10:24:00.106 INFORMACIÓN [http-nio-8086-exec-107] org.apache.catalina.core.ApplicationContext.log Manager: list: Listing contexts for virtual host 'localhost'
04-Feb-2022 10:24:00.127 INFORMACIÓN [http-nio-8086-exec-111] org.apache.catalina.core.ApplicationContext.log Manager: restart: Reloading web application '/vacaciones'
04-Feb-2022 10:28:57.197 INFORMACIÓN [http-nio-8086-exec-114] org.apache.catalina.core.ApplicationContext.log Manager: list: Listing contexts for virtual host 'localhost'
04-Feb-2022 10:28:57.216 INFORMACIÓN [http-nio-8086-exec-115] org.apache.catalina.core.ApplicationContext.log Manager: restart: Reloading web application '/vacaciones'
04-Feb-2022 10:31:54.126 INFORMACIÓN [http-nio-8086-exec-126] org.apache.catalina.core.ApplicationContext.log Manager: list: Listing contexts for virtual host 'localhost'
04-Feb-2022 10:31:54.148 INFORMACIÓN [http-nio-8086-exec-123] org.apache.catalina.core.ApplicationContext.log Manager: restart: Reloading web application '/vacaciones'
04-Feb-2022 10:32:51.641 INFORMACIÓN [http-nio-8086-exec-121] org.apache.catalina.core.ApplicationContext.log Manager: list: Listing contexts for virtual host 'localhost'
04-Feb-2022 10:32:51.663 INFORMACIÓN [http-nio-8086-exec-129] org.apache.catalina.core.ApplicationContext.log Manager: restart: Reloading web application '/vacaciones'
04-Feb-2022 10:33:37.235 INFORMACIÓN [http-nio-8086-exec-7] org.apache.catalina.core.ApplicationContext.log Manager: init: Associated with Deployer 'Catalina:type=Deployer,host=localhost'
04-Feb-2022 10:33:37.236 INFORMACIÓN [http-nio-8086-exec-7] org.apache.catalina.core.ApplicationContext.log Manager: init: Global resources are available
04-Feb-2022 10:33:41.464 INFORMACIÓN [http-nio-8086-exec-6] org.apache.catalina.core.ApplicationContext.log Manager: list: Listing contexts for virtual host 'localhost'
04-Feb-2022 10:33:41.478 INFORMACIÓN [http-nio-8086-exec-9] org.apache.catalina.core.ApplicationContext.log Manager: list: Listing contexts for virtual host 'localhost'
04-Feb-2022 10:33:41.498 INFORMACIÓN [http-nio-8086-exec-2] org.apache.catalina.core.ApplicationContext.log Manager: undeploy: Undeploying web application at '/vacaciones'
04-Feb-2022 10:33:42.192 INFORMACIÓN [http-nio-8086-exec-9] org.apache.catalina.core.ApplicationContext.log Manager: install: Installing context configuration at 'file:/C:/Users/home/AppData/Local/Temp/context6480266054864107878.xml'
04-Feb-2022 10:33:49.140 INFORMACIÓN [http-nio-8086-exec-6] org.apache.catalina.core.ApplicationContext.log Manager: start: Starting web application '/vacaciones'
04-Feb-2022 10:38:44.892 INFORMACIÓN [http-nio-8086-exec-20] org.apache.catalina.core.ApplicationContext.log Manager: list: Listing contexts for virtual host 'localhost'
04-Feb-2022 10:38:44.915 INFORMACIÓN [http-nio-8086-exec-13] org.apache.catalina.core.ApplicationContext.log Manager: restart: Reloading web application '/vacaciones'
04-Feb-2022 10:39:11.220 INFORMACIÓN [http-nio-8086-exec-15] org.apache.catalina.core.ApplicationContext.log Manager: list: Listing contexts for virtual host 'localhost'
04-Feb-2022 10:39:11.228 INFORMACIÓN [http-nio-8086-exec-17] org.apache.catalina.core.ApplicationContext.log Manager: list: Listing contexts for virtual host 'localhost'
04-Feb-2022 10:39:11.365 INFORMACIÓN [http-nio-8086-exec-18] org.apache.catalina.core.ApplicationContext.log Manager: restart: Reloading web application '/vacaciones'
04-Feb-2022 10:40:18.741 INFORMACIÓN [http-nio-8086-exec-24] org.apache.catalina.core.ApplicationContext.log Manager: list: Listing contexts for virtual host 'localhost'
04-Feb-2022 10:40:18.761 INFORMACIÓN [http-nio-8086-exec-25] org.apache.catalina.core.ApplicationContext.log Manager: restart: Reloading web application '/vacaciones'
04-Feb-2022 10:40:31.516 INFORMACIÓN [http-nio-8086-exec-29] org.apache.catalina.core.ApplicationContext.log Manager: list: Listing contexts for virtual host 'localhost'
04-Feb-2022 10:40:31.524 INFORMACIÓN [http-nio-8086-exec-28] org.apache.catalina.core.ApplicationContext.log Manager: list: Listing contexts for virtual host 'localhost'
04-Feb-2022 10:40:31.648 INFORMACIÓN [http-nio-8086-exec-26] org.apache.catalina.core.ApplicationContext.log Manager: restart: Reloading web application '/vacaciones'
04-Feb-2022 10:41:18.322 INFORMACIÓN [http-nio-8086-exec-36] org.apache.catalina.core.ApplicationContext.log Manager: list: Listing contexts for virtual host 'localhost'
04-Feb-2022 10:41:18.346 INFORMACIÓN [http-nio-8086-exec-37] org.apache.catalina.core.ApplicationContext.log Manager: restart: Reloading web application '/vacaciones'
04-Feb-2022 10:41:31.352 INFORMACIÓN [http-nio-8086-exec-30] org.apache.catalina.core.ApplicationContext.log Manager: list: Listing contexts for virtual host 'localhost'
04-Feb-2022 10:41:31.371 INFORMACIÓN [http-nio-8086-exec-39] org.apache.catalina.core.ApplicationContext.log Manager: restart: Reloading web application '/vacaciones'
04-Feb-2022 10:41:44.630 INFORMACIÓN [http-nio-8086-exec-30] org.apache.catalina.core.ApplicationContext.log Manager: list: Listing contexts for virtual host 'localhost'
04-Feb-2022 10:41:44.664 INFORMACIÓN [http-nio-8086-exec-41] org.apache.catalina.core.ApplicationContext.log Manager: restart: Reloading web application '/vacaciones'
04-Feb-2022 10:43:55.695 INFORMACIÓN [http-nio-8086-exec-46] org.apache.catalina.core.ApplicationContext.log Manager: list: Listing contexts for virtual host 'localhost'
04-Feb-2022 10:43:55.701 INFORMACIÓN [http-nio-8086-exec-34] org.apache.catalina.core.ApplicationContext.log Manager: list: Listing contexts for virtual host 'localhost'
04-Feb-2022 10:43:55.727 INFORMACIÓN [http-nio-8086-exec-40] org.apache.catalina.core.ApplicationContext.log Manager: undeploy: Undeploying web application at '/vacaciones'
04-Feb-2022 10:43:56.344 INFORMACIÓN [http-nio-8086-exec-48] org.apache.catalina.core.ApplicationContext.log Manager: install: Installing context configuration at 'file:/C:/Users/home/AppData/Local/Temp/context1666112441213352762.xml'
04-Feb-2022 10:44:02.080 INFORMACIÓN [http-nio-8086-exec-33] org.apache.catalina.core.ApplicationContext.log Manager: start: Starting web application '/vacaciones'
04-Feb-2022 10:52:24.622 INFORMACIÓN [http-nio-8086-exec-53] org.apache.catalina.core.ApplicationContext.log Manager: list: Listing contexts for virtual host 'localhost'
04-Feb-2022 10:52:37.400 INFORMACIÓN [http-nio-8086-exec-51] org.apache.catalina.core.ApplicationContext.log Manager: list: Listing contexts for virtual host 'localhost'
04-Feb-2022 10:53:15.009 INFORMACIÓN [http-nio-8086-exec-58] org.apache.catalina.core.ApplicationContext.log Manager: list: Listing contexts for virtual host 'localhost'
04-Feb-2022 10:53:15.037 INFORMACIÓN [http-nio-8086-exec-50] org.apache.catalina.core.ApplicationContext.log Manager: restart: Reloading web application '/vacaciones'
04-Feb-2022 10:53:40.541 INFORMACIÓN [http-nio-8086-exec-52] org.apache.catalina.core.ApplicationContext.log Manager: list: Listing contexts for virtual host 'localhost'
04-Feb-2022 10:53:40.562 INFORMACIÓN [http-nio-8086-exec-60] org.apache.catalina.core.ApplicationContext.log Manager: restart: Reloading web application '/vacaciones'
04-Feb-2022 10:55:41.699 INFORMACIÓN [http-nio-8086-exec-64] org.apache.catalina.core.ApplicationContext.log Manager: list: Listing contexts for virtual host 'localhost'
04-Feb-2022 10:55:41.734 INFORMACIÓN [http-nio-8086-exec-61] org.apache.catalina.core.ApplicationContext.log Manager: restart: Reloading web application '/vacaciones'
04-Feb-2022 10:55:52.160 INFORMACIÓN [http-nio-8086-exec-59] org.apache.catalina.core.ApplicationContext.log Manager: list: Listing contexts for virtual host 'localhost'
04-Feb-2022 10:55:52.180 INFORMACIÓN [http-nio-8086-exec-67] org.apache.catalina.core.ApplicationContext.log Manager: restart: Reloading web application '/vacaciones'
04-Feb-2022 10:56:04.866 INFORMACIÓN [http-nio-8086-exec-62] org.apache.catalina.core.ApplicationContext.log Manager: list: Listing contexts for virtual host 'localhost'
04-Feb-2022 10:56:04.890 INFORMACIÓN [http-nio-8086-exec-69] org.apache.catalina.core.ApplicationContext.log Manager: restart: Reloading web application '/vacaciones'
04-Feb-2022 10:56:11.748 INFORMACIÓN [http-nio-8086-exec-70] org.apache.catalina.core.ApplicationContext.log Manager: list: Listing contexts for virtual host 'localhost'
04-Feb-2022 10:56:11.772 INFORMACIÓN [http-nio-8086-exec-62] org.apache.catalina.core.ApplicationContext.log Manager: restart: Reloading web application '/vacaciones'
04-Feb-2022 10:56:40.478 INFORMACIÓN [http-nio-8086-exec-56] org.apache.catalina.core.ApplicationContext.log Manager: list: Listing contexts for virtual host 'localhost'
04-Feb-2022 10:56:40.501 INFORMACIÓN [http-nio-8086-exec-72] org.apache.catalina.core.ApplicationContext.log Manager: restart: Reloading web application '/vacaciones'
04-Feb-2022 10:56:58.682 INFORMACIÓN [http-nio-8086-exec-64] org.apache.catalina.core.ApplicationContext.log Manager: list: Listing contexts for virtual host 'localhost'
04-Feb-2022 10:57:25.127 INFORMACIÓN [http-nio-8086-exec-64] org.apache.catalina.core.ApplicationContext.log Manager: list: Listing contexts for virtual host 'localhost'
04-Feb-2022 10:57:25.145 INFORMACIÓN [http-nio-8086-exec-74] org.apache.catalina.core.ApplicationContext.log Manager: restart: Reloading web application '/vacaciones'
04-Feb-2022 10:57:52.243 INFORMACIÓN [http-nio-8086-exec-81] org.apache.catalina.core.ApplicationContext.log Manager: list: Listing contexts for virtual host 'localhost'
04-Feb-2022 10:57:52.261 INFORMACIÓN [http-nio-8086-exec-82] org.apache.catalina.core.ApplicationContext.log Manager: restart: Reloading web application '/vacaciones'
04-Feb-2022 10:58:24.232 INFORMACIÓN [http-nio-8086-exec-81] org.apache.catalina.core.ApplicationContext.log Manager: list: Listing contexts for virtual host 'localhost'
04-Feb-2022 10:58:24.238 INFORMACIÓN [http-nio-8086-exec-76] org.apache.catalina.core.ApplicationContext.log Manager: list: Listing contexts for virtual host 'localhost'
04-Feb-2022 10:58:24.371 INFORMACIÓN [http-nio-8086-exec-83] org.apache.catalina.core.ApplicationContext.log Manager: restart: Reloading web application '/vacaciones'
04-Feb-2022 11:00:35.893 INFORMACIÓN [http-nio-8086-exec-89] org.apache.catalina.core.ApplicationContext.log Manager: list: Listing contexts for virtual host 'localhost'
04-Feb-2022 11:00:35.913 INFORMACIÓN [http-nio-8086-exec-90] org.apache.catalina.core.ApplicationContext.log Manager: restart: Reloading web application '/vacaciones'
04-Feb-2022 11:00:57.737 INFORMACIÓN [http-nio-8086-exec-98] org.apache.catalina.core.ApplicationContext.log Manager: list: Listing contexts for virtual host 'localhost'
04-Feb-2022 11:00:57.756 INFORMACIÓN [http-nio-8086-exec-99] org.apache.catalina.core.ApplicationContext.log Manager: restart: Reloading web application '/vacaciones'
04-Feb-2022 11:01:10.437 INFORMACIÓN [http-nio-8086-exec-101] org.apache.catalina.core.ApplicationContext.log Manager: list: Listing contexts for virtual host 'localhost'
04-Feb-2022 11:01:10.457 INFORMACIÓN [http-nio-8086-exec-102] org.apache.catalina.core.ApplicationContext.log Manager: restart: Reloading web application '/vacaciones'
04-Feb-2022 11:01:25.142 INFORMACIÓN [http-nio-8086-exec-100] org.apache.catalina.core.ApplicationContext.log Manager: list: Listing contexts for virtual host 'localhost'
04-Feb-2022 11:01:25.171 INFORMACIÓN [http-nio-8086-exec-105] org.apache.catalina.core.ApplicationContext.log Manager: restart: Reloading web application '/vacaciones'
04-Feb-2022 11:01:55.891 INFORMACIÓN [http-nio-8086-exec-86] org.apache.catalina.core.ApplicationContext.log Manager: list: Listing contexts for virtual host 'localhost'
04-Feb-2022 11:01:55.921 INFORMACIÓN [http-nio-8086-exec-109] org.apache.catalina.core.ApplicationContext.log Manager: restart: Reloading web application '/vacaciones'
04-Feb-2022 11:03:14.569 INFORMACIÓN [http-nio-8086-exec-116] org.apache.catalina.core.ApplicationContext.log Manager: list: Listing contexts for virtual host 'localhost'
04-Feb-2022 11:03:14.596 INFORMACIÓN [http-nio-8086-exec-110] org.apache.catalina.core.ApplicationContext.log Manager: restart: Reloading web application '/vacaciones'
04-Feb-2022 11:03:25.823 INFORMACIÓN [http-nio-8086-exec-112] org.apache.catalina.core.ApplicationContext.log Manager: list: Listing contexts for virtual host 'localhost'
04-Feb-2022 11:03:25.841 INFORMACIÓN [http-nio-8086-exec-119] org.apache.catalina.core.ApplicationContext.log Manager: restart: Reloading web application '/vacaciones'
04-Feb-2022 11:04:05.168 INFORMACIÓN [http-nio-8086-exec-121] org.apache.catalina.core.ApplicationContext.log Manager: list: Listing contexts for virtual host 'localhost'
04-Feb-2022 11:04:05.187 INFORMACIÓN [http-nio-8086-exec-118] org.apache.catalina.core.ApplicationContext.log Manager: restart: Reloading web application '/vacaciones'
04-Feb-2022 11:04:59.990 INFORMACIÓN [http-nio-8086-exec-114] org.apache.catalina.core.ApplicationContext.log Manager: list: Listing contexts for virtual host 'localhost'
04-Feb-2022 11:05:00.015 INFORMACIÓN [http-nio-8086-exec-123] org.apache.catalina.core.ApplicationContext.log Manager: restart: Reloading web application '/vacaciones'
04-Feb-2022 11:05:54.886 INFORMACIÓN [http-nio-8086-exec-124] org.apache.catalina.core.ApplicationContext.log Manager: list: Listing contexts for virtual host 'localhost'
04-Feb-2022 11:05:54.905 INFORMACIÓN [http-nio-8086-exec-128] org.apache.catalina.core.ApplicationContext.log Manager: restart: Reloading web application '/vacaciones'
04-Feb-2022 11:06:17.657 INFORMACIÓN [http-nio-8086-exec-117] org.apache.catalina.core.ApplicationContext.log Manager: list: Listing contexts for virtual host 'localhost'
04-Feb-2022 11:06:17.664 INFORMACIÓN [http-nio-8086-exec-129] org.apache.catalina.core.ApplicationContext.log Manager: list: Listing contexts for virtual host 'localhost'
04-Feb-2022 11:06:17.811 INFORMACIÓN [http-nio-8086-exec-127] org.apache.catalina.core.ApplicationContext.log Manager: restart: Reloading web application '/vacaciones'
04-Feb-2022 11:06:34.626 INFORMACIÓN [http-nio-8086-exec-117] org.apache.catalina.core.ApplicationContext.log Manager: list: Listing contexts for virtual host 'localhost'
04-Feb-2022 11:06:34.644 INFORMACIÓN [http-nio-8086-exec-114] org.apache.catalina.core.ApplicationContext.log Manager: restart: Reloading web application '/vacaciones'
04-Feb-2022 11:06:55.276 INFORMACIÓN [http-nio-8086-exec-131] org.apache.catalina.core.ApplicationContext.log Manager: list: Listing contexts for virtual host 'localhost'
04-Feb-2022 11:06:55.300 INFORMACIÓN [http-nio-8086-exec-138] org.apache.catalina.core.ApplicationContext.log Manager: restart: Reloading web application '/vacaciones'
04-Feb-2022 11:07:09.075 INFORMACIÓN [http-nio-8086-exec-126] org.apache.catalina.core.ApplicationContext.log Manager: list: Listing contexts for virtual host 'localhost'
04-Feb-2022 11:07:09.095 INFORMACIÓN [http-nio-8086-exec-142] org.apache.catalina.core.ApplicationContext.log Manager: restart: Reloading web application '/vacaciones'
04-Feb-2022 11:07:42.910 INFORMACIÓN [http-nio-8086-exec-146] org.apache.catalina.core.ApplicationContext.log Manager: list: Listing contexts for virtual host 'localhost'
04-Feb-2022 11:07:42.938 INFORMACIÓN [http-nio-8086-exec-135] org.apache.catalina.core.ApplicationContext.log Manager: restart: Reloading web application '/vacaciones'
04-Feb-2022 11:07:52.949 INFORMACIÓN [http-nio-8086-exec-139] org.apache.catalina.core.ApplicationContext.log Manager: list: Listing contexts for virtual host 'localhost'
04-Feb-2022 11:08:09.118 INFORMACIÓN [http-nio-8086-exec-149] org.apache.catalina.core.ApplicationContext.log Manager: list: Listing contexts for virtual host 'localhost'
04-Feb-2022 11:15:31.630 INFORMACIÓN [http-nio-8086-exec-156] org.apache.catalina.core.ApplicationContext.log Manager: list: Listing contexts for virtual host 'localhost'
04-Feb-2022 11:15:36.932 INFORMACIÓN [http-nio-8086-exec-150] org.apache.catalina.core.ApplicationContext.log Manager: list: Listing contexts for virtual host 'localhost'
04-Feb-2022 11:15:36.952 INFORMACIÓN [http-nio-8086-exec-151] org.apache.catalina.core.ApplicationContext.log Manager: restart: Reloading web application '/vacaciones'
04-Feb-2022 11:22:43.701 INFORMACIÓN [http-nio-8086-exec-160] org.apache.catalina.core.ApplicationContext.log Manager: list: Listing contexts for virtual host 'localhost'
04-Feb-2022 11:22:43.721 INFORMACIÓN [http-nio-8086-exec-161] org.apache.catalina.core.ApplicationContext.log Manager: restart: Reloading web application '/vacaciones'
04-Feb-2022 11:23:19.345 INFORMACIÓN [http-nio-8086-exec-168] org.apache.catalina.core.ApplicationContext.log Manager: list: Listing contexts for virtual host 'localhost'
04-Feb-2022 11:23:19.376 INFORMACIÓN [http-nio-8086-exec-157] org.apache.catalina.core.ApplicationContext.log Manager: restart: Reloading web application '/vacaciones'
04-Feb-2022 11:25:10.670 INFORMACIÓN [http-nio-8086-exec-160] org.apache.catalina.core.ApplicationContext.log Manager: list: Listing contexts for virtual host 'localhost'
04-Feb-2022 11:25:10.688 INFORMACIÓN [http-nio-8086-exec-169] org.apache.catalina.core.ApplicationContext.log Manager: restart: Reloading web application '/vacaciones'
04-Feb-2022 11:28:00.711 INFORMACIÓN [http-nio-8086-exec-177] org.apache.catalina.core.ApplicationContext.log Manager: list: Listing contexts for virtual host 'localhost'
04-Feb-2022 11:28:00.734 INFORMACIÓN [http-nio-8086-exec-173] org.apache.catalina.core.ApplicationContext.log Manager: restart: Reloading web application '/vacaciones'
04-Feb-2022 11:28:09.936 INFORMACIÓN [http-nio-8086-exec-180] org.apache.catalina.core.ApplicationContext.log Manager: list: Listing contexts for virtual host 'localhost'
04-Feb-2022 11:28:09.960 INFORMACIÓN [http-nio-8086-exec-158] org.apache.catalina.core.ApplicationContext.log Manager: restart: Reloading web application '/vacaciones'
04-Feb-2022 11:29:56.564 INFORMACIÓN [http-nio-8086-exec-174] org.apache.catalina.core.ApplicationContext.log Manager: list: Listing contexts for virtual host 'localhost'
04-Feb-2022 11:29:56.591 INFORMACIÓN [http-nio-8086-exec-181] org.apache.catalina.core.ApplicationContext.log Manager: restart: Reloading web application '/vacaciones'
04-Feb-2022 11:30:09.565 INFORMACIÓN [http-nio-8086-exec-179] org.apache.catalina.core.ApplicationContext.log Manager: list: Listing contexts for virtual host 'localhost'
04-Feb-2022 11:30:09.595 INFORMACIÓN [http-nio-8086-exec-186] org.apache.catalina.core.ApplicationContext.log Manager: restart: Reloading web application '/vacaciones'
04-Feb-2022 11:32:03.981 INFORMACIÓN [http-nio-8086-exec-183] org.apache.catalina.core.ApplicationContext.log Manager: list: Listing contexts for virtual host 'localhost'
04-Feb-2022 11:32:04.015 INFORMACIÓN [http-nio-8086-exec-187] org.apache.catalina.core.ApplicationContext.log Manager: restart: Reloading web application '/vacaciones'
04-Feb-2022 11:32:10.694 INFORMACIÓN [http-nio-8086-exec-191] org.apache.catalina.core.ApplicationContext.log Manager: list: Listing contexts for virtual host 'localhost'
04-Feb-2022 11:32:10.720 INFORMACIÓN [http-nio-8086-exec-183] org.apache.catalina.core.ApplicationContext.log Manager: restart: Reloading web application '/vacaciones'
04-Feb-2022 11:32:18.561 INFORMACIÓN [http-nio-8086-exec-192] org.apache.catalina.core.ApplicationContext.log Manager: list: Listing contexts for virtual host 'localhost'
04-Feb-2022 11:32:18.583 INFORMACIÓN [http-nio-8086-exec-172] org.apache.catalina.core.ApplicationContext.log Manager: restart: Reloading web application '/vacaciones'
04-Feb-2022 11:32:38.361 INFORMACIÓN [http-nio-8086-exec-178] org.apache.catalina.core.ApplicationContext.log Manager: list: Listing contexts for virtual host 'localhost'
04-Feb-2022 11:32:38.380 INFORMACIÓN [http-nio-8086-exec-195] org.apache.catalina.core.ApplicationContext.log Manager: restart: Reloading web application '/vacaciones'
04-Feb-2022 11:33:14.244 INFORMACIÓN [http-nio-8086-exec-179] org.apache.catalina.core.ApplicationContext.log Manager: list: Listing contexts for virtual host 'localhost'
04-Feb-2022 11:33:14.266 INFORMACIÓN [http-nio-8086-exec-197] org.apache.catalina.core.ApplicationContext.log Manager: restart: Reloading web application '/vacaciones'
04-Feb-2022 11:34:57.122 INFORMACIÓN [http-nio-8086-exec-199] org.apache.catalina.core.ApplicationContext.log Manager: list: Listing contexts for virtual host 'localhost'
04-Feb-2022 11:34:57.150 INFORMACIÓN [http-nio-8086-exec-198] org.apache.catalina.core.ApplicationContext.log Manager: restart: Reloading web application '/vacaciones'
04-Feb-2022 11:36:13.275 INFORMACIÓN [http-nio-8086-exec-202] org.apache.catalina.core.ApplicationContext.log Manager: list: Listing contexts for virtual host 'localhost'
04-Feb-2022 11:36:13.298 INFORMACIÓN [http-nio-8086-exec-205] org.apache.catalina.core.ApplicationContext.log Manager: restart: Reloading web application '/vacaciones'
04-Feb-2022 11:36:28.864 INFORMACIÓN [http-nio-8086-exec-179] org.apache.catalina.core.ApplicationContext.log Manager: list: Listing contexts for virtual host 'localhost'
04-Feb-2022 11:36:28.883 INFORMACIÓN [http-nio-8086-exec-207] org.apache.catalina.core.ApplicationContext.log Manager: restart: Reloading web application '/vacaciones'
04-Feb-2022 11:37:57.882 INFORMACIÓN [http-nio-8086-exec-204] org.apache.catalina.core.ApplicationContext.log Manager: list: Listing contexts for virtual host 'localhost'
04-Feb-2022 11:37:57.901 INFORMACIÓN [http-nio-8086-exec-208] org.apache.catalina.core.ApplicationContext.log Manager: restart: Reloading web application '/vacaciones'
04-Feb-2022 11:38:14.286 INFORMACIÓN [http-nio-8086-exec-213] org.apache.catalina.core.ApplicationContext.log Manager: list: Listing contexts for virtual host 'localhost'
04-Feb-2022 11:38:14.307 INFORMACIÓN [http-nio-8086-exec-196] org.apache.catalina.core.ApplicationContext.log Manager: restart: Reloading web application '/vacaciones'
04-Feb-2022 11:38:30.472 INFORMACIÓN [http-nio-8086-exec-210] org.apache.catalina.core.ApplicationContext.log Manager: list: Listing contexts for virtual host 'localhost'
04-Feb-2022 11:38:30.498 INFORMACIÓN [http-nio-8086-exec-215] org.apache.catalina.core.ApplicationContext.log Manager: restart: Reloading web application '/vacaciones'
04-Feb-2022 11:39:28.206 INFORMACIÓN [http-nio-8086-exec-204] org.apache.catalina.core.ApplicationContext.log Manager: list: Listing contexts for virtual host 'localhost'
04-Feb-2022 11:39:28.224 INFORMACIÓN [http-nio-8086-exec-217] org.apache.catalina.core.ApplicationContext.log Manager: restart: Reloading web application '/vacaciones'
04-Feb-2022 11:39:38.090 INFORMACIÓN [http-nio-8086-exec-204] org.apache.catalina.core.ApplicationContext.log Manager: list: Listing contexts for virtual host 'localhost'
04-Feb-2022 11:39:38.110 INFORMACIÓN [http-nio-8086-exec-219] org.apache.catalina.core.ApplicationContext.log Manager: restart: Reloading web application '/vacaciones'
04-Feb-2022 11:39:49.289 INFORMACIÓN [http-nio-8086-exec-204] org.apache.catalina.core.ApplicationContext.log Manager: list: Listing contexts for virtual host 'localhost'
04-Feb-2022 11:39:49.309 INFORMACIÓN [http-nio-8086-exec-221] org.apache.catalina.core.ApplicationContext.log Manager: restart: Reloading web application '/vacaciones'
04-Feb-2022 11:41:21.829 INFORMACIÓN [http-nio-8086-exec-218] org.apache.catalina.core.ApplicationContext.log Manager: list: Listing contexts for virtual host 'localhost'
04-Feb-2022 11:41:21.851 INFORMACIÓN [http-nio-8086-exec-222] org.apache.catalina.core.ApplicationContext.log Manager: restart: Reloading web application '/vacaciones'
04-Feb-2022 11:49:09.646 INFORMACIÓN [http-nio-8086-exec-235] org.apache.catalina.core.ApplicationContext.log Manager: list: Listing contexts for virtual host 'localhost'
04-Feb-2022 11:49:09.669 INFORMACIÓN [http-nio-8086-exec-226] org.apache.catalina.core.ApplicationContext.log Manager: restart: Reloading web application '/vacaciones'
04-Feb-2022 11:49:59.776 INFORMACIÓN [http-nio-8086-exec-234] org.apache.catalina.core.ApplicationContext.log Manager: list: Listing contexts for virtual host 'localhost'
04-Feb-2022 11:49:59.797 INFORMACIÓN [http-nio-8086-exec-238] org.apache.catalina.core.ApplicationContext.log Manager: restart: Reloading web application '/vacaciones'
04-Feb-2022 11:51:18.138 INFORMACIÓN [http-nio-8086-exec-234] org.apache.catalina.core.ApplicationContext.log Manager: list: Listing contexts for virtual host 'localhost'
04-Feb-2022 11:51:18.158 INFORMACIÓN [http-nio-8086-exec-239] org.apache.catalina.core.ApplicationContext.log Manager: restart: Reloading web application '/vacaciones'
04-Feb-2022 11:51:30.350 INFORMACIÓN [http-nio-8086-exec-244] org.apache.catalina.core.ApplicationContext.log Manager: list: Listing contexts for virtual host 'localhost'
04-Feb-2022 11:51:30.369 INFORMACIÓN [http-nio-8086-exec-236] org.apache.catalina.core.ApplicationContext.log Manager: restart: Reloading web application '/vacaciones'
04-Feb-2022 11:51:49.729 INFORMACIÓN [http-nio-8086-exec-240] org.apache.catalina.core.ApplicationContext.log Manager: list: Listing contexts for virtual host 'localhost'
04-Feb-2022 11:52:01.564 INFORMACIÓN [http-nio-8086-exec-237] org.apache.catalina.core.ApplicationContext.log Manager: list: Listing contexts for virtual host 'localhost'
04-Feb-2022 11:52:01.570 INFORMACIÓN [http-nio-8086-exec-242] org.apache.catalina.core.ApplicationContext.log Manager: list: Listing contexts for virtual host 'localhost'
04-Feb-2022 11:52:01.694 INFORMACIÓN [http-nio-8086-exec-240] org.apache.catalina.core.ApplicationContext.log Manager: restart: Reloading web application '/vacaciones'
04-Feb-2022 11:55:06.327 INFORMACIÓN [http-nio-8086-exec-258] org.apache.catalina.core.ApplicationContext.log Manager: list: Listing contexts for virtual host 'localhost'
04-Feb-2022 11:55:06.358 INFORMACIÓN [http-nio-8086-exec-249] org.apache.catalina.core.ApplicationContext.log Manager: restart: Reloading web application '/vacaciones'
04-Feb-2022 11:55:25.929 INFORMACIÓN [http-nio-8086-exec-253] org.apache.catalina.core.ApplicationContext.log Manager: list: Listing contexts for virtual host 'localhost'
04-Feb-2022 11:55:25.956 INFORMACIÓN [http-nio-8086-exec-260] org.apache.catalina.core.ApplicationContext.log Manager: restart: Reloading web application '/vacaciones'
04-Feb-2022 11:55:32.632 INFORMACIÓN [http-nio-8086-exec-261] org.apache.catalina.core.ApplicationContext.log Manager: list: Listing contexts for virtual host 'localhost'
04-Feb-2022 11:55:42.532 INFORMACIÓN [http-nio-8086-exec-255] org.apache.catalina.core.ApplicationContext.log Manager: list: Listing contexts for virtual host 'localhost'
04-Feb-2022 11:56:09.941 INFORMACIÓN [http-nio-8086-exec-266] org.apache.catalina.core.ApplicationContext.log Manager: list: Listing contexts for virtual host 'localhost'
04-Feb-2022 11:56:16.450 INFORMACIÓN [http-nio-8086-exec-259] org.apache.catalina.core.ApplicationContext.log Manager: list: Listing contexts for virtual host 'localhost'
04-Feb-2022 11:56:47.420 INFORMACIÓN [http-nio-8086-exec-263] org.apache.catalina.core.ApplicationContext.log Manager: list: Listing contexts for virtual host 'localhost'
04-Feb-2022 12:49:20.264 INFORMACIÓN [http-nio-8086-exec-265] org.apache.catalina.core.ApplicationContext.log Manager: list: Listing contexts for virtual host 'localhost'
04-Feb-2022 12:51:38.588 INFORMACIÓN [http-nio-8086-exec-261] org.apache.catalina.core.ApplicationContext.log Manager: list: Listing contexts for virtual host 'localhost'
04-Feb-2022 12:52:34.559 INFORMACIÓN [http-nio-8086-exec-262] org.apache.catalina.core.ApplicationContext.log Manager: list: Listing contexts for virtual host 'localhost'
04-Feb-2022 12:52:43.622 INFORMACIÓN [http-nio-8086-exec-264] org.apache.catalina.core.ApplicationContext.log Manager: list: Listing contexts for virtual host 'localhost'
04-Feb-2022 12:53:01.567 INFORMACIÓN [http-nio-8086-exec-261] org.apache.catalina.core.ApplicationContext.log Manager: list: Listing contexts for virtual host 'localhost'
04-Feb-2022 12:53:01.567 INFORMACIÓN [http-nio-8086-exec-269] org.apache.catalina.core.ApplicationContext.log Manager: list: Listing contexts for virtual host 'localhost'
04-Feb-2022 12:53:01.693 INFORMACIÓN [http-nio-8086-exec-266] org.apache.catalina.core.ApplicationContext.log Manager: restart: Reloading web application '/vacaciones'
04-Feb-2022 12:54:48.761 INFORMACIÓN [http-nio-8086-exec-271] org.apache.catalina.core.ApplicationContext.log Manager: list: Listing contexts for virtual host 'localhost'
04-Feb-2022 12:55:03.186 INFORMACIÓN [http-nio-8086-exec-279] org.apache.catalina.core.ApplicationContext.log Manager: list: Listing contexts for virtual host 'localhost'
04-Feb-2022 12:55:21.134 INFORMACIÓN [http-nio-8086-exec-276] org.apache.catalina.core.ApplicationContext.log Manager: list: Listing contexts for virtual host 'localhost'
04-Feb-2022 12:55:41.460 INFORMACIÓN [http-nio-8086-exec-271] org.apache.catalina.core.ApplicationContext.log Manager: list: Listing contexts for virtual host 'localhost'
04-Feb-2022 12:55:48.123 INFORMACIÓN [http-nio-8086-exec-279] org.apache.catalina.core.ApplicationContext.log Manager: list: Listing contexts for virtual host 'localhost'
04-Feb-2022 12:55:55.473 INFORMACIÓN [http-nio-8086-exec-274] org.apache.catalina.core.ApplicationContext.log Manager: list: Listing contexts for virtual host 'localhost'
04-Feb-2022 12:56:24.789 INFORMACIÓN [http-nio-8086-exec-271] org.apache.catalina.core.ApplicationContext.log Manager: list: Listing contexts for virtual host 'localhost'
04-Feb-2022 12:56:30.530 INFORMACIÓN [http-nio-8086-exec-276] org.apache.catalina.core.ApplicationContext.log Manager: list: Listing contexts for virtual host 'localhost'
04-Feb-2022 12:56:42.862 INFORMACIÓN [http-nio-8086-exec-274] org.apache.catalina.core.ApplicationContext.log Manager: list: Listing contexts for virtual host 'localhost'
04-Feb-2022 12:57:02.653 INFORMACIÓN [http-nio-8086-exec-277] org.apache.catalina.core.ApplicationContext.log Manager: list: Listing contexts for virtual host 'localhost'
04-Feb-2022 12:57:22.204 INFORMACIÓN [http-nio-8086-exec-280] org.apache.catalina.core.ApplicationContext.log Manager: list: Listing contexts for virtual host 'localhost'
04-Feb-2022 12:57:34.920 INFORMACIÓN [http-nio-8086-exec-271] org.apache.catalina.core.ApplicationContext.log Manager: list: Listing contexts for virtual host 'localhost'
04-Feb-2022 12:57:44.626 INFORMACIÓN [http-nio-8086-exec-277] org.apache.catalina.core.ApplicationContext.log Manager: list: Listing contexts for virtual host 'localhost'
04-Feb-2022 12:57:53.315 INFORMACIÓN [http-nio-8086-exec-272] org.apache.catalina.core.ApplicationContext.log Manager: list: Listing contexts for virtual host 'localhost'
04-Feb-2022 12:58:45.162 INFORMACIÓN [http-nio-8086-exec-274] org.apache.catalina.core.ApplicationContext.log Manager: list: Listing contexts for virtual host 'localhost'
04-Feb-2022 13:23:30.886 INFORMACIÓN [http-nio-8086-exec-271] org.apache.catalina.core.ApplicationContext.log Manager: list: Listing contexts for virtual host 'localhost'
04-Feb-2022 13:23:30.908 INFORMACIÓN [http-nio-8086-exec-278] org.apache.catalina.core.ApplicationContext.log Manager: restart: Reloading web application '/vacaciones'
04-Feb-2022 13:23:49.325 INFORMACIÓN [http-nio-8086-exec-274] org.apache.catalina.core.ApplicationContext.log Manager: list: Listing contexts for virtual host 'localhost'
04-Feb-2022 13:23:49.356 INFORMACIÓN [http-nio-8086-exec-282] org.apache.catalina.core.ApplicationContext.log Manager: restart: Reloading web application '/vacaciones'
04-Feb-2022 13:23:58.554 INFORMACIÓN [http-nio-8086-exec-273] org.apache.catalina.core.ApplicationContext.log Manager: list: Listing contexts for virtual host 'localhost'
04-Feb-2022 13:23:58.569 INFORMACIÓN [http-nio-8086-exec-284] org.apache.catalina.core.ApplicationContext.log Manager: restart: Reloading web application '/vacaciones'
04-Feb-2022 13:24:10.259 INFORMACIÓN [http-nio-8086-exec-273] org.apache.catalina.core.ApplicationContext.log Manager: list: Listing contexts for virtual host 'localhost'
04-Feb-2022 13:24:10.274 INFORMACIÓN [http-nio-8086-exec-281] org.apache.catalina.core.ApplicationContext.log Manager: list: Listing contexts for virtual host 'localhost'
04-Feb-2022 13:24:10.290 INFORMACIÓN [http-nio-8086-exec-276] org.apache.catalina.core.ApplicationContext.log Manager: undeploy: Undeploying web application at '/vacaciones'
04-Feb-2022 13:24:10.911 INFORMACIÓN [http-nio-8086-exec-285] org.apache.catalina.core.ApplicationContext.log Manager: install: Installing context configuration at 'file:/C:/Users/home/AppData/Local/Temp/context162352766570564451.xml'
04-Feb-2022 13:24:15.867 INFORMACIÓN [http-nio-8086-exec-283] org.apache.catalina.core.ApplicationContext.log Manager: start: Starting web application '/vacaciones'
04-Feb-2022 13:26:40.021 INFORMACIÓN [http-nio-8086-exec-289] org.apache.catalina.core.ApplicationContext.log Manager: list: Listing contexts for virtual host 'localhost'
04-Feb-2022 13:26:40.021 INFORMACIÓN [http-nio-8086-exec-290] org.apache.catalina.core.ApplicationContext.log Manager: list: Listing contexts for virtual host 'localhost'
04-Feb-2022 13:26:40.162 INFORMACIÓN [http-nio-8086-exec-291] org.apache.catalina.core.ApplicationContext.log Manager: restart: Reloading web application '/vacaciones'
04-Feb-2022 13:27:01.361 INFORMACIÓN [http-nio-8086-exec-294] org.apache.catalina.core.ApplicationContext.log Manager: list: Listing contexts for virtual host 'localhost'
04-Feb-2022 13:27:01.379 INFORMACIÓN [http-nio-8086-exec-296] org.apache.catalina.core.ApplicationContext.log Manager: list: Listing contexts for virtual host 'localhost'
04-Feb-2022 13:27:01.428 INFORMACIÓN [http-nio-8086-exec-288] org.apache.catalina.core.ApplicationContext.log Manager: undeploy: Undeploying web application at '/vacaciones'
04-Feb-2022 13:27:02.058 INFORMACIÓN [http-nio-8086-exec-297] org.apache.catalina.core.ApplicationContext.log Manager: install: Installing context configuration at 'file:/C:/Users/home/AppData/Local/Temp/context1114189909781163216.xml'
04-Feb-2022 13:27:08.982 INFORMACIÓN [http-nio-8086-exec-296] org.apache.catalina.core.ApplicationContext.log Manager: start: Starting web application '/vacaciones'
04-Feb-2022 13:27:38.025 INFORMACIÓN [http-nio-8086-exec-304] org.apache.catalina.core.ApplicationContext.log Manager: list: Listing contexts for virtual host 'localhost'
04-Feb-2022 13:27:38.047 INFORMACIÓN [http-nio-8086-exec-301] org.apache.catalina.core.ApplicationContext.log Manager: restart: Reloading web application '/vacaciones'
04-Feb-2022 13:27:46.156 INFORMACIÓN [http-nio-8086-exec-303] org.apache.catalina.core.ApplicationContext.log Manager: list: Listing contexts for virtual host 'localhost'
04-Feb-2022 13:27:46.163 INFORMACIÓN [http-nio-8086-exec-290] org.apache.catalina.core.ApplicationContext.log Manager: list: Listing contexts for virtual host 'localhost'
04-Feb-2022 13:27:46.875 INFORMACIÓN [http-nio-8086-exec-302] org.apache.catalina.core.ApplicationContext.log Manager: restart: Reloading web application '/vacaciones'
04-Feb-2022 13:28:33.663 INFORMACIÓN [http-nio-8086-exec-308] org.apache.catalina.core.ApplicationContext.log Manager: list: Listing contexts for virtual host 'localhost'
04-Feb-2022 13:28:33.694 INFORMACIÓN [http-nio-8086-exec-306] org.apache.catalina.core.ApplicationContext.log Manager: restart: Reloading web application '/vacaciones'
04-Feb-2022 13:29:38.636 INFORMACIÓN [http-nio-8086-exec-315] org.apache.catalina.core.ApplicationContext.log Manager: list: Listing contexts for virtual host 'localhost'
04-Feb-2022 13:29:38.652 INFORMACIÓN [http-nio-8086-exec-300] org.apache.catalina.core.ApplicationContext.log Manager: restart: Reloading web application '/vacaciones'
04-Feb-2022 13:29:55.727 INFORMACIÓN [http-nio-8086-exec-317] org.apache.catalina.core.ApplicationContext.log Manager: list: Listing contexts for virtual host 'localhost'
04-Feb-2022 13:29:55.746 INFORMACIÓN [http-nio-8086-exec-322] org.apache.catalina.core.ApplicationContext.log Manager: restart: Reloading web application '/vacaciones'
04-Feb-2022 13:30:02.582 INFORMACIÓN [http-nio-8086-exec-323] org.apache.catalina.core.ApplicationContext.log Manager: list: Listing contexts for virtual host 'localhost'
04-Feb-2022 13:30:02.605 INFORMACIÓN [http-nio-8086-exec-319] org.apache.catalina.core.ApplicationContext.log Manager: restart: Reloading web application '/vacaciones'
04-Feb-2022 13:30:09.425 INFORMACIÓN [http-nio-8086-exec-324] org.apache.catalina.core.ApplicationContext.log Manager: list: Listing contexts for virtual host 'localhost'
04-Feb-2022 13:30:09.443 INFORMACIÓN [http-nio-8086-exec-315] org.apache.catalina.core.ApplicationContext.log Manager: restart: Reloading web application '/vacaciones'
04-Feb-2022 13:32:38.217 INFORMACIÓN [http-nio-8086-exec-326] org.apache.catalina.core.ApplicationContext.log Manager: list: Listing contexts for virtual host 'localhost'
04-Feb-2022 13:32:46.058 INFORMACIÓN [http-nio-8086-exec-332] org.apache.catalina.core.ApplicationContext.log Manager: list: Listing contexts for virtual host 'localhost'
04-Feb-2022 13:32:51.610 INFORMACIÓN [http-nio-8086-exec-325] org.apache.catalina.core.ApplicationContext.log Manager: list: Listing contexts for virtual host 'localhost'
04-Feb-2022 13:33:09.543 INFORMACIÓN [http-nio-8086-exec-330] org.apache.catalina.core.ApplicationContext.log Manager: list: Listing contexts for virtual host 'localhost'
04-Feb-2022 13:33:18.677 INFORMACIÓN [http-nio-8086-exec-327] org.apache.catalina.core.ApplicationContext.log Manager: list: Listing contexts for virtual host 'localhost'
04-Feb-2022 13:42:05.528 INFORMACIÓN [http-nio-8086-exec-326] org.apache.catalina.core.ApplicationContext.log Manager: list: Listing contexts for virtual host 'localhost'
04-Feb-2022 13:42:16.358 INFORMACIÓN [http-nio-8086-exec-333] org.apache.catalina.core.ApplicationContext.log Manager: list: Listing contexts for virtual host 'localhost'
04-Feb-2022 13:50:05.404 INFORMACIÓN [http-nio-8086-exec-330] org.apache.catalina.core.ApplicationContext.log Manager: list: Listing contexts for virtual host 'localhost'
04-Feb-2022 13:50:05.423 INFORMACIÓN [http-nio-8086-exec-332] org.apache.catalina.core.ApplicationContext.log Manager: restart: Reloading web application '/vacaciones'
04-Feb-2022 13:50:53.254 INFORMACIÓN [http-nio-8086-exec-326] org.apache.catalina.core.ApplicationContext.log Manager: list: Listing contexts for virtual host 'localhost'
04-Feb-2022 13:50:53.275 INFORMACIÓN [http-nio-8086-exec-336] org.apache.catalina.core.ApplicationContext.log Manager: restart: Reloading web application '/vacaciones'
04-Feb-2022 13:51:10.597 INFORMACIÓN [http-nio-8086-exec-338] org.apache.catalina.core.ApplicationContext.log Manager: list: Listing contexts for virtual host 'localhost'
04-Feb-2022 13:51:10.619 INFORMACIÓN [http-nio-8086-exec-335] org.apache.catalina.core.ApplicationContext.log Manager: restart: Reloading web application '/vacaciones'
04-Feb-2022 13:51:44.506 INFORMACIÓN [http-nio-8086-exec-328] org.apache.catalina.core.ApplicationContext.log Manager: list: Listing contexts for virtual host 'localhost'
04-Feb-2022 13:51:44.529 INFORMACIÓN [http-nio-8086-exec-340] org.apache.catalina.core.ApplicationContext.log Manager: restart: Reloading web application '/vacaciones'
04-Feb-2022 13:52:36.667 INFORMACIÓN [http-nio-8086-exec-337] org.apache.catalina.core.ApplicationContext.log Manager: list: Listing contexts for virtual host 'localhost'
04-Feb-2022 13:52:36.684 INFORMACIÓN [http-nio-8086-exec-342] org.apache.catalina.core.ApplicationContext.log Manager: stop: Stopping web application '/vacaciones'
04-Feb-2022 13:52:36.719 INFORMACIÓN [http-nio-8086-exec-341] org.apache.catalina.core.ApplicationContext.log Manager: start: Starting web application '/vacaciones'
04-Feb-2022 13:52:49.497 INFORMACIÓN [http-nio-8086-exec-344] org.apache.catalina.core.ApplicationContext.log Manager: list: Listing contexts for virtual host 'localhost'
04-Feb-2022 13:53:19.378 INFORMACIÓN [http-nio-8086-exec-338] org.apache.catalina.core.ApplicationContext.log Manager: list: Listing contexts for virtual host 'localhost'
04-Feb-2022 13:53:19.400 INFORMACIÓN [http-nio-8086-exec-345] org.apache.catalina.core.ApplicationContext.log Manager: restart: Reloading web application '/vacaciones'
04-Feb-2022 13:53:49.238 INFORMACIÓN [http-nio-8086-exec-337] org.apache.catalina.core.ApplicationContext.log Manager: list: Listing contexts for virtual host 'localhost'
04-Feb-2022 13:54:25.238 INFORMACIÓN [http-nio-8086-exec-352] org.apache.catalina.core.ApplicationContext.log Manager: list: Listing contexts for virtual host 'localhost'
04-Feb-2022 13:55:00.978 INFORMACIÓN [http-nio-8086-exec-351] org.apache.catalina.core.ApplicationContext.log Manager: list: Listing contexts for virtual host 'localhost'
04-Feb-2022 13:55:44.355 INFORMACIÓN [http-nio-8086-exec-347] org.apache.catalina.core.ApplicationContext.log Manager: list: Listing contexts for virtual host 'localhost'
04-Feb-2022 13:55:59.210 INFORMACIÓN [http-nio-8086-exec-349] org.apache.catalina.core.ApplicationContext.log Manager: list: Listing contexts for virtual host 'localhost'
04-Feb-2022 13:57:11.346 INFORMACIÓN [http-nio-8086-exec-352] org.apache.catalina.core.ApplicationContext.log Manager: list: Listing contexts for virtual host 'localhost'
04-Feb-2022 13:58:39.650 INFORMACIÓN [http-nio-8086-exec-349] org.apache.catalina.core.ApplicationContext.log Manager: list: Listing contexts for virtual host 'localhost'
04-Feb-2022 13:59:03.772 INFORMACIÓN [http-nio-8086-exec-351] org.apache.catalina.core.ApplicationContext.log Manager: list: Listing contexts for virtual host 'localhost'
04-Feb-2022 13:59:44.985 INFORMACIÓN [http-nio-8086-exec-352] org.apache.catalina.core.ApplicationContext.log Manager: list: Listing contexts for virtual host 'localhost'
04-Feb-2022 14:00:12.739 INFORMACIÓN [http-nio-8086-exec-350] org.apache.catalina.core.ApplicationContext.log Manager: list: Listing contexts for virtual host 'localhost'
04-Feb-2022 14:00:32.177 INFORMACIÓN [http-nio-8086-exec-347] org.apache.catalina.core.ApplicationContext.log Manager: list: Listing contexts for virtual host 'localhost'
04-Feb-2022 14:01:01.942 INFORMACIÓN [http-nio-8086-exec-352] org.apache.catalina.core.ApplicationContext.log Manager: list: Listing contexts for virtual host 'localhost'
04-Feb-2022 14:01:12.291 INFORMACIÓN [http-nio-8086-exec-346] org.apache.catalina.core.ApplicationContext.log Manager: list: Listing contexts for virtual host 'localhost'
04-Feb-2022 14:01:49.942 INFORMACIÓN [http-nio-8086-exec-350] org.apache.catalina.core.ApplicationContext.log Manager: list: Listing contexts for virtual host 'localhost'
04-Feb-2022 14:02:15.947 INFORMACIÓN [http-nio-8086-exec-351] org.apache.catalina.core.ApplicationContext.log Manager: list: Listing contexts for virtual host 'localhost'
04-Feb-2022 14:10:13.833 INFORMACIÓN [http-nio-8086-exec-353] org.apache.catalina.core.ApplicationContext.log Manager: list: Listing contexts for virtual host 'localhost'
04-Feb-2022 14:10:43.048 INFORMACIÓN [http-nio-8086-exec-347] org.apache.catalina.core.ApplicationContext.log Manager: list: Listing contexts for virtual host 'localhost'
04-Feb-2022 14:11:13.895 INFORMACIÓN [http-nio-8086-exec-346] org.apache.catalina.core.ApplicationContext.log Manager: list: Listing contexts for virtual host 'localhost'
04-Feb-2022 14:11:13.911 INFORMACIÓN [http-nio-8086-exec-353] org.apache.catalina.core.ApplicationContext.log Manager: stop: Stopping web application '/vacaciones'
04-Feb-2022 14:11:13.958 INFORMACIÓN [http-nio-8086-exec-347] org.apache.catalina.core.ApplicationContext.log Manager: start: Starting web application '/vacaciones'
04-Feb-2022 14:11:43.715 INFORMACIÓN [http-nio-8086-exec-361] org.apache.catalina.core.ApplicationContext.log Manager: list: Listing contexts for virtual host 'localhost'
04-Feb-2022 14:11:43.731 INFORMACIÓN [http-nio-8086-exec-346] org.apache.catalina.core.ApplicationContext.log Manager: list: Listing contexts for virtual host 'localhost'
04-Feb-2022 14:11:43.840 INFORMACIÓN [http-nio-8086-exec-358] org.apache.catalina.core.ApplicationContext.log Manager: stop: Stopping web application '/vacaciones'
04-Feb-2022 14:11:43.899 INFORMACIÓN [http-nio-8086-exec-355] org.apache.catalina.core.ApplicationContext.log Manager: start: Starting web application '/vacaciones'
04-Feb-2022 14:12:27.217 INFORMACIÓN [http-nio-8086-exec-369] org.apache.catalina.core.ApplicationContext.log Manager: list: Listing contexts for virtual host 'localhost'
04-Feb-2022 14:12:27.233 INFORMACIÓN [http-nio-8086-exec-363] org.apache.catalina.core.ApplicationContext.log Manager: restart: Reloading web application '/vacaciones'
04-Feb-2022 14:12:41.154 INFORMACIÓN [http-nio-8086-exec-366] org.apache.catalina.core.ApplicationContext.log Manager: list: Listing contexts for virtual host 'localhost'
04-Feb-2022 14:12:41.170 INFORMACIÓN [http-nio-8086-exec-372] org.apache.catalina.core.ApplicationContext.log Manager: restart: Reloading web application '/vacaciones'
04-Feb-2022 14:12:51.573 INFORMACIÓN [http-nio-8086-exec-374] org.apache.catalina.core.ApplicationContext.log Manager: list: Listing contexts for virtual host 'localhost'
04-Feb-2022 14:12:51.588 INFORMACIÓN [http-nio-8086-exec-366] org.apache.catalina.core.ApplicationContext.log Manager: restart: Reloading web application '/vacaciones'
04-Feb-2022 14:13:07.949 INFORMACIÓN [http-nio-8086-exec-375] org.apache.catalina.core.ApplicationContext.log Manager: list: Listing contexts for virtual host 'localhost'
04-Feb-2022 14:13:07.967 INFORMACIÓN [http-nio-8086-exec-378] org.apache.catalina.core.ApplicationContext.log Manager: restart: Reloading web application '/vacaciones'
04-Feb-2022 14:14:16.124 INFORMACIÓN [http-nio-8086-exec-375] org.apache.catalina.core.ApplicationContext.log Manager: list: Listing contexts for virtual host 'localhost'
04-Feb-2022 14:14:16.124 INFORMACIÓN [http-nio-8086-exec-380] org.apache.catalina.core.ApplicationContext.log Manager: list: Listing contexts for virtual host 'localhost'
04-Feb-2022 14:14:16.249 INFORMACIÓN [http-nio-8086-exec-381] org.apache.catalina.core.ApplicationContext.log Manager: restart: Reloading web application '/vacaciones'
04-Feb-2022 14:15:01.623 INFORMACIÓN [http-nio-8086-exec-386] org.apache.catalina.core.ApplicationContext.log Manager: list: Listing contexts for virtual host 'localhost'
04-Feb-2022 14:18:04.464 INFORMACIÓN [http-nio-8086-exec-394] org.apache.catalina.core.ApplicationContext.log Manager: list: Listing contexts for virtual host 'localhost'
04-Feb-2022 14:19:02.120 INFORMACIÓN [http-nio-8086-exec-390] org.apache.catalina.core.ApplicationContext.log Manager: list: Listing contexts for virtual host 'localhost'
04-Feb-2022 14:20:05.140 INFORMACIÓN [http-nio-8086-exec-387] org.apache.catalina.core.ApplicationContext.log Manager: list: Listing contexts for virtual host 'localhost'
04-Feb-2022 14:21:58.259 INFORMACIÓN [http-nio-8086-exec-391] org.apache.catalina.core.ApplicationContext.log Manager: list: Listing contexts for virtual host 'localhost'
04-Feb-2022 14:21:58.274 INFORMACIÓN [http-nio-8086-exec-387] org.apache.catalina.core.ApplicationContext.log Manager: restart: Reloading web application '/vacaciones'
04-Feb-2022 14:22:06.203 INFORMACIÓN [http-nio-8086-exec-396] org.apache.catalina.core.ApplicationContext.log Manager: list: Listing contexts for virtual host 'localhost'
04-Feb-2022 14:22:06.218 INFORMACIÓN [http-nio-8086-exec-388] org.apache.catalina.core.ApplicationContext.log Manager: restart: Reloading web application '/vacaciones'
04-Feb-2022 14:23:31.596 INFORMACIÓN [http-nio-8086-exec-394] org.apache.catalina.core.ApplicationContext.log Manager: list: Listing contexts for virtual host 'localhost'
04-Feb-2022 14:23:31.612 INFORMACIÓN [http-nio-8086-exec-397] org.apache.catalina.core.ApplicationContext.log Manager: restart: Reloading web application '/vacaciones'
04-Feb-2022 14:23:38.019 INFORMACIÓN [http-nio-8086-exec-395] org.apache.catalina.core.ApplicationContext.log Manager: list: Listing contexts for virtual host 'localhost'
04-Feb-2022 14:23:38.043 INFORMACIÓN [http-nio-8086-exec-401] org.apache.catalina.core.ApplicationContext.log Manager: restart: Reloading web application '/vacaciones'
04-Feb-2022 14:23:45.203 INFORMACIÓN [http-nio-8086-exec-395] org.apache.catalina.core.ApplicationContext.log Manager: list: Listing contexts for virtual host 'localhost'
04-Feb-2022 14:23:45.234 INFORMACIÓN [http-nio-8086-exec-386] org.apache.catalina.core.ApplicationContext.log Manager: restart: Reloading web application '/vacaciones'
04-Feb-2022 14:25:08.702 INFORMACIÓN [http-nio-8086-exec-403] org.apache.catalina.core.ApplicationContext.log Manager: list: Listing contexts for virtual host 'localhost'
04-Feb-2022 14:25:08.733 INFORMACIÓN [http-nio-8086-exec-390] org.apache.catalina.core.ApplicationContext.log Manager: restart: Reloading web application '/vacaciones'
04-Feb-2022 14:27:31.882 INFORMACIÓN [http-nio-8086-exec-407] org.apache.catalina.core.ApplicationContext.log Manager: list: Listing contexts for virtual host 'localhost'
04-Feb-2022 14:27:45.145 INFORMACIÓN [http-nio-8086-exec-415] org.apache.catalina.core.ApplicationContext.log Manager: list: Listing contexts for virtual host 'localhost'
04-Feb-2022 14:28:20.739 INFORMACIÓN [http-nio-8086-exec-413] org.apache.catalina.core.ApplicationContext.log Manager: list: Listing contexts for virtual host 'localhost'
04-Feb-2022 14:28:52.198 INFORMACIÓN [http-nio-8086-exec-407] org.apache.catalina.core.ApplicationContext.log Manager: list: Listing contexts for virtual host 'localhost'
04-Feb-2022 14:28:57.664 INFORMACIÓN [http-nio-8086-exec-414] org.apache.catalina.core.ApplicationContext.log Manager: list: Listing contexts for virtual host 'localhost'
04-Feb-2022 14:29:17.818 INFORMACIÓN [http-nio-8086-exec-407] org.apache.catalina.core.ApplicationContext.log Manager: list: Listing contexts for virtual host 'localhost'
04-Feb-2022 14:29:19.927 INFORMACIÓN [http-nio-8086-exec-414] org.apache.catalina.core.ApplicationContext.log Manager: list: Listing contexts for virtual host 'localhost'
04-Feb-2022 14:30:08.795 INFORMACIÓN [http-nio-8086-exec-412] org.apache.catalina.core.ApplicationContext.log Manager: list: Listing contexts for virtual host 'localhost'
04-Feb-2022 14:30:20.130 INFORMACIÓN [http-nio-8086-exec-411] org.apache.catalina.core.ApplicationContext.log Manager: list: Listing contexts for virtual host 'localhost'
04-Feb-2022 14:30:54.892 INFORMACIÓN [http-nio-8086-exec-415] org.apache.catalina.core.ApplicationContext.log Manager: list: Listing contexts for virtual host 'localhost'
04-Feb-2022 14:31:15.167 INFORMACIÓN [http-nio-8086-exec-409] org.apache.catalina.core.ApplicationContext.log Manager: list: Listing contexts for virtual host 'localhost'
04-Feb-2022 14:31:25.162 INFORMACIÓN [http-nio-8086-exec-407] org.apache.catalina.core.ApplicationContext.log Manager: list: Listing contexts for virtual host 'localhost'
04-Feb-2022 14:31:38.566 INFORMACIÓN [http-nio-8086-exec-407] org.apache.catalina.core.ApplicationContext.log Manager: list: Listing contexts for virtual host 'localhost'
04-Feb-2022 14:31:44.476 INFORMACIÓN [http-nio-8086-exec-409] org.apache.catalina.core.ApplicationContext.log Manager: list: Listing contexts for virtual host 'localhost'
04-Feb-2022 14:32:08.673 INFORMACIÓN [http-nio-8086-exec-415] org.apache.catalina.core.ApplicationContext.log Manager: list: Listing contexts for virtual host 'localhost'
04-Feb-2022 14:33:28.553 INFORMACIÓN [http-nio-8086-exec-416] org.apache.catalina.core.ApplicationContext.log Manager: list: Listing contexts for virtual host 'localhost'
04-Feb-2022 14:35:09.376 INFORMACIÓN [http-nio-8086-exec-412] org.apache.catalina.core.ApplicationContext.log Manager: list: Listing contexts for virtual host 'localhost'
04-Feb-2022 14:35:57.553 INFORMACIÓN [http-nio-8086-exec-413] org.apache.catalina.core.ApplicationContext.log Manager: list: Listing contexts for virtual host 'localhost'
04-Feb-2022 14:47:41.241 INFORMACIÓN [http-nio-8086-exec-411] org.apache.catalina.core.ApplicationContext.log Manager: list: Listing contexts for virtual host 'localhost'
04-Feb-2022 14:47:51.983 INFORMACIÓN [http-nio-8086-exec-413] org.apache.catalina.core.ApplicationContext.log Manager: list: Listing contexts for virtual host 'localhost'
04-Feb-2022 14:47:51.988 INFORMACIÓN [http-nio-8086-exec-412] org.apache.catalina.core.ApplicationContext.log Manager: list: Listing contexts for virtual host 'localhost'
04-Feb-2022 14:47:52.144 INFORMACIÓN [http-nio-8086-exec-408] org.apache.catalina.core.ApplicationContext.log Manager: restart: Reloading web application '/vacaciones'
04-Feb-2022 14:48:19.517 INFORMACIÓN [http-nio-8086-exec-420] org.apache.catalina.core.ApplicationContext.log Manager: list: Listing contexts for virtual host 'localhost'
04-Feb-2022 14:48:34.180 INFORMACIÓN [http-nio-8086-exec-410] org.apache.catalina.core.ApplicationContext.log Manager: list: Listing contexts for virtual host 'localhost'
04-Feb-2022 14:48:51.432 INFORMACIÓN [http-nio-8086-exec-421] org.apache.catalina.core.ApplicationContext.log Manager: list: Listing contexts for virtual host 'localhost'
04-Feb-2022 14:50:06.082 INFORMACIÓN [http-nio-8086-exec-417] org.apache.catalina.core.ApplicationContext.log Manager: list: Listing contexts for virtual host 'localhost'
04-Feb-2022 14:50:27.650 INFORMACIÓN [http-nio-8086-exec-421] org.apache.catalina.core.ApplicationContext.log Manager: list: Listing contexts for virtual host 'localhost'
04-Feb-2022 14:50:34.262 INFORMACIÓN [http-nio-8086-exec-424] org.apache.catalina.core.ApplicationContext.log Manager: list: Listing contexts for virtual host 'localhost'
04-Feb-2022 14:51:32.866 INFORMACIÓN [http-nio-8086-exec-421] org.apache.catalina.core.ApplicationContext.log Manager: list: Listing contexts for virtual host 'localhost'
04-Feb-2022 14:51:40.041 INFORMACIÓN [http-nio-8086-exec-426] org.apache.catalina.core.ApplicationContext.log Manager: list: Listing contexts for virtual host 'localhost'
04-Feb-2022 15:04:33.305 INFORMACIÓN [http-nio-8086-exec-423] org.apache.catalina.core.ApplicationContext.log Manager: list: Listing contexts for virtual host 'localhost'
04-Feb-2022 15:04:33.321 INFORMACIÓN [http-nio-8086-exec-425] org.apache.catalina.core.ApplicationContext.log Manager: restart: Reloading web application '/vacaciones'
04-Feb-2022 15:06:35.337 INFORMACIÓN [http-nio-8086-exec-434] org.apache.catalina.core.ApplicationContext.log Manager: list: Listing contexts for virtual host 'localhost'
04-Feb-2022 15:06:35.368 INFORMACIÓN [http-nio-8086-exec-429] org.apache.catalina.core.ApplicationContext.log Manager: restart: Reloading web application '/vacaciones'
04-Feb-2022 15:08:41.455 INFORMACIÓN [http-nio-8086-exec-439] org.apache.catalina.core.ApplicationContext.log Manager: list: Listing contexts for virtual host 'localhost'
04-Feb-2022 15:13:19.394 INFORMACIÓN [http-nio-8086-exec-437] org.apache.catalina.core.ApplicationContext.log Manager: list: Listing contexts for virtual host 'localhost'
04-Feb-2022 15:13:19.399 INFORMACIÓN [http-nio-8086-exec-440] org.apache.catalina.core.ApplicationContext.log Manager: list: Listing contexts for virtual host 'localhost'
04-Feb-2022 15:13:19.595 INFORMACIÓN [http-nio-8086-exec-438] org.apache.catalina.core.ApplicationContext.log Manager: restart: Reloading web application '/vacaciones'
04-Feb-2022 15:16:06.012 INFORMACIÓN [http-nio-8086-exec-455] org.apache.catalina.core.ApplicationContext.log Manager: list: Listing contexts for virtual host 'localhost'
04-Feb-2022 15:16:06.033 INFORMACIÓN [http-nio-8086-exec-446] org.apache.catalina.core.ApplicationContext.log Manager: restart: Reloading web application '/vacaciones'
04-Feb-2022 15:16:54.884 INFORMACIÓN [http-nio-8086-exec-461] org.apache.catalina.core.ApplicationContext.log Manager: list: Listing contexts for virtual host 'localhost'
04-Feb-2022 15:16:54.914 INFORMACIÓN [http-nio-8086-exec-452] org.apache.catalina.core.ApplicationContext.log Manager: restart: Reloading web application '/vacaciones'
