08-Feb-2022 08:15:00.919 INFORMACIÓN [http-nio-8086-exec-6] org.apache.catalina.core.ApplicationContext.log Manager: init: Associated with Deployer 'Catalina:type=Deployer,host=localhost'
08-Feb-2022 08:15:00.919 INFORMACIÓN [http-nio-8086-exec-6] org.apache.catalina.core.ApplicationContext.log Manager: init: Global resources are available
08-Feb-2022 08:15:09.656 INFORMACIÓN [http-nio-8086-exec-8] org.apache.catalina.core.ApplicationContext.log Manager: list: Listing contexts for virtual host 'localhost'
08-Feb-2022 08:15:09.671 INFORMACIÓN [http-nio-8086-exec-4] org.apache.catalina.core.ApplicationContext.log Manager: list: Listing contexts for virtual host 'localhost'
08-Feb-2022 08:16:19.907 INFORMACIÓN [http-nio-8086-exec-4] org.apache.catalina.core.ApplicationContext.log Manager: list: Listing contexts for virtual host 'localhost'
08-Feb-2022 08:16:19.923 INFORMACIÓN [http-nio-8086-exec-3] org.apache.catalina.core.ApplicationContext.log Manager: list: Listing contexts for virtual host 'localhost'
08-Feb-2022 08:19:10.244 INFORMACIÓN [http-nio-8086-exec-7] org.apache.catalina.core.ApplicationContext.log Manager: list: Listing contexts for virtual host 'localhost'
08-Feb-2022 08:19:10.275 INFORMACIÓN [http-nio-8086-exec-1] org.apache.catalina.core.ApplicationContext.log Manager: restart: Reloading web application '/'
08-Feb-2022 08:22:32.340 INFORMACIÓN [http-nio-8086-exec-17] org.apache.catalina.core.ApplicationContext.log Manager: list: Listing contexts for virtual host 'localhost'
08-Feb-2022 08:22:32.371 INFORMACIÓN [http-nio-8086-exec-11] org.apache.catalina.core.ApplicationContext.log Manager: restart: Reloading web application '/'
08-Feb-2022 08:22:46.745 INFORMACIÓN [http-nio-8086-exec-8] org.apache.catalina.core.ApplicationContext.log Manager: list: Listing contexts for virtual host 'localhost'
08-Feb-2022 08:22:46.745 INFORMACIÓN [http-nio-8086-exec-15] org.apache.catalina.core.ApplicationContext.log Manager: list: Listing contexts for virtual host 'localhost'
08-Feb-2022 08:22:46.839 INFORMACIÓN [http-nio-8086-exec-16] org.apache.catalina.core.ApplicationContext.log Manager: restart: Reloading web application '/'
08-Feb-2022 09:08:02.044 INFORMACIÓN [http-nio-8086-exec-24] org.apache.catalina.core.ApplicationContext.log Manager: list: Listing contexts for virtual host 'localhost'
08-Feb-2022 09:08:02.055 INFORMACIÓN [http-nio-8086-exec-25] org.apache.catalina.core.ApplicationContext.log Manager: list: Listing contexts for virtual host 'localhost'
08-Feb-2022 09:09:16.484 INFORMACIÓN [http-nio-8086-exec-29] org.apache.catalina.core.ApplicationContext.log Manager: list: Listing contexts for virtual host 'localhost'
08-Feb-2022 09:09:16.514 INFORMACIÓN [http-nio-8086-exec-30] org.apache.catalina.core.ApplicationContext.log Manager: restart: Reloading web application '/vacaciones'
08-Feb-2022 09:09:45.743 INFORMACIÓN [http-nio-8086-exec-38] org.apache.catalina.core.ApplicationContext.log Manager: list: Listing contexts for virtual host 'localhost'
08-Feb-2022 09:09:45.764 INFORMACIÓN [http-nio-8086-exec-31] org.apache.catalina.core.ApplicationContext.log Manager: restart: Reloading web application '/vacaciones'
08-Feb-2022 09:12:38.490 INFORMACIÓN [http-nio-8086-exec-48] org.apache.catalina.core.ApplicationContext.log Manager: list: Listing contexts for virtual host 'localhost'
08-Feb-2022 09:12:38.521 INFORMACIÓN [http-nio-8086-exec-44] org.apache.catalina.core.ApplicationContext.log Manager: restart: Reloading web application '/vacaciones'
08-Feb-2022 09:12:46.283 INFORMACIÓN [http-nio-8086-exec-49] org.apache.catalina.core.ApplicationContext.log Manager: list: Listing contexts for virtual host 'localhost'
08-Feb-2022 09:12:46.314 INFORMACIÓN [http-nio-8086-exec-43] org.apache.catalina.core.ApplicationContext.log Manager: restart: Reloading web application '/vacaciones'
08-Feb-2022 09:15:48.524 INFORMACIÓN [http-nio-8086-exec-55] org.apache.catalina.core.ApplicationContext.log Manager: list: Listing contexts for virtual host 'localhost'
08-Feb-2022 09:18:31.480 INFORMACIÓN [http-nio-8086-exec-53] org.apache.catalina.core.ApplicationContext.log Manager: list: Listing contexts for virtual host 'localhost'
08-Feb-2022 09:18:31.505 INFORMACIÓN [http-nio-8086-exec-54] org.apache.catalina.core.ApplicationContext.log Manager: restart: Reloading web application '/vacaciones'
08-Feb-2022 09:19:26.537 INFORMACIÓN [http-nio-8086-exec-7] org.apache.catalina.core.ApplicationContext.log Manager: init: Associated with Deployer 'Catalina:type=Deployer,host=localhost'
08-Feb-2022 09:19:26.538 INFORMACIÓN [http-nio-8086-exec-7] org.apache.catalina.core.ApplicationContext.log Manager: init: Global resources are available
08-Feb-2022 09:19:37.793 INFORMACIÓN [http-nio-8086-exec-10] org.apache.catalina.core.ApplicationContext.log Manager: list: Listing contexts for virtual host 'localhost'
08-Feb-2022 09:19:37.818 INFORMACIÓN [http-nio-8086-exec-3] org.apache.catalina.core.ApplicationContext.log Manager: list: Listing contexts for virtual host 'localhost'
08-Feb-2022 09:19:37.844 INFORMACIÓN [http-nio-8086-exec-2] org.apache.catalina.core.ApplicationContext.log Manager: undeploy: Undeploying web application at '/vacaciones'
08-Feb-2022 09:19:38.617 INFORMACIÓN [http-nio-8086-exec-3] org.apache.catalina.core.ApplicationContext.log Manager: install: Installing context configuration at 'file:/C:/Users/home/AppData/Local/Temp/context3229217620089951406.xml'
08-Feb-2022 09:19:45.429 INFORMACIÓN [http-nio-8086-exec-4] org.apache.catalina.core.ApplicationContext.log Manager: start: Starting web application '/vacaciones'
08-Feb-2022 09:23:33.634 INFORMACIÓN [http-nio-8086-exec-20] org.apache.catalina.core.ApplicationContext.log Manager: list: Listing contexts for virtual host 'localhost'
08-Feb-2022 09:24:19.640 INFORMACIÓN [http-nio-8086-exec-16] org.apache.catalina.core.ApplicationContext.log Manager: list: Listing contexts for virtual host 'localhost'
08-Feb-2022 09:25:55.066 INFORMACIÓN [http-nio-8086-exec-15] org.apache.catalina.core.ApplicationContext.log Manager: list: Listing contexts for virtual host 'localhost'
08-Feb-2022 09:25:55.098 INFORMACIÓN [http-nio-8086-exec-16] org.apache.catalina.core.ApplicationContext.log Manager: restart: Reloading web application '/'
08-Feb-2022 09:26:02.416 INFORMACIÓN [http-nio-8086-exec-21] org.apache.catalina.core.ApplicationContext.log Manager: list: Listing contexts for virtual host 'localhost'
08-Feb-2022 09:26:02.462 INFORMACIÓN [http-nio-8086-exec-20] org.apache.catalina.core.ApplicationContext.log Manager: restart: Reloading web application '/'
08-Feb-2022 09:26:20.192 INFORMACIÓN [http-nio-8086-exec-23] org.apache.catalina.core.ApplicationContext.log Manager: list: Listing contexts for virtual host 'localhost'
08-Feb-2022 09:26:20.223 INFORMACIÓN [http-nio-8086-exec-19] org.apache.catalina.core.ApplicationContext.log Manager: restart: Reloading web application '/'
08-Feb-2022 09:27:08.089 INFORMACIÓN [http-nio-8086-exec-19] org.apache.catalina.core.ApplicationContext.log Manager: list: Listing contexts for virtual host 'localhost'
08-Feb-2022 09:27:08.111 INFORMACIÓN [http-nio-8086-exec-25] org.apache.catalina.core.ApplicationContext.log Manager: restart: Reloading web application '/'
08-Feb-2022 09:27:15.232 INFORMACIÓN [http-nio-8086-exec-26] org.apache.catalina.core.ApplicationContext.log Manager: list: Listing contexts for virtual host 'localhost'
08-Feb-2022 09:27:44.476 INFORMACIÓN [http-nio-8086-exec-28] org.apache.catalina.core.ApplicationContext.log Manager: list: Listing contexts for virtual host 'localhost'
08-Feb-2022 09:27:44.512 INFORMACIÓN [http-nio-8086-exec-12] org.apache.catalina.core.ApplicationContext.log Manager: restart: Reloading web application '/'
08-Feb-2022 09:30:03.979 INFORMACIÓN [http-nio-8086-exec-37] org.apache.catalina.core.ApplicationContext.log Manager: list: Listing contexts for virtual host 'localhost'
08-Feb-2022 09:30:04.010 INFORMACIÓN [http-nio-8086-exec-29] org.apache.catalina.core.ApplicationContext.log Manager: restart: Reloading web application '/'
08-Feb-2022 09:31:25.215 INFORMACIÓN [http-nio-8086-exec-39] org.apache.catalina.core.ApplicationContext.log Manager: list: Listing contexts for virtual host 'localhost'
08-Feb-2022 09:31:25.247 INFORMACIÓN [http-nio-8086-exec-40] org.apache.catalina.core.ApplicationContext.log Manager: restart: Reloading web application '/'
08-Feb-2022 09:31:44.288 INFORMACIÓN [http-nio-8086-exec-38] org.apache.catalina.core.ApplicationContext.log Manager: list: Listing contexts for virtual host 'localhost'
08-Feb-2022 09:31:44.304 INFORMACIÓN [http-nio-8086-exec-42] org.apache.catalina.core.ApplicationContext.log Manager: list: Listing contexts for virtual host 'localhost'
08-Feb-2022 09:31:44.319 INFORMACIÓN [http-nio-8086-exec-46] org.apache.catalina.core.ApplicationContext.log Manager: undeploy: Undeploying web application at '/'
08-Feb-2022 09:31:44.940 INFORMACIÓN [http-nio-8086-exec-49] org.apache.catalina.core.ApplicationContext.log Manager: install: Installing context configuration at 'file:/C:/Users/home/AppData/Local/Temp/context9028764594055012517.xml'
08-Feb-2022 09:31:49.325 INFORMACIÓN [http-nio-8086-exec-47] org.apache.catalina.core.ApplicationContext.log Manager: start: Starting web application '/'
08-Feb-2022 09:34:05.868 INFORMACIÓN [http-nio-8086-exec-54] org.apache.catalina.core.ApplicationContext.log Manager: list: Listing contexts for virtual host 'localhost'
08-Feb-2022 09:34:05.868 INFORMACIÓN [http-nio-8086-exec-56] org.apache.catalina.core.ApplicationContext.log Manager: list: Listing contexts for virtual host 'localhost'
08-Feb-2022 09:34:05.899 INFORMACIÓN [http-nio-8086-exec-59] org.apache.catalina.core.ApplicationContext.log Manager: undeploy: Undeploying web application at '/'
08-Feb-2022 09:34:06.509 INFORMACIÓN [http-nio-8086-exec-51] org.apache.catalina.core.ApplicationContext.log Manager: install: Installing context configuration at 'file:/C:/Users/home/AppData/Local/Temp/context4535897639739639635.xml'
08-Feb-2022 09:34:10.913 INFORMACIÓN [http-nio-8086-exec-53] org.apache.catalina.core.ApplicationContext.log Manager: start: Starting web application '/'
08-Feb-2022 09:35:46.746 INFORMACIÓN [http-nio-8086-exec-70] org.apache.catalina.core.ApplicationContext.log Manager: list: Listing contexts for virtual host 'localhost'
08-Feb-2022 09:35:46.761 INFORMACIÓN [http-nio-8086-exec-61] org.apache.catalina.core.ApplicationContext.log Manager: restart: Reloading web application '/'
08-Feb-2022 09:35:53.666 INFORMACIÓN [http-nio-8086-exec-71] org.apache.catalina.core.ApplicationContext.log Manager: list: Listing contexts for virtual host 'localhost'
08-Feb-2022 09:35:53.692 INFORMACIÓN [http-nio-8086-exec-62] org.apache.catalina.core.ApplicationContext.log Manager: restart: Reloading web application '/'
08-Feb-2022 09:35:58.933 INFORMACIÓN [http-nio-8086-exec-67] org.apache.catalina.core.ApplicationContext.log Manager: list: Listing contexts for virtual host 'localhost'
08-Feb-2022 09:35:58.949 INFORMACIÓN [http-nio-8086-exec-63] org.apache.catalina.core.ApplicationContext.log Manager: restart: Reloading web application '/'
08-Feb-2022 09:36:59.101 INFORMACIÓN [http-nio-8086-exec-64] org.apache.catalina.core.ApplicationContext.log Manager: list: Listing contexts for virtual host 'localhost'
08-Feb-2022 09:36:59.108 INFORMACIÓN [http-nio-8086-exec-76] org.apache.catalina.core.ApplicationContext.log Manager: list: Listing contexts for virtual host 'localhost'
08-Feb-2022 09:36:59.135 INFORMACIÓN [http-nio-8086-exec-74] org.apache.catalina.core.ApplicationContext.log Manager: undeploy: Undeploying web application at '/'
08-Feb-2022 09:36:59.737 INFORMACIÓN [http-nio-8086-exec-65] org.apache.catalina.core.ApplicationContext.log Manager: install: Installing context configuration at 'file:/C:/Users/home/AppData/Local/Temp/context2830190155098313477.xml'
08-Feb-2022 09:37:04.369 INFORMACIÓN [http-nio-8086-exec-75] org.apache.catalina.core.ApplicationContext.log Manager: start: Starting web application '/'
08-Feb-2022 09:38:14.193 INFORMACIÓN [http-nio-8086-exec-89] org.apache.catalina.core.ApplicationContext.log Manager: list: Listing contexts for virtual host 'localhost'
08-Feb-2022 09:38:14.215 INFORMACIÓN [http-nio-8086-exec-81] org.apache.catalina.core.ApplicationContext.log Manager: restart: Reloading web application '/'
08-Feb-2022 09:38:20.495 INFORMACIÓN [http-nio-8086-exec-91] org.apache.catalina.core.ApplicationContext.log Manager: list: Listing contexts for virtual host 'localhost'
08-Feb-2022 09:38:20.520 INFORMACIÓN [http-nio-8086-exec-86] org.apache.catalina.core.ApplicationContext.log Manager: restart: Reloading web application '/'
08-Feb-2022 09:38:34.097 INFORMACIÓN [http-nio-8086-exec-93] org.apache.catalina.core.ApplicationContext.log Manager: list: Listing contexts for virtual host 'localhost'
08-Feb-2022 09:38:34.115 INFORMACIÓN [http-nio-8086-exec-91] org.apache.catalina.core.ApplicationContext.log Manager: restart: Reloading web application '/'
08-Feb-2022 09:39:38.141 INFORMACIÓN [http-nio-8086-exec-95] org.apache.catalina.core.ApplicationContext.log Manager: list: Listing contexts for virtual host 'localhost'
08-Feb-2022 09:39:38.161 INFORMACIÓN [http-nio-8086-exec-94] org.apache.catalina.core.ApplicationContext.log Manager: restart: Reloading web application '/vacaciones'
08-Feb-2022 09:40:07.542 INFORMACIÓN [http-nio-8086-exec-83] org.apache.catalina.core.ApplicationContext.log Manager: list: Listing contexts for virtual host 'localhost'
08-Feb-2022 09:40:07.567 INFORMACIÓN [http-nio-8086-exec-98] org.apache.catalina.core.ApplicationContext.log Manager: restart: Reloading web application '/vacaciones'
08-Feb-2022 09:40:36.068 INFORMACIÓN [http-nio-8086-exec-83] org.apache.catalina.core.ApplicationContext.log Manager: list: Listing contexts for virtual host 'localhost'
08-Feb-2022 09:40:36.087 INFORMACIÓN [http-nio-8086-exec-93] org.apache.catalina.core.ApplicationContext.log Manager: restart: Reloading web application '/'
08-Feb-2022 09:41:43.841 INFORMACIÓN [http-nio-8086-exec-92] org.apache.catalina.core.ApplicationContext.log Manager: list: Listing contexts for virtual host 'localhost'
08-Feb-2022 09:41:43.848 INFORMACIÓN [http-nio-8086-exec-96] org.apache.catalina.core.ApplicationContext.log Manager: list: Listing contexts for virtual host 'localhost'
08-Feb-2022 09:41:43.954 INFORMACIÓN [http-nio-8086-exec-97] org.apache.catalina.core.ApplicationContext.log Manager: restart: Reloading web application '/'
08-Feb-2022 09:42:09.795 INFORMACIÓN [http-nio-8086-exec-83] org.apache.catalina.core.ApplicationContext.log Manager: list: Listing contexts for virtual host 'localhost'
08-Feb-2022 09:42:09.800 INFORMACIÓN [http-nio-8086-exec-101] org.apache.catalina.core.ApplicationContext.log Manager: list: Listing contexts for virtual host 'localhost'
08-Feb-2022 09:42:09.824 INFORMACIÓN [http-nio-8086-exec-88] org.apache.catalina.core.ApplicationContext.log Manager: undeploy: Undeploying web application at '/'
08-Feb-2022 09:42:10.454 INFORMACIÓN [http-nio-8086-exec-95] org.apache.catalina.core.ApplicationContext.log Manager: install: Installing context configuration at 'file:/C:/Users/home/AppData/Local/Temp/context1620132785286579205.xml'
08-Feb-2022 09:42:15.925 INFORMACIÓN [http-nio-8086-exec-106] org.apache.catalina.core.ApplicationContext.log Manager: start: Starting web application '/'
08-Feb-2022 09:43:40.792 INFORMACIÓN [http-nio-8086-exec-113] org.apache.catalina.core.ApplicationContext.log Manager: list: Listing contexts for virtual host 'localhost'
08-Feb-2022 09:43:40.800 INFORMACIÓN [http-nio-8086-exec-112] org.apache.catalina.core.ApplicationContext.log Manager: list: Listing contexts for virtual host 'localhost'
08-Feb-2022 09:43:40.832 INFORMACIÓN [http-nio-8086-exec-114] org.apache.catalina.core.ApplicationContext.log Manager: undeploy: Undeploying web application at '/'
08-Feb-2022 09:43:41.465 INFORMACIÓN [http-nio-8086-exec-109] org.apache.catalina.core.ApplicationContext.log Manager: install: Installing context configuration at 'file:/C:/Users/home/AppData/Local/Temp/context9185761425535326058.xml'
08-Feb-2022 09:43:46.945 INFORMACIÓN [http-nio-8086-exec-110] org.apache.catalina.core.ApplicationContext.log Manager: start: Starting web application '/'
08-Feb-2022 09:44:51.850 INFORMACIÓN [http-nio-8086-exec-125] org.apache.catalina.core.ApplicationContext.log Manager: list: Listing contexts for virtual host 'localhost'
08-Feb-2022 09:44:51.881 INFORMACIÓN [http-nio-8086-exec-118] org.apache.catalina.core.ApplicationContext.log Manager: restart: Reloading web application '/'
08-Feb-2022 09:44:58.852 INFORMACIÓN [http-nio-8086-exec-126] org.apache.catalina.core.ApplicationContext.log Manager: list: Listing contexts for virtual host 'localhost'
08-Feb-2022 09:44:58.867 INFORMACIÓN [http-nio-8086-exec-120] org.apache.catalina.core.ApplicationContext.log Manager: restart: Reloading web application '/'
08-Feb-2022 09:45:06.749 INFORMACIÓN [http-nio-8086-exec-128] org.apache.catalina.core.ApplicationContext.log Manager: list: Listing contexts for virtual host 'localhost'
08-Feb-2022 09:45:06.780 INFORMACIÓN [http-nio-8086-exec-124] org.apache.catalina.core.ApplicationContext.log Manager: restart: Reloading web application '/'
08-Feb-2022 09:47:42.129 INFORMACIÓN [http-nio-8086-exec-127] org.apache.catalina.core.ApplicationContext.log Manager: list: Listing contexts for virtual host 'localhost'
08-Feb-2022 09:47:42.145 INFORMACIÓN [http-nio-8086-exec-129] org.apache.catalina.core.ApplicationContext.log Manager: restart: Reloading web application '/'
08-Feb-2022 09:47:48.869 INFORMACIÓN [http-nio-8086-exec-135] org.apache.catalina.core.ApplicationContext.log Manager: list: Listing contexts for virtual host 'localhost'
08-Feb-2022 09:47:48.885 INFORMACIÓN [http-nio-8086-exec-130] org.apache.catalina.core.ApplicationContext.log Manager: restart: Reloading web application '/'
08-Feb-2022 09:47:54.547 INFORMACIÓN [http-nio-8086-exec-136] org.apache.catalina.core.ApplicationContext.log Manager: list: Listing contexts for virtual host 'localhost'
08-Feb-2022 09:47:54.578 INFORMACIÓN [http-nio-8086-exec-135] org.apache.catalina.core.ApplicationContext.log Manager: restart: Reloading web application '/'
08-Feb-2022 09:48:34.235 INFORMACIÓN [http-nio-8086-exec-111] org.apache.catalina.core.ApplicationContext.log Manager: list: Listing contexts for virtual host 'localhost'
08-Feb-2022 09:48:34.235 INFORMACIÓN [http-nio-8086-exec-134] org.apache.catalina.core.ApplicationContext.log Manager: list: Listing contexts for virtual host 'localhost'
08-Feb-2022 09:48:34.345 INFORMACIÓN [http-nio-8086-exec-127] org.apache.catalina.core.ApplicationContext.log Manager: restart: Reloading web application '/'
08-Feb-2022 09:56:52.306 INFORMACIÓN [http-nio-8086-exec-149] org.apache.catalina.core.ApplicationContext.log Manager: list: Listing contexts for virtual host 'localhost'
08-Feb-2022 09:56:58.225 INFORMACIÓN [http-nio-8086-exec-141] org.apache.catalina.core.ApplicationContext.log Manager: list: Listing contexts for virtual host 'localhost'
08-Feb-2022 09:59:23.596 INFORMACIÓN [http-nio-8086-exec-144] org.apache.catalina.core.ApplicationContext.log Manager: list: Listing contexts for virtual host 'localhost'
08-Feb-2022 09:59:23.618 INFORMACIÓN [http-nio-8086-exec-146] org.apache.catalina.core.ApplicationContext.log Manager: restart: Reloading web application '/'
08-Feb-2022 09:59:31.246 INFORMACIÓN [http-nio-8086-exec-145] org.apache.catalina.core.ApplicationContext.log Manager: list: Listing contexts for virtual host 'localhost'
08-Feb-2022 09:59:31.556 INFORMACIÓN [http-nio-8086-exec-141] org.apache.catalina.core.ApplicationContext.log Manager: restart: Reloading web application '/'
08-Feb-2022 10:00:22.999 INFORMACIÓN [http-nio-8086-exec-152] org.apache.catalina.core.ApplicationContext.log Manager: list: Listing contexts for virtual host 'localhost'
08-Feb-2022 10:00:23.014 INFORMACIÓN [http-nio-8086-exec-145] org.apache.catalina.core.ApplicationContext.log Manager: restart: Reloading web application '/'
08-Feb-2022 10:00:47.993 INFORMACIÓN [http-nio-8086-exec-154] org.apache.catalina.core.ApplicationContext.log Manager: list: Listing contexts for virtual host 'localhost'
08-Feb-2022 10:00:48.025 INFORMACIÓN [http-nio-8086-exec-149] org.apache.catalina.core.ApplicationContext.log Manager: restart: Reloading web application '/'
08-Feb-2022 10:01:06.952 INFORMACIÓN [http-nio-8086-exec-147] org.apache.catalina.core.ApplicationContext.log Manager: list: Listing contexts for virtual host 'localhost'
08-Feb-2022 10:01:06.952 INFORMACIÓN [http-nio-8086-exec-151] org.apache.catalina.core.ApplicationContext.log Manager: list: Listing contexts for virtual host 'localhost'
08-Feb-2022 10:01:06.983 INFORMACIÓN [http-nio-8086-exec-143] org.apache.catalina.core.ApplicationContext.log Manager: undeploy: Undeploying web application at '/'
08-Feb-2022 10:01:07.587 INFORMACIÓN [http-nio-8086-exec-158] org.apache.catalina.core.ApplicationContext.log Manager: install: Installing context configuration at 'file:/C:/Users/home/AppData/Local/Temp/context5401158299758305511.xml'
08-Feb-2022 10:01:12.089 INFORMACIÓN [http-nio-8086-exec-142] org.apache.catalina.core.ApplicationContext.log Manager: start: Starting web application '/'
08-Feb-2022 10:02:52.286 INFORMACIÓN [http-nio-8086-exec-160] org.apache.catalina.core.ApplicationContext.log Manager: list: Listing contexts for virtual host 'localhost'
08-Feb-2022 10:06:25.400 INFORMACIÓN [http-nio-8086-exec-162] org.apache.catalina.core.ApplicationContext.log Manager: list: Listing contexts for virtual host 'localhost'
08-Feb-2022 10:06:25.420 INFORMACIÓN [http-nio-8086-exec-163] org.apache.catalina.core.ApplicationContext.log Manager: restart: Reloading web application '/'
08-Feb-2022 10:06:32.086 INFORMACIÓN [http-nio-8086-exec-164] org.apache.catalina.core.ApplicationContext.log Manager: list: Listing contexts for virtual host 'localhost'
08-Feb-2022 10:06:32.107 INFORMACIÓN [http-nio-8086-exec-166] org.apache.catalina.core.ApplicationContext.log Manager: restart: Reloading web application '/'
08-Feb-2022 10:07:58.404 INFORMACIÓN [http-nio-8086-exec-168] org.apache.catalina.core.ApplicationContext.log Manager: list: Listing contexts for virtual host 'localhost'
08-Feb-2022 10:07:58.423 INFORMACIÓN [http-nio-8086-exec-170] org.apache.catalina.core.ApplicationContext.log Manager: restart: Reloading web application '/'
08-Feb-2022 10:08:43.837 INFORMACIÓN [http-nio-8086-exec-169] org.apache.catalina.core.ApplicationContext.log Manager: list: Listing contexts for virtual host 'localhost'
08-Feb-2022 10:08:53.076 INFORMACIÓN [http-nio-8086-exec-160] org.apache.catalina.core.ApplicationContext.log Manager: list: Listing contexts for virtual host 'localhost'
08-Feb-2022 10:09:23.550 INFORMACIÓN [http-nio-8086-exec-169] org.apache.catalina.core.ApplicationContext.log Manager: list: Listing contexts for virtual host 'localhost'
08-Feb-2022 10:09:23.556 INFORMACIÓN [http-nio-8086-exec-164] org.apache.catalina.core.ApplicationContext.log Manager: list: Listing contexts for virtual host 'localhost'
08-Feb-2022 10:09:23.675 INFORMACIÓN [http-nio-8086-exec-175] org.apache.catalina.core.ApplicationContext.log Manager: restart: Reloading web application '/'
08-Feb-2022 10:17:52.295 INFORMACIÓN [http-nio-8086-exec-180] org.apache.catalina.core.ApplicationContext.log Manager: list: Listing contexts for virtual host 'localhost'
08-Feb-2022 10:17:52.301 INFORMACIÓN [http-nio-8086-exec-182] org.apache.catalina.core.ApplicationContext.log Manager: list: Listing contexts for virtual host 'localhost'
08-Feb-2022 10:17:52.335 INFORMACIÓN [http-nio-8086-exec-183] org.apache.catalina.core.ApplicationContext.log Manager: undeploy: Undeploying web application at '/'
08-Feb-2022 10:17:52.924 INFORMACIÓN [http-nio-8086-exec-182] org.apache.catalina.core.ApplicationContext.log Manager: install: Installing context configuration at 'file:/C:/Users/home/AppData/Local/Temp/context1334264310530234940.xml'
08-Feb-2022 10:17:58.041 INFORMACIÓN [http-nio-8086-exec-179] org.apache.catalina.core.ApplicationContext.log Manager: start: Starting web application '/'
08-Feb-2022 10:21:09.687 INFORMACIÓN [http-nio-8086-exec-192] org.apache.catalina.core.ApplicationContext.log Manager: list: Listing contexts for virtual host 'localhost'
08-Feb-2022 10:21:09.708 INFORMACIÓN [http-nio-8086-exec-193] org.apache.catalina.core.ApplicationContext.log Manager: restart: Reloading web application '/'
08-Feb-2022 10:22:12.397 INFORMACIÓN [http-nio-8086-exec-203] org.apache.catalina.core.ApplicationContext.log Manager: list: Listing contexts for virtual host 'localhost'
08-Feb-2022 10:22:21.324 INFORMACIÓN [http-nio-8086-exec-200] org.apache.catalina.core.ApplicationContext.log Manager: list: Listing contexts for virtual host 'localhost'
08-Feb-2022 10:24:32.079 INFORMACIÓN [http-nio-8086-exec-203] org.apache.catalina.core.ApplicationContext.log Manager: list: Listing contexts for virtual host 'localhost'
08-Feb-2022 10:32:48.308 INFORMACIÓN [http-nio-8086-exec-199] org.apache.catalina.core.ApplicationContext.log Manager: list: Listing contexts for virtual host 'localhost'
08-Feb-2022 10:32:48.355 INFORMACIÓN [http-nio-8086-exec-205] org.apache.catalina.core.ApplicationContext.log Manager: restart: Reloading web application '/vacaciones'
08-Feb-2022 10:34:08.900 INFORMACIÓN [http-nio-8086-exec-209] org.apache.catalina.core.ApplicationContext.log Manager: list: Listing contexts for virtual host 'localhost'
08-Feb-2022 10:34:08.916 INFORMACIÓN [http-nio-8086-exec-212] org.apache.catalina.core.ApplicationContext.log Manager: restart: Reloading web application '/vacaciones'
08-Feb-2022 10:34:31.770 INFORMACIÓN [http-nio-8086-exec-214] org.apache.catalina.core.ApplicationContext.log Manager: list: Listing contexts for virtual host 'localhost'
08-Feb-2022 10:34:31.785 INFORMACIÓN [http-nio-8086-exec-203] org.apache.catalina.core.ApplicationContext.log Manager: restart: Reloading web application '/vacaciones'
08-Feb-2022 10:34:38.811 INFORMACIÓN [http-nio-8086-exec-211] org.apache.catalina.core.ApplicationContext.log Manager: list: Listing contexts for virtual host 'localhost'
08-Feb-2022 10:34:38.827 INFORMACIÓN [http-nio-8086-exec-207] org.apache.catalina.core.ApplicationContext.log Manager: restart: Reloading web application '/vacaciones'
08-Feb-2022 10:34:45.598 INFORMACIÓN [http-nio-8086-exec-216] org.apache.catalina.core.ApplicationContext.log Manager: list: Listing contexts for virtual host 'localhost'
08-Feb-2022 10:34:45.622 INFORMACIÓN [http-nio-8086-exec-208] org.apache.catalina.core.ApplicationContext.log Manager: restart: Reloading web application '/vacaciones'
08-Feb-2022 10:35:30.828 INFORMACIÓN [http-nio-8086-exec-218] org.apache.catalina.core.ApplicationContext.log Manager: list: Listing contexts for virtual host 'localhost'
08-Feb-2022 10:35:30.859 INFORMACIÓN [http-nio-8086-exec-213] org.apache.catalina.core.ApplicationContext.log Manager: restart: Reloading web application '/vacaciones'
08-Feb-2022 10:35:37.701 INFORMACIÓN [http-nio-8086-exec-219] org.apache.catalina.core.ApplicationContext.log Manager: list: Listing contexts for virtual host 'localhost'
08-Feb-2022 10:35:37.717 INFORMACIÓN [http-nio-8086-exec-216] org.apache.catalina.core.ApplicationContext.log Manager: restart: Reloading web application '/vacaciones'
08-Feb-2022 10:38:38.999 INFORMACIÓN [http-nio-8086-exec-225] org.apache.catalina.core.ApplicationContext.log Manager: list: Listing contexts for virtual host 'localhost'
08-Feb-2022 10:38:52.124 INFORMACIÓN [http-nio-8086-exec-221] org.apache.catalina.core.ApplicationContext.log Manager: list: Listing contexts for virtual host 'localhost'
08-Feb-2022 10:39:47.663 INFORMACIÓN [http-nio-8086-exec-221] org.apache.catalina.core.ApplicationContext.log Manager: list: Listing contexts for virtual host 'localhost'
08-Feb-2022 10:39:47.663 INFORMACIÓN [http-nio-8086-exec-227] org.apache.catalina.core.ApplicationContext.log Manager: list: Listing contexts for virtual host 'localhost'
08-Feb-2022 10:39:47.694 INFORMACIÓN [http-nio-8086-exec-223] org.apache.catalina.core.ApplicationContext.log Manager: undeploy: Undeploying web application at '/vacaciones'
08-Feb-2022 10:39:48.288 INFORMACIÓN [http-nio-8086-exec-221] org.apache.catalina.core.ApplicationContext.log Manager: install: Installing context configuration at 'file:/C:/Users/home/AppData/Local/Temp/context7306404836789879430.xml'
08-Feb-2022 10:39:53.944 INFORMACIÓN [http-nio-8086-exec-222] org.apache.catalina.core.ApplicationContext.log Manager: start: Starting web application '/vacaciones'
08-Feb-2022 10:44:40.668 INFORMACIÓN [http-nio-8086-exec-232] org.apache.catalina.core.ApplicationContext.log Manager: list: Listing contexts for virtual host 'localhost'
08-Feb-2022 10:44:40.689 INFORMACIÓN [http-nio-8086-exec-233] org.apache.catalina.core.ApplicationContext.log Manager: restart: Reloading web application '/vacaciones'
08-Feb-2022 10:45:39.184 INFORMACIÓN [http-nio-8086-exec-237] org.apache.catalina.core.ApplicationContext.log Manager: list: Listing contexts for virtual host 'localhost'
08-Feb-2022 10:45:39.205 INFORMACIÓN [http-nio-8086-exec-241] org.apache.catalina.core.ApplicationContext.log Manager: restart: Reloading web application '/vacaciones'
08-Feb-2022 10:45:49.703 INFORMACIÓN [http-nio-8086-exec-237] org.apache.catalina.core.ApplicationContext.log Manager: list: Listing contexts for virtual host 'localhost'
08-Feb-2022 10:45:49.723 INFORMACIÓN [http-nio-8086-exec-243] org.apache.catalina.core.ApplicationContext.log Manager: restart: Reloading web application '/vacaciones'
08-Feb-2022 10:47:04.704 INFORMACIÓN [http-nio-8086-exec-245] org.apache.catalina.core.ApplicationContext.log Manager: list: Listing contexts for virtual host 'localhost'
08-Feb-2022 10:47:39.311 INFORMACIÓN [http-nio-8086-exec-248] org.apache.catalina.core.ApplicationContext.log Manager: list: Listing contexts for virtual host 'localhost'
08-Feb-2022 10:48:18.335 INFORMACIÓN [http-nio-8086-exec-244] org.apache.catalina.core.ApplicationContext.log Manager: list: Listing contexts for virtual host 'localhost'
08-Feb-2022 10:48:18.355 INFORMACIÓN [http-nio-8086-exec-248] org.apache.catalina.core.ApplicationContext.log Manager: restart: Reloading web application '/vacaciones'
08-Feb-2022 10:51:57.735 INFORMACIÓN [http-nio-8086-exec-256] org.apache.catalina.core.ApplicationContext.log Manager: list: Listing contexts for virtual host 'localhost'
08-Feb-2022 10:52:17.424 INFORMACIÓN [http-nio-8086-exec-255] org.apache.catalina.core.ApplicationContext.log Manager: list: Listing contexts for virtual host 'localhost'
08-Feb-2022 10:52:17.440 INFORMACIÓN [http-nio-8086-exec-259] org.apache.catalina.core.ApplicationContext.log Manager: restart: Reloading web application '/vacaciones'
08-Feb-2022 10:53:10.116 INFORMACIÓN [http-nio-8086-exec-271] org.apache.catalina.core.ApplicationContext.log Manager: list: Listing contexts for virtual host 'localhost'
08-Feb-2022 10:53:22.929 INFORMACIÓN [http-nio-8086-exec-267] org.apache.catalina.core.ApplicationContext.log Manager: list: Listing contexts for virtual host 'localhost'
08-Feb-2022 10:53:25.548 INFORMACIÓN [http-nio-8086-exec-268] org.apache.catalina.core.ApplicationContext.log Manager: list: Listing contexts for virtual host 'localhost'
08-Feb-2022 10:53:29.842 INFORMACIÓN [http-nio-8086-exec-265] org.apache.catalina.core.ApplicationContext.log Manager: list: Listing contexts for virtual host 'localhost'
08-Feb-2022 10:55:33.287 INFORMACIÓN [http-nio-8086-exec-264] org.apache.catalina.core.ApplicationContext.log Manager: list: Listing contexts for virtual host 'localhost'
08-Feb-2022 10:55:33.313 INFORMACIÓN [http-nio-8086-exec-268] org.apache.catalina.core.ApplicationContext.log Manager: restart: Reloading web application '/vacaciones'
08-Feb-2022 10:58:08.219 INFORMACIÓN [http-nio-8086-exec-282] org.apache.catalina.core.ApplicationContext.log Manager: list: Listing contexts for virtual host 'localhost'
08-Feb-2022 10:59:32.765 INFORMACIÓN [http-nio-8086-exec-275] org.apache.catalina.core.ApplicationContext.log Manager: list: Listing contexts for virtual host 'localhost'
08-Feb-2022 10:59:32.781 INFORMACIÓN [http-nio-8086-exec-276] org.apache.catalina.core.ApplicationContext.log Manager: restart: Reloading web application '/vacaciones'
08-Feb-2022 10:59:40.529 INFORMACIÓN [http-nio-8086-exec-284] org.apache.catalina.core.ApplicationContext.log Manager: list: Listing contexts for virtual host 'localhost'
08-Feb-2022 10:59:40.553 INFORMACIÓN [http-nio-8086-exec-277] org.apache.catalina.core.ApplicationContext.log Manager: restart: Reloading web application '/vacaciones'
08-Feb-2022 10:59:53.248 INFORMACIÓN [http-nio-8086-exec-284] org.apache.catalina.core.ApplicationContext.log Manager: list: Listing contexts for virtual host 'localhost'
08-Feb-2022 10:59:53.280 INFORMACIÓN [http-nio-8086-exec-286] org.apache.catalina.core.ApplicationContext.log Manager: restart: Reloading web application '/vacaciones'
08-Feb-2022 11:00:00.798 INFORMACIÓN [http-nio-8086-exec-274] org.apache.catalina.core.ApplicationContext.log Manager: list: Listing contexts for virtual host 'localhost'
08-Feb-2022 11:00:00.820 INFORMACIÓN [http-nio-8086-exec-282] org.apache.catalina.core.ApplicationContext.log Manager: restart: Reloading web application '/vacaciones'
08-Feb-2022 11:07:11.893 INFORMACIÓN [http-nio-8086-exec-297] org.apache.catalina.core.ApplicationContext.log Manager: list: Listing contexts for virtual host 'localhost'
08-Feb-2022 11:07:15.459 INFORMACIÓN [http-nio-8086-exec-293] org.apache.catalina.core.ApplicationContext.log Manager: list: Listing contexts for virtual host 'localhost'
08-Feb-2022 11:14:20.453 INFORMACIÓN [http-nio-8086-exec-291] org.apache.catalina.core.ApplicationContext.log Manager: list: Listing contexts for virtual host 'localhost'
08-Feb-2022 11:34:43.052 INFORMACIÓN [http-nio-8086-exec-294] org.apache.catalina.core.ApplicationContext.log Manager: list: Listing contexts for virtual host 'localhost'
08-Feb-2022 11:34:43.083 INFORMACIÓN [http-nio-8086-exec-296] org.apache.catalina.core.ApplicationContext.log Manager: restart: Reloading web application '/vacaciones'
08-Feb-2022 11:34:50.292 INFORMACIÓN [http-nio-8086-exec-298] org.apache.catalina.core.ApplicationContext.log Manager: list: Listing contexts for virtual host 'localhost'
08-Feb-2022 11:34:50.307 INFORMACIÓN [http-nio-8086-exec-292] org.apache.catalina.core.ApplicationContext.log Manager: restart: Reloading web application '/vacaciones'
08-Feb-2022 11:45:00.487 INFORMACIÓN [http-nio-8086-exec-299] org.apache.catalina.core.ApplicationContext.log Manager: list: Listing contexts for virtual host 'localhost'
08-Feb-2022 11:45:00.503 INFORMACIÓN [http-nio-8086-exec-302] org.apache.catalina.core.ApplicationContext.log Manager: restart: Reloading web application '/vacaciones'
08-Feb-2022 11:45:07.925 INFORMACIÓN [http-nio-8086-exec-309] org.apache.catalina.core.ApplicationContext.log Manager: list: Listing contexts for virtual host 'localhost'
08-Feb-2022 11:45:07.957 INFORMACIÓN [http-nio-8086-exec-301] org.apache.catalina.core.ApplicationContext.log Manager: restart: Reloading web application '/vacaciones'
08-Feb-2022 11:45:14.457 INFORMACIÓN [http-nio-8086-exec-310] org.apache.catalina.core.ApplicationContext.log Manager: list: Listing contexts for virtual host 'localhost'
08-Feb-2022 11:45:14.488 INFORMACIÓN [http-nio-8086-exec-306] org.apache.catalina.core.ApplicationContext.log Manager: restart: Reloading web application '/vacaciones'
08-Feb-2022 11:46:02.743 INFORMACIÓN [http-nio-8086-exec-307] org.apache.catalina.core.ApplicationContext.log Manager: list: Listing contexts for virtual host 'localhost'
08-Feb-2022 11:46:02.774 INFORMACIÓN [http-nio-8086-exec-312] org.apache.catalina.core.ApplicationContext.log Manager: restart: Reloading web application '/vacaciones'
08-Feb-2022 11:46:32.750 INFORMACIÓN [http-nio-8086-exec-311] org.apache.catalina.core.ApplicationContext.log Manager: list: Listing contexts for virtual host 'localhost'
08-Feb-2022 11:46:32.765 INFORMACIÓN [http-nio-8086-exec-314] org.apache.catalina.core.ApplicationContext.log Manager: restart: Reloading web application '/'
08-Feb-2022 11:46:37.969 INFORMACIÓN [http-nio-8086-exec-315] org.apache.catalina.core.ApplicationContext.log Manager: list: Listing contexts for virtual host 'localhost'
08-Feb-2022 11:46:37.984 INFORMACIÓN [http-nio-8086-exec-309] org.apache.catalina.core.ApplicationContext.log Manager: restart: Reloading web application '/'
08-Feb-2022 11:47:09.149 INFORMACIÓN [http-nio-8086-exec-307] org.apache.catalina.core.ApplicationContext.log Manager: list: Listing contexts for virtual host 'localhost'
08-Feb-2022 11:47:09.164 INFORMACIÓN [http-nio-8086-exec-311] org.apache.catalina.core.ApplicationContext.log Manager: list: Listing contexts for virtual host 'localhost'
08-Feb-2022 11:47:09.243 INFORMACIÓN [http-nio-8086-exec-305] org.apache.catalina.core.ApplicationContext.log Manager: restart: Reloading web application '/'
08-Feb-2022 11:48:43.775 INFORMACIÓN [http-nio-8086-exec-327] org.apache.catalina.core.ApplicationContext.log Manager: list: Listing contexts for virtual host 'localhost'
08-Feb-2022 11:48:43.806 INFORMACIÓN [http-nio-8086-exec-320] org.apache.catalina.core.ApplicationContext.log Manager: restart: Reloading web application '/vacaciones'
08-Feb-2022 11:48:51.275 INFORMACIÓN [http-nio-8086-exec-329] org.apache.catalina.core.ApplicationContext.log Manager: list: Listing contexts for virtual host 'localhost'
08-Feb-2022 11:48:51.306 INFORMACIÓN [http-nio-8086-exec-325] org.apache.catalina.core.ApplicationContext.log Manager: restart: Reloading web application '/vacaciones'
08-Feb-2022 11:49:07.928 INFORMACIÓN [http-nio-8086-exec-331] org.apache.catalina.core.ApplicationContext.log Manager: list: Listing contexts for virtual host 'localhost'
08-Feb-2022 11:49:07.959 INFORMACIÓN [http-nio-8086-exec-328] org.apache.catalina.core.ApplicationContext.log Manager: restart: Reloading web application '/vacaciones'
08-Feb-2022 11:51:09.832 INFORMACIÓN [http-nio-8086-exec-335] org.apache.catalina.core.ApplicationContext.log Manager: list: Listing contexts for virtual host 'localhost'
08-Feb-2022 11:51:09.847 INFORMACIÓN [http-nio-8086-exec-332] org.apache.catalina.core.ApplicationContext.log Manager: restart: Reloading web application '/vacaciones'
08-Feb-2022 11:51:30.285 INFORMACIÓN [http-nio-8086-exec-337] org.apache.catalina.core.ApplicationContext.log Manager: list: Listing contexts for virtual host 'localhost'
08-Feb-2022 11:51:30.301 INFORMACIÓN [http-nio-8086-exec-338] org.apache.catalina.core.ApplicationContext.log Manager: restart: Reloading web application '/vacaciones'
08-Feb-2022 11:51:50.656 INFORMACIÓN [http-nio-8086-exec-340] org.apache.catalina.core.ApplicationContext.log Manager: list: Listing contexts for virtual host 'localhost'
08-Feb-2022 11:51:50.672 INFORMACIÓN [http-nio-8086-exec-334] org.apache.catalina.core.ApplicationContext.log Manager: restart: Reloading web application '/vacaciones'
08-Feb-2022 11:53:53.485 INFORMACIÓN [http-nio-8086-exec-344] org.apache.catalina.core.ApplicationContext.log Manager: list: Listing contexts for virtual host 'localhost'
08-Feb-2022 11:53:53.485 INFORMACIÓN [http-nio-8086-exec-324] org.apache.catalina.core.ApplicationContext.log Manager: list: Listing contexts for virtual host 'localhost'
08-Feb-2022 11:53:54.157 INFORMACIÓN [http-nio-8086-exec-339] org.apache.catalina.core.ApplicationContext.log Manager: restart: Reloading web application '/vacaciones'
08-Feb-2022 12:00:57.673 INFORMACIÓN [http-nio-8086-exec-356] org.apache.catalina.core.ApplicationContext.log Manager: list: Listing contexts for virtual host 'localhost'
08-Feb-2022 12:00:57.695 INFORMACIÓN [http-nio-8086-exec-350] org.apache.catalina.core.ApplicationContext.log Manager: restart: Reloading web application '/vacaciones'
08-Feb-2022 12:02:46.360 INFORMACIÓN [http-nio-8086-exec-357] org.apache.catalina.core.ApplicationContext.log Manager: list: Listing contexts for virtual host 'localhost'
08-Feb-2022 12:02:46.383 INFORMACIÓN [http-nio-8086-exec-359] org.apache.catalina.core.ApplicationContext.log Manager: restart: Reloading web application '/vacaciones'
08-Feb-2022 12:04:28.749 INFORMACIÓN [http-nio-8086-exec-366] org.apache.catalina.core.ApplicationContext.log Manager: list: Listing contexts for virtual host 'localhost'
08-Feb-2022 12:04:28.780 INFORMACIÓN [http-nio-8086-exec-367] org.apache.catalina.core.ApplicationContext.log Manager: restart: Reloading web application '/vacaciones'
08-Feb-2022 12:05:19.430 INFORMACIÓN [http-nio-8086-exec-370] org.apache.catalina.core.ApplicationContext.log Manager: list: Listing contexts for virtual host 'localhost'
08-Feb-2022 12:05:19.459 INFORMACIÓN [http-nio-8086-exec-374] org.apache.catalina.core.ApplicationContext.log Manager: restart: Reloading web application '/vacaciones'
08-Feb-2022 12:07:23.615 INFORMACIÓN [http-nio-8086-exec-364] org.apache.catalina.core.ApplicationContext.log Manager: list: Listing contexts for virtual host 'localhost'
08-Feb-2022 12:07:23.636 INFORMACIÓN [http-nio-8086-exec-375] org.apache.catalina.core.ApplicationContext.log Manager: restart: Reloading web application '/vacaciones'
08-Feb-2022 12:07:46.348 INFORMACIÓN [http-nio-8086-exec-364] org.apache.catalina.core.ApplicationContext.log Manager: list: Listing contexts for virtual host 'localhost'
08-Feb-2022 12:07:46.368 INFORMACIÓN [http-nio-8086-exec-385] org.apache.catalina.core.ApplicationContext.log Manager: restart: Reloading web application '/vacaciones'
08-Feb-2022 12:08:07.796 INFORMACIÓN [http-nio-8086-exec-387] org.apache.catalina.core.ApplicationContext.log Manager: list: Listing contexts for virtual host 'localhost'
08-Feb-2022 12:08:07.811 INFORMACIÓN [http-nio-8086-exec-376] org.apache.catalina.core.ApplicationContext.log Manager: restart: Reloading web application '/vacaciones'
08-Feb-2022 12:10:30.865 INFORMACIÓN [http-nio-8086-exec-397] org.apache.catalina.core.ApplicationContext.log Manager: list: Listing contexts for virtual host 'localhost'
08-Feb-2022 12:10:30.912 INFORMACIÓN [http-nio-8086-exec-388] org.apache.catalina.core.ApplicationContext.log Manager: restart: Reloading web application '/vacaciones'
08-Feb-2022 12:10:46.629 INFORMACIÓN [http-nio-8086-exec-398] org.apache.catalina.core.ApplicationContext.log Manager: list: Listing contexts for virtual host 'localhost'
08-Feb-2022 12:10:46.644 INFORMACIÓN [http-nio-8086-exec-395] org.apache.catalina.core.ApplicationContext.log Manager: list: Listing contexts for virtual host 'localhost'
08-Feb-2022 12:10:46.660 INFORMACIÓN [http-nio-8086-exec-392] org.apache.catalina.core.ApplicationContext.log Manager: undeploy: Undeploying web application at '/vacaciones'
08-Feb-2022 12:10:47.254 INFORMACIÓN [http-nio-8086-exec-398] org.apache.catalina.core.ApplicationContext.log Manager: install: Installing context configuration at 'file:/C:/Users/home/AppData/Local/Temp/context1024725527201451404.xml'
08-Feb-2022 12:10:53.305 INFORMACIÓN [http-nio-8086-exec-390] org.apache.catalina.core.ApplicationContext.log Manager: start: Starting web application '/vacaciones'
08-Feb-2022 12:13:23.955 INFORMACIÓN [http-nio-8086-exec-402] org.apache.catalina.core.ApplicationContext.log Manager: list: Listing contexts for virtual host 'localhost'
08-Feb-2022 12:13:23.978 INFORMACIÓN [http-nio-8086-exec-403] org.apache.catalina.core.ApplicationContext.log Manager: restart: Reloading web application '/vacaciones'
08-Feb-2022 13:17:43.826 INFORMACIÓN [http-nio-8086-exec-3] org.apache.catalina.core.ApplicationContext.log Manager: init: Associated with Deployer 'Catalina:type=Deployer,host=localhost'
08-Feb-2022 13:17:43.826 INFORMACIÓN [http-nio-8086-exec-3] org.apache.catalina.core.ApplicationContext.log Manager: init: Global resources are available
08-Feb-2022 13:17:51.489 INFORMACIÓN [http-nio-8086-exec-5] org.apache.catalina.core.ApplicationContext.log Manager: list: Listing contexts for virtual host 'localhost'
08-Feb-2022 13:17:51.520 INFORMACIÓN [http-nio-8086-exec-6] org.apache.catalina.core.ApplicationContext.log Manager: list: Listing contexts for virtual host 'localhost'
08-Feb-2022 13:17:52.407 INFORMACIÓN [http-nio-8086-exec-9] org.apache.catalina.core.ApplicationContext.log Manager: restart: Reloading web application '/vacaciones'
08-Feb-2022 13:20:21.977 INFORMACIÓN [http-nio-8086-exec-8] org.apache.catalina.core.ApplicationContext.log Manager: init: Associated with Deployer 'Catalina:type=Deployer,host=localhost'
08-Feb-2022 13:20:21.981 INFORMACIÓN [http-nio-8086-exec-8] org.apache.catalina.core.ApplicationContext.log Manager: init: Global resources are available
08-Feb-2022 13:20:32.501 INFORMACIÓN [http-nio-8086-exec-1] org.apache.catalina.core.ApplicationContext.log Manager: list: Listing contexts for virtual host 'localhost'
08-Feb-2022 13:20:32.517 INFORMACIÓN [http-nio-8086-exec-5] org.apache.catalina.core.ApplicationContext.log Manager: list: Listing contexts for virtual host 'localhost'
08-Feb-2022 13:20:32.548 INFORMACIÓN [http-nio-8086-exec-3] org.apache.catalina.core.ApplicationContext.log Manager: undeploy: Undeploying web application at '/vacaciones'
08-Feb-2022 13:20:33.225 INFORMACIÓN [http-nio-8086-exec-9] org.apache.catalina.core.ApplicationContext.log Manager: install: Installing context configuration at 'file:/C:/Users/home/AppData/Local/Temp/context2173525465133410308.xml'
08-Feb-2022 13:20:39.602 INFORMACIÓN [http-nio-8086-exec-2] org.apache.catalina.core.ApplicationContext.log Manager: start: Starting web application '/vacaciones'
08-Feb-2022 13:25:55.111 INFORMACIÓN [http-nio-8086-exec-18] org.apache.catalina.core.ApplicationContext.log Manager: list: Listing contexts for virtual host 'localhost'
08-Feb-2022 13:25:55.111 INFORMACIÓN [http-nio-8086-exec-19] org.apache.catalina.core.ApplicationContext.log Manager: list: Listing contexts for virtual host 'localhost'
08-Feb-2022 13:25:55.142 INFORMACIÓN [http-nio-8086-exec-12] org.apache.catalina.core.ApplicationContext.log Manager: undeploy: Undeploying web application at '/vacaciones'
08-Feb-2022 13:25:55.798 INFORMACIÓN [http-nio-8086-exec-16] org.apache.catalina.core.ApplicationContext.log Manager: install: Installing context configuration at 'file:/C:/Users/home/AppData/Local/Temp/context2734789601489204491.xml'
08-Feb-2022 13:26:01.412 INFORMACIÓN [http-nio-8086-exec-19] org.apache.catalina.core.ApplicationContext.log Manager: start: Starting web application '/vacaciones'
08-Feb-2022 13:30:54.420 INFORMACIÓN [http-nio-8086-exec-23] org.apache.catalina.core.ApplicationContext.log Manager: list: Listing contexts for virtual host 'localhost'
08-Feb-2022 13:30:54.427 INFORMACIÓN [http-nio-8086-exec-25] org.apache.catalina.core.ApplicationContext.log Manager: list: Listing contexts for virtual host 'localhost'
08-Feb-2022 13:30:55.273 INFORMACIÓN [http-nio-8086-exec-22] org.apache.catalina.core.ApplicationContext.log Manager: restart: Reloading web application '/vacaciones'
08-Feb-2022 13:33:58.752 INFORMACIÓN [http-nio-8086-exec-37] org.apache.catalina.core.ApplicationContext.log Manager: list: Listing contexts for virtual host 'localhost'
08-Feb-2022 13:33:58.784 INFORMACIÓN [http-nio-8086-exec-38] org.apache.catalina.core.ApplicationContext.log Manager: restart: Reloading web application '/vacaciones'
08-Feb-2022 13:38:51.541 INFORMACIÓN [http-nio-8086-exec-41] org.apache.catalina.core.ApplicationContext.log Manager: list: Listing contexts for virtual host 'localhost'
08-Feb-2022 13:38:51.561 INFORMACIÓN [http-nio-8086-exec-46] org.apache.catalina.core.ApplicationContext.log Manager: restart: Reloading web application '/vacaciones'
08-Feb-2022 13:39:39.413 INFORMACIÓN [http-nio-8086-exec-43] org.apache.catalina.core.ApplicationContext.log Manager: list: Listing contexts for virtual host 'localhost'
08-Feb-2022 13:39:39.413 INFORMACIÓN [http-nio-8086-exec-51] org.apache.catalina.core.ApplicationContext.log Manager: list: Listing contexts for virtual host 'localhost'
08-Feb-2022 13:39:40.037 INFORMACIÓN [http-nio-8086-exec-47] org.apache.catalina.core.ApplicationContext.log Manager: restart: Reloading web application '/vacaciones'
08-Feb-2022 13:42:41.208 INFORMACIÓN [http-nio-8086-exec-56] org.apache.catalina.core.ApplicationContext.log Manager: list: Listing contexts for virtual host 'localhost'
08-Feb-2022 13:42:41.256 INFORMACIÓN [http-nio-8086-exec-58] org.apache.catalina.core.ApplicationContext.log Manager: restart: Reloading web application '/vacaciones'
08-Feb-2022 13:44:13.662 INFORMACIÓN [http-nio-8086-exec-73] org.apache.catalina.core.ApplicationContext.log Manager: list: Listing contexts for virtual host 'localhost'
08-Feb-2022 13:49:31.957 INFORMACIÓN [http-nio-8086-exec-67] org.apache.catalina.core.ApplicationContext.log Manager: list: Listing contexts for virtual host 'localhost'
08-Feb-2022 13:49:31.988 INFORMACIÓN [http-nio-8086-exec-65] org.apache.catalina.core.ApplicationContext.log Manager: restart: Reloading web application '/vacaciones'
08-Feb-2022 13:49:51.712 INFORMACIÓN [http-nio-8086-exec-76] org.apache.catalina.core.ApplicationContext.log Manager: list: Listing contexts for virtual host 'localhost'
08-Feb-2022 13:51:26.872 INFORMACIÓN [http-nio-8086-exec-67] org.apache.catalina.core.ApplicationContext.log Manager: list: Listing contexts for virtual host 'localhost'
08-Feb-2022 13:51:26.894 INFORMACIÓN [http-nio-8086-exec-75] org.apache.catalina.core.ApplicationContext.log Manager: restart: Reloading web application '/vacaciones'
08-Feb-2022 13:52:06.764 INFORMACIÓN [http-nio-8086-exec-76] org.apache.catalina.core.ApplicationContext.log Manager: list: Listing contexts for virtual host 'localhost'
08-Feb-2022 13:52:06.786 INFORMACIÓN [http-nio-8086-exec-74] org.apache.catalina.core.ApplicationContext.log Manager: restart: Reloading web application '/vacaciones'
08-Feb-2022 13:52:32.164 INFORMACIÓN [http-nio-8086-exec-85] org.apache.catalina.core.ApplicationContext.log Manager: list: Listing contexts for virtual host 'localhost'
08-Feb-2022 13:52:32.179 INFORMACIÓN [http-nio-8086-exec-73] org.apache.catalina.core.ApplicationContext.log Manager: list: Listing contexts for virtual host 'localhost'
08-Feb-2022 13:52:32.757 INFORMACIÓN [http-nio-8086-exec-84] org.apache.catalina.core.ApplicationContext.log Manager: restart: Reloading web application '/vacaciones'
08-Feb-2022 13:53:06.884 INFORMACIÓN [http-nio-8086-exec-91] org.apache.catalina.core.ApplicationContext.log Manager: list: Listing contexts for virtual host 'localhost'
08-Feb-2022 13:53:06.899 INFORMACIÓN [http-nio-8086-exec-85] org.apache.catalina.core.ApplicationContext.log Manager: restart: Reloading web application '/vacaciones'
08-Feb-2022 13:53:45.518 INFORMACIÓN [167] org.apache.catalina.core.ApplicationContext.log Manager: list: Listing contexts for virtual host 'localhost'
08-Feb-2022 13:53:45.518 INFORMACIÓN [http-nio-8086-exec-102] org.apache.catalina.core.ApplicationContext.log Manager: list: Listing contexts for virtual host 'localhost'
08-Feb-2022 13:53:46.217 INFORMACIÓN [http-nio-8086-exec-89] org.apache.catalina.core.ApplicationContext.log Manager: restart: Reloading web application '/vacaciones'
08-Feb-2022 13:56:58.280 INFORMACIÓN [http-nio-8086-exec-112] org.apache.catalina.core.ApplicationContext.log Manager: list: Listing contexts for virtual host 'localhost'
08-Feb-2022 13:56:58.311 INFORMACIÓN [http-nio-8086-exec-104] org.apache.catalina.core.ApplicationContext.log Manager: restart: Reloading web application '/'
08-Feb-2022 13:58:21.029 INFORMACIÓN [http-nio-8086-exec-108] org.apache.catalina.core.ApplicationContext.log Manager: list: Listing contexts for virtual host 'localhost'
08-Feb-2022 13:58:21.045 INFORMACIÓN [http-nio-8086-exec-113] org.apache.catalina.core.ApplicationContext.log Manager: restart: Reloading web application '/'
08-Feb-2022 13:58:47.951 INFORMACIÓN [http-nio-8086-exec-107] org.apache.catalina.core.ApplicationContext.log Manager: list: Listing contexts for virtual host 'localhost'
08-Feb-2022 13:58:47.959 INFORMACIÓN [http-nio-8086-exec-105] org.apache.catalina.core.ApplicationContext.log Manager: list: Listing contexts for virtual host 'localhost'
08-Feb-2022 13:58:48.056 INFORMACIÓN [http-nio-8086-exec-116] org.apache.catalina.core.ApplicationContext.log Manager: restart: Reloading web application '/'
08-Feb-2022 14:00:08.504 INFORMACIÓN [http-nio-8086-exec-128] org.apache.catalina.core.ApplicationContext.log Manager: list: Listing contexts for virtual host 'localhost'
08-Feb-2022 14:00:18.693 INFORMACIÓN [http-nio-8086-exec-124] org.apache.catalina.core.ApplicationContext.log Manager: list: Listing contexts for virtual host 'localhost'
08-Feb-2022 14:00:40.478 INFORMACIÓN [http-nio-8086-exec-121] org.apache.catalina.core.ApplicationContext.log Manager: list: Listing contexts for virtual host 'localhost'
08-Feb-2022 14:00:40.502 INFORMACIÓN [http-nio-8086-exec-123] org.apache.catalina.core.ApplicationContext.log Manager: restart: Reloading web application '/'
08-Feb-2022 14:01:44.053 INFORMACIÓN [http-nio-8086-exec-130] org.apache.catalina.core.ApplicationContext.log Manager: list: Listing contexts for virtual host 'localhost'
08-Feb-2022 14:01:44.074 INFORMACIÓN [http-nio-8086-exec-135] org.apache.catalina.core.ApplicationContext.log Manager: restart: Reloading web application '/vacaciones'
08-Feb-2022 14:02:35.892 INFORMACIÓN [http-nio-8086-exec-139] org.apache.catalina.core.ApplicationContext.log Manager: list: Listing contexts for virtual host 'localhost'
08-Feb-2022 14:02:56.231 INFORMACIÓN [202] org.apache.catalina.core.ApplicationContext.log Manager: list: Listing contexts for virtual host 'localhost'
08-Feb-2022 14:02:56.231 INFORMACIÓN [http-nio-8086-exec-138] org.apache.catalina.core.ApplicationContext.log Manager: list: Listing contexts for virtual host 'localhost'
08-Feb-2022 14:02:56.825 INFORMACIÓN [http-nio-8086-exec-132] org.apache.catalina.core.ApplicationContext.log Manager: restart: Reloading web application '/vacaciones'
08-Feb-2022 14:04:17.220 INFORMACIÓN [http-nio-8086-exec-152] org.apache.catalina.core.ApplicationContext.log Manager: list: Listing contexts for virtual host 'localhost'
08-Feb-2022 14:04:17.267 INFORMACIÓN [http-nio-8086-exec-145] org.apache.catalina.core.ApplicationContext.log Manager: restart: Reloading web application '/vacaciones'
08-Feb-2022 14:04:47.618 INFORMACIÓN [http-nio-8086-exec-154] org.apache.catalina.core.ApplicationContext.log Manager: list: Listing contexts for virtual host 'localhost'
08-Feb-2022 14:04:47.649 INFORMACIÓN [http-nio-8086-exec-146] org.apache.catalina.core.ApplicationContext.log Manager: stop: Stopping web application '/vacaciones'
08-Feb-2022 14:04:47.696 INFORMACIÓN [http-nio-8086-exec-144] org.apache.catalina.core.ApplicationContext.log Manager: start: Starting web application '/vacaciones'
08-Feb-2022 14:05:22.259 INFORMACIÓN [http-nio-8086-exec-147] org.apache.catalina.core.ApplicationContext.log Manager: list: Listing contexts for virtual host 'localhost'
08-Feb-2022 14:05:22.265 INFORMACIÓN [http-nio-8086-exec-156] org.apache.catalina.core.ApplicationContext.log Manager: list: Listing contexts for virtual host 'localhost'
08-Feb-2022 14:05:22.904 INFORMACIÓN [http-nio-8086-exec-151] org.apache.catalina.core.ApplicationContext.log Manager: stop: Stopping web application '/vacaciones'
08-Feb-2022 14:05:22.951 INFORMACIÓN [http-nio-8086-exec-157] org.apache.catalina.core.ApplicationContext.log Manager: start: Starting web application '/vacaciones'
08-Feb-2022 14:06:16.332 INFORMACIÓN [http-nio-8086-exec-169] org.apache.catalina.core.ApplicationContext.log Manager: list: Listing contexts for virtual host 'localhost'
08-Feb-2022 14:06:16.354 INFORMACIÓN [http-nio-8086-exec-163] org.apache.catalina.core.ApplicationContext.log Manager: restart: Reloading web application '/vacaciones'
08-Feb-2022 14:07:14.687 INFORMACIÓN [http-nio-8086-exec-154] org.apache.catalina.core.ApplicationContext.log Manager: list: Listing contexts for virtual host 'localhost'
08-Feb-2022 14:07:14.716 INFORMACIÓN [http-nio-8086-exec-165] org.apache.catalina.core.ApplicationContext.log Manager: restart: Reloading web application '/vacaciones'
08-Feb-2022 14:14:15.081 INFORMACIÓN [http-nio-8086-exec-179] org.apache.catalina.core.ApplicationContext.log Manager: list: Listing contexts for virtual host 'localhost'
08-Feb-2022 14:14:21.481 INFORMACIÓN [http-nio-8086-exec-178] org.apache.catalina.core.ApplicationContext.log Manager: list: Listing contexts for virtual host 'localhost'
08-Feb-2022 14:14:30.025 INFORMACIÓN [http-nio-8086-exec-175] org.apache.catalina.core.ApplicationContext.log Manager: list: Listing contexts for virtual host 'localhost'
08-Feb-2022 14:14:37.992 INFORMACIÓN [http-nio-8086-exec-177] org.apache.catalina.core.ApplicationContext.log Manager: list: Listing contexts for virtual host 'localhost'
08-Feb-2022 14:15:59.413 INFORMACIÓN [http-nio-8086-exec-180] org.apache.catalina.core.ApplicationContext.log Manager: list: Listing contexts for virtual host 'localhost'
08-Feb-2022 14:20:54.169 INFORMACIÓN [http-nio-8086-exec-181] org.apache.catalina.core.ApplicationContext.log Manager: list: Listing contexts for virtual host 'localhost'
08-Feb-2022 14:26:13.748 INFORMACIÓN [http-nio-8086-exec-177] org.apache.catalina.core.ApplicationContext.log Manager: list: Listing contexts for virtual host 'localhost'
08-Feb-2022 14:51:20.610 INFORMACIÓN [http-nio-8086-exec-176] org.apache.catalina.core.ApplicationContext.log Manager: list: Listing contexts for virtual host 'localhost'
08-Feb-2022 15:00:41.899 INFORMACIÓN [http-nio-8086-exec-183] org.apache.catalina.core.ApplicationContext.log Manager: list: Listing contexts for virtual host 'localhost'
08-Feb-2022 15:01:08.482 INFORMACIÓN [http-nio-8086-exec-174] org.apache.catalina.core.ApplicationContext.log Manager: list: Listing contexts for virtual host 'localhost'
08-Feb-2022 15:01:42.898 INFORMACIÓN [http-nio-8086-exec-180] org.apache.catalina.core.ApplicationContext.log Manager: list: Listing contexts for virtual host 'localhost'
08-Feb-2022 15:03:04.787 INFORMACIÓN [http-nio-8086-exec-179] org.apache.catalina.core.ApplicationContext.log Manager: list: Listing contexts for virtual host 'localhost'
08-Feb-2022 15:03:26.286 INFORMACIÓN [http-nio-8086-exec-175] org.apache.catalina.core.ApplicationContext.log Manager: list: Listing contexts for virtual host 'localhost'
08-Feb-2022 15:03:47.424 INFORMACIÓN [http-nio-8086-exec-174] org.apache.catalina.core.ApplicationContext.log Manager: list: Listing contexts for virtual host 'localhost'
08-Feb-2022 15:03:47.424 INFORMACIÓN [http-nio-8086-exec-175] org.apache.catalina.core.ApplicationContext.log Manager: list: Listing contexts for virtual host 'localhost'
08-Feb-2022 15:03:48.026 INFORMACIÓN [http-nio-8086-exec-180] org.apache.catalina.core.ApplicationContext.log Manager: restart: Reloading web application '/vacaciones'
08-Feb-2022 15:14:47.944 INFORMACIÓN [http-nio-8086-exec-188] org.apache.catalina.core.ApplicationContext.log Manager: list: Listing contexts for virtual host 'localhost'
08-Feb-2022 15:15:14.172 INFORMACIÓN [http-nio-8086-exec-186] org.apache.catalina.core.ApplicationContext.log Manager: list: Listing contexts for virtual host 'localhost'
08-Feb-2022 15:15:14.188 INFORMACIÓN [http-nio-8086-exec-189] org.apache.catalina.core.ApplicationContext.log Manager: list: Listing contexts for virtual host 'localhost'
08-Feb-2022 15:15:43.703 INFORMACIÓN [http-nio-8086-exec-186] org.apache.catalina.core.ApplicationContext.log Manager: list: Listing contexts for virtual host 'localhost'
08-Feb-2022 15:20:36.263 INFORMACIÓN [http-nio-8086-exec-193] org.apache.catalina.core.ApplicationContext.log Manager: list: Listing contexts for virtual host 'localhost'
08-Feb-2022 15:26:08.622 INFORMACIÓN [http-nio-8086-exec-191] org.apache.catalina.core.ApplicationContext.log Manager: list: Listing contexts for virtual host 'localhost'
08-Feb-2022 15:28:10.840 INFORMACIÓN [http-nio-8086-exec-193] org.apache.catalina.core.ApplicationContext.log Manager: list: Listing contexts for virtual host 'localhost'
08-Feb-2022 15:28:51.001 INFORMACIÓN [http-nio-8086-exec-188] org.apache.catalina.core.ApplicationContext.log Manager: list: Listing contexts for virtual host 'localhost'
08-Feb-2022 15:28:52.892 INFORMACIÓN [http-nio-8086-exec-188] org.apache.catalina.core.ApplicationContext.log Manager: list: Listing contexts for virtual host 'localhost'
08-Feb-2022 15:29:16.389 INFORMACIÓN [http-nio-8086-exec-184] org.apache.catalina.core.ApplicationContext.log Manager: list: Listing contexts for virtual host 'localhost'
08-Feb-2022 15:29:16.404 INFORMACIÓN [http-nio-8086-exec-186] org.apache.catalina.core.ApplicationContext.log Manager: list: Listing contexts for virtual host 'localhost'
