09-Feb-2022 08:11:14.487 INFORMACIÓN [http-nio-8086-exec-2] org.apache.catalina.core.ApplicationContext.log Manager: init: Associated with Deployer 'Catalina:type=Deployer,host=localhost'
09-Feb-2022 08:11:14.487 INFORMACIÓN [http-nio-8086-exec-2] org.apache.catalina.core.ApplicationContext.log Manager: init: Global resources are available
09-Feb-2022 08:11:22.222 INFORMACIÓN [http-nio-8086-exec-1] org.apache.catalina.core.ApplicationContext.log Manager: list: Listing contexts for virtual host 'localhost'
09-Feb-2022 08:11:22.237 INFORMACIÓN [http-nio-8086-exec-7] org.apache.catalina.core.ApplicationContext.log Manager: list: Listing contexts for virtual host 'localhost'
09-Feb-2022 08:13:24.812 INFORMACIÓN [http-nio-8086-exec-1] org.apache.catalina.core.ApplicationContext.log Manager: list: Listing contexts for virtual host 'localhost'
09-Feb-2022 08:13:43.251 INFORMACIÓN [http-nio-8086-exec-4] org.apache.catalina.core.ApplicationContext.log Manager: list: Listing contexts for virtual host 'localhost'
09-Feb-2022 08:13:43.266 INFORMACIÓN [http-nio-8086-exec-9] org.apache.catalina.core.ApplicationContext.log Manager: list: Listing contexts for virtual host 'localhost'
09-Feb-2022 08:14:28.673 INFORMACIÓN [http-nio-8086-exec-5] org.apache.catalina.core.ApplicationContext.log Manager: list: Listing contexts for virtual host 'localhost'
09-Feb-2022 08:14:28.728 INFORMACIÓN [http-nio-8086-exec-4] org.apache.catalina.core.ApplicationContext.log Manager: restart: Reloading web application '/vacaciones'
09-Feb-2022 08:14:39.570 INFORMACIÓN [http-nio-8086-exec-2] org.apache.catalina.core.ApplicationContext.log Manager: list: Listing contexts for virtual host 'localhost'
09-Feb-2022 08:14:40.067 INFORMACIÓN [http-nio-8086-exec-11] org.apache.catalina.core.ApplicationContext.log Manager: stop: Stopping web application '/vacaciones'
09-Feb-2022 08:14:40.168 INFORMACIÓN [http-nio-8086-exec-2] org.apache.catalina.core.ApplicationContext.log Manager: start: Starting web application '/vacaciones'
09-Feb-2022 08:14:50.591 INFORMACIÓN [http-nio-8086-exec-14] org.apache.catalina.core.ApplicationContext.log Manager: list: Listing contexts for virtual host 'localhost'
09-Feb-2022 08:14:50.612 INFORMACIÓN [http-nio-8086-exec-7] org.apache.catalina.core.ApplicationContext.log Manager: stop: Stopping web application '/vacaciones'
09-Feb-2022 08:14:50.667 INFORMACIÓN [http-nio-8086-exec-13] org.apache.catalina.core.ApplicationContext.log Manager: start: Starting web application '/vacaciones'
09-Feb-2022 08:15:01.057 INFORMACIÓN [http-nio-8086-exec-16] org.apache.catalina.core.ApplicationContext.log Manager: list: Listing contexts for virtual host 'localhost'
09-Feb-2022 08:15:01.085 INFORMACIÓN [http-nio-8086-exec-8] org.apache.catalina.core.ApplicationContext.log Manager: stop: Stopping web application '/vacaciones'
09-Feb-2022 08:15:01.130 INFORMACIÓN [http-nio-8086-exec-15] org.apache.catalina.core.ApplicationContext.log Manager: start: Starting web application '/vacaciones'
09-Feb-2022 08:15:11.950 INFORMACIÓN [http-nio-8086-exec-18] org.apache.catalina.core.ApplicationContext.log Manager: list: Listing contexts for virtual host 'localhost'
09-Feb-2022 08:15:13.243 INFORMACIÓN [http-nio-8086-exec-18] org.apache.catalina.core.ApplicationContext.log Manager: list: Listing contexts for virtual host 'localhost'
09-Feb-2022 08:15:13.262 INFORMACIÓN [http-nio-8086-exec-11] org.apache.catalina.core.ApplicationContext.log Manager: restart: Reloading web application '/vacaciones'
09-Feb-2022 08:15:24.122 INFORMACIÓN [http-nio-8086-exec-21] org.apache.catalina.core.ApplicationContext.log Manager: list: Listing contexts for virtual host 'localhost'
09-Feb-2022 08:25:01.481 INFORMACIÓN [http-nio-8086-exec-25] org.apache.catalina.core.ApplicationContext.log Manager: list: Listing contexts for virtual host 'localhost'
09-Feb-2022 08:25:01.505 INFORMACIÓN [http-nio-8086-exec-26] org.apache.catalina.core.ApplicationContext.log Manager: restart: Reloading web application '/vacaciones'
09-Feb-2022 08:26:18.578 INFORMACIÓN [http-nio-8086-exec-27] org.apache.catalina.core.ApplicationContext.log Manager: list: Listing contexts for virtual host 'localhost'
09-Feb-2022 08:26:18.605 INFORMACIÓN [http-nio-8086-exec-30] org.apache.catalina.core.ApplicationContext.log Manager: restart: Reloading web application '/vacaciones'
09-Feb-2022 08:29:55.748 INFORMACIÓN [http-nio-8086-exec-40] org.apache.catalina.core.ApplicationContext.log Manager: list: Listing contexts for virtual host 'localhost'
09-Feb-2022 08:29:55.769 INFORMACIÓN [http-nio-8086-exec-34] org.apache.catalina.core.ApplicationContext.log Manager: restart: Reloading web application '/vacaciones'
09-Feb-2022 08:30:13.759 INFORMACIÓN [http-nio-8086-exec-41] org.apache.catalina.core.ApplicationContext.log Manager: list: Listing contexts for virtual host 'localhost'
09-Feb-2022 08:30:13.784 INFORMACIÓN [http-nio-8086-exec-43] org.apache.catalina.core.ApplicationContext.log Manager: restart: Reloading web application '/vacaciones'
09-Feb-2022 08:31:35.646 INFORMACIÓN [http-nio-8086-exec-7] org.apache.catalina.core.ApplicationContext.log Manager: init: Associated with Deployer 'Catalina:type=Deployer,host=localhost'
09-Feb-2022 08:31:35.646 INFORMACIÓN [http-nio-8086-exec-7] org.apache.catalina.core.ApplicationContext.log Manager: init: Global resources are available
09-Feb-2022 08:31:46.217 INFORMACIÓN [http-nio-8086-exec-10] org.apache.catalina.core.ApplicationContext.log Manager: list: Listing contexts for virtual host 'localhost'
09-Feb-2022 08:31:46.232 INFORMACIÓN [http-nio-8086-exec-5] org.apache.catalina.core.ApplicationContext.log Manager: list: Listing contexts for virtual host 'localhost'
09-Feb-2022 08:31:46.264 INFORMACIÓN [http-nio-8086-exec-2] org.apache.catalina.core.ApplicationContext.log Manager: undeploy: Undeploying web application at '/vacaciones'
09-Feb-2022 08:31:47.068 INFORMACIÓN [http-nio-8086-exec-6] org.apache.catalina.core.ApplicationContext.log Manager: install: Installing context configuration at 'file:/C:/Users/home/AppData/Local/Temp/context3761190173934650136.xml'
09-Feb-2022 08:31:53.728 INFORMACIÓN [http-nio-8086-exec-5] org.apache.catalina.core.ApplicationContext.log Manager: start: Starting web application '/vacaciones'
09-Feb-2022 08:34:32.012 INFORMACIÓN [http-nio-8086-exec-13] org.apache.catalina.core.ApplicationContext.log Manager: list: Listing contexts for virtual host 'localhost'
09-Feb-2022 08:34:32.033 INFORMACIÓN [http-nio-8086-exec-14] org.apache.catalina.core.ApplicationContext.log Manager: restart: Reloading web application '/vacaciones'
09-Feb-2022 08:38:40.779 INFORMACIÓN [http-nio-8086-exec-25] org.apache.catalina.core.ApplicationContext.log Manager: list: Listing contexts for virtual host 'localhost'
09-Feb-2022 08:39:42.086 INFORMACIÓN [http-nio-8086-exec-28] org.apache.catalina.core.ApplicationContext.log Manager: list: Listing contexts for virtual host 'localhost'
09-Feb-2022 08:40:23.891 INFORMACIÓN [http-nio-8086-exec-23] org.apache.catalina.core.ApplicationContext.log Manager: list: Listing contexts for virtual host 'localhost'
09-Feb-2022 08:40:42.363 INFORMACIÓN [http-nio-8086-exec-28] org.apache.catalina.core.ApplicationContext.log Manager: list: Listing contexts for virtual host 'localhost'
09-Feb-2022 08:40:42.372 INFORMACIÓN [http-nio-8086-exec-21] org.apache.catalina.core.ApplicationContext.log Manager: list: Listing contexts for virtual host 'localhost'
09-Feb-2022 08:40:43.042 INFORMACIÓN [http-nio-8086-exec-23] org.apache.catalina.core.ApplicationContext.log Manager: restart: Reloading web application '/vacaciones'
09-Feb-2022 09:13:34.038 INFORMACIÓN [http-nio-8086-exec-40] org.apache.catalina.core.ApplicationContext.log Manager: list: Listing contexts for virtual host 'localhost'
09-Feb-2022 09:13:34.139 INFORMACIÓN [http-nio-8086-exec-40] org.apache.catalina.core.ApplicationContext.log Manager: list: Listing contexts for virtual host 'localhost'
09-Feb-2022 09:13:34.539 INFORMACIÓN [http-nio-8086-exec-40] org.apache.catalina.core.ApplicationContext.log Manager: list: Listing contexts for virtual host 'localhost'
09-Feb-2022 09:13:35.024 INFORMACIÓN [http-nio-8086-exec-32] org.apache.catalina.core.ApplicationContext.log Manager: list: Listing contexts for virtual host 'localhost'
09-Feb-2022 09:13:35.208 INFORMACIÓN [http-nio-8086-exec-32] org.apache.catalina.core.ApplicationContext.log Manager: list: Listing contexts for virtual host 'localhost'
09-Feb-2022 09:13:35.314 INFORMACIÓN [http-nio-8086-exec-32] org.apache.catalina.core.ApplicationContext.log Manager: list: Listing contexts for virtual host 'localhost'
09-Feb-2022 09:13:35.444 INFORMACIÓN [http-nio-8086-exec-33] org.apache.catalina.core.ApplicationContext.log Manager: list: Listing contexts for virtual host 'localhost'
09-Feb-2022 09:13:35.569 INFORMACIÓN [http-nio-8086-exec-33] org.apache.catalina.core.ApplicationContext.log Manager: list: Listing contexts for virtual host 'localhost'
09-Feb-2022 09:13:36.056 INFORMACIÓN [http-nio-8086-exec-33] org.apache.catalina.core.ApplicationContext.log Manager: list: Listing contexts for virtual host 'localhost'
09-Feb-2022 09:13:36.546 INFORMACIÓN [http-nio-8086-exec-33] org.apache.catalina.core.ApplicationContext.log Manager: list: Listing contexts for virtual host 'localhost'
09-Feb-2022 09:13:36.658 INFORMACIÓN [http-nio-8086-exec-33] org.apache.catalina.core.ApplicationContext.log Manager: list: Listing contexts for virtual host 'localhost'
09-Feb-2022 09:13:36.729 INFORMACIÓN [http-nio-8086-exec-33] org.apache.catalina.core.ApplicationContext.log Manager: list: Listing contexts for virtual host 'localhost'
09-Feb-2022 09:13:36.802 INFORMACIÓN [http-nio-8086-exec-33] org.apache.catalina.core.ApplicationContext.log Manager: list: Listing contexts for virtual host 'localhost'
09-Feb-2022 09:13:36.886 INFORMACIÓN [http-nio-8086-exec-33] org.apache.catalina.core.ApplicationContext.log Manager: list: Listing contexts for virtual host 'localhost'
09-Feb-2022 09:13:36.969 INFORMACIÓN [http-nio-8086-exec-33] org.apache.catalina.core.ApplicationContext.log Manager: list: Listing contexts for virtual host 'localhost'
09-Feb-2022 09:13:37.396 INFORMACIÓN [http-nio-8086-exec-33] org.apache.catalina.core.ApplicationContext.log Manager: list: Listing contexts for virtual host 'localhost'
09-Feb-2022 09:13:37.489 INFORMACIÓN [http-nio-8086-exec-33] org.apache.catalina.core.ApplicationContext.log Manager: list: Listing contexts for virtual host 'localhost'
09-Feb-2022 09:13:37.562 INFORMACIÓN [http-nio-8086-exec-33] org.apache.catalina.core.ApplicationContext.log Manager: list: Listing contexts for virtual host 'localhost'
09-Feb-2022 09:13:37.993 INFORMACIÓN [http-nio-8086-exec-34] org.apache.catalina.core.ApplicationContext.log Manager: list: Listing contexts for virtual host 'localhost'
09-Feb-2022 09:13:38.076 INFORMACIÓN [http-nio-8086-exec-34] org.apache.catalina.core.ApplicationContext.log Manager: list: Listing contexts for virtual host 'localhost'
09-Feb-2022 09:13:38.488 INFORMACIÓN [http-nio-8086-exec-34] org.apache.catalina.core.ApplicationContext.log Manager: list: Listing contexts for virtual host 'localhost'
09-Feb-2022 09:13:38.602 INFORMACIÓN [http-nio-8086-exec-34] org.apache.catalina.core.ApplicationContext.log Manager: list: Listing contexts for virtual host 'localhost'
09-Feb-2022 09:13:38.685 INFORMACIÓN [http-nio-8086-exec-34] org.apache.catalina.core.ApplicationContext.log Manager: list: Listing contexts for virtual host 'localhost'
09-Feb-2022 09:13:39.078 INFORMACIÓN [http-nio-8086-exec-34] org.apache.catalina.core.ApplicationContext.log Manager: list: Listing contexts for virtual host 'localhost'
09-Feb-2022 09:13:39.216 INFORMACIÓN [http-nio-8086-exec-34] org.apache.catalina.core.ApplicationContext.log Manager: list: Listing contexts for virtual host 'localhost'
09-Feb-2022 09:13:39.288 INFORMACIÓN [http-nio-8086-exec-37] org.apache.catalina.core.ApplicationContext.log Manager: list: Listing contexts for virtual host 'localhost'
09-Feb-2022 09:13:39.696 INFORMACIÓN [http-nio-8086-exec-35] org.apache.catalina.core.ApplicationContext.log Manager: list: Listing contexts for virtual host 'localhost'
09-Feb-2022 09:13:39.790 INFORMACIÓN [http-nio-8086-exec-35] org.apache.catalina.core.ApplicationContext.log Manager: list: Listing contexts for virtual host 'localhost'
09-Feb-2022 09:13:39.856 INFORMACIÓN [http-nio-8086-exec-35] org.apache.catalina.core.ApplicationContext.log Manager: list: Listing contexts for virtual host 'localhost'
09-Feb-2022 09:13:39.934 INFORMACIÓN [http-nio-8086-exec-35] org.apache.catalina.core.ApplicationContext.log Manager: list: Listing contexts for virtual host 'localhost'
09-Feb-2022 09:13:40.325 INFORMACIÓN [http-nio-8086-exec-35] org.apache.catalina.core.ApplicationContext.log Manager: list: Listing contexts for virtual host 'localhost'
09-Feb-2022 09:13:40.424 INFORMACIÓN [http-nio-8086-exec-35] org.apache.catalina.core.ApplicationContext.log Manager: list: Listing contexts for virtual host 'localhost'
09-Feb-2022 09:13:40.803 INFORMACIÓN [http-nio-8086-exec-35] org.apache.catalina.core.ApplicationContext.log Manager: list: Listing contexts for virtual host 'localhost'
09-Feb-2022 09:13:40.875 INFORMACIÓN [http-nio-8086-exec-35] org.apache.catalina.core.ApplicationContext.log Manager: list: Listing contexts for virtual host 'localhost'
09-Feb-2022 09:13:40.954 INFORMACIÓN [http-nio-8086-exec-35] org.apache.catalina.core.ApplicationContext.log Manager: list: Listing contexts for virtual host 'localhost'
09-Feb-2022 09:13:41.021 INFORMACIÓN [http-nio-8086-exec-35] org.apache.catalina.core.ApplicationContext.log Manager: list: Listing contexts for virtual host 'localhost'
09-Feb-2022 09:13:41.180 INFORMACIÓN [http-nio-8086-exec-35] org.apache.catalina.core.ApplicationContext.log Manager: list: Listing contexts for virtual host 'localhost'
09-Feb-2022 09:13:41.250 INFORMACIÓN [http-nio-8086-exec-35] org.apache.catalina.core.ApplicationContext.log Manager: list: Listing contexts for virtual host 'localhost'
09-Feb-2022 09:13:41.312 INFORMACIÓN [http-nio-8086-exec-35] org.apache.catalina.core.ApplicationContext.log Manager: list: Listing contexts for virtual host 'localhost'
09-Feb-2022 09:13:41.374 INFORMACIÓN [http-nio-8086-exec-35] org.apache.catalina.core.ApplicationContext.log Manager: list: Listing contexts for virtual host 'localhost'
09-Feb-2022 09:13:41.438 INFORMACIÓN [http-nio-8086-exec-35] org.apache.catalina.core.ApplicationContext.log Manager: list: Listing contexts for virtual host 'localhost'
09-Feb-2022 09:13:41.495 INFORMACIÓN [http-nio-8086-exec-35] org.apache.catalina.core.ApplicationContext.log Manager: list: Listing contexts for virtual host 'localhost'
09-Feb-2022 09:13:41.555 INFORMACIÓN [http-nio-8086-exec-35] org.apache.catalina.core.ApplicationContext.log Manager: list: Listing contexts for virtual host 'localhost'
09-Feb-2022 09:13:41.620 INFORMACIÓN [http-nio-8086-exec-35] org.apache.catalina.core.ApplicationContext.log Manager: list: Listing contexts for virtual host 'localhost'
09-Feb-2022 09:13:41.674 INFORMACIÓN [http-nio-8086-exec-35] org.apache.catalina.core.ApplicationContext.log Manager: list: Listing contexts for virtual host 'localhost'
09-Feb-2022 09:13:41.732 INFORMACIÓN [http-nio-8086-exec-35] org.apache.catalina.core.ApplicationContext.log Manager: list: Listing contexts for virtual host 'localhost'
09-Feb-2022 09:13:41.788 INFORMACIÓN [http-nio-8086-exec-35] org.apache.catalina.core.ApplicationContext.log Manager: list: Listing contexts for virtual host 'localhost'
09-Feb-2022 09:13:41.891 INFORMACIÓN [http-nio-8086-exec-35] org.apache.catalina.core.ApplicationContext.log Manager: list: Listing contexts for virtual host 'localhost'
09-Feb-2022 09:13:41.949 INFORMACIÓN [http-nio-8086-exec-35] org.apache.catalina.core.ApplicationContext.log Manager: list: Listing contexts for virtual host 'localhost'
09-Feb-2022 09:13:42.020 INFORMACIÓN [http-nio-8086-exec-35] org.apache.catalina.core.ApplicationContext.log Manager: list: Listing contexts for virtual host 'localhost'
09-Feb-2022 09:13:42.104 INFORMACIÓN [http-nio-8086-exec-35] org.apache.catalina.core.ApplicationContext.log Manager: list: Listing contexts for virtual host 'localhost'
09-Feb-2022 09:13:42.165 INFORMACIÓN [http-nio-8086-exec-35] org.apache.catalina.core.ApplicationContext.log Manager: list: Listing contexts for virtual host 'localhost'
09-Feb-2022 09:13:42.223 INFORMACIÓN [http-nio-8086-exec-35] org.apache.catalina.core.ApplicationContext.log Manager: list: Listing contexts for virtual host 'localhost'
09-Feb-2022 09:13:42.279 INFORMACIÓN [http-nio-8086-exec-35] org.apache.catalina.core.ApplicationContext.log Manager: list: Listing contexts for virtual host 'localhost'
09-Feb-2022 09:13:42.336 INFORMACIÓN [http-nio-8086-exec-35] org.apache.catalina.core.ApplicationContext.log Manager: list: Listing contexts for virtual host 'localhost'
09-Feb-2022 09:13:42.385 INFORMACIÓN [http-nio-8086-exec-35] org.apache.catalina.core.ApplicationContext.log Manager: list: Listing contexts for virtual host 'localhost'
09-Feb-2022 09:13:42.440 INFORMACIÓN [http-nio-8086-exec-35] org.apache.catalina.core.ApplicationContext.log Manager: list: Listing contexts for virtual host 'localhost'
09-Feb-2022 09:13:42.490 INFORMACIÓN [http-nio-8086-exec-35] org.apache.catalina.core.ApplicationContext.log Manager: list: Listing contexts for virtual host 'localhost'
09-Feb-2022 09:13:42.551 INFORMACIÓN [http-nio-8086-exec-39] org.apache.catalina.core.ApplicationContext.log Manager: list: Listing contexts for virtual host 'localhost'
09-Feb-2022 09:13:42.608 INFORMACIÓN [http-nio-8086-exec-39] org.apache.catalina.core.ApplicationContext.log Manager: list: Listing contexts for virtual host 'localhost'
09-Feb-2022 09:13:42.666 INFORMACIÓN [http-nio-8086-exec-39] org.apache.catalina.core.ApplicationContext.log Manager: list: Listing contexts for virtual host 'localhost'
09-Feb-2022 09:13:42.725 INFORMACIÓN [http-nio-8086-exec-39] org.apache.catalina.core.ApplicationContext.log Manager: list: Listing contexts for virtual host 'localhost'
09-Feb-2022 09:13:42.784 INFORMACIÓN [http-nio-8086-exec-39] org.apache.catalina.core.ApplicationContext.log Manager: list: Listing contexts for virtual host 'localhost'
09-Feb-2022 09:13:42.846 INFORMACIÓN [http-nio-8086-exec-39] org.apache.catalina.core.ApplicationContext.log Manager: list: Listing contexts for virtual host 'localhost'
09-Feb-2022 09:13:42.935 INFORMACIÓN [http-nio-8086-exec-39] org.apache.catalina.core.ApplicationContext.log Manager: list: Listing contexts for virtual host 'localhost'
09-Feb-2022 09:13:43.011 INFORMACIÓN [http-nio-8086-exec-39] org.apache.catalina.core.ApplicationContext.log Manager: list: Listing contexts for virtual host 'localhost'
09-Feb-2022 09:13:43.067 INFORMACIÓN [http-nio-8086-exec-39] org.apache.catalina.core.ApplicationContext.log Manager: list: Listing contexts for virtual host 'localhost'
09-Feb-2022 09:13:43.123 INFORMACIÓN [http-nio-8086-exec-39] org.apache.catalina.core.ApplicationContext.log Manager: list: Listing contexts for virtual host 'localhost'
09-Feb-2022 09:13:43.183 INFORMACIÓN [http-nio-8086-exec-39] org.apache.catalina.core.ApplicationContext.log Manager: list: Listing contexts for virtual host 'localhost'
09-Feb-2022 09:13:43.245 INFORMACIÓN [http-nio-8086-exec-39] org.apache.catalina.core.ApplicationContext.log Manager: list: Listing contexts for virtual host 'localhost'
09-Feb-2022 09:13:43.299 INFORMACIÓN [http-nio-8086-exec-39] org.apache.catalina.core.ApplicationContext.log Manager: list: Listing contexts for virtual host 'localhost'
09-Feb-2022 09:13:43.357 INFORMACIÓN [http-nio-8086-exec-39] org.apache.catalina.core.ApplicationContext.log Manager: list: Listing contexts for virtual host 'localhost'
09-Feb-2022 09:13:43.417 INFORMACIÓN [http-nio-8086-exec-39] org.apache.catalina.core.ApplicationContext.log Manager: list: Listing contexts for virtual host 'localhost'
09-Feb-2022 09:13:43.474 INFORMACIÓN [http-nio-8086-exec-39] org.apache.catalina.core.ApplicationContext.log Manager: list: Listing contexts for virtual host 'localhost'
09-Feb-2022 09:13:43.542 INFORMACIÓN [http-nio-8086-exec-39] org.apache.catalina.core.ApplicationContext.log Manager: list: Listing contexts for virtual host 'localhost'
09-Feb-2022 09:13:43.597 INFORMACIÓN [http-nio-8086-exec-39] org.apache.catalina.core.ApplicationContext.log Manager: list: Listing contexts for virtual host 'localhost'
09-Feb-2022 09:13:43.662 INFORMACIÓN [http-nio-8086-exec-39] org.apache.catalina.core.ApplicationContext.log Manager: list: Listing contexts for virtual host 'localhost'
09-Feb-2022 09:13:43.719 INFORMACIÓN [http-nio-8086-exec-39] org.apache.catalina.core.ApplicationContext.log Manager: list: Listing contexts for virtual host 'localhost'
09-Feb-2022 09:13:43.776 INFORMACIÓN [http-nio-8086-exec-39] org.apache.catalina.core.ApplicationContext.log Manager: list: Listing contexts for virtual host 'localhost'
09-Feb-2022 09:13:43.829 INFORMACIÓN [http-nio-8086-exec-39] org.apache.catalina.core.ApplicationContext.log Manager: list: Listing contexts for virtual host 'localhost'
09-Feb-2022 09:13:43.887 INFORMACIÓN [http-nio-8086-exec-39] org.apache.catalina.core.ApplicationContext.log Manager: list: Listing contexts for virtual host 'localhost'
09-Feb-2022 09:13:43.945 INFORMACIÓN [http-nio-8086-exec-39] org.apache.catalina.core.ApplicationContext.log Manager: list: Listing contexts for virtual host 'localhost'
09-Feb-2022 09:13:44.004 INFORMACIÓN [http-nio-8086-exec-39] org.apache.catalina.core.ApplicationContext.log Manager: list: Listing contexts for virtual host 'localhost'
09-Feb-2022 09:13:44.063 INFORMACIÓN [http-nio-8086-exec-39] org.apache.catalina.core.ApplicationContext.log Manager: list: Listing contexts for virtual host 'localhost'
09-Feb-2022 09:13:44.122 INFORMACIÓN [http-nio-8086-exec-39] org.apache.catalina.core.ApplicationContext.log Manager: list: Listing contexts for virtual host 'localhost'
09-Feb-2022 09:13:44.188 INFORMACIÓN [http-nio-8086-exec-39] org.apache.catalina.core.ApplicationContext.log Manager: list: Listing contexts for virtual host 'localhost'
09-Feb-2022 09:13:44.247 INFORMACIÓN [http-nio-8086-exec-39] org.apache.catalina.core.ApplicationContext.log Manager: list: Listing contexts for virtual host 'localhost'
09-Feb-2022 09:13:44.299 INFORMACIÓN [http-nio-8086-exec-38] org.apache.catalina.core.ApplicationContext.log Manager: list: Listing contexts for virtual host 'localhost'
09-Feb-2022 09:13:44.712 INFORMACIÓN [http-nio-8086-exec-38] org.apache.catalina.core.ApplicationContext.log Manager: list: Listing contexts for virtual host 'localhost'
09-Feb-2022 09:13:44.795 INFORMACIÓN [http-nio-8086-exec-38] org.apache.catalina.core.ApplicationContext.log Manager: list: Listing contexts for virtual host 'localhost'
09-Feb-2022 09:13:44.846 INFORMACIÓN [http-nio-8086-exec-38] org.apache.catalina.core.ApplicationContext.log Manager: list: Listing contexts for virtual host 'localhost'
09-Feb-2022 09:13:44.904 INFORMACIÓN [http-nio-8086-exec-38] org.apache.catalina.core.ApplicationContext.log Manager: list: Listing contexts for virtual host 'localhost'
09-Feb-2022 09:13:44.956 INFORMACIÓN [http-nio-8086-exec-38] org.apache.catalina.core.ApplicationContext.log Manager: list: Listing contexts for virtual host 'localhost'
09-Feb-2022 09:13:45.012 INFORMACIÓN [http-nio-8086-exec-38] org.apache.catalina.core.ApplicationContext.log Manager: list: Listing contexts for virtual host 'localhost'
09-Feb-2022 09:13:50.623 INFORMACIÓN [http-nio-8086-exec-36] org.apache.catalina.core.ApplicationContext.log Manager: list: Listing contexts for virtual host 'localhost'
09-Feb-2022 09:13:50.691 INFORMACIÓN [http-nio-8086-exec-36] org.apache.catalina.core.ApplicationContext.log Manager: list: Listing contexts for virtual host 'localhost'
09-Feb-2022 09:13:51.111 INFORMACIÓN [http-nio-8086-exec-36] org.apache.catalina.core.ApplicationContext.log Manager: list: Listing contexts for virtual host 'localhost'
09-Feb-2022 09:13:51.201 INFORMACIÓN [http-nio-8086-exec-36] org.apache.catalina.core.ApplicationContext.log Manager: list: Listing contexts for virtual host 'localhost'
09-Feb-2022 09:13:51.654 INFORMACIÓN [http-nio-8086-exec-36] org.apache.catalina.core.ApplicationContext.log Manager: list: Listing contexts for virtual host 'localhost'
09-Feb-2022 09:13:51.715 INFORMACIÓN [http-nio-8086-exec-36] org.apache.catalina.core.ApplicationContext.log Manager: list: Listing contexts for virtual host 'localhost'
09-Feb-2022 09:13:51.765 INFORMACIÓN [http-nio-8086-exec-36] org.apache.catalina.core.ApplicationContext.log Manager: list: Listing contexts for virtual host 'localhost'
09-Feb-2022 09:13:51.815 INFORMACIÓN [http-nio-8086-exec-36] org.apache.catalina.core.ApplicationContext.log Manager: list: Listing contexts for virtual host 'localhost'
09-Feb-2022 09:13:51.868 INFORMACIÓN [http-nio-8086-exec-36] org.apache.catalina.core.ApplicationContext.log Manager: list: Listing contexts for virtual host 'localhost'
09-Feb-2022 09:13:51.925 INFORMACIÓN [http-nio-8086-exec-36] org.apache.catalina.core.ApplicationContext.log Manager: list: Listing contexts for virtual host 'localhost'
09-Feb-2022 09:13:51.990 INFORMACIÓN [http-nio-8086-exec-36] org.apache.catalina.core.ApplicationContext.log Manager: list: Listing contexts for virtual host 'localhost'
09-Feb-2022 09:13:52.046 INFORMACIÓN [http-nio-8086-exec-36] org.apache.catalina.core.ApplicationContext.log Manager: list: Listing contexts for virtual host 'localhost'
09-Feb-2022 09:13:52.102 INFORMACIÓN [http-nio-8086-exec-36] org.apache.catalina.core.ApplicationContext.log Manager: list: Listing contexts for virtual host 'localhost'
09-Feb-2022 09:13:52.168 INFORMACIÓN [http-nio-8086-exec-36] org.apache.catalina.core.ApplicationContext.log Manager: list: Listing contexts for virtual host 'localhost'
09-Feb-2022 09:13:52.558 INFORMACIÓN [http-nio-8086-exec-36] org.apache.catalina.core.ApplicationContext.log Manager: list: Listing contexts for virtual host 'localhost'
09-Feb-2022 09:13:52.650 INFORMACIÓN [http-nio-8086-exec-36] org.apache.catalina.core.ApplicationContext.log Manager: list: Listing contexts for virtual host 'localhost'
09-Feb-2022 09:13:52.711 INFORMACIÓN [http-nio-8086-exec-36] org.apache.catalina.core.ApplicationContext.log Manager: list: Listing contexts for virtual host 'localhost'
09-Feb-2022 09:13:53.073 INFORMACIÓN [http-nio-8086-exec-36] org.apache.catalina.core.ApplicationContext.log Manager: list: Listing contexts for virtual host 'localhost'
09-Feb-2022 09:13:53.141 INFORMACIÓN [http-nio-8086-exec-36] org.apache.catalina.core.ApplicationContext.log Manager: list: Listing contexts for virtual host 'localhost'
09-Feb-2022 09:13:53.198 INFORMACIÓN [http-nio-8086-exec-36] org.apache.catalina.core.ApplicationContext.log Manager: list: Listing contexts for virtual host 'localhost'
09-Feb-2022 09:13:53.264 INFORMACIÓN [http-nio-8086-exec-36] org.apache.catalina.core.ApplicationContext.log Manager: list: Listing contexts for virtual host 'localhost'
09-Feb-2022 09:13:53.331 INFORMACIÓN [http-nio-8086-exec-36] org.apache.catalina.core.ApplicationContext.log Manager: list: Listing contexts for virtual host 'localhost'
09-Feb-2022 09:13:53.397 INFORMACIÓN [http-nio-8086-exec-36] org.apache.catalina.core.ApplicationContext.log Manager: list: Listing contexts for virtual host 'localhost'
09-Feb-2022 09:13:53.453 INFORMACIÓN [http-nio-8086-exec-36] org.apache.catalina.core.ApplicationContext.log Manager: list: Listing contexts for virtual host 'localhost'
09-Feb-2022 09:13:53.509 INFORMACIÓN [http-nio-8086-exec-36] org.apache.catalina.core.ApplicationContext.log Manager: list: Listing contexts for virtual host 'localhost'
09-Feb-2022 09:13:53.564 INFORMACIÓN [http-nio-8086-exec-36] org.apache.catalina.core.ApplicationContext.log Manager: list: Listing contexts for virtual host 'localhost'
09-Feb-2022 09:13:53.619 INFORMACIÓN [http-nio-8086-exec-36] org.apache.catalina.core.ApplicationContext.log Manager: list: Listing contexts for virtual host 'localhost'
09-Feb-2022 09:13:53.678 INFORMACIÓN [http-nio-8086-exec-36] org.apache.catalina.core.ApplicationContext.log Manager: list: Listing contexts for virtual host 'localhost'
09-Feb-2022 09:13:53.730 INFORMACIÓN [http-nio-8086-exec-36] org.apache.catalina.core.ApplicationContext.log Manager: list: Listing contexts for virtual host 'localhost'
09-Feb-2022 09:13:53.782 INFORMACIÓN [http-nio-8086-exec-36] org.apache.catalina.core.ApplicationContext.log Manager: list: Listing contexts for virtual host 'localhost'
09-Feb-2022 09:13:53.832 INFORMACIÓN [http-nio-8086-exec-36] org.apache.catalina.core.ApplicationContext.log Manager: list: Listing contexts for virtual host 'localhost'
09-Feb-2022 09:13:53.888 INFORMACIÓN [http-nio-8086-exec-36] org.apache.catalina.core.ApplicationContext.log Manager: list: Listing contexts for virtual host 'localhost'
09-Feb-2022 09:13:53.941 INFORMACIÓN [http-nio-8086-exec-36] org.apache.catalina.core.ApplicationContext.log Manager: list: Listing contexts for virtual host 'localhost'
09-Feb-2022 09:13:53.996 INFORMACIÓN [http-nio-8086-exec-36] org.apache.catalina.core.ApplicationContext.log Manager: list: Listing contexts for virtual host 'localhost'
09-Feb-2022 09:13:54.051 INFORMACIÓN [http-nio-8086-exec-36] org.apache.catalina.core.ApplicationContext.log Manager: list: Listing contexts for virtual host 'localhost'
09-Feb-2022 09:13:54.108 INFORMACIÓN [http-nio-8086-exec-36] org.apache.catalina.core.ApplicationContext.log Manager: list: Listing contexts for virtual host 'localhost'
09-Feb-2022 09:13:54.166 INFORMACIÓN [http-nio-8086-exec-36] org.apache.catalina.core.ApplicationContext.log Manager: list: Listing contexts for virtual host 'localhost'
09-Feb-2022 09:13:54.226 INFORMACIÓN [http-nio-8086-exec-36] org.apache.catalina.core.ApplicationContext.log Manager: list: Listing contexts for virtual host 'localhost'
09-Feb-2022 09:13:54.278 INFORMACIÓN [http-nio-8086-exec-36] org.apache.catalina.core.ApplicationContext.log Manager: list: Listing contexts for virtual host 'localhost'
09-Feb-2022 09:13:54.337 INFORMACIÓN [http-nio-8086-exec-36] org.apache.catalina.core.ApplicationContext.log Manager: list: Listing contexts for virtual host 'localhost'
09-Feb-2022 09:13:54.711 INFORMACIÓN [http-nio-8086-exec-36] org.apache.catalina.core.ApplicationContext.log Manager: list: Listing contexts for virtual host 'localhost'
09-Feb-2022 09:13:55.133 INFORMACIÓN [http-nio-8086-exec-37] org.apache.catalina.core.ApplicationContext.log Manager: list: Listing contexts for virtual host 'localhost'
09-Feb-2022 09:13:55.202 INFORMACIÓN [http-nio-8086-exec-37] org.apache.catalina.core.ApplicationContext.log Manager: list: Listing contexts for virtual host 'localhost'
09-Feb-2022 09:13:55.581 INFORMACIÓN [http-nio-8086-exec-37] org.apache.catalina.core.ApplicationContext.log Manager: list: Listing contexts for virtual host 'localhost'
09-Feb-2022 09:13:55.710 INFORMACIÓN [http-nio-8086-exec-37] org.apache.catalina.core.ApplicationContext.log Manager: list: Listing contexts for virtual host 'localhost'
09-Feb-2022 09:13:55.779 INFORMACIÓN [http-nio-8086-exec-37] org.apache.catalina.core.ApplicationContext.log Manager: list: Listing contexts for virtual host 'localhost'
09-Feb-2022 09:15:30.481 INFORMACIÓN [http-nio-8086-exec-32] org.apache.catalina.core.ApplicationContext.log Manager: list: Listing contexts for virtual host 'localhost'
09-Feb-2022 09:15:50.676 INFORMACIÓN [http-nio-8086-exec-37] org.apache.catalina.core.ApplicationContext.log Manager: list: Listing contexts for virtual host 'localhost'
09-Feb-2022 09:15:50.681 INFORMACIÓN [http-nio-8086-exec-32] org.apache.catalina.core.ApplicationContext.log Manager: list: Listing contexts for virtual host 'localhost'
09-Feb-2022 09:16:36.912 INFORMACIÓN [http-nio-8086-exec-32] org.apache.catalina.core.ApplicationContext.log Manager: list: Listing contexts for virtual host 'localhost'
09-Feb-2022 09:16:52.164 INFORMACIÓN [http-nio-8086-exec-33] org.apache.catalina.core.ApplicationContext.log Manager: list: Listing contexts for virtual host 'localhost'
09-Feb-2022 09:17:07.143 INFORMACIÓN [http-nio-8086-exec-35] org.apache.catalina.core.ApplicationContext.log Manager: list: Listing contexts for virtual host 'localhost'
09-Feb-2022 09:19:06.317 INFORMACIÓN [http-nio-8086-exec-35] org.apache.catalina.core.ApplicationContext.log Manager: list: Listing contexts for virtual host 'localhost'
09-Feb-2022 09:21:31.432 INFORMACIÓN [http-nio-8086-exec-37] org.apache.catalina.core.ApplicationContext.log Manager: list: Listing contexts for virtual host 'localhost'
09-Feb-2022 09:22:13.529 INFORMACIÓN [http-nio-8086-exec-40] org.apache.catalina.core.ApplicationContext.log Manager: list: Listing contexts for virtual host 'localhost'
09-Feb-2022 09:31:02.654 INFORMACIÓN [http-nio-8086-exec-33] org.apache.catalina.core.ApplicationContext.log Manager: list: Listing contexts for virtual host 'localhost'
09-Feb-2022 09:31:14.673 INFORMACIÓN [http-nio-8086-exec-31] org.apache.catalina.core.ApplicationContext.log Manager: list: Listing contexts for virtual host 'localhost'
09-Feb-2022 09:31:29.625 INFORMACIÓN [http-nio-8086-exec-33] org.apache.catalina.core.ApplicationContext.log Manager: list: Listing contexts for virtual host 'localhost'
09-Feb-2022 09:31:40.609 INFORMACIÓN [http-nio-8086-exec-40] org.apache.catalina.core.ApplicationContext.log Manager: list: Listing contexts for virtual host 'localhost'
09-Feb-2022 09:31:59.647 INFORMACIÓN [http-nio-8086-exec-36] org.apache.catalina.core.ApplicationContext.log Manager: list: Listing contexts for virtual host 'localhost'
09-Feb-2022 09:32:38.080 INFORMACIÓN [http-nio-8086-exec-38] org.apache.catalina.core.ApplicationContext.log Manager: list: Listing contexts for virtual host 'localhost'
09-Feb-2022 09:32:41.779 INFORMACIÓN [http-nio-8086-exec-36] org.apache.catalina.core.ApplicationContext.log Manager: list: Listing contexts for virtual host 'localhost'
09-Feb-2022 09:33:05.893 INFORMACIÓN [http-nio-8086-exec-32] org.apache.catalina.core.ApplicationContext.log Manager: list: Listing contexts for virtual host 'localhost'
09-Feb-2022 09:35:51.642 INFORMACIÓN [http-nio-8086-exec-39] org.apache.catalina.core.ApplicationContext.log Manager: list: Listing contexts for virtual host 'localhost'
09-Feb-2022 09:37:11.197 INFORMACIÓN [http-nio-8086-exec-37] org.apache.catalina.core.ApplicationContext.log Manager: list: Listing contexts for virtual host 'localhost'
09-Feb-2022 09:37:41.123 INFORMACIÓN [http-nio-8086-exec-34] org.apache.catalina.core.ApplicationContext.log Manager: list: Listing contexts for virtual host 'localhost'
09-Feb-2022 09:45:17.940 INFORMACIÓN [http-nio-8086-exec-39] org.apache.catalina.core.ApplicationContext.log Manager: list: Listing contexts for virtual host 'localhost'
09-Feb-2022 09:45:18.023 INFORMACIÓN [http-nio-8086-exec-35] org.apache.catalina.core.ApplicationContext.log Manager: restart: Reloading web application '/vacaciones'
09-Feb-2022 09:45:31.604 INFORMACIÓN [http-nio-8086-exec-42] org.apache.catalina.core.ApplicationContext.log Manager: list: Listing contexts for virtual host 'localhost'
09-Feb-2022 09:45:31.618 INFORMACIÓN [http-nio-8086-exec-39] org.apache.catalina.core.ApplicationContext.log Manager: restart: Reloading web application '/vacaciones'
09-Feb-2022 09:50:06.538 INFORMACIÓN [http-nio-8086-exec-43] org.apache.catalina.core.ApplicationContext.log Manager: list: Listing contexts for virtual host 'localhost'
09-Feb-2022 09:50:06.556 INFORMACIÓN [http-nio-8086-exec-44] org.apache.catalina.core.ApplicationContext.log Manager: restart: Reloading web application '/vacaciones'
09-Feb-2022 09:50:19.311 INFORMACIÓN [http-nio-8086-exec-49] org.apache.catalina.core.ApplicationContext.log Manager: list: Listing contexts for virtual host 'localhost'
09-Feb-2022 09:50:19.331 INFORMACIÓN [http-nio-8086-exec-40] org.apache.catalina.core.ApplicationContext.log Manager: restart: Reloading web application '/vacaciones'
09-Feb-2022 09:50:31.974 INFORMACIÓN [http-nio-8086-exec-47] org.apache.catalina.core.ApplicationContext.log Manager: list: Listing contexts for virtual host 'localhost'
09-Feb-2022 09:51:13.038 INFORMACIÓN [http-nio-8086-exec-56] org.apache.catalina.core.ApplicationContext.log Manager: list: Listing contexts for virtual host 'localhost'
09-Feb-2022 09:51:13.058 INFORMACIÓN [http-nio-8086-exec-55] org.apache.catalina.core.ApplicationContext.log Manager: restart: Reloading web application '/vacaciones'
09-Feb-2022 09:51:20.351 INFORMACIÓN [http-nio-8086-exec-58] org.apache.catalina.core.ApplicationContext.log Manager: list: Listing contexts for virtual host 'localhost'
09-Feb-2022 09:51:20.368 INFORMACIÓN [http-nio-8086-exec-43] org.apache.catalina.core.ApplicationContext.log Manager: restart: Reloading web application '/vacaciones'
09-Feb-2022 09:56:46.643 INFORMACIÓN [http-nio-8086-exec-67] org.apache.catalina.core.ApplicationContext.log Manager: list: Listing contexts for virtual host 'localhost'
09-Feb-2022 09:56:46.659 INFORMACIÓN [http-nio-8086-exec-59] org.apache.catalina.core.ApplicationContext.log Manager: restart: Reloading web application '/vacaciones'
09-Feb-2022 09:57:15.121 INFORMACIÓN [http-nio-8086-exec-61] org.apache.catalina.core.ApplicationContext.log Manager: list: Listing contexts for virtual host 'localhost'
09-Feb-2022 09:57:15.126 INFORMACIÓN [http-nio-8086-exec-62] org.apache.catalina.core.ApplicationContext.log Manager: list: Listing contexts for virtual host 'localhost'
09-Feb-2022 09:57:15.140 INFORMACIÓN [http-nio-8086-exec-69] org.apache.catalina.core.ApplicationContext.log Manager: undeploy: Undeploying web application at '/vacaciones'
09-Feb-2022 09:57:15.747 INFORMACIÓN [http-nio-8086-exec-67] org.apache.catalina.core.ApplicationContext.log Manager: install: Installing context configuration at 'file:/C:/Users/home/AppData/Local/Temp/context6594046688281727736.xml'
09-Feb-2022 09:57:21.842 INFORMACIÓN [http-nio-8086-exec-72] org.apache.catalina.core.ApplicationContext.log Manager: start: Starting web application '/vacaciones'
09-Feb-2022 09:59:01.399 INFORMACIÓN [http-nio-8086-exec-73] org.apache.catalina.core.ApplicationContext.log Manager: list: Listing contexts for virtual host 'localhost'
09-Feb-2022 09:59:01.417 INFORMACIÓN [http-nio-8086-exec-74] org.apache.catalina.core.ApplicationContext.log Manager: restart: Reloading web application '/vacaciones'
09-Feb-2022 09:59:18.385 INFORMACIÓN [http-nio-8086-exec-82] org.apache.catalina.core.ApplicationContext.log Manager: list: Listing contexts for virtual host 'localhost'
09-Feb-2022 09:59:18.391 INFORMACIÓN [http-nio-8086-exec-81] org.apache.catalina.core.ApplicationContext.log Manager: list: Listing contexts for virtual host 'localhost'
09-Feb-2022 09:59:19.140 INFORMACIÓN [http-nio-8086-exec-76] org.apache.catalina.core.ApplicationContext.log Manager: restart: Reloading web application '/vacaciones'
09-Feb-2022 10:00:01.581 INFORMACIÓN [http-nio-8086-exec-78] org.apache.catalina.core.ApplicationContext.log Manager: list: Listing contexts for virtual host 'localhost'
09-Feb-2022 10:00:01.597 INFORMACIÓN [http-nio-8086-exec-87] org.apache.catalina.core.ApplicationContext.log Manager: list: Listing contexts for virtual host 'localhost'
09-Feb-2022 10:00:01.613 INFORMACIÓN [http-nio-8086-exec-88] org.apache.catalina.core.ApplicationContext.log Manager: undeploy: Undeploying web application at '/vacaciones'
09-Feb-2022 10:00:02.198 INFORMACIÓN [http-nio-8086-exec-80] org.apache.catalina.core.ApplicationContext.log Manager: install: Installing context configuration at 'file:/C:/Users/home/AppData/Local/Temp/context7340031991920867512.xml'
09-Feb-2022 10:00:07.969 INFORMACIÓN [http-nio-8086-exec-89] org.apache.catalina.core.ApplicationContext.log Manager: start: Starting web application '/vacaciones'
09-Feb-2022 10:05:05.404 INFORMACIÓN [http-nio-8086-exec-102] org.apache.catalina.core.ApplicationContext.log Manager: list: Listing contexts for virtual host 'localhost'
09-Feb-2022 10:05:05.430 INFORMACIÓN [http-nio-8086-exec-95] org.apache.catalina.core.ApplicationContext.log Manager: restart: Reloading web application '/vacaciones'
09-Feb-2022 10:05:24.610 INFORMACIÓN [http-nio-8086-exec-103] org.apache.catalina.core.ApplicationContext.log Manager: list: Listing contexts for virtual host 'localhost'
09-Feb-2022 10:05:24.634 INFORMACIÓN [http-nio-8086-exec-104] org.apache.catalina.core.ApplicationContext.log Manager: restart: Reloading web application '/vacaciones'
09-Feb-2022 10:05:46.000 INFORMACIÓN [http-nio-8086-exec-97] org.apache.catalina.core.ApplicationContext.log Manager: list: Listing contexts for virtual host 'localhost'
09-Feb-2022 10:06:27.913 INFORMACIÓN [http-nio-8086-exec-106] org.apache.catalina.core.ApplicationContext.log Manager: list: Listing contexts for virtual host 'localhost'
09-Feb-2022 10:06:53.037 INFORMACIÓN [http-nio-8086-exec-105] org.apache.catalina.core.ApplicationContext.log Manager: list: Listing contexts for virtual host 'localhost'
09-Feb-2022 10:09:00.817 INFORMACIÓN [http-nio-8086-exec-98] org.apache.catalina.core.ApplicationContext.log Manager: list: Listing contexts for virtual host 'localhost'
09-Feb-2022 10:09:19.033 INFORMACIÓN [http-nio-8086-exec-110] org.apache.catalina.core.ApplicationContext.log Manager: list: Listing contexts for virtual host 'localhost'
09-Feb-2022 10:09:49.328 INFORMACIÓN [http-nio-8086-exec-105] org.apache.catalina.core.ApplicationContext.log Manager: list: Listing contexts for virtual host 'localhost'
09-Feb-2022 10:10:06.525 INFORMACIÓN [http-nio-8086-exec-112] org.apache.catalina.core.ApplicationContext.log Manager: list: Listing contexts for virtual host 'localhost'
09-Feb-2022 10:10:13.853 INFORMACIÓN [http-nio-8086-exec-105] org.apache.catalina.core.ApplicationContext.log Manager: list: Listing contexts for virtual host 'localhost'
09-Feb-2022 10:10:17.594 INFORMACIÓN [http-nio-8086-exec-106] org.apache.catalina.core.ApplicationContext.log Manager: list: Listing contexts for virtual host 'localhost'
09-Feb-2022 10:10:31.409 INFORMACIÓN [http-nio-8086-exec-108] org.apache.catalina.core.ApplicationContext.log Manager: list: Listing contexts for virtual host 'localhost'
09-Feb-2022 10:11:06.424 INFORMACIÓN [http-nio-8086-exec-114] org.apache.catalina.core.ApplicationContext.log Manager: list: Listing contexts for virtual host 'localhost'
09-Feb-2022 10:11:28.319 INFORMACIÓN [http-nio-8086-exec-106] org.apache.catalina.core.ApplicationContext.log Manager: list: Listing contexts for virtual host 'localhost'
09-Feb-2022 10:13:07.397 INFORMACIÓN [http-nio-8086-exec-109] org.apache.catalina.core.ApplicationContext.log Manager: list: Listing contexts for virtual host 'localhost'
09-Feb-2022 10:13:07.413 INFORMACIÓN [http-nio-8086-exec-114] org.apache.catalina.core.ApplicationContext.log Manager: restart: Reloading web application '/vacaciones'
09-Feb-2022 10:13:25.856 INFORMACIÓN [http-nio-8086-exec-109] org.apache.catalina.core.ApplicationContext.log Manager: list: Listing contexts for virtual host 'localhost'
09-Feb-2022 10:13:25.870 INFORMACIÓN [http-nio-8086-exec-116] org.apache.catalina.core.ApplicationContext.log Manager: restart: Reloading web application '/vacaciones'
09-Feb-2022 10:14:34.684 INFORMACIÓN [http-nio-8086-exec-111] org.apache.catalina.core.ApplicationContext.log Manager: list: Listing contexts for virtual host 'localhost'
09-Feb-2022 10:14:34.698 INFORMACIÓN [http-nio-8086-exec-117] org.apache.catalina.core.ApplicationContext.log Manager: restart: Reloading web application '/vacaciones'
09-Feb-2022 10:14:42.366 INFORMACIÓN [http-nio-8086-exec-120] org.apache.catalina.core.ApplicationContext.log Manager: list: Listing contexts for virtual host 'localhost'
09-Feb-2022 10:14:42.384 INFORMACIÓN [http-nio-8086-exec-106] org.apache.catalina.core.ApplicationContext.log Manager: restart: Reloading web application '/vacaciones'
09-Feb-2022 10:15:54.458 INFORMACIÓN [http-nio-8086-exec-122] org.apache.catalina.core.ApplicationContext.log Manager: list: Listing contexts for virtual host 'localhost'
09-Feb-2022 10:15:54.474 INFORMACIÓN [http-nio-8086-exec-121] org.apache.catalina.core.ApplicationContext.log Manager: restart: Reloading web application '/vacaciones'
09-Feb-2022 10:24:20.158 INFORMACIÓN [http-nio-8086-exec-135] org.apache.catalina.core.ApplicationContext.log Manager: list: Listing contexts for virtual host 'localhost'
09-Feb-2022 10:24:20.175 INFORMACIÓN [http-nio-8086-exec-126] org.apache.catalina.core.ApplicationContext.log Manager: restart: Reloading web application '/vacaciones'
09-Feb-2022 10:24:35.575 INFORMACIÓN [http-nio-8086-exec-137] org.apache.catalina.core.ApplicationContext.log Manager: list: Listing contexts for virtual host 'localhost'
09-Feb-2022 10:24:35.591 INFORMACIÓN [http-nio-8086-exec-132] org.apache.catalina.core.ApplicationContext.log Manager: restart: Reloading web application '/vacaciones'
09-Feb-2022 10:24:45.608 INFORMACIÓN [http-nio-8086-exec-133] org.apache.catalina.core.ApplicationContext.log Manager: list: Listing contexts for virtual host 'localhost'
09-Feb-2022 10:24:45.627 INFORMACIÓN [http-nio-8086-exec-134] org.apache.catalina.core.ApplicationContext.log Manager: restart: Reloading web application '/vacaciones'
09-Feb-2022 10:25:00.035 INFORMACIÓN [http-nio-8086-exec-130] org.apache.catalina.core.ApplicationContext.log Manager: list: Listing contexts for virtual host 'localhost'
09-Feb-2022 10:25:00.059 INFORMACIÓN [http-nio-8086-exec-139] org.apache.catalina.core.ApplicationContext.log Manager: restart: Reloading web application '/vacaciones'
09-Feb-2022 10:25:29.936 INFORMACIÓN [http-nio-8086-exec-129] org.apache.catalina.core.ApplicationContext.log Manager: list: Listing contexts for virtual host 'localhost'
09-Feb-2022 10:27:18.282 INFORMACIÓN [http-nio-8086-exec-147] org.apache.catalina.core.ApplicationContext.log Manager: list: Listing contexts for virtual host 'localhost'
09-Feb-2022 10:28:05.445 INFORMACIÓN [http-nio-8086-exec-143] org.apache.catalina.core.ApplicationContext.log Manager: list: Listing contexts for virtual host 'localhost'
09-Feb-2022 10:28:16.865 INFORMACIÓN [http-nio-8086-exec-146] org.apache.catalina.core.ApplicationContext.log Manager: list: Listing contexts for virtual host 'localhost'
09-Feb-2022 10:28:24.507 INFORMACIÓN [http-nio-8086-exec-129] org.apache.catalina.core.ApplicationContext.log Manager: list: Listing contexts for virtual host 'localhost'
09-Feb-2022 10:28:24.524 INFORMACIÓN [http-nio-8086-exec-147] org.apache.catalina.core.ApplicationContext.log Manager: restart: Reloading web application '/vacaciones'
09-Feb-2022 10:28:40.414 INFORMACIÓN [http-nio-8086-exec-153] org.apache.catalina.core.ApplicationContext.log Manager: list: Listing contexts for virtual host 'localhost'
09-Feb-2022 10:28:46.389 INFORMACIÓN [http-nio-8086-exec-143] org.apache.catalina.core.ApplicationContext.log Manager: list: Listing contexts for virtual host 'localhost'
09-Feb-2022 10:29:18.290 INFORMACIÓN [http-nio-8086-exec-157] org.apache.catalina.core.ApplicationContext.log Manager: list: Listing contexts for virtual host 'localhost'
09-Feb-2022 10:29:18.310 INFORMACIÓN [http-nio-8086-exec-158] org.apache.catalina.core.ApplicationContext.log Manager: restart: Reloading web application '/vacaciones'
09-Feb-2022 10:29:45.207 INFORMACIÓN [http-nio-8086-exec-152] org.apache.catalina.core.ApplicationContext.log Manager: list: Listing contexts for virtual host 'localhost'
09-Feb-2022 10:29:45.213 INFORMACIÓN [http-nio-8086-exec-144] org.apache.catalina.core.ApplicationContext.log Manager: list: Listing contexts for virtual host 'localhost'
09-Feb-2022 10:29:45.893 INFORMACIÓN [http-nio-8086-exec-143] org.apache.catalina.core.ApplicationContext.log Manager: restart: Reloading web application '/vacaciones'
09-Feb-2022 10:30:16.240 INFORMACIÓN [http-nio-8086-exec-162] org.apache.catalina.core.ApplicationContext.log Manager: list: Listing contexts for virtual host 'localhost'
09-Feb-2022 10:30:16.261 INFORMACIÓN [http-nio-8086-exec-144] org.apache.catalina.core.ApplicationContext.log Manager: restart: Reloading web application '/vacaciones'
09-Feb-2022 10:30:34.511 INFORMACIÓN [http-nio-8086-exec-156] org.apache.catalina.core.ApplicationContext.log Manager: list: Listing contexts for virtual host 'localhost'
09-Feb-2022 10:30:34.527 INFORMACIÓN [http-nio-8086-exec-171] org.apache.catalina.core.ApplicationContext.log Manager: restart: Reloading web application '/vacaciones'
09-Feb-2022 10:30:48.799 INFORMACIÓN [http-nio-8086-exec-159] org.apache.catalina.core.ApplicationContext.log Manager: list: Listing contexts for virtual host 'localhost'
09-Feb-2022 10:30:48.822 INFORMACIÓN [http-nio-8086-exec-162] org.apache.catalina.core.ApplicationContext.log Manager: restart: Reloading web application '/vacaciones'
09-Feb-2022 10:31:10.804 INFORMACIÓN [http-nio-8086-exec-175] org.apache.catalina.core.ApplicationContext.log Manager: list: Listing contexts for virtual host 'localhost'
09-Feb-2022 10:31:48.537 INFORMACIÓN [http-nio-8086-exec-174] org.apache.catalina.core.ApplicationContext.log Manager: list: Listing contexts for virtual host 'localhost'
09-Feb-2022 10:31:48.555 INFORMACIÓN [http-nio-8086-exec-176] org.apache.catalina.core.ApplicationContext.log Manager: restart: Reloading web application '/vacaciones'
09-Feb-2022 10:32:16.976 INFORMACIÓN [http-nio-8086-exec-186] org.apache.catalina.core.ApplicationContext.log Manager: list: Listing contexts for virtual host 'localhost'
09-Feb-2022 10:32:16.993 INFORMACIÓN [http-nio-8086-exec-175] org.apache.catalina.core.ApplicationContext.log Manager: restart: Reloading web application '/vacaciones'
09-Feb-2022 10:32:49.940 INFORMACIÓN [http-nio-8086-exec-190] org.apache.catalina.core.ApplicationContext.log Manager: list: Listing contexts for virtual host 'localhost'
09-Feb-2022 10:32:49.958 INFORMACIÓN [http-nio-8086-exec-184] org.apache.catalina.core.ApplicationContext.log Manager: restart: Reloading web application '/vacaciones'
09-Feb-2022 10:34:19.714 INFORMACIÓN [http-nio-8086-exec-187] org.apache.catalina.core.ApplicationContext.log Manager: list: Listing contexts for virtual host 'localhost'
09-Feb-2022 10:34:19.732 INFORMACIÓN [http-nio-8086-exec-193] org.apache.catalina.core.ApplicationContext.log Manager: restart: Reloading web application '/vacaciones'
09-Feb-2022 10:35:12.515 INFORMACIÓN [http-nio-8086-exec-202] org.apache.catalina.core.ApplicationContext.log Manager: list: Listing contexts for virtual host 'localhost'
09-Feb-2022 10:36:49.310 INFORMACIÓN [http-nio-8086-exec-206] org.apache.catalina.core.ApplicationContext.log Manager: list: Listing contexts for virtual host 'localhost'
09-Feb-2022 10:37:46.192 INFORMACIÓN [http-nio-8086-exec-198] org.apache.catalina.core.ApplicationContext.log Manager: list: Listing contexts for virtual host 'localhost'
09-Feb-2022 10:38:37.888 INFORMACIÓN [http-nio-8086-exec-198] org.apache.catalina.core.ApplicationContext.log Manager: list: Listing contexts for virtual host 'localhost'
09-Feb-2022 10:38:54.989 INFORMACIÓN [http-nio-8086-exec-199] org.apache.catalina.core.ApplicationContext.log Manager: list: Listing contexts for virtual host 'localhost'
09-Feb-2022 10:39:21.645 INFORMACIÓN [http-nio-8086-exec-205] org.apache.catalina.core.ApplicationContext.log Manager: list: Listing contexts for virtual host 'localhost'
09-Feb-2022 10:40:09.282 INFORMACIÓN [http-nio-8086-exec-202] org.apache.catalina.core.ApplicationContext.log Manager: list: Listing contexts for virtual host 'localhost'
09-Feb-2022 10:40:59.172 INFORMACIÓN [http-nio-8086-exec-199] org.apache.catalina.core.ApplicationContext.log Manager: list: Listing contexts for virtual host 'localhost'
09-Feb-2022 10:41:15.312 INFORMACIÓN [http-nio-8086-exec-203] org.apache.catalina.core.ApplicationContext.log Manager: list: Listing contexts for virtual host 'localhost'
09-Feb-2022 10:41:34.205 INFORMACIÓN [http-nio-8086-exec-198] org.apache.catalina.core.ApplicationContext.log Manager: list: Listing contexts for virtual host 'localhost'
09-Feb-2022 10:41:44.212 INFORMACIÓN [http-nio-8086-exec-203] org.apache.catalina.core.ApplicationContext.log Manager: list: Listing contexts for virtual host 'localhost'
09-Feb-2022 10:41:54.956 INFORMACIÓN [http-nio-8086-exec-206] org.apache.catalina.core.ApplicationContext.log Manager: list: Listing contexts for virtual host 'localhost'
09-Feb-2022 10:42:22.313 INFORMACIÓN [http-nio-8086-exec-202] org.apache.catalina.core.ApplicationContext.log Manager: list: Listing contexts for virtual host 'localhost'
09-Feb-2022 10:43:07.779 INFORMACIÓN [http-nio-8086-exec-204] org.apache.catalina.core.ApplicationContext.log Manager: list: Listing contexts for virtual host 'localhost'
09-Feb-2022 10:43:29.822 INFORMACIÓN [http-nio-8086-exec-207] org.apache.catalina.core.ApplicationContext.log Manager: list: Listing contexts for virtual host 'localhost'
09-Feb-2022 10:43:43.400 INFORMACIÓN [http-nio-8086-exec-199] org.apache.catalina.core.ApplicationContext.log Manager: list: Listing contexts for virtual host 'localhost'
09-Feb-2022 10:44:08.237 INFORMACIÓN [http-nio-8086-exec-200] org.apache.catalina.core.ApplicationContext.log Manager: list: Listing contexts for virtual host 'localhost'
09-Feb-2022 10:44:46.893 INFORMACIÓN [http-nio-8086-exec-206] org.apache.catalina.core.ApplicationContext.log Manager: list: Listing contexts for virtual host 'localhost'
09-Feb-2022 10:44:48.796 INFORMACIÓN [http-nio-8086-exec-206] org.apache.catalina.core.ApplicationContext.log Manager: list: Listing contexts for virtual host 'localhost'
09-Feb-2022 10:45:04.009 INFORMACIÓN [http-nio-8086-exec-203] org.apache.catalina.core.ApplicationContext.log Manager: list: Listing contexts for virtual host 'localhost'
09-Feb-2022 10:46:23.239 INFORMACIÓN [http-nio-8086-exec-199] org.apache.catalina.core.ApplicationContext.log Manager: list: Listing contexts for virtual host 'localhost'
09-Feb-2022 10:57:31.815 INFORMACIÓN [http-nio-8086-exec-200] org.apache.catalina.core.ApplicationContext.log Manager: list: Listing contexts for virtual host 'localhost'
09-Feb-2022 10:57:42.148 INFORMACIÓN [http-nio-8086-exec-205] org.apache.catalina.core.ApplicationContext.log Manager: list: Listing contexts for virtual host 'localhost'
09-Feb-2022 10:58:34.458 INFORMACIÓN [http-nio-8086-exec-198] org.apache.catalina.core.ApplicationContext.log Manager: list: Listing contexts for virtual host 'localhost'
09-Feb-2022 10:58:53.124 INFORMACIÓN [http-nio-8086-exec-207] org.apache.catalina.core.ApplicationContext.log Manager: list: Listing contexts for virtual host 'localhost'
09-Feb-2022 10:58:56.578 INFORMACIÓN [http-nio-8086-exec-203] org.apache.catalina.core.ApplicationContext.log Manager: list: Listing contexts for virtual host 'localhost'
09-Feb-2022 11:00:22.534 INFORMACIÓN [http-nio-8086-exec-205] org.apache.catalina.core.ApplicationContext.log Manager: list: Listing contexts for virtual host 'localhost'
09-Feb-2022 11:01:01.814 INFORMACIÓN [http-nio-8086-exec-200] org.apache.catalina.core.ApplicationContext.log Manager: list: Listing contexts for virtual host 'localhost'
09-Feb-2022 11:01:29.551 INFORMACIÓN [http-nio-8086-exec-198] org.apache.catalina.core.ApplicationContext.log Manager: list: Listing contexts for virtual host 'localhost'
09-Feb-2022 11:01:54.240 INFORMACIÓN [http-nio-8086-exec-207] org.apache.catalina.core.ApplicationContext.log Manager: list: Listing contexts for virtual host 'localhost'
09-Feb-2022 11:01:57.297 INFORMACIÓN [http-nio-8086-exec-204] org.apache.catalina.core.ApplicationContext.log Manager: list: Listing contexts for virtual host 'localhost'
09-Feb-2022 11:02:36.038 INFORMACIÓN [http-nio-8086-exec-201] org.apache.catalina.core.ApplicationContext.log Manager: list: Listing contexts for virtual host 'localhost'
09-Feb-2022 11:03:05.128 INFORMACIÓN [http-nio-8086-exec-206] org.apache.catalina.core.ApplicationContext.log Manager: list: Listing contexts for virtual host 'localhost'
09-Feb-2022 11:06:47.453 INFORMACIÓN [http-nio-8086-exec-206] org.apache.catalina.core.ApplicationContext.log Manager: list: Listing contexts for virtual host 'localhost'
09-Feb-2022 11:07:32.794 INFORMACIÓN [http-nio-8086-exec-205] org.apache.catalina.core.ApplicationContext.log Manager: list: Listing contexts for virtual host 'localhost'
09-Feb-2022 11:08:12.146 INFORMACIÓN [http-nio-8086-exec-201] org.apache.catalina.core.ApplicationContext.log Manager: list: Listing contexts for virtual host 'localhost'
09-Feb-2022 11:08:12.146 INFORMACIÓN [http-nio-8086-exec-203] org.apache.catalina.core.ApplicationContext.log Manager: list: Listing contexts for virtual host 'localhost'
09-Feb-2022 11:08:12.803 INFORMACIÓN [http-nio-8086-exec-198] org.apache.catalina.core.ApplicationContext.log Manager: restart: Reloading web application '/vacaciones'
09-Feb-2022 11:10:19.131 INFORMACIÓN [http-nio-8086-exec-217] org.apache.catalina.core.ApplicationContext.log Manager: list: Listing contexts for virtual host 'localhost'
09-Feb-2022 11:10:22.031 INFORMACIÓN [http-nio-8086-exec-210] org.apache.catalina.core.ApplicationContext.log Manager: list: Listing contexts for virtual host 'localhost'
09-Feb-2022 11:10:59.230 INFORMACIÓN [http-nio-8086-exec-213] org.apache.catalina.core.ApplicationContext.log Manager: list: Listing contexts for virtual host 'localhost'
09-Feb-2022 11:11:25.909 INFORMACIÓN [http-nio-8086-exec-208] org.apache.catalina.core.ApplicationContext.log Manager: list: Listing contexts for virtual host 'localhost'
09-Feb-2022 11:11:31.857 INFORMACIÓN [http-nio-8086-exec-211] org.apache.catalina.core.ApplicationContext.log Manager: list: Listing contexts for virtual host 'localhost'
09-Feb-2022 11:11:48.746 INFORMACIÓN [http-nio-8086-exec-208] org.apache.catalina.core.ApplicationContext.log Manager: list: Listing contexts for virtual host 'localhost'
09-Feb-2022 11:13:21.468 INFORMACIÓN [http-nio-8086-exec-211] org.apache.catalina.core.ApplicationContext.log Manager: list: Listing contexts for virtual host 'localhost'
09-Feb-2022 11:13:54.553 INFORMACIÓN [http-nio-8086-exec-217] org.apache.catalina.core.ApplicationContext.log Manager: list: Listing contexts for virtual host 'localhost'
09-Feb-2022 11:14:48.111 INFORMACIÓN [http-nio-8086-exec-214] org.apache.catalina.core.ApplicationContext.log Manager: list: Listing contexts for virtual host 'localhost'
09-Feb-2022 11:15:12.619 INFORMACIÓN [http-nio-8086-exec-208] org.apache.catalina.core.ApplicationContext.log Manager: list: Listing contexts for virtual host 'localhost'
09-Feb-2022 11:15:15.135 INFORMACIÓN [http-nio-8086-exec-210] org.apache.catalina.core.ApplicationContext.log Manager: list: Listing contexts for virtual host 'localhost'
09-Feb-2022 11:17:45.105 INFORMACIÓN [http-nio-8086-exec-212] org.apache.catalina.core.ApplicationContext.log Manager: list: Listing contexts for virtual host 'localhost'
09-Feb-2022 11:18:27.353 INFORMACIÓN [http-nio-8086-exec-216] org.apache.catalina.core.ApplicationContext.log Manager: list: Listing contexts for virtual host 'localhost'
09-Feb-2022 11:18:38.933 INFORMACIÓN [http-nio-8086-exec-211] org.apache.catalina.core.ApplicationContext.log Manager: list: Listing contexts for virtual host 'localhost'
09-Feb-2022 11:18:48.329 INFORMACIÓN [http-nio-8086-exec-212] org.apache.catalina.core.ApplicationContext.log Manager: list: Listing contexts for virtual host 'localhost'
09-Feb-2022 11:19:02.953 INFORMACIÓN [http-nio-8086-exec-212] org.apache.catalina.core.ApplicationContext.log Manager: list: Listing contexts for virtual host 'localhost'
09-Feb-2022 11:20:43.667 INFORMACIÓN [http-nio-8086-exec-213] org.apache.catalina.core.ApplicationContext.log Manager: list: Listing contexts for virtual host 'localhost'
09-Feb-2022 11:21:36.122 INFORMACIÓN [http-nio-8086-exec-216] org.apache.catalina.core.ApplicationContext.log Manager: list: Listing contexts for virtual host 'localhost'
09-Feb-2022 11:22:24.463 INFORMACIÓN [http-nio-8086-exec-216] org.apache.catalina.core.ApplicationContext.log Manager: list: Listing contexts for virtual host 'localhost'
09-Feb-2022 11:23:46.949 INFORMACIÓN [http-nio-8086-exec-208] org.apache.catalina.core.ApplicationContext.log Manager: list: Listing contexts for virtual host 'localhost'
09-Feb-2022 11:23:59.585 INFORMACIÓN [http-nio-8086-exec-214] org.apache.catalina.core.ApplicationContext.log Manager: list: Listing contexts for virtual host 'localhost'
09-Feb-2022 11:27:15.996 INFORMACIÓN [http-nio-8086-exec-213] org.apache.catalina.core.ApplicationContext.log Manager: list: Listing contexts for virtual host 'localhost'
09-Feb-2022 11:33:15.059 INFORMACIÓN [http-nio-8086-exec-216] org.apache.catalina.core.ApplicationContext.log Manager: list: Listing contexts for virtual host 'localhost'
09-Feb-2022 11:34:17.166 INFORMACIÓN [http-nio-8086-exec-217] org.apache.catalina.core.ApplicationContext.log Manager: list: Listing contexts for virtual host 'localhost'
09-Feb-2022 11:35:50.839 INFORMACIÓN [http-nio-8086-exec-212] org.apache.catalina.core.ApplicationContext.log Manager: list: Listing contexts for virtual host 'localhost'
09-Feb-2022 11:35:57.017 INFORMACIÓN [http-nio-8086-exec-208] org.apache.catalina.core.ApplicationContext.log Manager: list: Listing contexts for virtual host 'localhost'
09-Feb-2022 11:36:35.728 INFORMACIÓN [http-nio-8086-exec-213] org.apache.catalina.core.ApplicationContext.log Manager: list: Listing contexts for virtual host 'localhost'
09-Feb-2022 11:36:54.764 INFORMACIÓN [http-nio-8086-exec-211] org.apache.catalina.core.ApplicationContext.log Manager: list: Listing contexts for virtual host 'localhost'
09-Feb-2022 11:38:03.082 INFORMACIÓN [http-nio-8086-exec-208] org.apache.catalina.core.ApplicationContext.log Manager: list: Listing contexts for virtual host 'localhost'
09-Feb-2022 11:38:13.424 INFORMACIÓN [http-nio-8086-exec-214] org.apache.catalina.core.ApplicationContext.log Manager: list: Listing contexts for virtual host 'localhost'
09-Feb-2022 11:41:15.496 INFORMACIÓN [http-nio-8086-exec-210] org.apache.catalina.core.ApplicationContext.log Manager: list: Listing contexts for virtual host 'localhost'
09-Feb-2022 11:43:47.380 INFORMACIÓN [http-nio-8086-exec-210] org.apache.catalina.core.ApplicationContext.log Manager: list: Listing contexts for virtual host 'localhost'
09-Feb-2022 11:49:08.982 INFORMACIÓN [http-nio-8086-exec-212] org.apache.catalina.core.ApplicationContext.log Manager: list: Listing contexts for virtual host 'localhost'
09-Feb-2022 11:49:31.805 INFORMACIÓN [http-nio-8086-exec-210] org.apache.catalina.core.ApplicationContext.log Manager: list: Listing contexts for virtual host 'localhost'
09-Feb-2022 11:50:08.366 INFORMACIÓN [http-nio-8086-exec-208] org.apache.catalina.core.ApplicationContext.log Manager: list: Listing contexts for virtual host 'localhost'
09-Feb-2022 11:50:27.380 INFORMACIÓN [http-nio-8086-exec-210] org.apache.catalina.core.ApplicationContext.log Manager: list: Listing contexts for virtual host 'localhost'
09-Feb-2022 11:52:16.055 INFORMACIÓN [http-nio-8086-exec-211] org.apache.catalina.core.ApplicationContext.log Manager: list: Listing contexts for virtual host 'localhost'
09-Feb-2022 11:52:32.700 INFORMACIÓN [http-nio-8086-exec-215] org.apache.catalina.core.ApplicationContext.log Manager: list: Listing contexts for virtual host 'localhost'
09-Feb-2022 11:52:41.177 INFORMACIÓN [http-nio-8086-exec-209] org.apache.catalina.core.ApplicationContext.log Manager: list: Listing contexts for virtual host 'localhost'
09-Feb-2022 11:52:57.267 INFORMACIÓN [http-nio-8086-exec-212] org.apache.catalina.core.ApplicationContext.log Manager: list: Listing contexts for virtual host 'localhost'
09-Feb-2022 11:53:08.352 INFORMACIÓN [http-nio-8086-exec-213] org.apache.catalina.core.ApplicationContext.log Manager: list: Listing contexts for virtual host 'localhost'
09-Feb-2022 11:53:34.213 INFORMACIÓN [http-nio-8086-exec-209] org.apache.catalina.core.ApplicationContext.log Manager: list: Listing contexts for virtual host 'localhost'
09-Feb-2022 11:53:34.228 INFORMACIÓN [http-nio-8086-exec-215] org.apache.catalina.core.ApplicationContext.log Manager: list: Listing contexts for virtual host 'localhost'
09-Feb-2022 11:54:18.229 INFORMACIÓN [http-nio-8086-exec-215] org.apache.catalina.core.ApplicationContext.log Manager: list: Listing contexts for virtual host 'localhost'
09-Feb-2022 11:54:59.235 INFORMACIÓN [http-nio-8086-exec-214] org.apache.catalina.core.ApplicationContext.log Manager: list: Listing contexts for virtual host 'localhost'
09-Feb-2022 11:55:06.258 INFORMACIÓN [http-nio-8086-exec-216] org.apache.catalina.core.ApplicationContext.log Manager: list: Listing contexts for virtual host 'localhost'
09-Feb-2022 11:55:31.638 INFORMACIÓN [http-nio-8086-exec-216] org.apache.catalina.core.ApplicationContext.log Manager: list: Listing contexts for virtual host 'localhost'
09-Feb-2022 11:57:10.181 INFORMACIÓN [http-nio-8086-exec-215] org.apache.catalina.core.ApplicationContext.log Manager: list: Listing contexts for virtual host 'localhost'
09-Feb-2022 11:57:22.210 INFORMACIÓN [http-nio-8086-exec-208] org.apache.catalina.core.ApplicationContext.log Manager: list: Listing contexts for virtual host 'localhost'
09-Feb-2022 12:03:38.151 INFORMACIÓN [http-nio-8086-exec-213] org.apache.catalina.core.ApplicationContext.log Manager: list: Listing contexts for virtual host 'localhost'
09-Feb-2022 12:04:02.358 INFORMACIÓN [http-nio-8086-exec-214] org.apache.catalina.core.ApplicationContext.log Manager: list: Listing contexts for virtual host 'localhost'
09-Feb-2022 12:04:02.358 INFORMACIÓN [http-nio-8086-exec-215] org.apache.catalina.core.ApplicationContext.log Manager: list: Listing contexts for virtual host 'localhost'
09-Feb-2022 12:06:49.656 INFORMACIÓN [http-nio-8086-exec-208] org.apache.catalina.core.ApplicationContext.log Manager: list: Listing contexts for virtual host 'localhost'
09-Feb-2022 12:06:56.967 INFORMACIÓN [http-nio-8086-exec-215] org.apache.catalina.core.ApplicationContext.log Manager: list: Listing contexts for virtual host 'localhost'
09-Feb-2022 12:08:10.581 INFORMACIÓN [http-nio-8086-exec-212] org.apache.catalina.core.ApplicationContext.log Manager: list: Listing contexts for virtual host 'localhost'
09-Feb-2022 12:08:10.586 INFORMACIÓN [http-nio-8086-exec-208] org.apache.catalina.core.ApplicationContext.log Manager: list: Listing contexts for virtual host 'localhost'
09-Feb-2022 12:08:10.610 INFORMACIÓN [http-nio-8086-exec-211] org.apache.catalina.core.ApplicationContext.log Manager: undeploy: Undeploying web application at '/vacaciones'
09-Feb-2022 12:08:11.232 INFORMACIÓN [http-nio-8086-exec-212] org.apache.catalina.core.ApplicationContext.log Manager: install: Installing context configuration at 'file:/C:/Users/home/AppData/Local/Temp/context7470988314500031848.xml'
09-Feb-2022 12:08:17.730 INFORMACIÓN [http-nio-8086-exec-213] org.apache.catalina.core.ApplicationContext.log Manager: start: Starting web application '/vacaciones'
09-Feb-2022 12:08:45.897 INFORMACIÓN [http-nio-8086-exec-223] org.apache.catalina.core.ApplicationContext.log Manager: list: Listing contexts for virtual host 'localhost'
09-Feb-2022 12:09:40.052 INFORMACIÓN [http-nio-8086-exec-224] org.apache.catalina.core.ApplicationContext.log Manager: list: Listing contexts for virtual host 'localhost'
09-Feb-2022 12:09:40.058 INFORMACIÓN [http-nio-8086-exec-221] org.apache.catalina.core.ApplicationContext.log Manager: list: Listing contexts for virtual host 'localhost'
09-Feb-2022 12:59:40.344 INFORMACIÓN [http-nio-8086-exec-222] org.apache.catalina.core.ApplicationContext.log Manager: list: Listing contexts for virtual host 'localhost'
09-Feb-2022 13:00:31.097 INFORMACIÓN [http-nio-8086-exec-227] org.apache.catalina.core.ApplicationContext.log Manager: list: Listing contexts for virtual host 'localhost'
09-Feb-2022 13:00:31.097 INFORMACIÓN [http-nio-8086-exec-224] org.apache.catalina.core.ApplicationContext.log Manager: list: Listing contexts for virtual host 'localhost'
09-Feb-2022 13:30:43.148 INFORMACIÓN [http-nio-8086-exec-5] org.apache.catalina.core.ApplicationContext.log Manager: init: Associated with Deployer 'Catalina:type=Deployer,host=localhost'
09-Feb-2022 13:30:43.148 INFORMACIÓN [http-nio-8086-exec-5] org.apache.catalina.core.ApplicationContext.log Manager: init: Global resources are available
09-Feb-2022 13:30:50.399 INFORMACIÓN [http-nio-8086-exec-3] org.apache.catalina.core.ApplicationContext.log Manager: list: Listing contexts for virtual host 'localhost'
09-Feb-2022 13:30:50.430 INFORMACIÓN [http-nio-8086-exec-1] org.apache.catalina.core.ApplicationContext.log Manager: list: Listing contexts for virtual host 'localhost'
09-Feb-2022 13:30:50.539 INFORMACIÓN [http-nio-8086-exec-4] org.apache.catalina.core.ApplicationContext.log Manager: restart: Reloading web application '/'
09-Feb-2022 14:35:15.547 INFORMACIÓN [http-nio-8086-exec-14] org.apache.catalina.core.ApplicationContext.log Manager: list: Listing contexts for virtual host 'localhost'
09-Feb-2022 14:36:20.977 INFORMACIÓN [http-nio-8086-exec-18] org.apache.catalina.core.ApplicationContext.log Manager: list: Listing contexts for virtual host 'localhost'
09-Feb-2022 14:36:40.896 INFORMACIÓN [http-nio-8086-exec-12] org.apache.catalina.core.ApplicationContext.log Manager: list: Listing contexts for virtual host 'localhost'
09-Feb-2022 14:36:43.457 INFORMACIÓN [http-nio-8086-exec-15] org.apache.catalina.core.ApplicationContext.log Manager: list: Listing contexts for virtual host 'localhost'
09-Feb-2022 14:37:22.822 INFORMACIÓN [http-nio-8086-exec-13] org.apache.catalina.core.ApplicationContext.log Manager: list: Listing contexts for virtual host 'localhost'
09-Feb-2022 14:37:39.135 INFORMACIÓN [http-nio-8086-exec-18] org.apache.catalina.core.ApplicationContext.log Manager: list: Listing contexts for virtual host 'localhost'
09-Feb-2022 14:37:51.451 INFORMACIÓN [http-nio-8086-exec-20] org.apache.catalina.core.ApplicationContext.log Manager: list: Listing contexts for virtual host 'localhost'
09-Feb-2022 14:38:28.231 INFORMACIÓN [http-nio-8086-exec-20] org.apache.catalina.core.ApplicationContext.log Manager: list: Listing contexts for virtual host 'localhost'
09-Feb-2022 14:40:12.194 INFORMACIÓN [http-nio-8086-exec-19] org.apache.catalina.core.ApplicationContext.log Manager: list: Listing contexts for virtual host 'localhost'
09-Feb-2022 14:40:30.207 INFORMACIÓN [http-nio-8086-exec-15] org.apache.catalina.core.ApplicationContext.log Manager: list: Listing contexts for virtual host 'localhost'
09-Feb-2022 14:41:11.691 INFORMACIÓN [http-nio-8086-exec-14] org.apache.catalina.core.ApplicationContext.log Manager: list: Listing contexts for virtual host 'localhost'
09-Feb-2022 14:43:32.367 INFORMACIÓN [http-nio-8086-exec-20] org.apache.catalina.core.ApplicationContext.log Manager: list: Listing contexts for virtual host 'localhost'
09-Feb-2022 14:49:27.952 INFORMACIÓN [http-nio-8086-exec-17] org.apache.catalina.core.ApplicationContext.log Manager: list: Listing contexts for virtual host 'localhost'
09-Feb-2022 14:52:53.394 INFORMACIÓN [http-nio-8086-exec-13] org.apache.catalina.core.ApplicationContext.log Manager: list: Listing contexts for virtual host 'localhost'
09-Feb-2022 14:54:33.776 INFORMACIÓN [http-nio-8086-exec-12] org.apache.catalina.core.ApplicationContext.log Manager: list: Listing contexts for virtual host 'localhost'
09-Feb-2022 14:54:35.356 INFORMACIÓN [http-nio-8086-exec-12] org.apache.catalina.core.ApplicationContext.log Manager: list: Listing contexts for virtual host 'localhost'
09-Feb-2022 14:59:33.318 INFORMACIÓN [http-nio-8086-exec-16] org.apache.catalina.core.ApplicationContext.log Manager: list: Listing contexts for virtual host 'localhost'
09-Feb-2022 15:00:56.049 INFORMACIÓN [http-nio-8086-exec-14] org.apache.catalina.core.ApplicationContext.log Manager: list: Listing contexts for virtual host 'localhost'
09-Feb-2022 15:04:46.363 INFORMACIÓN [http-nio-8086-exec-17] org.apache.catalina.core.ApplicationContext.log Manager: list: Listing contexts for virtual host 'localhost'
09-Feb-2022 15:05:17.757 INFORMACIÓN [http-nio-8086-exec-13] org.apache.catalina.core.ApplicationContext.log Manager: list: Listing contexts for virtual host 'localhost'
09-Feb-2022 15:05:17.757 INFORMACIÓN [http-nio-8086-exec-15] org.apache.catalina.core.ApplicationContext.log Manager: list: Listing contexts for virtual host 'localhost'
09-Feb-2022 15:06:24.309 INFORMACIÓN [http-nio-8086-exec-20] org.apache.catalina.core.ApplicationContext.log Manager: list: Listing contexts for virtual host 'localhost'
09-Feb-2022 15:07:23.909 INFORMACIÓN [http-nio-8086-exec-12] org.apache.catalina.core.ApplicationContext.log Manager: list: Listing contexts for virtual host 'localhost'
09-Feb-2022 15:07:42.779 INFORMACIÓN [http-nio-8086-exec-11] org.apache.catalina.core.ApplicationContext.log Manager: list: Listing contexts for virtual host 'localhost'
09-Feb-2022 15:07:50.341 INFORMACIÓN [http-nio-8086-exec-16] org.apache.catalina.core.ApplicationContext.log Manager: list: Listing contexts for virtual host 'localhost'
09-Feb-2022 15:08:42.558 INFORMACIÓN [http-nio-8086-exec-19] org.apache.catalina.core.ApplicationContext.log Manager: list: Listing contexts for virtual host 'localhost'
09-Feb-2022 15:09:05.979 INFORMACIÓN [http-nio-8086-exec-18] org.apache.catalina.core.ApplicationContext.log Manager: list: Listing contexts for virtual host 'localhost'
09-Feb-2022 17:44:41.483 INFORMACIÓN [http-nio-8086-exec-3] org.apache.catalina.core.ApplicationContext.log Manager: init: Associated with Deployer 'Catalina:type=Deployer,host=localhost'
09-Feb-2022 17:44:41.484 INFORMACIÓN [http-nio-8086-exec-3] org.apache.catalina.core.ApplicationContext.log Manager: init: Global resources are available
09-Feb-2022 17:44:53.639 INFORMACIÓN [http-nio-8086-exec-7] org.apache.catalina.core.ApplicationContext.log Manager: list: Listing contexts for virtual host 'localhost'
09-Feb-2022 17:44:53.676 INFORMACIÓN [http-nio-8086-exec-8] org.apache.catalina.core.ApplicationContext.log Manager: list: Listing contexts for virtual host 'localhost'
09-Feb-2022 18:12:28.058 INFORMACIÓN [http-nio-8086-exec-9] org.apache.catalina.core.ApplicationContext.log Manager: list: Listing contexts for virtual host 'localhost'
09-Feb-2022 18:12:29.891 INFORMACIÓN [http-nio-8086-exec-2] org.apache.catalina.core.ApplicationContext.log Manager: list: Listing contexts for virtual host 'localhost'
09-Feb-2022 18:15:15.912 INFORMACIÓN [http-nio-8086-exec-11] org.apache.catalina.core.ApplicationContext.log Manager: list: Listing contexts for virtual host 'localhost'
09-Feb-2022 18:15:15.951 INFORMACIÓN [http-nio-8086-exec-2] org.apache.catalina.core.ApplicationContext.log Manager: restart: Reloading web application '/Sistema'
09-Feb-2022 18:15:21.194 INFORMACIÓN [http-nio-8086-exec-9] org.apache.catalina.core.ApplicationContext.log Manager: list: Listing contexts for virtual host 'localhost'
09-Feb-2022 18:15:21.301 INFORMACIÓN [http-nio-8086-exec-3] org.apache.catalina.core.ApplicationContext.log Manager: restart: Reloading web application '/Sistema'
09-Feb-2022 18:15:22.477 INFORMACIÓN [http-nio-8086-exec-11] org.apache.catalina.core.ApplicationContext.log Manager: list: Listing contexts for virtual host 'localhost'
09-Feb-2022 18:15:29.290 INFORMACIÓN [http-nio-8086-exec-16] org.apache.catalina.core.ApplicationContext.log Manager: list: Listing contexts for virtual host 'localhost'
09-Feb-2022 18:15:30.683 INFORMACIÓN [http-nio-8086-exec-14] org.apache.catalina.core.ApplicationContext.log Manager: list: Listing contexts for virtual host 'localhost'
09-Feb-2022 18:16:24.848 INFORMACIÓN [http-nio-8086-exec-18] org.apache.catalina.core.ApplicationContext.log Manager: list: Listing contexts for virtual host 'localhost'
09-Feb-2022 18:22:29.412 INFORMACIÓN [http-nio-8086-exec-10] org.apache.catalina.core.ApplicationContext.log Manager: init: Associated with Deployer 'Catalina:type=Deployer,host=localhost'
09-Feb-2022 18:22:29.415 INFORMACIÓN [http-nio-8086-exec-10] org.apache.catalina.core.ApplicationContext.log Manager: init: Global resources are available
09-Feb-2022 18:22:42.852 INFORMACIÓN [http-nio-8086-exec-10] org.apache.catalina.core.ApplicationContext.log Manager: list: Listing contexts for virtual host 'localhost'
09-Feb-2022 18:22:42.877 INFORMACIÓN [http-nio-8086-exec-4] org.apache.catalina.core.ApplicationContext.log Manager: list: Listing contexts for virtual host 'localhost'
09-Feb-2022 18:22:57.431 INFORMACIÓN [http-nio-8086-exec-7] org.apache.catalina.core.ApplicationContext.log Manager: restart: Reloading web application '/Sistema'
