03-Feb-2022 11:57:25.137 INFORMACIÓN [http-nio-8086-exec-7] org.apache.catalina.core.ApplicationContext.log Manager: init: Associated with Deployer 'Catalina:type=Deployer,host=localhost'
03-Feb-2022 11:57:25.139 INFORMACIÓN [http-nio-8086-exec-7] org.apache.catalina.core.ApplicationContext.log Manager: init: Global resources are available
03-Feb-2022 11:57:26.187 INFORMACIÓN [http-nio-8086-exec-8] org.apache.catalina.core.ApplicationContext.log Manager: list: Listing contexts for virtual host 'localhost'
03-Feb-2022 11:57:26.203 INFORMACIÓN [http-nio-8086-exec-10] org.apache.catalina.core.ApplicationContext.log Manager: list: Listing contexts for virtual host 'localhost'
03-Feb-2022 11:57:26.350 INFORMACIÓN [http-nio-8086-exec-2] org.apache.catalina.core.ApplicationContext.log Manager: stop: Stopping web application '/'
03-Feb-2022 11:57:26.445 INFORMACIÓN [http-nio-8086-exec-4] org.apache.catalina.core.ApplicationContext.log Manager: start: Starting web application '/'
03-Feb-2022 12:03:43.027 INFORMACIÓN [http-nio-8086-exec-20] org.apache.catalina.core.ApplicationContext.log Manager: list: Listing contexts for virtual host 'localhost'
03-Feb-2022 12:03:43.053 INFORMACIÓN [http-nio-8086-exec-11] org.apache.catalina.core.ApplicationContext.log Manager: restart: Reloading web application '/'
03-Feb-2022 12:04:01.724 INFORMACIÓN [http-nio-8086-exec-16] org.apache.catalina.core.ApplicationContext.log Manager: list: Listing contexts for virtual host 'localhost'
03-Feb-2022 12:04:01.731 INFORMACIÓN [http-nio-8086-exec-15] org.apache.catalina.core.ApplicationContext.log Manager: list: Listing contexts for virtual host 'localhost'
03-Feb-2022 12:04:01.812 INFORMACIÓN [http-nio-8086-exec-14] org.apache.catalina.core.ApplicationContext.log Manager: restart: Reloading web application '/'
03-Feb-2022 12:04:48.542 INFORMACIÓN [http-nio-8086-exec-21] org.apache.catalina.core.ApplicationContext.log Manager: list: Listing contexts for virtual host 'localhost'
03-Feb-2022 12:04:48.569 INFORMACIÓN [http-nio-8086-exec-25] org.apache.catalina.core.ApplicationContext.log Manager: restart: Reloading web application '/'
03-Feb-2022 12:04:58.026 INFORMACIÓN [http-nio-8086-exec-20] org.apache.catalina.core.ApplicationContext.log Manager: list: Listing contexts for virtual host 'localhost'
03-Feb-2022 12:04:58.033 INFORMACIÓN [http-nio-8086-exec-22] org.apache.catalina.core.ApplicationContext.log Manager: list: Listing contexts for virtual host 'localhost'
03-Feb-2022 12:04:58.108 INFORMACIÓN [http-nio-8086-exec-24] org.apache.catalina.core.ApplicationContext.log Manager: restart: Reloading web application '/'
03-Feb-2022 12:05:38.862 INFORMACIÓN [http-nio-8086-exec-30] org.apache.catalina.core.ApplicationContext.log Manager: list: Listing contexts for virtual host 'localhost'
03-Feb-2022 12:05:38.889 INFORMACIÓN [http-nio-8086-exec-16] org.apache.catalina.core.ApplicationContext.log Manager: restart: Reloading web application '/'
03-Feb-2022 12:05:46.679 INFORMACIÓN [69] org.apache.catalina.core.ApplicationContext.log Manager: list: Listing contexts for virtual host 'localhost'
03-Feb-2022 12:05:46.696 INFORMACIÓN [http-nio-8086-exec-32] org.apache.catalina.core.ApplicationContext.log Manager: list: Listing contexts for virtual host 'localhost'
03-Feb-2022 12:05:46.779 INFORMACIÓN [http-nio-8086-exec-29] org.apache.catalina.core.ApplicationContext.log Manager: restart: Reloading web application '/'
03-Feb-2022 12:08:53.289 INFORMACIÓN [http-nio-8086-exec-40] org.apache.catalina.core.ApplicationContext.log Manager: list: Listing contexts for virtual host 'localhost'
03-Feb-2022 12:08:53.320 INFORMACIÓN [http-nio-8086-exec-33] org.apache.catalina.core.ApplicationContext.log Manager: restart: Reloading web application '/'
03-Feb-2022 12:37:38.785 INFORMACIÓN [http-nio-8086-exec-43] org.apache.catalina.core.ApplicationContext.log Manager: list: Listing contexts for virtual host 'localhost'
03-Feb-2022 12:37:38.791 INFORMACIÓN [http-nio-8086-exec-45] org.apache.catalina.core.ApplicationContext.log Manager: list: Listing contexts for virtual host 'localhost'
03-Feb-2022 12:37:38.871 INFORMACIÓN [http-nio-8086-exec-46] org.apache.catalina.core.ApplicationContext.log Manager: restart: Reloading web application '/'
03-Feb-2022 12:50:13.639 INFORMACIÓN [http-nio-8086-exec-56] org.apache.catalina.core.ApplicationContext.log Manager: list: Listing contexts for virtual host 'localhost'
03-Feb-2022 12:50:13.639 INFORMACIÓN [http-nio-8086-exec-58] org.apache.catalina.core.ApplicationContext.log Manager: list: Listing contexts for virtual host 'localhost'
03-Feb-2022 21:34:16.885 INFORMACIÓN [http-nio-8086-exec-8] org.apache.catalina.core.ApplicationContext.log Manager: init: Associated with Deployer 'Catalina:type=Deployer,host=localhost'
03-Feb-2022 21:34:16.899 INFORMACIÓN [http-nio-8086-exec-8] org.apache.catalina.core.ApplicationContext.log Manager: init: Global resources are available
03-Feb-2022 21:34:19.711 INFORMACIÓN [http-nio-8086-exec-10] org.apache.catalina.core.ApplicationContext.log Manager: list: Listing contexts for virtual host 'localhost'
03-Feb-2022 21:34:19.729 INFORMACIÓN [http-nio-8086-exec-6] org.apache.catalina.core.ApplicationContext.log Manager: list: Listing contexts for virtual host 'localhost'
03-Feb-2022 21:37:53.041 INFORMACIÓN [http-nio-8086-exec-4] org.apache.catalina.core.ApplicationContext.log Manager: list: Listing contexts for virtual host 'localhost'
03-Feb-2022 21:37:53.095 INFORMACIÓN [http-nio-8086-exec-9] org.apache.catalina.core.ApplicationContext.log Manager: restart: Reloading web application '/'
03-Feb-2022 21:52:50.449 INFORMACIÓN [http-nio-8086-exec-20] org.apache.catalina.core.ApplicationContext.log Manager: list: Listing contexts for virtual host 'localhost'
03-Feb-2022 21:52:50.480 INFORMACIÓN [http-nio-8086-exec-11] org.apache.catalina.core.ApplicationContext.log Manager: restart: Reloading web application '/'
03-Feb-2022 21:53:18.239 INFORMACIÓN [http-nio-8086-exec-15] org.apache.catalina.core.ApplicationContext.log Manager: list: Listing contexts for virtual host 'localhost'
03-Feb-2022 21:53:18.266 INFORMACIÓN [http-nio-8086-exec-12] org.apache.catalina.core.ApplicationContext.log Manager: restart: Reloading web application '/'
03-Feb-2022 21:53:29.181 INFORMACIÓN [http-nio-8086-exec-15] org.apache.catalina.core.ApplicationContext.log Manager: list: Listing contexts for virtual host 'localhost'
03-Feb-2022 21:53:29.219 INFORMACIÓN [http-nio-8086-exec-24] org.apache.catalina.core.ApplicationContext.log Manager: restart: Reloading web application '/'
03-Feb-2022 21:53:35.340 INFORMACIÓN [http-nio-8086-exec-25] org.apache.catalina.core.ApplicationContext.log Manager: list: Listing contexts for virtual host 'localhost'
03-Feb-2022 21:53:35.383 INFORMACIÓN [http-nio-8086-exec-13] org.apache.catalina.core.ApplicationContext.log Manager: restart: Reloading web application '/'
03-Feb-2022 21:54:00.430 INFORMACIÓN [http-nio-8086-exec-22] org.apache.catalina.core.ApplicationContext.log Manager: list: Listing contexts for virtual host 'localhost'
03-Feb-2022 21:54:00.460 INFORMACIÓN [http-nio-8086-exec-27] org.apache.catalina.core.ApplicationContext.log Manager: restart: Reloading web application '/'
03-Feb-2022 21:54:42.722 INFORMACIÓN [http-nio-8086-exec-30] org.apache.catalina.core.ApplicationContext.log Manager: list: Listing contexts for virtual host 'localhost'
03-Feb-2022 21:54:42.747 INFORMACIÓN [http-nio-8086-exec-28] org.apache.catalina.core.ApplicationContext.log Manager: restart: Reloading web application '/'
03-Feb-2022 21:55:15.956 INFORMACIÓN [http-nio-8086-exec-32] org.apache.catalina.core.ApplicationContext.log Manager: list: Listing contexts for virtual host 'localhost'
03-Feb-2022 21:55:15.985 INFORMACIÓN [http-nio-8086-exec-14] org.apache.catalina.core.ApplicationContext.log Manager: restart: Reloading web application '/'
03-Feb-2022 21:55:24.049 INFORMACIÓN [http-nio-8086-exec-33] org.apache.catalina.core.ApplicationContext.log Manager: list: Listing contexts for virtual host 'localhost'
03-Feb-2022 21:55:24.073 INFORMACIÓN [http-nio-8086-exec-26] org.apache.catalina.core.ApplicationContext.log Manager: restart: Reloading web application '/'
03-Feb-2022 21:57:00.177 INFORMACIÓN [http-nio-8086-exec-15] org.apache.catalina.core.ApplicationContext.log Manager: list: Listing contexts for virtual host 'localhost'
03-Feb-2022 21:57:05.908 INFORMACIÓN [http-nio-8086-exec-29] org.apache.catalina.core.ApplicationContext.log Manager: list: Listing contexts for virtual host 'localhost'
03-Feb-2022 21:57:05.918 INFORMACIÓN [http-nio-8086-exec-39] org.apache.catalina.core.ApplicationContext.log Manager: list: Listing contexts for virtual host 'localhost'
03-Feb-2022 21:57:06.028 INFORMACIÓN [http-nio-8086-exec-36] org.apache.catalina.core.ApplicationContext.log Manager: restart: Reloading web application '/'
03-Feb-2022 22:06:04.923 INFORMACIÓN [http-nio-8086-exec-49] org.apache.catalina.core.ApplicationContext.log Manager: list: Listing contexts for virtual host 'localhost'
03-Feb-2022 22:06:04.954 INFORMACIÓN [http-nio-8086-exec-40] org.apache.catalina.core.ApplicationContext.log Manager: restart: Reloading web application '/'
03-Feb-2022 22:06:13.482 INFORMACIÓN [http-nio-8086-exec-50] org.apache.catalina.core.ApplicationContext.log Manager: list: Listing contexts for virtual host 'localhost'
03-Feb-2022 22:06:13.506 INFORMACIÓN [http-nio-8086-exec-41] org.apache.catalina.core.ApplicationContext.log Manager: restart: Reloading web application '/'
03-Feb-2022 22:06:35.813 INFORMACIÓN [95] org.apache.catalina.core.ApplicationContext.log Manager: list: Listing contexts for virtual host 'localhost'
03-Feb-2022 22:06:35.838 INFORMACIÓN [http-nio-8086-exec-49] org.apache.catalina.core.ApplicationContext.log Manager: list: Listing contexts for virtual host 'localhost'
03-Feb-2022 22:06:35.945 INFORMACIÓN [http-nio-8086-exec-47] org.apache.catalina.core.ApplicationContext.log Manager: restart: Reloading web application '/'
03-Feb-2022 22:10:38.145 INFORMACIÓN [http-nio-8086-exec-57] org.apache.catalina.core.ApplicationContext.log Manager: list: Listing contexts for virtual host 'localhost'
03-Feb-2022 22:10:38.165 INFORMACIÓN [http-nio-8086-exec-58] org.apache.catalina.core.ApplicationContext.log Manager: restart: Reloading web application '/'
03-Feb-2022 22:12:32.403 INFORMACIÓN [http-nio-8086-exec-64] org.apache.catalina.core.ApplicationContext.log Manager: list: Listing contexts for virtual host 'localhost'
03-Feb-2022 22:12:32.424 INFORMACIÓN [http-nio-8086-exec-65] org.apache.catalina.core.ApplicationContext.log Manager: restart: Reloading web application '/'
