07-Feb-2022 08:13:33.654 INFORMACIÓN [http-nio-8086-exec-8] org.apache.catalina.core.ApplicationContext.log Manager: init: Associated with Deployer 'Catalina:type=Deployer,host=localhost'
07-Feb-2022 08:13:33.654 INFORMACIÓN [http-nio-8086-exec-8] org.apache.catalina.core.ApplicationContext.log Manager: init: Global resources are available
07-Feb-2022 08:13:41.820 INFORMACIÓN [http-nio-8086-exec-1] org.apache.catalina.core.ApplicationContext.log Manager: list: Listing contexts for virtual host 'localhost'
07-Feb-2022 08:13:41.851 INFORMACIÓN [http-nio-8086-exec-5] org.apache.catalina.core.ApplicationContext.log Manager: list: Listing contexts for virtual host 'localhost'
07-Feb-2022 08:13:42.101 INFORMACIÓN [http-nio-8086-exec-6] org.apache.catalina.core.ApplicationContext.log Manager: restart: Reloading web application '/vacaciones'
07-Feb-2022 08:19:20.733 INFORMACIÓN [http-nio-8086-exec-20] org.apache.catalina.core.ApplicationContext.log Manager: list: Listing contexts for virtual host 'localhost'
07-Feb-2022 08:19:20.826 INFORMACIÓN [http-nio-8086-exec-16] org.apache.catalina.core.ApplicationContext.log Manager: restart: Reloading web application '/vacaciones'
07-Feb-2022 08:19:34.584 INFORMACIÓN [http-nio-8086-exec-21] org.apache.catalina.core.ApplicationContext.log Manager: list: Listing contexts for virtual host 'localhost'
07-Feb-2022 08:19:34.772 INFORMACIÓN [http-nio-8086-exec-15] org.apache.catalina.core.ApplicationContext.log Manager: restart: Reloading web application '/vacaciones'
07-Feb-2022 08:34:28.374 INFORMACIÓN [http-nio-8086-exec-10] org.apache.catalina.core.ApplicationContext.log Manager: init: Associated with Deployer 'Catalina:type=Deployer,host=localhost'
07-Feb-2022 08:34:28.374 INFORMACIÓN [http-nio-8086-exec-10] org.apache.catalina.core.ApplicationContext.log Manager: init: Global resources are available
07-Feb-2022 08:34:36.734 INFORMACIÓN [http-nio-8086-exec-5] org.apache.catalina.core.ApplicationContext.log Manager: list: Listing contexts for virtual host 'localhost'
07-Feb-2022 08:34:36.750 INFORMACIÓN [http-nio-8086-exec-6] org.apache.catalina.core.ApplicationContext.log Manager: list: Listing contexts for virtual host 'localhost'
07-Feb-2022 08:34:37.422 INFORMACIÓN [http-nio-8086-exec-1] org.apache.catalina.core.ApplicationContext.log Manager: restart: Reloading web application '/vacaciones'
07-Feb-2022 08:35:14.635 INFORMACIÓN [http-nio-8086-exec-3] org.apache.catalina.core.ApplicationContext.log Manager: list: Listing contexts for virtual host 'localhost'
07-Feb-2022 08:35:14.682 INFORMACIÓN [http-nio-8086-exec-14] org.apache.catalina.core.ApplicationContext.log Manager: restart: Reloading web application '/vacaciones'
07-Feb-2022 08:36:18.354 INFORMACIÓN [http-nio-8086-exec-19] org.apache.catalina.core.ApplicationContext.log Manager: list: Listing contexts for virtual host 'localhost'
07-Feb-2022 08:36:30.585 INFORMACIÓN [http-nio-8086-exec-15] org.apache.catalina.core.ApplicationContext.log Manager: list: Listing contexts for virtual host 'localhost'
07-Feb-2022 08:36:45.109 INFORMACIÓN [http-nio-8086-exec-23] org.apache.catalina.core.ApplicationContext.log Manager: list: Listing contexts for virtual host 'localhost'
07-Feb-2022 08:37:18.386 INFORMACIÓN [http-nio-8086-exec-3] org.apache.catalina.core.ApplicationContext.log Manager: list: Listing contexts for virtual host 'localhost'
07-Feb-2022 08:39:12.936 INFORMACIÓN [http-nio-8086-exec-24] org.apache.catalina.core.ApplicationContext.log Manager: list: Listing contexts for virtual host 'localhost'
07-Feb-2022 08:39:19.082 INFORMACIÓN [http-nio-8086-exec-19] org.apache.catalina.core.ApplicationContext.log Manager: list: Listing contexts for virtual host 'localhost'
07-Feb-2022 08:39:20.702 INFORMACIÓN [http-nio-8086-exec-25] org.apache.catalina.core.ApplicationContext.log Manager: list: Listing contexts for virtual host 'localhost'
07-Feb-2022 08:39:21.184 INFORMACIÓN [http-nio-8086-exec-26] org.apache.catalina.core.ApplicationContext.log Manager: list: Listing contexts for virtual host 'localhost'
07-Feb-2022 08:39:21.740 INFORMACIÓN [http-nio-8086-exec-21] org.apache.catalina.core.ApplicationContext.log Manager: list: Listing contexts for virtual host 'localhost'
07-Feb-2022 08:39:38.410 INFORMACIÓN [http-nio-8086-exec-23] org.apache.catalina.core.ApplicationContext.log Manager: list: Listing contexts for virtual host 'localhost'
07-Feb-2022 08:39:59.884 INFORMACIÓN [http-nio-8086-exec-17] org.apache.catalina.core.ApplicationContext.log Manager: list: Listing contexts for virtual host 'localhost'
07-Feb-2022 08:40:06.005 INFORMACIÓN [http-nio-8086-exec-21] org.apache.catalina.core.ApplicationContext.log Manager: list: Listing contexts for virtual host 'localhost'
07-Feb-2022 08:40:14.535 INFORMACIÓN [http-nio-8086-exec-22] org.apache.catalina.core.ApplicationContext.log Manager: list: Listing contexts for virtual host 'localhost'
07-Feb-2022 08:41:22.107 INFORMACIÓN [http-nio-8086-exec-20] org.apache.catalina.core.ApplicationContext.log Manager: list: Listing contexts for virtual host 'localhost'
07-Feb-2022 08:41:32.060 INFORMACIÓN [http-nio-8086-exec-25] org.apache.catalina.core.ApplicationContext.log Manager: list: Listing contexts for virtual host 'localhost'
07-Feb-2022 08:41:56.954 INFORMACIÓN [http-nio-8086-exec-20] org.apache.catalina.core.ApplicationContext.log Manager: list: Listing contexts for virtual host 'localhost'
07-Feb-2022 08:41:56.964 INFORMACIÓN [http-nio-8086-exec-17] org.apache.catalina.core.ApplicationContext.log Manager: list: Listing contexts for virtual host 'localhost'
07-Feb-2022 08:42:28.356 INFORMACIÓN [http-nio-8086-exec-18] org.apache.catalina.core.ApplicationContext.log Manager: list: Listing contexts for virtual host 'localhost'
07-Feb-2022 08:42:28.814 INFORMACIÓN [http-nio-8086-exec-18] org.apache.catalina.core.ApplicationContext.log Manager: list: Listing contexts for virtual host 'localhost'
07-Feb-2022 08:42:29.320 INFORMACIÓN [http-nio-8086-exec-22] org.apache.catalina.core.ApplicationContext.log Manager: list: Listing contexts for virtual host 'localhost'
07-Feb-2022 08:42:29.429 INFORMACIÓN [http-nio-8086-exec-21] org.apache.catalina.core.ApplicationContext.log Manager: list: Listing contexts for virtual host 'localhost'
07-Feb-2022 08:42:29.523 INFORMACIÓN [http-nio-8086-exec-21] org.apache.catalina.core.ApplicationContext.log Manager: list: Listing contexts for virtual host 'localhost'
07-Feb-2022 08:42:29.601 INFORMACIÓN [http-nio-8086-exec-20] org.apache.catalina.core.ApplicationContext.log Manager: list: Listing contexts for virtual host 'localhost'
07-Feb-2022 08:42:29.663 INFORMACIÓN [http-nio-8086-exec-20] org.apache.catalina.core.ApplicationContext.log Manager: list: Listing contexts for virtual host 'localhost'
07-Feb-2022 08:42:30.045 INFORMACIÓN [http-nio-8086-exec-20] org.apache.catalina.core.ApplicationContext.log Manager: list: Listing contexts for virtual host 'localhost'
07-Feb-2022 08:42:30.121 INFORMACIÓN [http-nio-8086-exec-20] org.apache.catalina.core.ApplicationContext.log Manager: list: Listing contexts for virtual host 'localhost'
07-Feb-2022 08:42:30.494 INFORMACIÓN [http-nio-8086-exec-20] org.apache.catalina.core.ApplicationContext.log Manager: list: Listing contexts for virtual host 'localhost'
07-Feb-2022 08:42:30.627 INFORMACIÓN [http-nio-8086-exec-20] org.apache.catalina.core.ApplicationContext.log Manager: list: Listing contexts for virtual host 'localhost'
07-Feb-2022 08:42:30.785 INFORMACIÓN [http-nio-8086-exec-21] org.apache.catalina.core.ApplicationContext.log Manager: list: Listing contexts for virtual host 'localhost'
07-Feb-2022 08:42:32.218 INFORMACIÓN [http-nio-8086-exec-25] org.apache.catalina.core.ApplicationContext.log Manager: list: Listing contexts for virtual host 'localhost'
07-Feb-2022 08:42:33.842 INFORMACIÓN [http-nio-8086-exec-25] org.apache.catalina.core.ApplicationContext.log Manager: list: Listing contexts for virtual host 'localhost'
07-Feb-2022 08:42:38.878 INFORMACIÓN [http-nio-8086-exec-19] org.apache.catalina.core.ApplicationContext.log Manager: list: Listing contexts for virtual host 'localhost'
07-Feb-2022 08:44:29.204 INFORMACIÓN [http-nio-8086-exec-26] org.apache.catalina.core.ApplicationContext.log Manager: list: Listing contexts for virtual host 'localhost'
07-Feb-2022 08:44:35.956 INFORMACIÓN [http-nio-8086-exec-26] org.apache.catalina.core.ApplicationContext.log Manager: list: Listing contexts for virtual host 'localhost'
07-Feb-2022 08:44:49.318 INFORMACIÓN [http-nio-8086-exec-21] org.apache.catalina.core.ApplicationContext.log Manager: list: Listing contexts for virtual host 'localhost'
07-Feb-2022 08:44:53.196 INFORMACIÓN [http-nio-8086-exec-26] org.apache.catalina.core.ApplicationContext.log Manager: list: Listing contexts for virtual host 'localhost'
07-Feb-2022 08:52:25.032 INFORMACIÓN [http-nio-8086-exec-22] org.apache.catalina.core.ApplicationContext.log Manager: list: Listing contexts for virtual host 'localhost'
07-Feb-2022 08:52:54.986 INFORMACIÓN [http-nio-8086-exec-18] org.apache.catalina.core.ApplicationContext.log Manager: list: Listing contexts for virtual host 'localhost'
07-Feb-2022 08:53:08.923 INFORMACIÓN [http-nio-8086-exec-17] org.apache.catalina.core.ApplicationContext.log Manager: list: Listing contexts for virtual host 'localhost'
07-Feb-2022 08:53:39.341 INFORMACIÓN [http-nio-8086-exec-25] org.apache.catalina.core.ApplicationContext.log Manager: list: Listing contexts for virtual host 'localhost'
07-Feb-2022 08:54:00.820 INFORMACIÓN [http-nio-8086-exec-20] org.apache.catalina.core.ApplicationContext.log Manager: list: Listing contexts for virtual host 'localhost'
07-Feb-2022 08:54:22.809 INFORMACIÓN [http-nio-8086-exec-22] org.apache.catalina.core.ApplicationContext.log Manager: list: Listing contexts for virtual host 'localhost'
07-Feb-2022 08:54:22.842 INFORMACIÓN [http-nio-8086-exec-23] org.apache.catalina.core.ApplicationContext.log Manager: stop: Stopping web application '/vacaciones'
07-Feb-2022 08:54:22.907 INFORMACIÓN [http-nio-8086-exec-18] org.apache.catalina.core.ApplicationContext.log Manager: start: Starting web application '/vacaciones'
07-Feb-2022 08:54:53.046 INFORMACIÓN [http-nio-8086-exec-19] org.apache.catalina.core.ApplicationContext.log Manager: list: Listing contexts for virtual host 'localhost'
07-Feb-2022 08:54:53.046 INFORMACIÓN [http-nio-8086-exec-29] org.apache.catalina.core.ApplicationContext.log Manager: list: Listing contexts for virtual host 'localhost'
07-Feb-2022 08:54:53.946 INFORMACIÓN [http-nio-8086-exec-20] org.apache.catalina.core.ApplicationContext.log Manager: stop: Stopping web application '/vacaciones'
07-Feb-2022 08:54:54.004 INFORMACIÓN [http-nio-8086-exec-28] org.apache.catalina.core.ApplicationContext.log Manager: start: Starting web application '/vacaciones'
07-Feb-2022 08:55:36.013 INFORMACIÓN [http-nio-8086-exec-36] org.apache.catalina.core.ApplicationContext.log Manager: list: Listing contexts for virtual host 'localhost'
07-Feb-2022 08:56:23.591 INFORMACIÓN [http-nio-8086-exec-37] org.apache.catalina.core.ApplicationContext.log Manager: list: Listing contexts for virtual host 'localhost'
07-Feb-2022 08:56:23.608 INFORMACIÓN [http-nio-8086-exec-33] org.apache.catalina.core.ApplicationContext.log Manager: stop: Stopping web application '/vacaciones'
07-Feb-2022 08:56:23.655 INFORMACIÓN [http-nio-8086-exec-35] org.apache.catalina.core.ApplicationContext.log Manager: start: Starting web application '/vacaciones'
07-Feb-2022 08:57:40.273 INFORMACIÓN [http-nio-8086-exec-22] org.apache.catalina.core.ApplicationContext.log Manager: list: Listing contexts for virtual host 'localhost'
07-Feb-2022 08:58:46.299 INFORMACIÓN [http-nio-8086-exec-22] org.apache.catalina.core.ApplicationContext.log Manager: list: Listing contexts for virtual host 'localhost'
07-Feb-2022 08:58:46.314 INFORMACIÓN [http-nio-8086-exec-43] org.apache.catalina.core.ApplicationContext.log Manager: restart: Reloading web application '/vacaciones'
07-Feb-2022 08:59:16.814 INFORMACIÓN [http-nio-8086-exec-38] org.apache.catalina.core.ApplicationContext.log Manager: list: Listing contexts for virtual host 'localhost'
07-Feb-2022 08:59:16.830 INFORMACIÓN [http-nio-8086-exec-52] org.apache.catalina.core.ApplicationContext.log Manager: restart: Reloading web application '/vacaciones'
07-Feb-2022 09:31:11.725 INFORMACIÓN [http-nio-8086-exec-57] org.apache.catalina.core.ApplicationContext.log Manager: list: Listing contexts for virtual host 'localhost'
07-Feb-2022 09:31:11.744 INFORMACIÓN [http-nio-8086-exec-58] org.apache.catalina.core.ApplicationContext.log Manager: restart: Reloading web application '/vacaciones'
07-Feb-2022 09:31:19.893 INFORMACIÓN [http-nio-8086-exec-63] org.apache.catalina.core.ApplicationContext.log Manager: list: Listing contexts for virtual host 'localhost'
07-Feb-2022 09:31:19.928 INFORMACIÓN [http-nio-8086-exec-57] org.apache.catalina.core.ApplicationContext.log Manager: restart: Reloading web application '/vacaciones'
07-Feb-2022 09:31:30.481 INFORMACIÓN [http-nio-8086-exec-64] org.apache.catalina.core.ApplicationContext.log Manager: list: Listing contexts for virtual host 'localhost'
07-Feb-2022 09:31:30.514 INFORMACIÓN [http-nio-8086-exec-65] org.apache.catalina.core.ApplicationContext.log Manager: restart: Reloading web application '/vacaciones'
07-Feb-2022 09:32:37.697 INFORMACIÓN [http-nio-8086-exec-67] org.apache.catalina.core.ApplicationContext.log Manager: list: Listing contexts for virtual host 'localhost'
07-Feb-2022 09:32:53.009 INFORMACIÓN [http-nio-8086-exec-69] org.apache.catalina.core.ApplicationContext.log Manager: list: Listing contexts for virtual host 'localhost'
07-Feb-2022 09:33:07.908 INFORMACIÓN [http-nio-8086-exec-60] org.apache.catalina.core.ApplicationContext.log Manager: list: Listing contexts for virtual host 'localhost'
07-Feb-2022 09:42:30.048 INFORMACIÓN [http-nio-8086-exec-68] org.apache.catalina.core.ApplicationContext.log Manager: list: Listing contexts for virtual host 'localhost'
07-Feb-2022 09:42:30.066 INFORMACIÓN [http-nio-8086-exec-69] org.apache.catalina.core.ApplicationContext.log Manager: restart: Reloading web application '/vacaciones'
07-Feb-2022 09:42:43.175 INFORMACIÓN [http-nio-8086-exec-77] org.apache.catalina.core.ApplicationContext.log Manager: list: Listing contexts for virtual host 'localhost'
07-Feb-2022 09:43:28.538 INFORMACIÓN [http-nio-8086-exec-78] org.apache.catalina.core.ApplicationContext.log Manager: list: Listing contexts for virtual host 'localhost'
07-Feb-2022 09:43:47.568 INFORMACIÓN [http-nio-8086-exec-76] org.apache.catalina.core.ApplicationContext.log Manager: list: Listing contexts for virtual host 'localhost'
07-Feb-2022 09:44:24.626 INFORMACIÓN [http-nio-8086-exec-77] org.apache.catalina.core.ApplicationContext.log Manager: list: Listing contexts for virtual host 'localhost'
07-Feb-2022 09:45:26.462 INFORMACIÓN [http-nio-8086-exec-83] org.apache.catalina.core.ApplicationContext.log Manager: list: Listing contexts for virtual host 'localhost'
07-Feb-2022 09:45:37.608 INFORMACIÓN [http-nio-8086-exec-77] org.apache.catalina.core.ApplicationContext.log Manager: list: Listing contexts for virtual host 'localhost'
07-Feb-2022 09:48:59.550 INFORMACIÓN [http-nio-8086-exec-84] org.apache.catalina.core.ApplicationContext.log Manager: list: Listing contexts for virtual host 'localhost'
07-Feb-2022 09:48:59.571 INFORMACIÓN [http-nio-8086-exec-82] org.apache.catalina.core.ApplicationContext.log Manager: restart: Reloading web application '/vacaciones'
07-Feb-2022 09:50:24.025 INFORMACIÓN [http-nio-8086-exec-86] org.apache.catalina.core.ApplicationContext.log Manager: list: Listing contexts for virtual host 'localhost'
07-Feb-2022 09:50:24.073 INFORMACIÓN [http-nio-8086-exec-89] org.apache.catalina.core.ApplicationContext.log Manager: restart: Reloading web application '/vacaciones'
07-Feb-2022 09:50:32.884 INFORMACIÓN [http-nio-8086-exec-90] org.apache.catalina.core.ApplicationContext.log Manager: list: Listing contexts for virtual host 'localhost'
07-Feb-2022 09:50:32.910 INFORMACIÓN [http-nio-8086-exec-88] org.apache.catalina.core.ApplicationContext.log Manager: restart: Reloading web application '/vacaciones'
07-Feb-2022 10:04:24.043 INFORMACIÓN [http-nio-8086-exec-91] org.apache.catalina.core.ApplicationContext.log Manager: list: Listing contexts for virtual host 'localhost'
07-Feb-2022 10:04:24.073 INFORMACIÓN [http-nio-8086-exec-92] org.apache.catalina.core.ApplicationContext.log Manager: restart: Reloading web application '/vacaciones'
07-Feb-2022 10:07:41.280 INFORMACIÓN [http-nio-8086-exec-107] org.apache.catalina.core.ApplicationContext.log Manager: list: Listing contexts for virtual host 'localhost'
07-Feb-2022 10:07:41.301 INFORMACIÓN [http-nio-8086-exec-101] org.apache.catalina.core.ApplicationContext.log Manager: restart: Reloading web application '/vacaciones'
07-Feb-2022 10:08:09.354 INFORMACIÓN [http-nio-8086-exec-110] org.apache.catalina.core.ApplicationContext.log Manager: list: Listing contexts for virtual host 'localhost'
07-Feb-2022 10:08:09.373 INFORMACIÓN [http-nio-8086-exec-95] org.apache.catalina.core.ApplicationContext.log Manager: restart: Reloading web application '/vacaciones'
07-Feb-2022 10:11:14.497 INFORMACIÓN [http-nio-8086-exec-108] org.apache.catalina.core.ApplicationContext.log Manager: list: Listing contexts for virtual host 'localhost'
07-Feb-2022 10:11:14.520 INFORMACIÓN [http-nio-8086-exec-111] org.apache.catalina.core.ApplicationContext.log Manager: restart: Reloading web application '/vacaciones'
07-Feb-2022 10:11:28.221 INFORMACIÓN [http-nio-8086-exec-112] org.apache.catalina.core.ApplicationContext.log Manager: list: Listing contexts for virtual host 'localhost'
07-Feb-2022 10:11:28.237 INFORMACIÓN [http-nio-8086-exec-121] org.apache.catalina.core.ApplicationContext.log Manager: restart: Reloading web application '/vacaciones'
07-Feb-2022 10:12:07.183 INFORMACIÓN [http-nio-8086-exec-129] org.apache.catalina.core.ApplicationContext.log Manager: list: Listing contexts for virtual host 'localhost'
07-Feb-2022 10:12:37.903 INFORMACIÓN [http-nio-8086-exec-126] org.apache.catalina.core.ApplicationContext.log Manager: list: Listing contexts for virtual host 'localhost'
07-Feb-2022 10:12:37.914 INFORMACIÓN [http-nio-8086-exec-128] org.apache.catalina.core.ApplicationContext.log Manager: list: Listing contexts for virtual host 'localhost'
07-Feb-2022 10:12:38.899 INFORMACIÓN [http-nio-8086-exec-127] org.apache.catalina.core.ApplicationContext.log Manager: stop: Stopping web application '/vacaciones'
07-Feb-2022 10:12:38.947 INFORMACIÓN [http-nio-8086-exec-125] org.apache.catalina.core.ApplicationContext.log Manager: start: Starting web application '/vacaciones'
07-Feb-2022 10:21:53.061 INFORMACIÓN [http-nio-8086-exec-135] org.apache.catalina.core.ApplicationContext.log Manager: list: Listing contexts for virtual host 'localhost'
07-Feb-2022 10:21:53.061 INFORMACIÓN [http-nio-8086-exec-137] org.apache.catalina.core.ApplicationContext.log Manager: list: Listing contexts for virtual host 'localhost'
07-Feb-2022 10:24:12.116 INFORMACIÓN [http-nio-8086-exec-141] org.apache.catalina.core.ApplicationContext.log Manager: list: Listing contexts for virtual host 'localhost'
07-Feb-2022 10:24:19.596 INFORMACIÓN [http-nio-8086-exec-137] org.apache.catalina.core.ApplicationContext.log Manager: list: Listing contexts for virtual host 'localhost'
07-Feb-2022 10:24:19.621 INFORMACIÓN [http-nio-8086-exec-135] org.apache.catalina.core.ApplicationContext.log Manager: restart: Reloading web application '/vacaciones'
07-Feb-2022 10:27:56.977 INFORMACIÓN [http-nio-8086-exec-149] org.apache.catalina.core.ApplicationContext.log Manager: list: Listing contexts for virtual host 'localhost'
07-Feb-2022 10:27:56.997 INFORMACIÓN [http-nio-8086-exec-144] org.apache.catalina.core.ApplicationContext.log Manager: restart: Reloading web application '/vacaciones'
07-Feb-2022 10:32:41.507 INFORMACIÓN [http-nio-8086-exec-160] org.apache.catalina.core.ApplicationContext.log Manager: list: Listing contexts for virtual host 'localhost'
07-Feb-2022 10:32:41.533 INFORMACIÓN [http-nio-8086-exec-151] org.apache.catalina.core.ApplicationContext.log Manager: restart: Reloading web application '/vacaciones'
07-Feb-2022 10:32:54.074 INFORMACIÓN [http-nio-8086-exec-153] org.apache.catalina.core.ApplicationContext.log Manager: list: Listing contexts for virtual host 'localhost'
07-Feb-2022 10:33:37.327 INFORMACIÓN [http-nio-8086-exec-163] org.apache.catalina.core.ApplicationContext.log Manager: list: Listing contexts for virtual host 'localhost'
07-Feb-2022 10:33:47.845 INFORMACIÓN [http-nio-8086-exec-162] org.apache.catalina.core.ApplicationContext.log Manager: list: Listing contexts for virtual host 'localhost'
07-Feb-2022 10:48:00.089 INFORMACIÓN [http-nio-8086-exec-168] org.apache.catalina.core.ApplicationContext.log Manager: list: Listing contexts for virtual host 'localhost'
07-Feb-2022 10:48:14.287 INFORMACIÓN [http-nio-8086-exec-170] org.apache.catalina.core.ApplicationContext.log Manager: list: Listing contexts for virtual host 'localhost'
07-Feb-2022 10:48:39.479 INFORMACIÓN [http-nio-8086-exec-168] org.apache.catalina.core.ApplicationContext.log Manager: list: Listing contexts for virtual host 'localhost'
07-Feb-2022 10:49:51.995 INFORMACIÓN [http-nio-8086-exec-169] org.apache.catalina.core.ApplicationContext.log Manager: list: Listing contexts for virtual host 'localhost'
07-Feb-2022 10:49:52.010 INFORMACIÓN [http-nio-8086-exec-168] org.apache.catalina.core.ApplicationContext.log Manager: list: Listing contexts for virtual host 'localhost'
07-Feb-2022 10:49:53.008 INFORMACIÓN [http-nio-8086-exec-162] org.apache.catalina.core.ApplicationContext.log Manager: restart: Reloading web application '/vacaciones'
07-Feb-2022 10:51:23.100 INFORMACIÓN [http-nio-8086-exec-171] org.apache.catalina.core.ApplicationContext.log Manager: list: Listing contexts for virtual host 'localhost'
07-Feb-2022 10:52:02.197 INFORMACIÓN [http-nio-8086-exec-172] org.apache.catalina.core.ApplicationContext.log Manager: list: Listing contexts for virtual host 'localhost'
07-Feb-2022 10:52:47.079 INFORMACIÓN [http-nio-8086-exec-179] org.apache.catalina.core.ApplicationContext.log Manager: list: Listing contexts for virtual host 'localhost'
07-Feb-2022 10:52:47.085 INFORMACIÓN [http-nio-8086-exec-172] org.apache.catalina.core.ApplicationContext.log Manager: list: Listing contexts for virtual host 'localhost'
07-Feb-2022 10:53:08.585 INFORMACIÓN [http-nio-8086-exec-171] org.apache.catalina.core.ApplicationContext.log Manager: list: Listing contexts for virtual host 'localhost'
07-Feb-2022 10:53:26.490 INFORMACIÓN [http-nio-8086-exec-173] org.apache.catalina.core.ApplicationContext.log Manager: list: Listing contexts for virtual host 'localhost'
07-Feb-2022 10:54:03.742 INFORMACIÓN [http-nio-8086-exec-174] org.apache.catalina.core.ApplicationContext.log Manager: list: Listing contexts for virtual host 'localhost'
07-Feb-2022 10:54:03.748 INFORMACIÓN [http-nio-8086-exec-172] org.apache.catalina.core.ApplicationContext.log Manager: list: Listing contexts for virtual host 'localhost'
07-Feb-2022 10:58:48.407 INFORMACIÓN [http-nio-8086-exec-179] org.apache.catalina.core.ApplicationContext.log Manager: list: Listing contexts for virtual host 'localhost'
07-Feb-2022 10:58:48.438 INFORMACIÓN [http-nio-8086-exec-174] org.apache.catalina.core.ApplicationContext.log Manager: restart: Reloading web application '/vacaciones'
07-Feb-2022 10:59:02.562 INFORMACIÓN [http-nio-8086-exec-173] org.apache.catalina.core.ApplicationContext.log Manager: list: Listing contexts for virtual host 'localhost'
07-Feb-2022 10:59:02.578 INFORMACIÓN [http-nio-8086-exec-171] org.apache.catalina.core.ApplicationContext.log Manager: stop: Stopping web application '/vacaciones'
07-Feb-2022 10:59:02.640 INFORMACIÓN [http-nio-8086-exec-180] org.apache.catalina.core.ApplicationContext.log Manager: start: Starting web application '/vacaciones'
07-Feb-2022 10:59:42.459 INFORMACIÓN [http-nio-8086-exec-181] org.apache.catalina.core.ApplicationContext.log Manager: list: Listing contexts for virtual host 'localhost'
07-Feb-2022 10:59:42.465 INFORMACIÓN [http-nio-8086-exec-175] org.apache.catalina.core.ApplicationContext.log Manager: list: Listing contexts for virtual host 'localhost'
07-Feb-2022 10:59:43.993 INFORMACIÓN [http-nio-8086-exec-173] org.apache.catalina.core.ApplicationContext.log Manager: stop: Stopping web application '/vacaciones'
07-Feb-2022 10:59:44.044 INFORMACIÓN [http-nio-8086-exec-183] org.apache.catalina.core.ApplicationContext.log Manager: start: Starting web application '/vacaciones'
07-Feb-2022 11:05:30.179 INFORMACIÓN [http-nio-8086-exec-198] org.apache.catalina.core.ApplicationContext.log Manager: list: Listing contexts for virtual host 'localhost'
07-Feb-2022 11:05:30.228 INFORMACIÓN [http-nio-8086-exec-192] org.apache.catalina.core.ApplicationContext.log Manager: restart: Reloading web application '/vacaciones'
07-Feb-2022 11:05:40.277 INFORMACIÓN [http-nio-8086-exec-194] org.apache.catalina.core.ApplicationContext.log Manager: list: Listing contexts for virtual host 'localhost'
07-Feb-2022 11:06:16.874 INFORMACIÓN [http-nio-8086-exec-199] org.apache.catalina.core.ApplicationContext.log Manager: list: Listing contexts for virtual host 'localhost'
07-Feb-2022 11:06:16.874 INFORMACIÓN [http-nio-8086-exec-191] org.apache.catalina.core.ApplicationContext.log Manager: list: Listing contexts for virtual host 'localhost'
07-Feb-2022 11:06:16.906 INFORMACIÓN [http-nio-8086-exec-194] org.apache.catalina.core.ApplicationContext.log Manager: undeploy: Undeploying web application at '/vacaciones'
07-Feb-2022 11:06:17.611 INFORMACIÓN [http-nio-8086-exec-199] org.apache.catalina.core.ApplicationContext.log Manager: install: Installing context configuration at 'file:/C:/Users/home/AppData/Local/Temp/context1655454996222187266.xml'
07-Feb-2022 11:06:23.906 INFORMACIÓN [http-nio-8086-exec-189] org.apache.catalina.core.ApplicationContext.log Manager: start: Starting web application '/vacaciones'
07-Feb-2022 11:06:45.232 INFORMACIÓN [http-nio-8086-exec-196] org.apache.catalina.core.ApplicationContext.log Manager: list: Listing contexts for virtual host 'localhost'
07-Feb-2022 11:06:45.232 INFORMACIÓN [http-nio-8086-exec-195] org.apache.catalina.core.ApplicationContext.log Manager: list: Listing contexts for virtual host 'localhost'
07-Feb-2022 11:14:46.072 INFORMACIÓN [http-nio-8086-exec-208] org.apache.catalina.core.ApplicationContext.log Manager: list: Listing contexts for virtual host 'localhost'
07-Feb-2022 11:14:46.096 INFORMACIÓN [http-nio-8086-exec-203] org.apache.catalina.core.ApplicationContext.log Manager: restart: Reloading web application '/vacaciones'
07-Feb-2022 11:15:25.388 INFORMACIÓN [http-nio-8086-exec-216] org.apache.catalina.core.ApplicationContext.log Manager: list: Listing contexts for virtual host 'localhost'
07-Feb-2022 11:15:25.405 INFORMACIÓN [http-nio-8086-exec-208] org.apache.catalina.core.ApplicationContext.log Manager: restart: Reloading web application '/vacaciones'
07-Feb-2022 11:15:34.145 INFORMACIÓN [http-nio-8086-exec-216] org.apache.catalina.core.ApplicationContext.log Manager: list: Listing contexts for virtual host 'localhost'
07-Feb-2022 11:15:34.171 INFORMACIÓN [http-nio-8086-exec-211] org.apache.catalina.core.ApplicationContext.log Manager: restart: Reloading web application '/vacaciones'
07-Feb-2022 11:15:49.601 INFORMACIÓN [http-nio-8086-exec-215] org.apache.catalina.core.ApplicationContext.log Manager: list: Listing contexts for virtual host 'localhost'
07-Feb-2022 11:15:49.616 INFORMACIÓN [http-nio-8086-exec-213] org.apache.catalina.core.ApplicationContext.log Manager: restart: Reloading web application '/vacaciones'
07-Feb-2022 11:23:52.916 INFORMACIÓN [http-nio-8086-exec-227] org.apache.catalina.core.ApplicationContext.log Manager: list: Listing contexts for virtual host 'localhost'
07-Feb-2022 11:23:52.931 INFORMACIÓN [http-nio-8086-exec-226] org.apache.catalina.core.ApplicationContext.log Manager: restart: Reloading web application '/vacaciones'
07-Feb-2022 11:24:17.044 INFORMACIÓN [http-nio-8086-exec-233] org.apache.catalina.core.ApplicationContext.log Manager: list: Listing contexts for virtual host 'localhost'
07-Feb-2022 11:24:17.059 INFORMACIÓN [http-nio-8086-exec-222] org.apache.catalina.core.ApplicationContext.log Manager: restart: Reloading web application '/vacaciones'
07-Feb-2022 11:25:14.862 INFORMACIÓN [http-nio-8086-exec-234] org.apache.catalina.core.ApplicationContext.log Manager: list: Listing contexts for virtual host 'localhost'
07-Feb-2022 11:25:14.881 INFORMACIÓN [http-nio-8086-exec-235] org.apache.catalina.core.ApplicationContext.log Manager: restart: Reloading web application '/vacaciones'
07-Feb-2022 11:33:47.426 INFORMACIÓN [http-nio-8086-exec-236] org.apache.catalina.core.ApplicationContext.log Manager: list: Listing contexts for virtual host 'localhost'
07-Feb-2022 11:33:47.443 INFORMACIÓN [http-nio-8086-exec-238] org.apache.catalina.core.ApplicationContext.log Manager: restart: Reloading web application '/vacaciones'
07-Feb-2022 11:34:00.361 INFORMACIÓN [http-nio-8086-exec-247] org.apache.catalina.core.ApplicationContext.log Manager: list: Listing contexts for virtual host 'localhost'
07-Feb-2022 11:34:00.382 INFORMACIÓN [http-nio-8086-exec-239] org.apache.catalina.core.ApplicationContext.log Manager: restart: Reloading web application '/vacaciones'
07-Feb-2022 11:34:08.963 INFORMACIÓN [http-nio-8086-exec-244] org.apache.catalina.core.ApplicationContext.log Manager: list: Listing contexts for virtual host 'localhost'
07-Feb-2022 11:34:08.982 INFORMACIÓN [http-nio-8086-exec-242] org.apache.catalina.core.ApplicationContext.log Manager: stop: Stopping web application '/vacaciones'
07-Feb-2022 11:34:09.027 INFORMACIÓN [http-nio-8086-exec-237] org.apache.catalina.core.ApplicationContext.log Manager: start: Starting web application '/vacaciones'
07-Feb-2022 11:34:19.168 INFORMACIÓN [http-nio-8086-exec-244] org.apache.catalina.core.ApplicationContext.log Manager: list: Listing contexts for virtual host 'localhost'
07-Feb-2022 11:34:29.222 INFORMACIÓN [http-nio-8086-exec-250] org.apache.catalina.core.ApplicationContext.log Manager: list: Listing contexts for virtual host 'localhost'
07-Feb-2022 11:34:43.497 INFORMACIÓN [http-nio-8086-exec-249] org.apache.catalina.core.ApplicationContext.log Manager: list: Listing contexts for virtual host 'localhost'
07-Feb-2022 11:34:52.097 INFORMACIÓN [http-nio-8086-exec-244] org.apache.catalina.core.ApplicationContext.log Manager: list: Listing contexts for virtual host 'localhost'
07-Feb-2022 11:34:57.474 INFORMACIÓN [http-nio-8086-exec-251] org.apache.catalina.core.ApplicationContext.log Manager: list: Listing contexts for virtual host 'localhost'
07-Feb-2022 11:35:00.320 INFORMACIÓN [http-nio-8086-exec-252] org.apache.catalina.core.ApplicationContext.log Manager: list: Listing contexts for virtual host 'localhost'
07-Feb-2022 11:35:11.842 INFORMACIÓN [http-nio-8086-exec-250] org.apache.catalina.core.ApplicationContext.log Manager: list: Listing contexts for virtual host 'localhost'
07-Feb-2022 11:35:11.881 INFORMACIÓN [http-nio-8086-exec-251] org.apache.catalina.core.ApplicationContext.log Manager: restart: Reloading web application '/vacaciones'
07-Feb-2022 11:35:19.445 INFORMACIÓN [http-nio-8086-exec-250] org.apache.catalina.core.ApplicationContext.log Manager: list: Listing contexts for virtual host 'localhost'
07-Feb-2022 11:35:19.463 INFORMACIÓN [http-nio-8086-exec-254] org.apache.catalina.core.ApplicationContext.log Manager: restart: Reloading web application '/vacaciones'
07-Feb-2022 11:35:27.328 INFORMACIÓN [http-nio-8086-exec-258] org.apache.catalina.core.ApplicationContext.log Manager: list: Listing contexts for virtual host 'localhost'
07-Feb-2022 11:35:36.156 INFORMACIÓN [http-nio-8086-exec-253] org.apache.catalina.core.ApplicationContext.log Manager: list: Listing contexts for virtual host 'localhost'
07-Feb-2022 11:35:50.256 INFORMACIÓN [http-nio-8086-exec-258] org.apache.catalina.core.ApplicationContext.log Manager: list: Listing contexts for virtual host 'localhost'
07-Feb-2022 11:36:09.246 INFORMACIÓN [http-nio-8086-exec-259] org.apache.catalina.core.ApplicationContext.log Manager: list: Listing contexts for virtual host 'localhost'
07-Feb-2022 11:36:12.577 INFORMACIÓN [http-nio-8086-exec-262] org.apache.catalina.core.ApplicationContext.log Manager: list: Listing contexts for virtual host 'localhost'
07-Feb-2022 11:36:49.822 INFORMACIÓN [http-nio-8086-exec-244] org.apache.catalina.core.ApplicationContext.log Manager: list: Listing contexts for virtual host 'localhost'
07-Feb-2022 11:36:52.559 INFORMACIÓN [http-nio-8086-exec-259] org.apache.catalina.core.ApplicationContext.log Manager: list: Listing contexts for virtual host 'localhost'
07-Feb-2022 11:37:22.176 INFORMACIÓN [http-nio-8086-exec-261] org.apache.catalina.core.ApplicationContext.log Manager: list: Listing contexts for virtual host 'localhost'
07-Feb-2022 11:37:22.176 INFORMACIÓN [http-nio-8086-exec-262] org.apache.catalina.core.ApplicationContext.log Manager: list: Listing contexts for virtual host 'localhost'
07-Feb-2022 11:37:23.131 INFORMACIÓN [http-nio-8086-exec-264] org.apache.catalina.core.ApplicationContext.log Manager: stop: Stopping web application '/vacaciones'
07-Feb-2022 11:37:23.162 INFORMACIÓN [http-nio-8086-exec-265] org.apache.catalina.core.ApplicationContext.log Manager: start: Starting web application '/vacaciones'
07-Feb-2022 11:38:16.500 INFORMACIÓN [http-nio-8086-exec-268] org.apache.catalina.core.ApplicationContext.log Manager: list: Listing contexts for virtual host 'localhost'
07-Feb-2022 11:38:16.524 INFORMACIÓN [http-nio-8086-exec-269] org.apache.catalina.core.ApplicationContext.log Manager: restart: Reloading web application '/vacaciones'
07-Feb-2022 11:38:27.484 INFORMACIÓN [http-nio-8086-exec-275] org.apache.catalina.core.ApplicationContext.log Manager: list: Listing contexts for virtual host 'localhost'
07-Feb-2022 11:38:27.528 INFORMACIÓN [http-nio-8086-exec-267] org.apache.catalina.core.ApplicationContext.log Manager: restart: Reloading web application '/vacaciones'
07-Feb-2022 11:38:55.077 INFORMACIÓN [http-nio-8086-exec-276] org.apache.catalina.core.ApplicationContext.log Manager: list: Listing contexts for virtual host 'localhost'
07-Feb-2022 11:38:55.077 INFORMACIÓN [http-nio-8086-exec-259] org.apache.catalina.core.ApplicationContext.log Manager: list: Listing contexts for virtual host 'localhost'
07-Feb-2022 11:38:56.170 INFORMACIÓN [http-nio-8086-exec-272] org.apache.catalina.core.ApplicationContext.log Manager: restart: Reloading web application '/vacaciones'
07-Feb-2022 11:39:30.035 INFORMACIÓN [http-nio-8086-exec-281] org.apache.catalina.core.ApplicationContext.log Manager: list: Listing contexts for virtual host 'localhost'
07-Feb-2022 11:39:41.169 INFORMACIÓN [http-nio-8086-exec-289] org.apache.catalina.core.ApplicationContext.log Manager: list: Listing contexts for virtual host 'localhost'
07-Feb-2022 11:42:38.535 INFORMACIÓN [http-nio-8086-exec-288] org.apache.catalina.core.ApplicationContext.log Manager: list: Listing contexts for virtual host 'localhost'
07-Feb-2022 11:48:13.489 INFORMACIÓN [http-nio-8086-exec-289] org.apache.catalina.core.ApplicationContext.log Manager: list: Listing contexts for virtual host 'localhost'
07-Feb-2022 11:48:25.536 INFORMACIÓN [http-nio-8086-exec-282] org.apache.catalina.core.ApplicationContext.log Manager: list: Listing contexts for virtual host 'localhost'
07-Feb-2022 11:48:51.776 INFORMACIÓN [http-nio-8086-exec-281] org.apache.catalina.core.ApplicationContext.log Manager: list: Listing contexts for virtual host 'localhost'
07-Feb-2022 11:49:24.262 INFORMACIÓN [http-nio-8086-exec-290] org.apache.catalina.core.ApplicationContext.log Manager: list: Listing contexts for virtual host 'localhost'
07-Feb-2022 11:49:45.488 INFORMACIÓN [http-nio-8086-exec-282] org.apache.catalina.core.ApplicationContext.log Manager: list: Listing contexts for virtual host 'localhost'
07-Feb-2022 11:50:19.687 INFORMACIÓN [http-nio-8086-exec-283] org.apache.catalina.core.ApplicationContext.log Manager: list: Listing contexts for virtual host 'localhost'
07-Feb-2022 11:50:48.878 INFORMACIÓN [http-nio-8086-exec-283] org.apache.catalina.core.ApplicationContext.log Manager: list: Listing contexts for virtual host 'localhost'
07-Feb-2022 11:51:58.576 INFORMACIÓN [http-nio-8086-exec-282] org.apache.catalina.core.ApplicationContext.log Manager: list: Listing contexts for virtual host 'localhost'
07-Feb-2022 11:52:18.899 INFORMACIÓN [http-nio-8086-exec-288] org.apache.catalina.core.ApplicationContext.log Manager: list: Listing contexts for virtual host 'localhost'
07-Feb-2022 11:52:55.900 INFORMACIÓN [http-nio-8086-exec-285] org.apache.catalina.core.ApplicationContext.log Manager: list: Listing contexts for virtual host 'localhost'
07-Feb-2022 11:53:33.353 INFORMACIÓN [http-nio-8086-exec-282] org.apache.catalina.core.ApplicationContext.log Manager: list: Listing contexts for virtual host 'localhost'
07-Feb-2022 11:54:01.945 INFORMACIÓN [http-nio-8086-exec-287] org.apache.catalina.core.ApplicationContext.log Manager: list: Listing contexts for virtual host 'localhost'
07-Feb-2022 11:54:52.504 INFORMACIÓN [http-nio-8086-exec-289] org.apache.catalina.core.ApplicationContext.log Manager: list: Listing contexts for virtual host 'localhost'
07-Feb-2022 11:55:35.350 INFORMACIÓN [http-nio-8086-exec-284] org.apache.catalina.core.ApplicationContext.log Manager: list: Listing contexts for virtual host 'localhost'
07-Feb-2022 11:57:10.603 INFORMACIÓN [http-nio-8086-exec-284] org.apache.catalina.core.ApplicationContext.log Manager: list: Listing contexts for virtual host 'localhost'
07-Feb-2022 11:57:10.622 INFORMACIÓN [http-nio-8086-exec-283] org.apache.catalina.core.ApplicationContext.log Manager: restart: Reloading web application '/vacaciones'
07-Feb-2022 12:01:07.340 INFORMACIÓN [http-nio-8086-exec-291] org.apache.catalina.core.ApplicationContext.log Manager: list: Listing contexts for virtual host 'localhost'
07-Feb-2022 12:01:07.356 INFORMACIÓN [http-nio-8086-exec-292] org.apache.catalina.core.ApplicationContext.log Manager: restart: Reloading web application '/vacaciones'
07-Feb-2022 12:05:38.731 INFORMACIÓN [http-nio-8086-exec-294] org.apache.catalina.core.ApplicationContext.log Manager: list: Listing contexts for virtual host 'localhost'
07-Feb-2022 12:05:38.762 INFORMACIÓN [http-nio-8086-exec-299] org.apache.catalina.core.ApplicationContext.log Manager: restart: Reloading web application '/vacaciones'
07-Feb-2022 12:05:55.749 INFORMACIÓN [http-nio-8086-exec-305] org.apache.catalina.core.ApplicationContext.log Manager: list: Listing contexts for virtual host 'localhost'
07-Feb-2022 12:05:55.765 INFORMACIÓN [http-nio-8086-exec-309] org.apache.catalina.core.ApplicationContext.log Manager: list: Listing contexts for virtual host 'localhost'
07-Feb-2022 12:05:56.752 INFORMACIÓN [http-nio-8086-exec-308] org.apache.catalina.core.ApplicationContext.log Manager: restart: Reloading web application '/vacaciones'
07-Feb-2022 12:52:15.621 INFORMACIÓN [http-nio-8086-exec-312] org.apache.catalina.core.ApplicationContext.log Manager: list: Listing contexts for virtual host 'localhost'
07-Feb-2022 12:52:29.951 INFORMACIÓN [http-nio-8086-exec-315] org.apache.catalina.core.ApplicationContext.log Manager: list: Listing contexts for virtual host 'localhost'
07-Feb-2022 13:04:21.933 INFORMACIÓN [http-nio-8086-exec-311] org.apache.catalina.core.ApplicationContext.log Manager: list: Listing contexts for virtual host 'localhost'
07-Feb-2022 13:04:21.965 INFORMACIÓN [http-nio-8086-exec-317] org.apache.catalina.core.ApplicationContext.log Manager: restart: Reloading web application '/vacaciones'
07-Feb-2022 13:04:40.715 INFORMACIÓN [http-nio-8086-exec-321] org.apache.catalina.core.ApplicationContext.log Manager: list: Listing contexts for virtual host 'localhost'
07-Feb-2022 13:04:40.735 INFORMACIÓN [http-nio-8086-exec-315] org.apache.catalina.core.ApplicationContext.log Manager: restart: Reloading web application '/vacaciones'
07-Feb-2022 13:04:56.607 INFORMACIÓN [http-nio-8086-exec-321] org.apache.catalina.core.ApplicationContext.log Manager: list: Listing contexts for virtual host 'localhost'
07-Feb-2022 13:04:56.607 INFORMACIÓN [http-nio-8086-exec-316] org.apache.catalina.core.ApplicationContext.log Manager: list: Listing contexts for virtual host 'localhost'
07-Feb-2022 13:04:57.669 INFORMACIÓN [http-nio-8086-exec-320] org.apache.catalina.core.ApplicationContext.log Manager: restart: Reloading web application '/vacaciones'
07-Feb-2022 13:06:03.594 INFORMACIÓN [http-nio-8086-exec-325] org.apache.catalina.core.ApplicationContext.log Manager: list: Listing contexts for virtual host 'localhost'
07-Feb-2022 13:06:03.614 INFORMACIÓN [http-nio-8086-exec-326] org.apache.catalina.core.ApplicationContext.log Manager: restart: Reloading web application '/vacaciones'
07-Feb-2022 13:06:12.364 INFORMACIÓN [http-nio-8086-exec-325] org.apache.catalina.core.ApplicationContext.log Manager: list: Listing contexts for virtual host 'localhost'
07-Feb-2022 13:06:12.382 INFORMACIÓN [http-nio-8086-exec-323] org.apache.catalina.core.ApplicationContext.log Manager: restart: Reloading web application '/vacaciones'
07-Feb-2022 13:06:28.802 INFORMACIÓN [http-nio-8086-exec-333] org.apache.catalina.core.ApplicationContext.log Manager: list: Listing contexts for virtual host 'localhost'
07-Feb-2022 13:06:28.822 INFORMACIÓN [http-nio-8086-exec-328] org.apache.catalina.core.ApplicationContext.log Manager: restart: Reloading web application '/vacaciones'
07-Feb-2022 13:06:41.445 INFORMACIÓN [http-nio-8086-exec-332] org.apache.catalina.core.ApplicationContext.log Manager: list: Listing contexts for virtual host 'localhost'
07-Feb-2022 13:06:41.460 INFORMACIÓN [http-nio-8086-exec-335] org.apache.catalina.core.ApplicationContext.log Manager: restart: Reloading web application '/vacaciones'
07-Feb-2022 13:07:33.838 INFORMACIÓN [http-nio-8086-exec-331] org.apache.catalina.core.ApplicationContext.log Manager: list: Listing contexts for virtual host 'localhost'
07-Feb-2022 13:07:33.859 INFORMACIÓN [http-nio-8086-exec-338] org.apache.catalina.core.ApplicationContext.log Manager: restart: Reloading web application '/vacaciones'
07-Feb-2022 13:08:23.760 INFORMACIÓN [http-nio-8086-exec-329] org.apache.catalina.core.ApplicationContext.log Manager: list: Listing contexts for virtual host 'localhost'
07-Feb-2022 13:08:23.767 INFORMACIÓN [http-nio-8086-exec-339] org.apache.catalina.core.ApplicationContext.log Manager: list: Listing contexts for virtual host 'localhost'
07-Feb-2022 13:08:24.930 INFORMACIÓN [http-nio-8086-exec-325] org.apache.catalina.core.ApplicationContext.log Manager: restart: Reloading web application '/vacaciones'
07-Feb-2022 13:15:00.162 INFORMACIÓN [http-nio-8086-exec-344] org.apache.catalina.core.ApplicationContext.log Manager: list: Listing contexts for virtual host 'localhost'
07-Feb-2022 13:15:00.178 INFORMACIÓN [http-nio-8086-exec-345] org.apache.catalina.core.ApplicationContext.log Manager: restart: Reloading web application '/vacaciones'
07-Feb-2022 13:16:04.589 INFORMACIÓN [http-nio-8086-exec-7] org.apache.catalina.core.ApplicationContext.log Manager: init: Associated with Deployer 'Catalina:type=Deployer,host=localhost'
07-Feb-2022 13:16:04.589 INFORMACIÓN [http-nio-8086-exec-7] org.apache.catalina.core.ApplicationContext.log Manager: init: Global resources are available
07-Feb-2022 13:16:15.324 INFORMACIÓN [http-nio-8086-exec-7] org.apache.catalina.core.ApplicationContext.log Manager: list: Listing contexts for virtual host 'localhost'
07-Feb-2022 13:16:15.340 INFORMACIÓN [http-nio-8086-exec-10] org.apache.catalina.core.ApplicationContext.log Manager: list: Listing contexts for virtual host 'localhost'
07-Feb-2022 13:16:15.355 INFORMACIÓN [http-nio-8086-exec-5] org.apache.catalina.core.ApplicationContext.log Manager: undeploy: Undeploying web application at '/vacaciones'
07-Feb-2022 13:16:16.090 INFORMACIÓN [http-nio-8086-exec-6] org.apache.catalina.core.ApplicationContext.log Manager: install: Installing context configuration at 'file:/C:/Users/home/AppData/Local/Temp/context8291313143088425778.xml'
07-Feb-2022 13:16:23.122 INFORMACIÓN [http-nio-8086-exec-3] org.apache.catalina.core.ApplicationContext.log Manager: start: Starting web application '/vacaciones'
07-Feb-2022 13:20:46.865 INFORMACIÓN [http-nio-8086-exec-20] org.apache.catalina.core.ApplicationContext.log Manager: list: Listing contexts for virtual host 'localhost'
07-Feb-2022 13:20:46.896 INFORMACIÓN [http-nio-8086-exec-16] org.apache.catalina.core.ApplicationContext.log Manager: restart: Reloading web application '/vacaciones'
07-Feb-2022 13:32:42.709 INFORMACIÓN [http-nio-8086-exec-6] org.apache.catalina.core.ApplicationContext.log Manager: init: Associated with Deployer 'Catalina:type=Deployer,host=localhost'
07-Feb-2022 13:32:42.714 INFORMACIÓN [http-nio-8086-exec-6] org.apache.catalina.core.ApplicationContext.log Manager: init: Global resources are available
07-Feb-2022 13:32:50.339 INFORMACIÓN [http-nio-8086-exec-9] org.apache.catalina.core.ApplicationContext.log Manager: list: Listing contexts for virtual host 'localhost'
07-Feb-2022 13:32:50.370 INFORMACIÓN [http-nio-8086-exec-5] org.apache.catalina.core.ApplicationContext.log Manager: list: Listing contexts for virtual host 'localhost'
07-Feb-2022 13:32:51.016 INFORMACIÓN [http-nio-8086-exec-3] org.apache.catalina.core.ApplicationContext.log Manager: restart: Reloading web application '/vacaciones'
07-Feb-2022 13:37:25.045 INFORMACIÓN [http-nio-8086-exec-15] org.apache.catalina.core.ApplicationContext.log Manager: list: Listing contexts for virtual host 'localhost'
07-Feb-2022 13:37:25.067 INFORMACIÓN [http-nio-8086-exec-16] org.apache.catalina.core.ApplicationContext.log Manager: restart: Reloading web application '/vacaciones'
07-Feb-2022 13:37:35.275 INFORMACIÓN [http-nio-8086-exec-21] org.apache.catalina.core.ApplicationContext.log Manager: list: Listing contexts for virtual host 'localhost'
07-Feb-2022 13:37:35.291 INFORMACIÓN [http-nio-8086-exec-20] org.apache.catalina.core.ApplicationContext.log Manager: restart: Reloading web application '/vacaciones'
07-Feb-2022 13:39:29.698 INFORMACIÓN [http-nio-8086-exec-12] org.apache.catalina.core.ApplicationContext.log Manager: list: Listing contexts for virtual host 'localhost'
07-Feb-2022 13:39:29.729 INFORMACIÓN [http-nio-8086-exec-22] org.apache.catalina.core.ApplicationContext.log Manager: restart: Reloading web application '/vacaciones'
07-Feb-2022 13:39:38.417 INFORMACIÓN [http-nio-8086-exec-26] org.apache.catalina.core.ApplicationContext.log Manager: list: Listing contexts for virtual host 'localhost'
07-Feb-2022 13:39:38.448 INFORMACIÓN [http-nio-8086-exec-23] org.apache.catalina.core.ApplicationContext.log Manager: restart: Reloading web application '/vacaciones'
07-Feb-2022 13:39:54.726 INFORMACIÓN [http-nio-8086-exec-19] org.apache.catalina.core.ApplicationContext.log Manager: list: Listing contexts for virtual host 'localhost'
07-Feb-2022 13:39:54.757 INFORMACIÓN [http-nio-8086-exec-28] org.apache.catalina.core.ApplicationContext.log Manager: restart: Reloading web application '/vacaciones'
07-Feb-2022 13:40:04.380 INFORMACIÓN [http-nio-8086-exec-29] org.apache.catalina.core.ApplicationContext.log Manager: list: Listing contexts for virtual host 'localhost'
07-Feb-2022 13:40:04.395 INFORMACIÓN [http-nio-8086-exec-12] org.apache.catalina.core.ApplicationContext.log Manager: restart: Reloading web application '/vacaciones'
07-Feb-2022 13:40:32.538 INFORMACIÓN [http-nio-8086-exec-17] org.apache.catalina.core.ApplicationContext.log Manager: list: Listing contexts for virtual host 'localhost'
07-Feb-2022 13:40:32.538 INFORMACIÓN [http-nio-8086-exec-13] org.apache.catalina.core.ApplicationContext.log Manager: list: Listing contexts for virtual host 'localhost'
07-Feb-2022 13:40:33.220 INFORMACIÓN [http-nio-8086-exec-25] org.apache.catalina.core.ApplicationContext.log Manager: restart: Reloading web application '/vacaciones'
07-Feb-2022 13:41:58.574 INFORMACIÓN [http-nio-8086-exec-35] org.apache.catalina.core.ApplicationContext.log Manager: list: Listing contexts for virtual host 'localhost'
07-Feb-2022 13:41:58.596 INFORMACIÓN [http-nio-8086-exec-36] org.apache.catalina.core.ApplicationContext.log Manager: restart: Reloading web application '/vacaciones'
07-Feb-2022 13:42:28.473 INFORMACIÓN [http-nio-8086-exec-39] org.apache.catalina.core.ApplicationContext.log Manager: list: Listing contexts for virtual host 'localhost'
07-Feb-2022 13:42:28.481 INFORMACIÓN [http-nio-8086-exec-42] org.apache.catalina.core.ApplicationContext.log Manager: list: Listing contexts for virtual host 'localhost'
07-Feb-2022 13:42:29.074 INFORMACIÓN [http-nio-8086-exec-35] org.apache.catalina.core.ApplicationContext.log Manager: restart: Reloading web application '/vacaciones'
07-Feb-2022 13:43:52.452 INFORMACIÓN [http-nio-8086-exec-52] org.apache.catalina.core.ApplicationContext.log Manager: list: Listing contexts for virtual host 'localhost'
07-Feb-2022 13:43:52.481 INFORMACIÓN [http-nio-8086-exec-53] org.apache.catalina.core.ApplicationContext.log Manager: restart: Reloading web application '/vacaciones'
07-Feb-2022 13:45:17.082 INFORMACIÓN [http-nio-8086-exec-61] org.apache.catalina.core.ApplicationContext.log Manager: list: Listing contexts for virtual host 'localhost'
07-Feb-2022 13:45:17.136 INFORMACIÓN [http-nio-8086-exec-63] org.apache.catalina.core.ApplicationContext.log Manager: restart: Reloading web application '/vacaciones'
07-Feb-2022 13:45:44.838 INFORMACIÓN [http-nio-8086-exec-66] org.apache.catalina.core.ApplicationContext.log Manager: list: Listing contexts for virtual host 'localhost'
07-Feb-2022 13:45:44.838 INFORMACIÓN [http-nio-8086-exec-60] org.apache.catalina.core.ApplicationContext.log Manager: list: Listing contexts for virtual host 'localhost'
07-Feb-2022 13:45:45.390 INFORMACIÓN [http-nio-8086-exec-69] org.apache.catalina.core.ApplicationContext.log Manager: restart: Reloading web application '/vacaciones'
07-Feb-2022 13:48:15.466 INFORMACIÓN [http-nio-8086-exec-82] org.apache.catalina.core.ApplicationContext.log Manager: list: Listing contexts for virtual host 'localhost'
07-Feb-2022 13:48:29.082 INFORMACIÓN [http-nio-8086-exec-81] org.apache.catalina.core.ApplicationContext.log Manager: list: Listing contexts for virtual host 'localhost'
07-Feb-2022 13:48:59.999 INFORMACIÓN [http-nio-8086-exec-75] org.apache.catalina.core.ApplicationContext.log Manager: list: Listing contexts for virtual host 'localhost'
07-Feb-2022 13:49:00.008 INFORMACIÓN [http-nio-8086-exec-76] org.apache.catalina.core.ApplicationContext.log Manager: list: Listing contexts for virtual host 'localhost'
07-Feb-2022 13:49:21.993 INFORMACIÓN [http-nio-8086-exec-74] org.apache.catalina.core.ApplicationContext.log Manager: list: Listing contexts for virtual host 'localhost'
07-Feb-2022 13:49:36.801 INFORMACIÓN [http-nio-8086-exec-78] org.apache.catalina.core.ApplicationContext.log Manager: list: Listing contexts for virtual host 'localhost'
07-Feb-2022 13:55:29.676 INFORMACIÓN [http-nio-8086-exec-81] org.apache.catalina.core.ApplicationContext.log Manager: list: Listing contexts for virtual host 'localhost'
07-Feb-2022 13:55:45.636 INFORMACIÓN [http-nio-8086-exec-82] org.apache.catalina.core.ApplicationContext.log Manager: list: Listing contexts for virtual host 'localhost'
07-Feb-2022 13:55:45.652 INFORMACIÓN [http-nio-8086-exec-73] org.apache.catalina.core.ApplicationContext.log Manager: list: Listing contexts for virtual host 'localhost'
07-Feb-2022 13:56:12.005 INFORMACIÓN [http-nio-8086-exec-82] org.apache.catalina.core.ApplicationContext.log Manager: list: Listing contexts for virtual host 'localhost'
07-Feb-2022 13:56:29.738 INFORMACIÓN [http-nio-8086-exec-80] org.apache.catalina.core.ApplicationContext.log Manager: list: Listing contexts for virtual host 'localhost'
07-Feb-2022 13:57:09.652 INFORMACIÓN [http-nio-8086-exec-75] org.apache.catalina.core.ApplicationContext.log Manager: list: Listing contexts for virtual host 'localhost'
07-Feb-2022 14:00:18.475 INFORMACIÓN [http-nio-8086-exec-76] org.apache.catalina.core.ApplicationContext.log Manager: list: Listing contexts for virtual host 'localhost'
07-Feb-2022 14:00:43.464 INFORMACIÓN [http-nio-8086-exec-79] org.apache.catalina.core.ApplicationContext.log Manager: list: Listing contexts for virtual host 'localhost'
07-Feb-2022 14:01:03.690 INFORMACIÓN [http-nio-8086-exec-76] org.apache.catalina.core.ApplicationContext.log Manager: list: Listing contexts for virtual host 'localhost'
07-Feb-2022 14:01:03.701 INFORMACIÓN [http-nio-8086-exec-79] org.apache.catalina.core.ApplicationContext.log Manager: list: Listing contexts for virtual host 'localhost'
07-Feb-2022 14:04:36.520 INFORMACIÓN [http-nio-8086-exec-78] org.apache.catalina.core.ApplicationContext.log Manager: list: Listing contexts for virtual host 'localhost'
07-Feb-2022 14:04:36.539 INFORMACIÓN [http-nio-8086-exec-76] org.apache.catalina.core.ApplicationContext.log Manager: stop: Stopping web application '/vacaciones'
07-Feb-2022 14:04:36.587 INFORMACIÓN [http-nio-8086-exec-80] org.apache.catalina.core.ApplicationContext.log Manager: start: Starting web application '/vacaciones'
07-Feb-2022 14:05:11.558 INFORMACIÓN [http-nio-8086-exec-73] org.apache.catalina.core.ApplicationContext.log Manager: list: Listing contexts for virtual host 'localhost'
07-Feb-2022 14:05:11.565 INFORMACIÓN [http-nio-8086-exec-74] org.apache.catalina.core.ApplicationContext.log Manager: list: Listing contexts for virtual host 'localhost'
07-Feb-2022 14:05:12.307 INFORMACIÓN [http-nio-8086-exec-84] org.apache.catalina.core.ApplicationContext.log Manager: stop: Stopping web application '/vacaciones'
07-Feb-2022 14:05:12.370 INFORMACIÓN [http-nio-8086-exec-85] org.apache.catalina.core.ApplicationContext.log Manager: start: Starting web application '/vacaciones'
07-Feb-2022 14:06:42.155 INFORMACIÓN [http-nio-8086-exec-88] org.apache.catalina.core.ApplicationContext.log Manager: list: Listing contexts for virtual host 'localhost'
07-Feb-2022 14:06:42.175 INFORMACIÓN [http-nio-8086-exec-89] org.apache.catalina.core.ApplicationContext.log Manager: stop: Stopping web application '/vacaciones'
07-Feb-2022 14:06:42.511 INFORMACIÓN [http-nio-8086-exec-94] org.apache.catalina.core.ApplicationContext.log Manager: start: Starting web application '/vacaciones'
07-Feb-2022 14:06:59.261 INFORMACIÓN [147] org.apache.catalina.core.ApplicationContext.log Manager: list: Listing contexts for virtual host 'localhost'
07-Feb-2022 14:06:59.276 INFORMACIÓN [http-nio-8086-exec-97] org.apache.catalina.core.ApplicationContext.log Manager: list: Listing contexts for virtual host 'localhost'
07-Feb-2022 14:07:00.042 INFORMACIÓN [http-nio-8086-exec-98] org.apache.catalina.core.ApplicationContext.log Manager: stop: Stopping web application '/vacaciones'
07-Feb-2022 14:07:00.098 INFORMACIÓN [http-nio-8086-exec-89] org.apache.catalina.core.ApplicationContext.log Manager: start: Starting web application '/vacaciones'
07-Feb-2022 14:08:10.343 INFORMACIÓN [http-nio-8086-exec-99] org.apache.catalina.core.ApplicationContext.log Manager: list: Listing contexts for virtual host 'localhost'
07-Feb-2022 14:08:30.870 INFORMACIÓN [http-nio-8086-exec-107] org.apache.catalina.core.ApplicationContext.log Manager: list: Listing contexts for virtual host 'localhost'
07-Feb-2022 14:08:30.878 INFORMACIÓN [http-nio-8086-exec-108] org.apache.catalina.core.ApplicationContext.log Manager: list: Listing contexts for virtual host 'localhost'
07-Feb-2022 14:09:34.517 INFORMACIÓN [http-nio-8086-exec-105] org.apache.catalina.core.ApplicationContext.log Manager: list: Listing contexts for virtual host 'localhost'
07-Feb-2022 14:09:55.216 INFORMACIÓN [http-nio-8086-exec-110] org.apache.catalina.core.ApplicationContext.log Manager: list: Listing contexts for virtual host 'localhost'
07-Feb-2022 14:09:55.232 INFORMACIÓN [http-nio-8086-exec-101] org.apache.catalina.core.ApplicationContext.log Manager: list: Listing contexts for virtual host 'localhost'
07-Feb-2022 14:10:20.265 INFORMACIÓN [http-nio-8086-exec-108] org.apache.catalina.core.ApplicationContext.log Manager: list: Listing contexts for virtual host 'localhost'
07-Feb-2022 14:10:20.351 INFORMACIÓN [http-nio-8086-exec-109] org.apache.catalina.core.ApplicationContext.log Manager: stop: Stopping web application '/vacaciones'
07-Feb-2022 14:10:20.430 INFORMACIÓN [http-nio-8086-exec-105] org.apache.catalina.core.ApplicationContext.log Manager: start: Starting web application '/vacaciones'
07-Feb-2022 14:10:36.594 INFORMACIÓN [http-nio-8086-exec-103] org.apache.catalina.core.ApplicationContext.log Manager: list: Listing contexts for virtual host 'localhost'
07-Feb-2022 14:10:36.594 INFORMACIÓN [http-nio-8086-exec-112] org.apache.catalina.core.ApplicationContext.log Manager: list: Listing contexts for virtual host 'localhost'
07-Feb-2022 14:10:37.354 INFORMACIÓN [http-nio-8086-exec-111] org.apache.catalina.core.ApplicationContext.log Manager: stop: Stopping web application '/vacaciones'
07-Feb-2022 14:10:37.401 INFORMACIÓN [http-nio-8086-exec-105] org.apache.catalina.core.ApplicationContext.log Manager: start: Starting web application '/vacaciones'
07-Feb-2022 14:10:59.738 INFORMACIÓN [http-nio-8086-exec-113] org.apache.catalina.core.ApplicationContext.log Manager: list: Listing contexts for virtual host 'localhost'
07-Feb-2022 14:11:33.400 INFORMACIÓN [http-nio-8086-exec-120] org.apache.catalina.core.ApplicationContext.log Manager: list: Listing contexts for virtual host 'localhost'
07-Feb-2022 14:11:33.409 INFORMACIÓN [http-nio-8086-exec-117] org.apache.catalina.core.ApplicationContext.log Manager: list: Listing contexts for virtual host 'localhost'
07-Feb-2022 14:12:17.913 INFORMACIÓN [http-nio-8086-exec-114] org.apache.catalina.core.ApplicationContext.log Manager: list: Listing contexts for virtual host 'localhost'
07-Feb-2022 14:12:30.120 INFORMACIÓN [http-nio-8086-exec-122] org.apache.catalina.core.ApplicationContext.log Manager: list: Listing contexts for virtual host 'localhost'
07-Feb-2022 14:15:05.571 INFORMACIÓN [http-nio-8086-exec-116] org.apache.catalina.core.ApplicationContext.log Manager: list: Listing contexts for virtual host 'localhost'
07-Feb-2022 14:15:05.571 INFORMACIÓN [http-nio-8086-exec-114] org.apache.catalina.core.ApplicationContext.log Manager: list: Listing contexts for virtual host 'localhost'
07-Feb-2022 14:16:30.590 INFORMACIÓN [http-nio-8086-exec-114] org.apache.catalina.core.ApplicationContext.log Manager: list: Listing contexts for virtual host 'localhost'
07-Feb-2022 14:16:45.502 INFORMACIÓN [http-nio-8086-exec-114] org.apache.catalina.core.ApplicationContext.log Manager: list: Listing contexts for virtual host 'localhost'
07-Feb-2022 14:16:51.123 INFORMACIÓN [http-nio-8086-exec-119] org.apache.catalina.core.ApplicationContext.log Manager: list: Listing contexts for virtual host 'localhost'
07-Feb-2022 14:17:31.183 INFORMACIÓN [http-nio-8086-exec-122] org.apache.catalina.core.ApplicationContext.log Manager: list: Listing contexts for virtual host 'localhost'
07-Feb-2022 14:18:24.642 INFORMACIÓN [http-nio-8086-exec-121] org.apache.catalina.core.ApplicationContext.log Manager: list: Listing contexts for virtual host 'localhost'
07-Feb-2022 14:22:55.652 INFORMACIÓN [http-nio-8086-exec-117] org.apache.catalina.core.ApplicationContext.log Manager: list: Listing contexts for virtual host 'localhost'
07-Feb-2022 14:23:16.903 INFORMACIÓN [http-nio-8086-exec-119] org.apache.catalina.core.ApplicationContext.log Manager: list: Listing contexts for virtual host 'localhost'
07-Feb-2022 14:29:48.726 INFORMACIÓN [http-nio-8086-exec-118] org.apache.catalina.core.ApplicationContext.log Manager: list: Listing contexts for virtual host 'localhost'
07-Feb-2022 14:32:23.123 INFORMACIÓN [http-nio-8086-exec-6] org.apache.catalina.core.ApplicationContext.log Manager: init: Associated with Deployer 'Catalina:type=Deployer,host=localhost'
07-Feb-2022 14:32:23.124 INFORMACIÓN [http-nio-8086-exec-6] org.apache.catalina.core.ApplicationContext.log Manager: init: Global resources are available
07-Feb-2022 14:32:33.443 INFORMACIÓN [http-nio-8086-exec-6] org.apache.catalina.core.ApplicationContext.log Manager: list: Listing contexts for virtual host 'localhost'
07-Feb-2022 14:32:33.536 INFORMACIÓN [http-nio-8086-exec-8] org.apache.catalina.core.ApplicationContext.log Manager: list: Listing contexts for virtual host 'localhost'
07-Feb-2022 14:47:25.109 INFORMACIÓN [http-nio-8086-exec-4] org.apache.catalina.core.ApplicationContext.log Manager: list: Listing contexts for virtual host 'localhost'
07-Feb-2022 14:49:44.555 INFORMACIÓN [http-nio-8086-exec-3] org.apache.catalina.core.ApplicationContext.log Manager: list: Listing contexts for virtual host 'localhost'
07-Feb-2022 14:50:59.604 INFORMACIÓN [http-nio-8086-exec-7] org.apache.catalina.core.ApplicationContext.log Manager: list: Listing contexts for virtual host 'localhost'
07-Feb-2022 14:52:48.229 INFORMACIÓN [http-nio-8086-exec-9] org.apache.catalina.core.ApplicationContext.log Manager: list: Listing contexts for virtual host 'localhost'
07-Feb-2022 14:52:48.229 INFORMACIÓN [http-nio-8086-exec-5] org.apache.catalina.core.ApplicationContext.log Manager: list: Listing contexts for virtual host 'localhost'
07-Feb-2022 14:52:48.323 INFORMACIÓN [http-nio-8086-exec-6] org.apache.catalina.core.ApplicationContext.log Manager: restart: Reloading web application '/'
07-Feb-2022 15:04:13.917 INFORMACIÓN [http-nio-8086-exec-19] org.apache.catalina.core.ApplicationContext.log Manager: list: Listing contexts for virtual host 'localhost'
07-Feb-2022 15:04:50.379 INFORMACIÓN [http-nio-8086-exec-18] org.apache.catalina.core.ApplicationContext.log Manager: list: Listing contexts for virtual host 'localhost'
07-Feb-2022 15:04:50.394 INFORMACIÓN [http-nio-8086-exec-12] org.apache.catalina.core.ApplicationContext.log Manager: list: Listing contexts for virtual host 'localhost'
07-Feb-2022 15:06:07.263 INFORMACIÓN [http-nio-8086-exec-11] org.apache.catalina.core.ApplicationContext.log Manager: list: Listing contexts for virtual host 'localhost'
07-Feb-2022 15:06:43.003 INFORMACIÓN [http-nio-8086-exec-14] org.apache.catalina.core.ApplicationContext.log Manager: list: Listing contexts for virtual host 'localhost'
07-Feb-2022 15:08:13.926 INFORMACIÓN [http-nio-8086-exec-15] org.apache.catalina.core.ApplicationContext.log Manager: list: Listing contexts for virtual host 'localhost'
07-Feb-2022 15:08:13.926 INFORMACIÓN [http-nio-8086-exec-20] org.apache.catalina.core.ApplicationContext.log Manager: list: Listing contexts for virtual host 'localhost'
07-Feb-2022 15:12:09.289 INFORMACIÓN [http-nio-8086-exec-14] org.apache.catalina.core.ApplicationContext.log Manager: list: Listing contexts for virtual host 'localhost'
07-Feb-2022 15:17:06.890 INFORMACIÓN [http-nio-8086-exec-14] org.apache.catalina.core.ApplicationContext.log Manager: list: Listing contexts for virtual host 'localhost'
07-Feb-2022 15:18:36.571 INFORMACIÓN [http-nio-8086-exec-14] org.apache.catalina.core.ApplicationContext.log Manager: list: Listing contexts for virtual host 'localhost'
07-Feb-2022 15:18:58.937 INFORMACIÓN [http-nio-8086-exec-11] org.apache.catalina.core.ApplicationContext.log Manager: list: Listing contexts for virtual host 'localhost'
07-Feb-2022 15:19:16.898 INFORMACIÓN [http-nio-8086-exec-14] org.apache.catalina.core.ApplicationContext.log Manager: list: Listing contexts for virtual host 'localhost'
07-Feb-2022 15:21:33.083 INFORMACIÓN [http-nio-8086-exec-13] org.apache.catalina.core.ApplicationContext.log Manager: list: Listing contexts for virtual host 'localhost'
07-Feb-2022 15:22:33.316 INFORMACIÓN [http-nio-8086-exec-19] org.apache.catalina.core.ApplicationContext.log Manager: list: Listing contexts for virtual host 'localhost'
