31-Jan-2022 16:06:11.522 INFORMACIÓN [http-nio-8086-exec-6] org.apache.catalina.core.ApplicationContext.log Manager: init: Associated with Deployer 'Catalina:type=Deployer,host=localhost'
31-Jan-2022 16:06:11.522 INFORMACIÓN [http-nio-8086-exec-6] org.apache.catalina.core.ApplicationContext.log Manager: init: Global resources are available
31-Jan-2022 16:09:45.129 INFORMACIÓN [http-nio-8086-exec-9] org.apache.catalina.core.ApplicationContext.log Manager: list: Listing contexts for virtual host 'localhost'
31-Jan-2022 16:09:45.160 INFORMACIÓN [http-nio-8086-exec-8] org.apache.catalina.core.ApplicationContext.log Manager: undeploy: Undeploying web application at '/'
31-Jan-2022 16:09:45.861 INFORMACIÓN [http-nio-8086-exec-4] org.apache.catalina.core.ApplicationContext.log Manager: install: Installing context configuration at 'file:/C:/Users/home/AppData/Local/Temp/context6049244496224034721.xml'
31-Jan-2022 16:09:53.901 INFORMACIÓN [http-nio-8086-exec-6] org.apache.catalina.core.ApplicationContext.log Manager: start: Starting web application '/'
31-Jan-2022 16:41:55.638 INFORMACIÓN [http-nio-8086-exec-16] org.apache.catalina.core.ApplicationContext.log Manager: list: Listing contexts for virtual host 'localhost'
31-Jan-2022 16:41:55.645 INFORMACIÓN [http-nio-8086-exec-17] org.apache.catalina.core.ApplicationContext.log Manager: list: Listing contexts for virtual host 'localhost'
31-Jan-2022 16:41:55.670 INFORMACIÓN [http-nio-8086-exec-18] org.apache.catalina.core.ApplicationContext.log Manager: install: Installing context configuration at 'file:/C:/Users/home/AppData/Local/Temp/context3201205805370999207.xml'
31-Jan-2022 16:42:01.304 INFORMACIÓN [http-nio-8086-exec-19] org.apache.catalina.core.ApplicationContext.log Manager: start: Starting web application '/'
31-Jan-2022 16:42:24.540 INFORMACIÓN [http-nio-8086-exec-15] org.apache.catalina.core.ApplicationContext.log Manager: list: Listing contexts for virtual host 'localhost'
31-Jan-2022 16:42:24.560 INFORMACIÓN [http-nio-8086-exec-16] org.apache.catalina.core.ApplicationContext.log Manager: list: Listing contexts for virtual host 'localhost'
31-Jan-2022 16:42:24.715 INFORMACIÓN [http-nio-8086-exec-19] org.apache.catalina.core.ApplicationContext.log Manager: stop: Stopping web application '/'
31-Jan-2022 16:42:24.795 INFORMACIÓN [http-nio-8086-exec-21] org.apache.catalina.core.ApplicationContext.log Manager: start: Starting web application '/'
31-Jan-2022 16:43:07.200 INFORMACIÓN [http-nio-8086-exec-28] org.apache.catalina.core.ApplicationContext.log Manager: list: Listing contexts for virtual host 'localhost'
31-Jan-2022 16:43:07.206 INFORMACIÓN [http-nio-8086-exec-17] org.apache.catalina.core.ApplicationContext.log Manager: list: Listing contexts for virtual host 'localhost'
31-Jan-2022 16:43:07.303 INFORMACIÓN [http-nio-8086-exec-24] org.apache.catalina.core.ApplicationContext.log Manager: stop: Stopping web application '/'
31-Jan-2022 16:43:07.340 INFORMACIÓN [http-nio-8086-exec-16] org.apache.catalina.core.ApplicationContext.log Manager: start: Starting web application '/'
31-Jan-2022 16:47:12.802 INFORMACIÓN [http-nio-8086-exec-31] org.apache.catalina.core.ApplicationContext.log Manager: list: Listing contexts for virtual host 'localhost'
31-Jan-2022 16:47:12.813 INFORMACIÓN [http-nio-8086-exec-33] org.apache.catalina.core.ApplicationContext.log Manager: list: Listing contexts for virtual host 'localhost'
31-Jan-2022 16:47:12.933 INFORMACIÓN [http-nio-8086-exec-35] org.apache.catalina.core.ApplicationContext.log Manager: stop: Stopping web application '/'
31-Jan-2022 16:47:12.978 INFORMACIÓN [http-nio-8086-exec-39] org.apache.catalina.core.ApplicationContext.log Manager: start: Starting web application '/'
31-Jan-2022 16:48:21.778 INFORMACIÓN [http-nio-8086-exec-46] org.apache.catalina.core.ApplicationContext.log Manager: list: Listing contexts for virtual host 'localhost'
31-Jan-2022 16:48:21.811 INFORMACIÓN [http-nio-8086-exec-40] org.apache.catalina.core.ApplicationContext.log Manager: restart: Reloading web application '/'
31-Jan-2022 16:48:29.376 INFORMACIÓN [http-nio-8086-exec-48] org.apache.catalina.core.ApplicationContext.log Manager: list: Listing contexts for virtual host 'localhost'
31-Jan-2022 16:49:49.536 INFORMACIÓN [http-nio-8086-exec-51] org.apache.catalina.core.ApplicationContext.log Manager: list: Listing contexts for virtual host 'localhost'
31-Jan-2022 16:49:49.548 INFORMACIÓN [http-nio-8086-exec-50] org.apache.catalina.core.ApplicationContext.log Manager: list: Listing contexts for virtual host 'localhost'
31-Jan-2022 16:49:49.676 INFORMACIÓN [http-nio-8086-exec-42] org.apache.catalina.core.ApplicationContext.log Manager: restart: Reloading web application '/'
31-Jan-2022 16:52:20.188 INFORMACIÓN [http-nio-8086-exec-58] org.apache.catalina.core.ApplicationContext.log Manager: list: Listing contexts for virtual host 'localhost'
31-Jan-2022 16:52:20.210 INFORMACIÓN [http-nio-8086-exec-52] org.apache.catalina.core.ApplicationContext.log Manager: stop: Stopping web application '/'
31-Jan-2022 16:52:20.258 INFORMACIÓN [http-nio-8086-exec-53] org.apache.catalina.core.ApplicationContext.log Manager: start: Starting web application '/'
31-Jan-2022 16:52:31.768 INFORMACIÓN [http-nio-8086-exec-58] org.apache.catalina.core.ApplicationContext.log Manager: list: Listing contexts for virtual host 'localhost'
31-Jan-2022 16:52:31.776 INFORMACIÓN [http-nio-8086-exec-55] org.apache.catalina.core.ApplicationContext.log Manager: list: Listing contexts for virtual host 'localhost'
31-Jan-2022 16:52:31.879 INFORMACIÓN [http-nio-8086-exec-31] org.apache.catalina.core.ApplicationContext.log Manager: stop: Stopping web application '/'
31-Jan-2022 16:52:31.919 INFORMACIÓN [http-nio-8086-exec-56] org.apache.catalina.core.ApplicationContext.log Manager: start: Starting web application '/'
31-Jan-2022 17:15:55.880 INFORMACIÓN [http-nio-8086-exec-68] org.apache.catalina.core.ApplicationContext.log Manager: list: Listing contexts for virtual host 'localhost'
31-Jan-2022 17:15:55.891 INFORMACIÓN [http-nio-8086-exec-69] org.apache.catalina.core.ApplicationContext.log Manager: list: Listing contexts for virtual host 'localhost'
31-Jan-2022 17:15:56.113 INFORMACIÓN [http-nio-8086-exec-70] org.apache.catalina.core.ApplicationContext.log Manager: restart: Reloading web application '/'
31-Jan-2022 17:18:49.913 INFORMACIÓN [http-nio-8086-exec-75] org.apache.catalina.core.ApplicationContext.log Manager: list: Listing contexts for virtual host 'localhost'
31-Jan-2022 17:18:49.920 INFORMACIÓN [http-nio-8086-exec-76] org.apache.catalina.core.ApplicationContext.log Manager: list: Listing contexts for virtual host 'localhost'
31-Jan-2022 17:31:23.994 INFORMACIÓN [http-nio-8086-exec-73] org.apache.catalina.core.ApplicationContext.log Manager: list: Listing contexts for virtual host 'localhost'
31-Jan-2022 17:31:24.002 INFORMACIÓN [http-nio-8086-exec-75] org.apache.catalina.core.ApplicationContext.log Manager: list: Listing contexts for virtual host 'localhost'
31-Jan-2022 18:12:06.643 INFORMACIÓN [http-nio-8086-exec-82] org.apache.catalina.core.ApplicationContext.log Manager: list: Listing contexts for virtual host 'localhost'
31-Jan-2022 18:13:46.669 INFORMACIÓN [http-nio-8086-exec-77] org.apache.catalina.core.ApplicationContext.log Manager: list: Listing contexts for virtual host 'localhost'
31-Jan-2022 18:17:06.909 INFORMACIÓN [http-nio-8086-exec-74] org.apache.catalina.core.ApplicationContext.log Manager: list: Listing contexts for virtual host 'localhost'
31-Jan-2022 18:17:27.693 INFORMACIÓN [http-nio-8086-exec-81] org.apache.catalina.core.ApplicationContext.log Manager: list: Listing contexts for virtual host 'localhost'
31-Jan-2022 18:17:55.983 INFORMACIÓN [http-nio-8086-exec-77] org.apache.catalina.core.ApplicationContext.log Manager: list: Listing contexts for virtual host 'localhost'
31-Jan-2022 18:20:39.560 INFORMACIÓN [http-nio-8086-exec-76] org.apache.catalina.core.ApplicationContext.log Manager: list: Listing contexts for virtual host 'localhost'
31-Jan-2022 18:20:39.594 INFORMACIÓN [http-nio-8086-exec-73] org.apache.catalina.core.ApplicationContext.log Manager: restart: Reloading web application '/'
31-Jan-2022 18:20:46.698 INFORMACIÓN [http-nio-8086-exec-83] org.apache.catalina.core.ApplicationContext.log Manager: list: Listing contexts for virtual host 'localhost'
31-Jan-2022 18:20:46.759 INFORMACIÓN [http-nio-8086-exec-78] org.apache.catalina.core.ApplicationContext.log Manager: restart: Reloading web application '/'
31-Jan-2022 18:22:52.943 INFORMACIÓN [http-nio-8086-exec-87] org.apache.catalina.core.ApplicationContext.log Manager: list: Listing contexts for virtual host 'localhost'
31-Jan-2022 18:23:06.161 INFORMACIÓN [http-nio-8086-exec-81] org.apache.catalina.core.ApplicationContext.log Manager: list: Listing contexts for virtual host 'localhost'
31-Jan-2022 18:23:06.192 INFORMACIÓN [http-nio-8086-exec-86] org.apache.catalina.core.ApplicationContext.log Manager: restart: Reloading web application '/'
31-Jan-2022 18:32:29.461 INFORMACIÓN [http-nio-8086-exec-99] org.apache.catalina.core.ApplicationContext.log Manager: list: Listing contexts for virtual host 'localhost'
31-Jan-2022 18:32:29.486 INFORMACIÓN [http-nio-8086-exec-90] org.apache.catalina.core.ApplicationContext.log Manager: restart: Reloading web application '/'
31-Jan-2022 18:32:36.389 INFORMACIÓN [http-nio-8086-exec-100] org.apache.catalina.core.ApplicationContext.log Manager: list: Listing contexts for virtual host 'localhost'
31-Jan-2022 18:32:54.641 INFORMACIÓN [http-nio-8086-exec-101] org.apache.catalina.core.ApplicationContext.log Manager: list: Listing contexts for virtual host 'localhost'
31-Jan-2022 18:32:54.664 INFORMACIÓN [http-nio-8086-exec-98] org.apache.catalina.core.ApplicationContext.log Manager: stop: Stopping web application '/'
31-Jan-2022 18:32:54.725 INFORMACIÓN [http-nio-8086-exec-101] org.apache.catalina.core.ApplicationContext.log Manager: start: Starting web application '/'
31-Jan-2022 18:33:47.979 INFORMACIÓN [http-nio-8086-exec-105] org.apache.catalina.core.ApplicationContext.log Manager: list: Listing contexts for virtual host 'localhost'
31-Jan-2022 18:35:49.587 INFORMACIÓN [http-nio-8086-exec-111] org.apache.catalina.core.ApplicationContext.log Manager: list: Listing contexts for virtual host 'localhost'
31-Jan-2022 18:37:49.957 INFORMACIÓN [http-nio-8086-exec-104] org.apache.catalina.core.ApplicationContext.log Manager: list: Listing contexts for virtual host 'localhost'
31-Jan-2022 18:37:49.964 INFORMACIÓN [http-nio-8086-exec-110] org.apache.catalina.core.ApplicationContext.log Manager: list: Listing contexts for virtual host 'localhost'
31-Jan-2022 18:37:50.086 INFORMACIÓN [http-nio-8086-exec-108] org.apache.catalina.core.ApplicationContext.log Manager: stop: Stopping web application '/'
31-Jan-2022 18:37:50.119 INFORMACIÓN [http-nio-8086-exec-104] org.apache.catalina.core.ApplicationContext.log Manager: start: Starting web application '/'
31-Jan-2022 18:39:44.669 INFORMACIÓN [http-nio-8086-exec-112] org.apache.catalina.core.ApplicationContext.log Manager: list: Listing contexts for virtual host 'localhost'
31-Jan-2022 18:39:59.278 INFORMACIÓN [http-nio-8086-exec-115] org.apache.catalina.core.ApplicationContext.log Manager: list: Listing contexts for virtual host 'localhost'
31-Jan-2022 18:44:12.611 INFORMACIÓN [http-nio-8086-exec-114] org.apache.catalina.core.ApplicationContext.log Manager: list: Listing contexts for virtual host 'localhost'
31-Jan-2022 18:44:12.645 INFORMACIÓN [http-nio-8086-exec-115] org.apache.catalina.core.ApplicationContext.log Manager: restart: Reloading web application '/'
31-Jan-2022 18:44:24.057 INFORMACIÓN [http-nio-8086-exec-114] org.apache.catalina.core.ApplicationContext.log Manager: list: Listing contexts for virtual host 'localhost'
31-Jan-2022 18:44:24.065 INFORMACIÓN [http-nio-8086-exec-116] org.apache.catalina.core.ApplicationContext.log Manager: list: Listing contexts for virtual host 'localhost'
31-Jan-2022 18:44:24.200 INFORMACIÓN [http-nio-8086-exec-117] org.apache.catalina.core.ApplicationContext.log Manager: restart: Reloading web application '/'
31-Jan-2022 18:46:52.923 INFORMACIÓN [http-nio-8086-exec-126] org.apache.catalina.core.ApplicationContext.log Manager: list: Listing contexts for virtual host 'localhost'
31-Jan-2022 18:46:52.930 INFORMACIÓN [http-nio-8086-exec-127] org.apache.catalina.core.ApplicationContext.log Manager: list: Listing contexts for virtual host 'localhost'
31-Jan-2022 20:50:16.541 INFORMACIÓN [http-nio-8086-exec-125] org.apache.catalina.core.ApplicationContext.log Manager: list: Listing contexts for virtual host 'localhost'
31-Jan-2022 20:50:16.564 INFORMACIÓN [http-nio-8086-exec-124] org.apache.catalina.core.ApplicationContext.log Manager: restart: Reloading web application '/'
31-Jan-2022 20:51:17.486 INFORMACIÓN [http-nio-8086-exec-134] org.apache.catalina.core.ApplicationContext.log Manager: list: Listing contexts for virtual host 'localhost'
31-Jan-2022 20:51:17.509 INFORMACIÓN [http-nio-8086-exec-130] org.apache.catalina.core.ApplicationContext.log Manager: restart: Reloading web application '/'
31-Jan-2022 20:53:14.791 INFORMACIÓN [http-nio-8086-exec-133] org.apache.catalina.core.ApplicationContext.log Manager: list: Listing contexts for virtual host 'localhost'
31-Jan-2022 20:53:19.080 INFORMACIÓN [http-nio-8086-exec-139] org.apache.catalina.core.ApplicationContext.log Manager: list: Listing contexts for virtual host 'localhost'
31-Jan-2022 20:53:19.109 INFORMACIÓN [http-nio-8086-exec-140] org.apache.catalina.core.ApplicationContext.log Manager: restart: Reloading web application '/'
31-Jan-2022 20:55:35.230 INFORMACIÓN [http-nio-8086-exec-145] org.apache.catalina.core.ApplicationContext.log Manager: list: Listing contexts for virtual host 'localhost'
31-Jan-2022 20:55:35.254 INFORMACIÓN [http-nio-8086-exec-141] org.apache.catalina.core.ApplicationContext.log Manager: restart: Reloading web application '/'
31-Jan-2022 20:55:47.121 INFORMACIÓN [http-nio-8086-exec-146] org.apache.catalina.core.ApplicationContext.log Manager: list: Listing contexts for virtual host 'localhost'
31-Jan-2022 20:55:47.127 INFORMACIÓN [http-nio-8086-exec-142] org.apache.catalina.core.ApplicationContext.log Manager: list: Listing contexts for virtual host 'localhost'
31-Jan-2022 20:55:47.244 INFORMACIÓN [http-nio-8086-exec-145] org.apache.catalina.core.ApplicationContext.log Manager: restart: Reloading web application '/'
31-Jan-2022 20:58:57.654 INFORMACIÓN [http-nio-8086-exec-159] org.apache.catalina.core.ApplicationContext.log Manager: list: Listing contexts for virtual host 'localhost'
31-Jan-2022 20:59:53.411 INFORMACIÓN [http-nio-8086-exec-153] org.apache.catalina.core.ApplicationContext.log Manager: list: Listing contexts for virtual host 'localhost'
31-Jan-2022 21:00:32.631 INFORMACIÓN [http-nio-8086-exec-154] org.apache.catalina.core.ApplicationContext.log Manager: list: Listing contexts for virtual host 'localhost'
31-Jan-2022 21:01:16.492 INFORMACIÓN [http-nio-8086-exec-157] org.apache.catalina.core.ApplicationContext.log Manager: list: Listing contexts for virtual host 'localhost'
31-Jan-2022 21:01:16.525 INFORMACIÓN [http-nio-8086-exec-150] org.apache.catalina.core.ApplicationContext.log Manager: restart: Reloading web application '/'
31-Jan-2022 21:02:12.492 INFORMACIÓN [http-nio-8086-exec-157] org.apache.catalina.core.ApplicationContext.log Manager: list: Listing contexts for virtual host 'localhost'
31-Jan-2022 21:08:19.048 INFORMACIÓN [http-nio-8086-exec-160] org.apache.catalina.core.ApplicationContext.log Manager: list: Listing contexts for virtual host 'localhost'
31-Jan-2022 21:08:19.068 INFORMACIÓN [http-nio-8086-exec-161] org.apache.catalina.core.ApplicationContext.log Manager: stop: Stopping web application '/'
31-Jan-2022 21:08:19.101 INFORMACIÓN [http-nio-8086-exec-162] org.apache.catalina.core.ApplicationContext.log Manager: start: Starting web application '/'
31-Jan-2022 21:08:25.032 INFORMACIÓN [http-nio-8086-exec-170] org.apache.catalina.core.ApplicationContext.log Manager: list: Listing contexts for virtual host 'localhost'
31-Jan-2022 21:08:25.054 INFORMACIÓN [http-nio-8086-exec-160] org.apache.catalina.core.ApplicationContext.log Manager: restart: Reloading web application '/'
31-Jan-2022 21:08:50.180 INFORMACIÓN [http-nio-8086-exec-169] org.apache.catalina.core.ApplicationContext.log Manager: list: Listing contexts for virtual host 'localhost'
31-Jan-2022 21:08:50.659 INFORMACIÓN [http-nio-8086-exec-166] org.apache.catalina.core.ApplicationContext.log Manager: list: Listing contexts for virtual host 'localhost'
31-Jan-2022 21:08:50.696 INFORMACIÓN [http-nio-8086-exec-163] org.apache.catalina.core.ApplicationContext.log Manager: restart: Reloading web application '/'
31-Jan-2022 21:14:05.053 INFORMACIÓN [http-nio-8086-exec-173] org.apache.catalina.core.ApplicationContext.log Manager: list: Listing contexts for virtual host 'localhost'
31-Jan-2022 21:17:16.324 INFORMACIÓN [http-nio-8086-exec-174] org.apache.catalina.core.ApplicationContext.log Manager: list: Listing contexts for virtual host 'localhost'
31-Jan-2022 21:17:16.344 INFORMACIÓN [http-nio-8086-exec-177] org.apache.catalina.core.ApplicationContext.log Manager: restart: Reloading web application '/'
31-Jan-2022 21:18:13.789 INFORMACIÓN [http-nio-8086-exec-179] org.apache.catalina.core.ApplicationContext.log Manager: list: Listing contexts for virtual host 'localhost'
31-Jan-2022 21:18:13.818 INFORMACIÓN [http-nio-8086-exec-180] org.apache.catalina.core.ApplicationContext.log Manager: restart: Reloading web application '/'
31-Jan-2022 21:18:41.183 INFORMACIÓN [http-nio-8086-exec-179] org.apache.catalina.core.ApplicationContext.log Manager: list: Listing contexts for virtual host 'localhost'
31-Jan-2022 21:18:41.189 INFORMACIÓN [http-nio-8086-exec-174] org.apache.catalina.core.ApplicationContext.log Manager: list: Listing contexts for virtual host 'localhost'
31-Jan-2022 21:18:41.308 INFORMACIÓN [http-nio-8086-exec-189] org.apache.catalina.core.ApplicationContext.log Manager: stop: Stopping web application '/'
31-Jan-2022 21:18:41.335 INFORMACIÓN [http-nio-8086-exec-191] org.apache.catalina.core.ApplicationContext.log Manager: start: Starting web application '/'
31-Jan-2022 21:25:13.853 INFORMACIÓN [http-nio-8086-exec-203] org.apache.catalina.core.ApplicationContext.log Manager: list: Listing contexts for virtual host 'localhost'
31-Jan-2022 21:25:20.503 INFORMACIÓN [http-nio-8086-exec-196] org.apache.catalina.core.ApplicationContext.log Manager: list: Listing contexts for virtual host 'localhost'
31-Jan-2022 21:25:20.525 INFORMACIÓN [http-nio-8086-exec-197] org.apache.catalina.core.ApplicationContext.log Manager: restart: Reloading web application '/'
31-Jan-2022 21:26:53.822 INFORMACIÓN [http-nio-8086-exec-195] org.apache.catalina.core.ApplicationContext.log Manager: list: Listing contexts for virtual host 'localhost'
31-Jan-2022 21:26:53.843 INFORMACIÓN [http-nio-8086-exec-204] org.apache.catalina.core.ApplicationContext.log Manager: restart: Reloading web application '/'
31-Jan-2022 21:27:08.206 INFORMACIÓN [http-nio-8086-exec-209] org.apache.catalina.core.ApplicationContext.log Manager: list: Listing contexts for virtual host 'localhost'
31-Jan-2022 21:27:08.224 INFORMACIÓN [http-nio-8086-exec-206] org.apache.catalina.core.ApplicationContext.log Manager: restart: Reloading web application '/'
31-Jan-2022 21:27:36.008 INFORMACIÓN [http-nio-8086-exec-195] org.apache.catalina.core.ApplicationContext.log Manager: list: Listing contexts for virtual host 'localhost'
31-Jan-2022 21:27:36.035 INFORMACIÓN [http-nio-8086-exec-203] org.apache.catalina.core.ApplicationContext.log Manager: stop: Stopping web application '/'
31-Jan-2022 21:27:36.211 INFORMACIÓN [http-nio-8086-exec-194] org.apache.catalina.core.ApplicationContext.log Manager: start: Starting web application '/'
31-Jan-2022 21:28:23.050 INFORMACIÓN [http-nio-8086-exec-215] org.apache.catalina.core.ApplicationContext.log Manager: list: Listing contexts for virtual host 'localhost'
31-Jan-2022 21:28:28.985 INFORMACIÓN [http-nio-8086-exec-207] org.apache.catalina.core.ApplicationContext.log Manager: list: Listing contexts for virtual host 'localhost'
31-Jan-2022 21:28:29.004 INFORMACIÓN [http-nio-8086-exec-216] org.apache.catalina.core.ApplicationContext.log Manager: stop: Stopping web application '/'
31-Jan-2022 21:28:29.037 INFORMACIÓN [http-nio-8086-exec-207] org.apache.catalina.core.ApplicationContext.log Manager: start: Starting web application '/'
31-Jan-2022 21:28:42.376 INFORMACIÓN [http-nio-8086-exec-198] org.apache.catalina.core.ApplicationContext.log Manager: list: Listing contexts for virtual host 'localhost'
31-Jan-2022 21:28:42.383 INFORMACIÓN [http-nio-8086-exec-215] org.apache.catalina.core.ApplicationContext.log Manager: list: Listing contexts for virtual host 'localhost'
31-Jan-2022 21:28:42.502 INFORMACIÓN [http-nio-8086-exec-216] org.apache.catalina.core.ApplicationContext.log Manager: stop: Stopping web application '/'
31-Jan-2022 21:28:42.541 INFORMACIÓN [http-nio-8086-exec-210] org.apache.catalina.core.ApplicationContext.log Manager: start: Starting web application '/'
31-Jan-2022 21:29:43.841 INFORMACIÓN [http-nio-8086-exec-221] org.apache.catalina.core.ApplicationContext.log Manager: list: Listing contexts for virtual host 'localhost'
31-Jan-2022 21:29:43.848 INFORMACIÓN [http-nio-8086-exec-223] org.apache.catalina.core.ApplicationContext.log Manager: list: Listing contexts for virtual host 'localhost'
31-Jan-2022 21:29:43.976 INFORMACIÓN [http-nio-8086-exec-203] org.apache.catalina.core.ApplicationContext.log Manager: restart: Reloading web application '/'
31-Jan-2022 21:34:14.418 INFORMACIÓN [http-nio-8086-exec-236] org.apache.catalina.core.ApplicationContext.log Manager: list: Listing contexts for virtual host 'localhost'
31-Jan-2022 21:34:14.439 INFORMACIÓN [http-nio-8086-exec-228] org.apache.catalina.core.ApplicationContext.log Manager: restart: Reloading web application '/'
31-Jan-2022 21:37:55.127 INFORMACIÓN [http-nio-8086-exec-237] org.apache.catalina.core.ApplicationContext.log Manager: list: Listing contexts for virtual host 'localhost'
31-Jan-2022 21:37:55.147 INFORMACIÓN [http-nio-8086-exec-238] org.apache.catalina.core.ApplicationContext.log Manager: stop: Stopping web application '/'
31-Jan-2022 21:37:55.185 INFORMACIÓN [http-nio-8086-exec-240] org.apache.catalina.core.ApplicationContext.log Manager: start: Starting web application '/'
31-Jan-2022 21:40:25.665 INFORMACIÓN [http-nio-8086-exec-245] org.apache.catalina.core.ApplicationContext.log Manager: list: Listing contexts for virtual host 'localhost'
31-Jan-2022 21:40:56.333 INFORMACIÓN [http-nio-8086-exec-247] org.apache.catalina.core.ApplicationContext.log Manager: list: Listing contexts for virtual host 'localhost'
31-Jan-2022 21:40:56.349 INFORMACIÓN [http-nio-8086-exec-251] org.apache.catalina.core.ApplicationContext.log Manager: restart: Reloading web application '/'
31-Jan-2022 21:41:01.818 INFORMACIÓN [http-nio-8086-exec-252] org.apache.catalina.core.ApplicationContext.log Manager: list: Listing contexts for virtual host 'localhost'
31-Jan-2022 21:41:01.849 INFORMACIÓN [http-nio-8086-exec-246] org.apache.catalina.core.ApplicationContext.log Manager: restart: Reloading web application '/'
